[0.018s] Invoking command in '/home/tony/ros2_control/1_rrbot_ws/build/controlko_description': CMAKE_PREFIX_PATH=/opt/ros/humble /usr/bin/cmake /home/tony/ros2_control/1_rrbot_ws/roscon2022_workshop/controlko_description -DCMAKE_INSTALL_PREFIX=/home/tony/ros2_control/1_rrbot_ws/install/controlko_description
[0.165s] -- The C compiler identification is GNU 11.4.0
[0.243s] -- The CXX compiler identification is GNU 11.4.0
[0.256s] -- Detecting C compiler ABI info
[0.371s] -- Detecting C compiler ABI info - done
[0.393s] -- Check for working C compiler: /usr/bin/cc - skipped
[0.393s] -- Detecting C compile features
[0.399s] -- Detecting C compile features - done
[0.399s] -- Detecting CXX compiler ABI info
[0.564s] -- Detecting CXX compiler ABI info - done
[0.583s] -- Check for working CXX compiler: /usr/bin/c++ - skipped
[0.583s] -- Detecting CXX compile features
[0.583s] -- Detecting CXX compile features - done
[0.586s] -- Found ament_cmake: 1.3.10 (/opt/ros/humble/share/ament_cmake/cmake)
[0.820s] -- Found Python3: /usr/bin/python3 (found version "3.10.12") found components: Interpreter 
[0.961s] -- Found ament_lint_auto: 0.12.11 (/opt/ros/humble/share/ament_lint_auto/cmake)
[1.066s] -- Added test 'flake8' to check Python code syntax and style conventions
[1.067s] -- Added test 'lint_cmake' to check CMake code style
[1.068s] -- Added test 'pep257' to check Python code against some of the docstring style conventions in PEP 257
[1.070s] -- Added test 'xmllint' to check XML markup files
[1.072s] -- Configuring done
[1.076s] -- Generating done
[1.077s] -- Build files have been written to: /home/tony/ros2_control/1_rrbot_ws/build/controlko_description
[1.085s] Invoked command in '/home/tony/ros2_control/1_rrbot_ws/build/controlko_description' returned '0': CMAKE_PREFIX_PATH=/opt/ros/humble /usr/bin/cmake /home/tony/ros2_control/1_rrbot_ws/roscon2022_workshop/controlko_description -DCMAKE_INSTALL_PREFIX=/home/tony/ros2_control/1_rrbot_ws/install/controlko_description
[1.086s] Invoking command in '/home/tony/ros2_control/1_rrbot_ws/build/controlko_description': CMAKE_PREFIX_PATH=/opt/ros/humble /usr/bin/cmake --build /home/tony/ros2_control/1_rrbot_ws/build/controlko_description -- -j4 -l4
[1.133s] Invoked command in '/home/tony/ros2_control/1_rrbot_ws/build/controlko_description' returned '0': CMAKE_PREFIX_PATH=/opt/ros/humble /usr/bin/cmake --build /home/tony/ros2_control/1_rrbot_ws/build/controlko_description -- -j4 -l4
[1.176s] Invoking command in '/home/tony/ros2_control/1_rrbot_ws/build/controlko_description': CMAKE_PREFIX_PATH=/opt/ros/humble /usr/bin/cmake --install /home/tony/ros2_control/1_rrbot_ws/build/controlko_description
[1.197s] -- Install configuration: ""
[1.198s] -- Up-to-date: /home/tony/ros2_control/1_rrbot_ws/install/controlko_description/share/controlko_description/config
[1.198s] -- Up-to-date: /home/tony/ros2_control/1_rrbot_ws/install/controlko_description/share/controlko_description/config/.gitkeep
[1.198s] -- Up-to-date: /home/tony/ros2_control/1_rrbot_ws/install/controlko_description/share/controlko_description
[1.198s] -- Up-to-date: /home/tony/ros2_control/1_rrbot_ws/install/controlko_description/share/controlko_description/view_rrbot.launch.py
[1.198s] -- Up-to-date: /home/tony/ros2_control/1_rrbot_ws/install/controlko_description/share/controlko_description/meshes
[1.198s] -- Up-to-date: /home/tony/ros2_control/1_rrbot_ws/install/controlko_description/share/controlko_description/meshes/rrbot
[1.198s] -- Up-to-date: /home/tony/ros2_control/1_rrbot_ws/install/controlko_description/share/controlko_description/meshes/rrbot/visual
[1.198s] -- Up-to-date: /home/tony/ros2_control/1_rrbot_ws/install/controlko_description/share/controlko_description/meshes/rrbot/visual/.gitkeep
[1.199s] -- Up-to-date: /home/tony/ros2_control/1_rrbot_ws/install/controlko_description/share/controlko_description/rviz
[1.199s] -- Up-to-date: /home/tony/ros2_control/1_rrbot_ws/install/controlko_description/share/controlko_description/rviz/rrbot.rviz
[1.200s] -- Up-to-date: /home/tony/ros2_control/1_rrbot_ws/install/controlko_description/share/controlko_description/urdf
[1.200s] -- Up-to-date: /home/tony/ros2_control/1_rrbot_ws/install/controlko_description/share/controlko_description/urdf/rrbot.urdf.xacro
[1.201s] -- Up-to-date: /home/tony/ros2_control/1_rrbot_ws/install/controlko_description/share/controlko_description/urdf/common.xacro
[1.201s] -- Up-to-date: /home/tony/ros2_control/1_rrbot_ws/install/controlko_description/share/controlko_description/urdf/rrbot
[1.201s] -- Up-to-date: /home/tony/ros2_control/1_rrbot_ws/install/controlko_description/share/controlko_description/urdf/rrbot/rrbot_macro.ros2_control.xacro
[1.203s] -- Up-to-date: /home/tony/ros2_control/1_rrbot_ws/install/controlko_description/share/controlko_description/urdf/rrbot/rrbot_macro.xacro
[1.203s] -- Installing: /home/tony/ros2_control/1_rrbot_ws/install/controlko_description/share/ament_index/resource_index/package_run_dependencies/controlko_description
[1.203s] -- Installing: /home/tony/ros2_control/1_rrbot_ws/install/controlko_description/share/ament_index/resource_index/parent_prefix_path/controlko_description
[1.203s] -- Up-to-date: /home/tony/ros2_control/1_rrbot_ws/install/controlko_description/share/controlko_description/environment/ament_prefix_path.sh
[1.203s] -- Installing: /home/tony/ros2_control/1_rrbot_ws/install/controlko_description/share/controlko_description/environment/ament_prefix_path.dsv
[1.203s] -- Up-to-date: /home/tony/ros2_control/1_rrbot_ws/install/controlko_description/share/controlko_description/environment/path.sh
[1.203s] -- Installing: /home/tony/ros2_control/1_rrbot_ws/install/controlko_description/share/controlko_description/environment/path.dsv
[1.204s] -- Installing: /home/tony/ros2_control/1_rrbot_ws/install/controlko_description/share/controlko_description/local_setup.bash
[1.204s] -- Installing: /home/tony/ros2_control/1_rrbot_ws/install/controlko_description/share/controlko_description/local_setup.sh
[1.204s] -- Installing: /home/tony/ros2_control/1_rrbot_ws/install/controlko_description/share/controlko_description/local_setup.zsh
[1.204s] -- Installing: /home/tony/ros2_control/1_rrbot_ws/install/controlko_description/share/controlko_description/local_setup.dsv
[1.204s] -- Installing: /home/tony/ros2_control/1_rrbot_ws/install/controlko_description/share/controlko_description/package.dsv
[1.204s] -- Installing: /home/tony/ros2_control/1_rrbot_ws/install/controlko_description/share/ament_index/resource_index/packages/controlko_description
[1.204s] -- Installing: /home/tony/ros2_control/1_rrbot_ws/install/controlko_description/share/controlko_description/cmake/controlko_descriptionConfig.cmake
[1.204s] -- Installing: /home/tony/ros2_control/1_rrbot_ws/install/controlko_description/share/controlko_description/cmake/controlko_descriptionConfig-version.cmake
[1.205s] -- Up-to-date: /home/tony/ros2_control/1_rrbot_ws/install/controlko_description/share/controlko_description/package.xml
[1.224s] Invoked command in '/home/tony/ros2_control/1_rrbot_ws/build/controlko_description' returned '0': CMAKE_PREFIX_PATH=/opt/ros/humble /usr/bin/cmake --install /home/tony/ros2_control/1_rrbot_ws/build/controlko_description
