[0.021s] Invoking command in '/home/tony/ros2_control/examples/build/ros2_control_demo_example_14': AMENT_PREFIX_PATH=/home/tony/ros2_control/examples/install/ros2_control_demo_testing:/home/tony/ros2_control/examples/install/ros2_control_demo_description:${AMENT_PREFIX_PATH} CMAKE_PREFIX_PATH=/home/tony/ros2_control/examples/install/ros2_control_demo_description:/opt/ros/humble PYTHONPATH=/home/tony/ros2_control/examples/install/ros2_control_demo_testing/lib/python3.10/site-packages:${PYTHONPATH} /usr/bin/cmake /home/tony/ros2_control/examples/src/example_14 -DCMAKE_INSTALL_PREFIX=/home/tony/ros2_control/examples/install/ros2_control_demo_example_14
[0.139s] -- The CXX compiler identification is GNU 11.4.0
[0.153s] -- Detecting CXX compiler ABI info
[0.297s] -- Detecting CXX compiler ABI info - done
[0.318s] -- Check for working CXX compiler: /usr/bin/c++ - skipped
[0.319s] -- Detecting CXX compile features
[0.320s] -- Detecting CXX compile features - done
[0.330s] -- Found ament_cmake: 1.3.10 (/opt/ros/humble/share/ament_cmake/cmake)
[0.662s] -- Found Python3: /usr/bin/python3 (found version "3.10.12") found components: Interpreter 
[0.853s] -- Found hardware_interface: 2.43.1 (/opt/ros/humble/share/hardware_interface/cmake)
[0.931s] -- Found rosidl_generator_c: 3.1.5 (/opt/ros/humble/share/rosidl_generator_c/cmake)
[0.940s] -- Found rosidl_adapter: 3.1.5 (/opt/ros/humble/share/rosidl_adapter/cmake)
[0.955s] -- Found rosidl_generator_cpp: 3.1.5 (/opt/ros/humble/share/rosidl_generator_cpp/cmake)
[0.976s] -- Using all available rosidl_typesupport_c: rosidl_typesupport_fastrtps_c;rosidl_typesupport_introspection_c
[1.007s] -- Using all available rosidl_typesupport_cpp: rosidl_typesupport_fastrtps_cpp;rosidl_typesupport_introspection_cpp
[1.395s] -- Found rmw_implementation_cmake: 6.1.2 (/opt/ros/humble/share/rmw_implementation_cmake/cmake)
[1.399s] -- Found rmw_fastrtps_cpp: 6.2.7 (/opt/ros/humble/share/rmw_fastrtps_cpp/cmake)
[1.448s] -- Found TinyXML2 via Config file: TinyXML2_DIR-NOTFOUND
[1.533s] -- Found OpenSSL: /usr/lib/x86_64-linux-gnu/libcrypto.so (found version "3.0.2")  
[1.538s] -- Found TinyXML2 via Config file: TinyXML2_DIR-NOTFOUND
[1.564s] -- Found FastRTPS: /opt/ros/humble/include  
[1.571s] -- Found TinyXML2 via Config file: TinyXML2_DIR-NOTFOUND
[1.586s] -- Found TinyXML2 via Config file: TinyXML2_DIR-NOTFOUND
[1.605s] -- Using RMW implementation 'rmw_fastrtps_cpp' as default
[1.626s] -- Looking for C++ include pthread.h
[1.784s] -- Looking for C++ include pthread.h - found
[1.784s] -- Performing Test CMAKE_HAVE_LIBC_PTHREAD
[1.934s] -- Performing Test CMAKE_HAVE_LIBC_PTHREAD - Success
[1.936s] -- Found Threads: TRUE  
[2.043s] -- Found realtime_tools: 2.6.0 (/opt/ros/humble/share/realtime_tools/cmake)
[2.084s] -- Found ament_cmake_pytest: 1.3.10 (/opt/ros/humble/share/ament_cmake_pytest/cmake)
[4.831s] -- Configuring done
[4.870s] -- Generating done
[4.874s] -- Build files have been written to: /home/tony/ros2_control/examples/build/ros2_control_demo_example_14
[4.894s] Invoked command in '/home/tony/ros2_control/examples/build/ros2_control_demo_example_14' returned '0': AMENT_PREFIX_PATH=/home/tony/ros2_control/examples/install/ros2_control_demo_testing:/home/tony/ros2_control/examples/install/ros2_control_demo_description:${AMENT_PREFIX_PATH} CMAKE_PREFIX_PATH=/home/tony/ros2_control/examples/install/ros2_control_demo_description:/opt/ros/humble PYTHONPATH=/home/tony/ros2_control/examples/install/ros2_control_demo_testing/lib/python3.10/site-packages:${PYTHONPATH} /usr/bin/cmake /home/tony/ros2_control/examples/src/example_14 -DCMAKE_INSTALL_PREFIX=/home/tony/ros2_control/examples/install/ros2_control_demo_example_14
[4.895s] Invoking command in '/home/tony/ros2_control/examples/build/ros2_control_demo_example_14': AMENT_PREFIX_PATH=/home/tony/ros2_control/examples/install/ros2_control_demo_testing:/home/tony/ros2_control/examples/install/ros2_control_demo_description:${AMENT_PREFIX_PATH} CMAKE_PREFIX_PATH=/home/tony/ros2_control/examples/install/ros2_control_demo_description:/opt/ros/humble PYTHONPATH=/home/tony/ros2_control/examples/install/ros2_control_demo_testing/lib/python3.10/site-packages:${PYTHONPATH} /usr/bin/cmake --build /home/tony/ros2_control/examples/build/ros2_control_demo_example_14 -- -j4 -l4
[5.180s] [ 33%] [32mBuilding CXX object CMakeFiles/ros2_control_demo_example_14.dir/hardware/rrbot_actuator_without_feedback.cpp.o[0m
[5.200s] [ 66%] [32mBuilding CXX object CMakeFiles/ros2_control_demo_example_14.dir/hardware/rrbot_sensor_for_position_feedback.cpp.o[0m
[16.516s] [100%] [32m[1mLinking CXX shared library libros2_control_demo_example_14.so[0m
[16.908s] [100%] Built target ros2_control_demo_example_14
[16.926s] Invoked command in '/home/tony/ros2_control/examples/build/ros2_control_demo_example_14' returned '0': AMENT_PREFIX_PATH=/home/tony/ros2_control/examples/install/ros2_control_demo_testing:/home/tony/ros2_control/examples/install/ros2_control_demo_description:${AMENT_PREFIX_PATH} CMAKE_PREFIX_PATH=/home/tony/ros2_control/examples/install/ros2_control_demo_description:/opt/ros/humble PYTHONPATH=/home/tony/ros2_control/examples/install/ros2_control_demo_testing/lib/python3.10/site-packages:${PYTHONPATH} /usr/bin/cmake --build /home/tony/ros2_control/examples/build/ros2_control_demo_example_14 -- -j4 -l4
[16.967s] Invoking command in '/home/tony/ros2_control/examples/build/ros2_control_demo_example_14': AMENT_PREFIX_PATH=/home/tony/ros2_control/examples/install/ros2_control_demo_testing:/home/tony/ros2_control/examples/install/ros2_control_demo_description:${AMENT_PREFIX_PATH} CMAKE_PREFIX_PATH=/home/tony/ros2_control/examples/install/ros2_control_demo_description:/opt/ros/humble PYTHONPATH=/home/tony/ros2_control/examples/install/ros2_control_demo_testing/lib/python3.10/site-packages:${PYTHONPATH} /usr/bin/cmake --install /home/tony/ros2_control/examples/build/ros2_control_demo_example_14
[16.982s] -- Install configuration: ""
[16.982s] -- Installing: /home/tony/ros2_control/examples/install/ros2_control_demo_example_14/share/ros2_control_demo_example_14/ros2_control_demo_example_14.xml
[16.982s] -- Installing: /home/tony/ros2_control/examples/install/ros2_control_demo_example_14/include/ros2_control_demo_example_14
[16.983s] -- Installing: /home/tony/ros2_control/examples/install/ros2_control_demo_example_14/include/ros2_control_demo_example_14/ros2_control_demo_example_14
[16.983s] -- Installing: /home/tony/ros2_control/examples/install/ros2_control_demo_example_14/include/ros2_control_demo_example_14/ros2_control_demo_example_14/rrbot_actuator_without_feedback.hpp
[16.983s] -- Installing: /home/tony/ros2_control/examples/install/ros2_control_demo_example_14/include/ros2_control_demo_example_14/ros2_control_demo_example_14/rrbot_sensor_for_position_feedback.hpp
[16.983s] -- Installing: /home/tony/ros2_control/examples/install/ros2_control_demo_example_14/share/ros2_control_demo_example_14/launch
[16.983s] -- Installing: /home/tony/ros2_control/examples/install/ros2_control_demo_example_14/share/ros2_control_demo_example_14/launch/view_robot.launch.py
[16.983s] -- Installing: /home/tony/ros2_control/examples/install/ros2_control_demo_example_14/share/ros2_control_demo_example_14/ros2_control
[16.983s] -- Installing: /home/tony/ros2_control/examples/install/ros2_control_demo_example_14/share/ros2_control_demo_example_14/ros2_control/rrbot_modular_actuators_without_feedback_sensors_for_position_feedback.ros2_control.xacro
[16.984s] -- Installing: /home/tony/ros2_control/examples/install/ros2_control_demo_example_14/share/ros2_control_demo_example_14/urdf
[16.984s] -- Installing: /home/tony/ros2_control/examples/install/ros2_control_demo_example_14/share/ros2_control_demo_example_14/urdf/rrbot_modular_actuators_without_feedback_sensors_for_position_feedback.urdf.xacro
[16.984s] -- Up-to-date: /home/tony/ros2_control/examples/install/ros2_control_demo_example_14/share/ros2_control_demo_example_14/launch
[16.984s] -- Installing: /home/tony/ros2_control/examples/install/ros2_control_demo_example_14/share/ros2_control_demo_example_14/launch/rrbot_modular_actuators_without_feedback_sensors_for_position_feedback.launch.py
[16.984s] -- Installing: /home/tony/ros2_control/examples/install/ros2_control_demo_example_14/share/ros2_control_demo_example_14/config
[16.984s] -- Installing: /home/tony/ros2_control/examples/install/ros2_control_demo_example_14/share/ros2_control_demo_example_14/config/rrbot_modular_actuators_without_feedback_sensors_for_position_feedback.yaml
[16.984s] -- Installing: /home/tony/ros2_control/examples/install/ros2_control_demo_example_14/lib/libros2_control_demo_example_14.so
[16.987s] -- Set runtime path of "/home/tony/ros2_control/examples/install/ros2_control_demo_example_14/lib/libros2_control_demo_example_14.so" to ""
[16.987s] -- Installing: /home/tony/ros2_control/examples/install/ros2_control_demo_example_14/share/ros2_control_demo_example_14/environment/library_path.sh
[16.987s] -- Installing: /home/tony/ros2_control/examples/install/ros2_control_demo_example_14/share/ros2_control_demo_example_14/environment/library_path.dsv
[16.988s] -- Installing: /home/tony/ros2_control/examples/install/ros2_control_demo_example_14/share/ament_index/resource_index/package_run_dependencies/ros2_control_demo_example_14
[16.988s] -- Installing: /home/tony/ros2_control/examples/install/ros2_control_demo_example_14/share/ament_index/resource_index/parent_prefix_path/ros2_control_demo_example_14
[16.988s] -- Installing: /home/tony/ros2_control/examples/install/ros2_control_demo_example_14/share/ros2_control_demo_example_14/environment/ament_prefix_path.sh
[16.988s] -- Installing: /home/tony/ros2_control/examples/install/ros2_control_demo_example_14/share/ros2_control_demo_example_14/environment/ament_prefix_path.dsv
[16.988s] -- Installing: /home/tony/ros2_control/examples/install/ros2_control_demo_example_14/share/ros2_control_demo_example_14/environment/path.sh
[16.989s] -- Installing: /home/tony/ros2_control/examples/install/ros2_control_demo_example_14/share/ros2_control_demo_example_14/environment/path.dsv
[16.989s] -- Installing: /home/tony/ros2_control/examples/install/ros2_control_demo_example_14/share/ros2_control_demo_example_14/local_setup.bash
[16.989s] -- Installing: /home/tony/ros2_control/examples/install/ros2_control_demo_example_14/share/ros2_control_demo_example_14/local_setup.sh
[16.990s] -- Installing: /home/tony/ros2_control/examples/install/ros2_control_demo_example_14/share/ros2_control_demo_example_14/local_setup.zsh
[16.990s] -- Installing: /home/tony/ros2_control/examples/install/ros2_control_demo_example_14/share/ros2_control_demo_example_14/local_setup.dsv
[16.990s] -- Installing: /home/tony/ros2_control/examples/install/ros2_control_demo_example_14/share/ros2_control_demo_example_14/package.dsv
[16.990s] -- Installing: /home/tony/ros2_control/examples/install/ros2_control_demo_example_14/share/ament_index/resource_index/packages/ros2_control_demo_example_14
[16.990s] -- Installing: /home/tony/ros2_control/examples/install/ros2_control_demo_example_14/share/ament_index/resource_index/hardware_interface__pluginlib__plugin/ros2_control_demo_example_14
[16.991s] -- Installing: /home/tony/ros2_control/examples/install/ros2_control_demo_example_14/share/ros2_control_demo_example_14/cmake/export_ros2_control_demo_example_14Export.cmake
[16.991s] -- Installing: /home/tony/ros2_control/examples/install/ros2_control_demo_example_14/share/ros2_control_demo_example_14/cmake/export_ros2_control_demo_example_14Export-noconfig.cmake
[16.991s] -- Installing: /home/tony/ros2_control/examples/install/ros2_control_demo_example_14/share/ros2_control_demo_example_14/cmake/ament_cmake_export_targets-extras.cmake
[16.991s] -- Installing: /home/tony/ros2_control/examples/install/ros2_control_demo_example_14/share/ros2_control_demo_example_14/cmake/ament_cmake_export_dependencies-extras.cmake
[16.992s] -- Installing: /home/tony/ros2_control/examples/install/ros2_control_demo_example_14/share/ros2_control_demo_example_14/cmake/ros2_control_demo_example_14Config.cmake
[16.992s] -- Installing: /home/tony/ros2_control/examples/install/ros2_control_demo_example_14/share/ros2_control_demo_example_14/cmake/ros2_control_demo_example_14Config-version.cmake
[16.992s] -- Installing: /home/tony/ros2_control/examples/install/ros2_control_demo_example_14/share/ros2_control_demo_example_14/package.xml
[16.996s] Invoked command in '/home/tony/ros2_control/examples/build/ros2_control_demo_example_14' returned '0': AMENT_PREFIX_PATH=/home/tony/ros2_control/examples/install/ros2_control_demo_testing:/home/tony/ros2_control/examples/install/ros2_control_demo_description:${AMENT_PREFIX_PATH} CMAKE_PREFIX_PATH=/home/tony/ros2_control/examples/install/ros2_control_demo_description:/opt/ros/humble PYTHONPATH=/home/tony/ros2_control/examples/install/ros2_control_demo_testing/lib/python3.10/site-packages:${PYTHONPATH} /usr/bin/cmake --install /home/tony/ros2_control/examples/build/ros2_control_demo_example_14
