[0.107s] DEBUG:colcon:Command line arguments: ['/usr/bin/colcon', 'build']
[0.107s] DEBUG:colcon:Parsed command line arguments: Namespace(log_base=None, log_level=None, verb_name='build', build_base='build', install_base='install', merge_install=False, symlink_install=False, test_result_base=None, continue_on_error=False, executor='parallel', parallel_workers=4, event_handlers=None, ignore_user_meta=False, metas=['./colcon.meta'], base_paths=['.'], packages_ignore=None, packages_ignore_regex=None, paths=None, packages_up_to=None, packages_up_to_regex=None, packages_above=None, packages_above_and_dependencies=None, packages_above_depth=None, packages_select_by_dep=None, packages_skip_by_dep=None, packages_skip_up_to=None, packages_select_build_failed=False, packages_skip_build_finished=False, packages_select_test_failures=False, packages_skip_test_passed=False, packages_select=None, packages_skip=None, packages_select_regex=None, packages_skip_regex=None, packages_start=None, packages_end=None, allow_overriding=[], cmake_args=None, cmake_target=None, cmake_target_skip_unavailable=False, cmake_clean_cache=False, cmake_clean_first=False, cmake_force_configure=False, ament_cmake_args=None, catkin_cmake_args=None, catkin_skip_building_tests=False, verb_parser=<colcon_defaults.argument_parser.defaults.DefaultArgumentsDecorator object at 0x7f7869740610>, verb_extension=<colcon_core.verb.build.BuildVerb object at 0x7f786984d210>, main=<bound method BuildVerb.main of <colcon_core.verb.build.BuildVerb object at 0x7f786984d210>>)
[0.267s] Level 1:colcon.colcon_core.package_discovery:discover_packages(colcon_meta) check parameters
[0.267s] Level 1:colcon.colcon_core.package_discovery:discover_packages(recursive) check parameters
[0.268s] Level 1:colcon.colcon_core.package_discovery:discover_packages(ignore) check parameters
[0.268s] Level 1:colcon.colcon_core.package_discovery:discover_packages(path) check parameters
[0.268s] Level 1:colcon.colcon_core.package_discovery:discover_packages(colcon_meta) discover
[0.268s] Level 1:colcon.colcon_core.package_discovery:discover_packages(recursive) discover
[0.268s] INFO:colcon.colcon_core.package_discovery:Crawling recursively for packages in '/home/tony/ros2_control/1_rrbot_ws'
[0.268s] Level 1:colcon.colcon_core.package_identification:_identify(.) by extensions ['ignore', 'ignore_ament_install']
[0.268s] Level 1:colcon.colcon_core.package_identification:_identify(.) by extension 'ignore'
[0.268s] Level 1:colcon.colcon_core.package_identification:_identify(.) by extension 'ignore_ament_install'
[0.268s] Level 1:colcon.colcon_core.package_identification:_identify(.) by extensions ['colcon_pkg']
[0.268s] Level 1:colcon.colcon_core.package_identification:_identify(.) by extension 'colcon_pkg'
[0.268s] Level 1:colcon.colcon_core.package_identification:_identify(.) by extensions ['colcon_meta']
[0.268s] Level 1:colcon.colcon_core.package_identification:_identify(.) by extension 'colcon_meta'
[0.268s] Level 1:colcon.colcon_core.package_identification:_identify(.) by extensions ['ros']
[0.269s] Level 1:colcon.colcon_core.package_identification:_identify(.) by extension 'ros'
[0.280s] Level 1:colcon.colcon_core.package_identification:_identify(.) by extensions ['cmake', 'python']
[0.280s] Level 1:colcon.colcon_core.package_identification:_identify(.) by extension 'cmake'
[0.281s] Level 1:colcon.colcon_core.package_identification:_identify(.) by extension 'python'
[0.281s] Level 1:colcon.colcon_core.package_identification:_identify(.) by extensions ['python_setup_py']
[0.281s] Level 1:colcon.colcon_core.package_identification:_identify(.) by extension 'python_setup_py'
[0.281s] Level 1:colcon.colcon_core.package_identification:_identify(build) by extensions ['ignore', 'ignore_ament_install']
[0.281s] Level 1:colcon.colcon_core.package_identification:_identify(build) by extension 'ignore'
[0.281s] Level 1:colcon.colcon_core.package_identification:_identify(build) ignored
[0.281s] Level 1:colcon.colcon_core.package_identification:_identify(install) by extensions ['ignore', 'ignore_ament_install']
[0.281s] Level 1:colcon.colcon_core.package_identification:_identify(install) by extension 'ignore'
[0.282s] Level 1:colcon.colcon_core.package_identification:_identify(install) ignored
[0.282s] Level 1:colcon.colcon_core.package_identification:_identify(log) by extensions ['ignore', 'ignore_ament_install']
[0.282s] Level 1:colcon.colcon_core.package_identification:_identify(log) by extension 'ignore'
[0.282s] Level 1:colcon.colcon_core.package_identification:_identify(log) ignored
[0.282s] Level 1:colcon.colcon_core.package_identification:_identify(roscon2022_workshop) by extensions ['ignore', 'ignore_ament_install']
[0.282s] Level 1:colcon.colcon_core.package_identification:_identify(roscon2022_workshop) by extension 'ignore'
[0.282s] Level 1:colcon.colcon_core.package_identification:_identify(roscon2022_workshop) by extension 'ignore_ament_install'
[0.282s] Level 1:colcon.colcon_core.package_identification:_identify(roscon2022_workshop) by extensions ['colcon_pkg']
[0.282s] Level 1:colcon.colcon_core.package_identification:_identify(roscon2022_workshop) by extension 'colcon_pkg'
[0.282s] Level 1:colcon.colcon_core.package_identification:_identify(roscon2022_workshop) by extensions ['colcon_meta']
[0.282s] Level 1:colcon.colcon_core.package_identification:_identify(roscon2022_workshop) by extension 'colcon_meta'
[0.283s] Level 1:colcon.colcon_core.package_identification:_identify(roscon2022_workshop) by extensions ['ros']
[0.283s] Level 1:colcon.colcon_core.package_identification:_identify(roscon2022_workshop) by extension 'ros'
[0.283s] Level 1:colcon.colcon_core.package_identification:_identify(roscon2022_workshop) by extensions ['cmake', 'python']
[0.283s] Level 1:colcon.colcon_core.package_identification:_identify(roscon2022_workshop) by extension 'cmake'
[0.283s] Level 1:colcon.colcon_core.package_identification:_identify(roscon2022_workshop) by extension 'python'
[0.283s] Level 1:colcon.colcon_core.package_identification:_identify(roscon2022_workshop) by extensions ['python_setup_py']
[0.283s] Level 1:colcon.colcon_core.package_identification:_identify(roscon2022_workshop) by extension 'python_setup_py'
[0.283s] Level 1:colcon.colcon_core.package_identification:_identify(roscon2022_workshop/controlko_bringup) by extensions ['ignore', 'ignore_ament_install']
[0.283s] Level 1:colcon.colcon_core.package_identification:_identify(roscon2022_workshop/controlko_bringup) by extension 'ignore'
[0.283s] Level 1:colcon.colcon_core.package_identification:_identify(roscon2022_workshop/controlko_bringup) by extension 'ignore_ament_install'
[0.283s] Level 1:colcon.colcon_core.package_identification:_identify(roscon2022_workshop/controlko_bringup) by extensions ['colcon_pkg']
[0.283s] Level 1:colcon.colcon_core.package_identification:_identify(roscon2022_workshop/controlko_bringup) by extension 'colcon_pkg'
[0.283s] Level 1:colcon.colcon_core.package_identification:_identify(roscon2022_workshop/controlko_bringup) by extensions ['colcon_meta']
[0.284s] Level 1:colcon.colcon_core.package_identification:_identify(roscon2022_workshop/controlko_bringup) by extension 'colcon_meta'
[0.284s] Level 1:colcon.colcon_core.package_identification:_identify(roscon2022_workshop/controlko_bringup) by extensions ['ros']
[0.284s] Level 1:colcon.colcon_core.package_identification:_identify(roscon2022_workshop/controlko_bringup) by extension 'ros'
[0.286s] DEBUG:colcon.colcon_core.package_identification:Package 'roscon2022_workshop/controlko_bringup' with type 'ros.ament_cmake' and name 'controlko_bringup'
[0.287s] Level 1:colcon.colcon_core.package_identification:_identify(roscon2022_workshop/controlko_description) by extensions ['ignore', 'ignore_ament_install']
[0.287s] Level 1:colcon.colcon_core.package_identification:_identify(roscon2022_workshop/controlko_description) by extension 'ignore'
[0.287s] Level 1:colcon.colcon_core.package_identification:_identify(roscon2022_workshop/controlko_description) by extension 'ignore_ament_install'
[0.287s] Level 1:colcon.colcon_core.package_identification:_identify(roscon2022_workshop/controlko_description) by extensions ['colcon_pkg']
[0.287s] Level 1:colcon.colcon_core.package_identification:_identify(roscon2022_workshop/controlko_description) by extension 'colcon_pkg'
[0.287s] Level 1:colcon.colcon_core.package_identification:_identify(roscon2022_workshop/controlko_description) by extensions ['colcon_meta']
[0.287s] Level 1:colcon.colcon_core.package_identification:_identify(roscon2022_workshop/controlko_description) by extension 'colcon_meta'
[0.287s] Level 1:colcon.colcon_core.package_identification:_identify(roscon2022_workshop/controlko_description) by extensions ['ros']
[0.287s] Level 1:colcon.colcon_core.package_identification:_identify(roscon2022_workshop/controlko_description) by extension 'ros'
[0.288s] DEBUG:colcon.colcon_core.package_identification:Package 'roscon2022_workshop/controlko_description' with type 'ros.ament_cmake' and name 'controlko_description'
[0.288s] Level 1:colcon.colcon_core.package_identification:_identify(roscon2022_workshop/controlko_hardware_interface) by extensions ['ignore', 'ignore_ament_install']
[0.288s] Level 1:colcon.colcon_core.package_identification:_identify(roscon2022_workshop/controlko_hardware_interface) by extension 'ignore'
[0.288s] Level 1:colcon.colcon_core.package_identification:_identify(roscon2022_workshop/controlko_hardware_interface) by extension 'ignore_ament_install'
[0.288s] Level 1:colcon.colcon_core.package_identification:_identify(roscon2022_workshop/controlko_hardware_interface) by extensions ['colcon_pkg']
[0.288s] Level 1:colcon.colcon_core.package_identification:_identify(roscon2022_workshop/controlko_hardware_interface) by extension 'colcon_pkg'
[0.288s] Level 1:colcon.colcon_core.package_identification:_identify(roscon2022_workshop/controlko_hardware_interface) by extensions ['colcon_meta']
[0.288s] Level 1:colcon.colcon_core.package_identification:_identify(roscon2022_workshop/controlko_hardware_interface) by extension 'colcon_meta'
[0.288s] Level 1:colcon.colcon_core.package_identification:_identify(roscon2022_workshop/controlko_hardware_interface) by extensions ['ros']
[0.289s] Level 1:colcon.colcon_core.package_identification:_identify(roscon2022_workshop/controlko_hardware_interface) by extension 'ros'
[0.289s] DEBUG:colcon.colcon_core.package_identification:Package 'roscon2022_workshop/controlko_hardware_interface' with type 'ros.ament_cmake' and name 'controlko_hardware_interface'
[0.290s] Level 1:colcon.colcon_core.package_identification:_identify(roscon2022_workshop/roscon2022_control_workshop) by extensions ['ignore', 'ignore_ament_install']
[0.290s] Level 1:colcon.colcon_core.package_identification:_identify(roscon2022_workshop/roscon2022_control_workshop) by extension 'ignore'
[0.290s] Level 1:colcon.colcon_core.package_identification:_identify(roscon2022_workshop/roscon2022_control_workshop) by extension 'ignore_ament_install'
[0.290s] Level 1:colcon.colcon_core.package_identification:_identify(roscon2022_workshop/roscon2022_control_workshop) by extensions ['colcon_pkg']
[0.290s] Level 1:colcon.colcon_core.package_identification:_identify(roscon2022_workshop/roscon2022_control_workshop) by extension 'colcon_pkg'
[0.290s] Level 1:colcon.colcon_core.package_identification:_identify(roscon2022_workshop/roscon2022_control_workshop) by extensions ['colcon_meta']
[0.290s] Level 1:colcon.colcon_core.package_identification:_identify(roscon2022_workshop/roscon2022_control_workshop) by extension 'colcon_meta'
[0.290s] Level 1:colcon.colcon_core.package_identification:_identify(roscon2022_workshop/roscon2022_control_workshop) by extensions ['ros']
[0.290s] Level 1:colcon.colcon_core.package_identification:_identify(roscon2022_workshop/roscon2022_control_workshop) by extension 'ros'
[0.291s] DEBUG:colcon.colcon_core.package_identification:Package 'roscon2022_workshop/roscon2022_control_workshop' with type 'ros.ament_cmake' and name 'roscon2022_control_workshop'
[0.291s] Level 1:colcon.colcon_core.package_discovery:discover_packages(recursive) using defaults
[0.291s] Level 1:colcon.colcon_core.package_discovery:discover_packages(ignore) discover
[0.291s] Level 1:colcon.colcon_core.package_discovery:discover_packages(ignore) using defaults
[0.291s] Level 1:colcon.colcon_core.package_discovery:discover_packages(path) discover
[0.291s] Level 1:colcon.colcon_core.package_discovery:discover_packages(path) using defaults
[0.311s] Level 1:colcon.colcon_core.package_discovery:discover_packages(prefix_path) check parameters
[0.311s] Level 1:colcon.colcon_core.package_discovery:discover_packages(prefix_path) discover
[0.313s] DEBUG:colcon.colcon_installed_package_information.package_discovery:Found 306 installed packages in /opt/ros/humble
[0.315s] Level 1:colcon.colcon_core.package_discovery:discover_packages(prefix_path) using defaults
[0.366s] Level 5:colcon.colcon_core.verb:set package 'controlko_description' build argument 'cmake_args' from command line to 'None'
[0.367s] Level 5:colcon.colcon_core.verb:set package 'controlko_description' build argument 'cmake_target' from command line to 'None'
[0.367s] Level 5:colcon.colcon_core.verb:set package 'controlko_description' build argument 'cmake_target_skip_unavailable' from command line to 'False'
[0.367s] Level 5:colcon.colcon_core.verb:set package 'controlko_description' build argument 'cmake_clean_cache' from command line to 'False'
[0.367s] Level 5:colcon.colcon_core.verb:set package 'controlko_description' build argument 'cmake_clean_first' from command line to 'False'
[0.367s] Level 5:colcon.colcon_core.verb:set package 'controlko_description' build argument 'cmake_force_configure' from command line to 'False'
[0.367s] Level 5:colcon.colcon_core.verb:set package 'controlko_description' build argument 'ament_cmake_args' from command line to 'None'
[0.367s] Level 5:colcon.colcon_core.verb:set package 'controlko_description' build argument 'catkin_cmake_args' from command line to 'None'
[0.367s] Level 5:colcon.colcon_core.verb:set package 'controlko_description' build argument 'catkin_skip_building_tests' from command line to 'False'
[0.367s] DEBUG:colcon.colcon_core.verb:Building package 'controlko_description' with the following arguments: {'ament_cmake_args': None, 'build_base': '/home/tony/ros2_control/1_rrbot_ws/build/controlko_description', 'catkin_cmake_args': None, 'catkin_skip_building_tests': False, 'cmake_args': None, 'cmake_clean_cache': False, 'cmake_clean_first': False, 'cmake_force_configure': False, 'cmake_target': None, 'cmake_target_skip_unavailable': False, 'install_base': '/home/tony/ros2_control/1_rrbot_ws/install/controlko_description', 'merge_install': False, 'path': '/home/tony/ros2_control/1_rrbot_ws/roscon2022_workshop/controlko_description', 'symlink_install': False, 'test_result_base': None}
[0.367s] Level 5:colcon.colcon_core.verb:set package 'controlko_hardware_interface' build argument 'cmake_args' from command line to 'None'
[0.367s] Level 5:colcon.colcon_core.verb:set package 'controlko_hardware_interface' build argument 'cmake_target' from command line to 'None'
[0.367s] Level 5:colcon.colcon_core.verb:set package 'controlko_hardware_interface' build argument 'cmake_target_skip_unavailable' from command line to 'False'
[0.367s] Level 5:colcon.colcon_core.verb:set package 'controlko_hardware_interface' build argument 'cmake_clean_cache' from command line to 'False'
[0.368s] Level 5:colcon.colcon_core.verb:set package 'controlko_hardware_interface' build argument 'cmake_clean_first' from command line to 'False'
[0.368s] Level 5:colcon.colcon_core.verb:set package 'controlko_hardware_interface' build argument 'cmake_force_configure' from command line to 'False'
[0.368s] Level 5:colcon.colcon_core.verb:set package 'controlko_hardware_interface' build argument 'ament_cmake_args' from command line to 'None'
[0.368s] Level 5:colcon.colcon_core.verb:set package 'controlko_hardware_interface' build argument 'catkin_cmake_args' from command line to 'None'
[0.368s] Level 5:colcon.colcon_core.verb:set package 'controlko_hardware_interface' build argument 'catkin_skip_building_tests' from command line to 'False'
[0.368s] DEBUG:colcon.colcon_core.verb:Building package 'controlko_hardware_interface' with the following arguments: {'ament_cmake_args': None, 'build_base': '/home/tony/ros2_control/1_rrbot_ws/build/controlko_hardware_interface', 'catkin_cmake_args': None, 'catkin_skip_building_tests': False, 'cmake_args': None, 'cmake_clean_cache': False, 'cmake_clean_first': False, 'cmake_force_configure': False, 'cmake_target': None, 'cmake_target_skip_unavailable': False, 'install_base': '/home/tony/ros2_control/1_rrbot_ws/install/controlko_hardware_interface', 'merge_install': False, 'path': '/home/tony/ros2_control/1_rrbot_ws/roscon2022_workshop/controlko_hardware_interface', 'symlink_install': False, 'test_result_base': None}
[0.368s] Level 5:colcon.colcon_core.verb:set package 'roscon2022_control_workshop' build argument 'cmake_args' from command line to 'None'
[0.368s] Level 5:colcon.colcon_core.verb:set package 'roscon2022_control_workshop' build argument 'cmake_target' from command line to 'None'
[0.368s] Level 5:colcon.colcon_core.verb:set package 'roscon2022_control_workshop' build argument 'cmake_target_skip_unavailable' from command line to 'False'
[0.368s] Level 5:colcon.colcon_core.verb:set package 'roscon2022_control_workshop' build argument 'cmake_clean_cache' from command line to 'False'
[0.368s] Level 5:colcon.colcon_core.verb:set package 'roscon2022_control_workshop' build argument 'cmake_clean_first' from command line to 'False'
[0.368s] Level 5:colcon.colcon_core.verb:set package 'roscon2022_control_workshop' build argument 'cmake_force_configure' from command line to 'False'
[0.368s] Level 5:colcon.colcon_core.verb:set package 'roscon2022_control_workshop' build argument 'ament_cmake_args' from command line to 'None'
[0.368s] Level 5:colcon.colcon_core.verb:set package 'roscon2022_control_workshop' build argument 'catkin_cmake_args' from command line to 'None'
[0.368s] Level 5:colcon.colcon_core.verb:set package 'roscon2022_control_workshop' build argument 'catkin_skip_building_tests' from command line to 'False'
[0.369s] DEBUG:colcon.colcon_core.verb:Building package 'roscon2022_control_workshop' with the following arguments: {'ament_cmake_args': None, 'build_base': '/home/tony/ros2_control/1_rrbot_ws/build/roscon2022_control_workshop', 'catkin_cmake_args': None, 'catkin_skip_building_tests': False, 'cmake_args': None, 'cmake_clean_cache': False, 'cmake_clean_first': False, 'cmake_force_configure': False, 'cmake_target': None, 'cmake_target_skip_unavailable': False, 'install_base': '/home/tony/ros2_control/1_rrbot_ws/install/roscon2022_control_workshop', 'merge_install': False, 'path': '/home/tony/ros2_control/1_rrbot_ws/roscon2022_workshop/roscon2022_control_workshop', 'symlink_install': False, 'test_result_base': None}
[0.369s] Level 5:colcon.colcon_core.verb:set package 'controlko_bringup' build argument 'cmake_args' from command line to 'None'
[0.369s] Level 5:colcon.colcon_core.verb:set package 'controlko_bringup' build argument 'cmake_target' from command line to 'None'
[0.369s] Level 5:colcon.colcon_core.verb:set package 'controlko_bringup' build argument 'cmake_target_skip_unavailable' from command line to 'False'
[0.369s] Level 5:colcon.colcon_core.verb:set package 'controlko_bringup' build argument 'cmake_clean_cache' from command line to 'False'
[0.369s] Level 5:colcon.colcon_core.verb:set package 'controlko_bringup' build argument 'cmake_clean_first' from command line to 'False'
[0.369s] Level 5:colcon.colcon_core.verb:set package 'controlko_bringup' build argument 'cmake_force_configure' from command line to 'False'
[0.369s] Level 5:colcon.colcon_core.verb:set package 'controlko_bringup' build argument 'ament_cmake_args' from command line to 'None'
[0.369s] Level 5:colcon.colcon_core.verb:set package 'controlko_bringup' build argument 'catkin_cmake_args' from command line to 'None'
[0.369s] Level 5:colcon.colcon_core.verb:set package 'controlko_bringup' build argument 'catkin_skip_building_tests' from command line to 'False'
[0.369s] DEBUG:colcon.colcon_core.verb:Building package 'controlko_bringup' with the following arguments: {'ament_cmake_args': None, 'build_base': '/home/tony/ros2_control/1_rrbot_ws/build/controlko_bringup', 'catkin_cmake_args': None, 'catkin_skip_building_tests': False, 'cmake_args': None, 'cmake_clean_cache': False, 'cmake_clean_first': False, 'cmake_force_configure': False, 'cmake_target': None, 'cmake_target_skip_unavailable': False, 'install_base': '/home/tony/ros2_control/1_rrbot_ws/install/controlko_bringup', 'merge_install': False, 'path': '/home/tony/ros2_control/1_rrbot_ws/roscon2022_workshop/controlko_bringup', 'symlink_install': False, 'test_result_base': None}
[0.370s] INFO:colcon.colcon_core.executor:Executing jobs using 'parallel' executor
[0.371s] DEBUG:colcon.colcon_parallel_executor.executor.parallel:run_until_complete
[0.371s] INFO:colcon.colcon_ros.task.ament_cmake.build:Building ROS package in '/home/tony/ros2_control/1_rrbot_ws/roscon2022_workshop/controlko_description' with build type 'ament_cmake'
[0.371s] INFO:colcon.colcon_cmake.task.cmake.build:Building CMake package in '/home/tony/ros2_control/1_rrbot_ws/roscon2022_workshop/controlko_description'
[0.373s] INFO:colcon.colcon_core.plugin_system:Skipping extension 'colcon_core.shell.bat': Not used on non-Windows systems
[0.374s] INFO:colcon.colcon_core.shell:Skip shell extension 'powershell' for command environment: Not usable outside of PowerShell
[0.374s] DEBUG:colcon.colcon_core.shell:Skip shell extension 'dsv' for command environment
[0.377s] INFO:colcon.colcon_ros.task.ament_cmake.build:Building ROS package in '/home/tony/ros2_control/1_rrbot_ws/roscon2022_workshop/controlko_hardware_interface' with build type 'ament_cmake'
[0.378s] INFO:colcon.colcon_cmake.task.cmake.build:Building CMake package in '/home/tony/ros2_control/1_rrbot_ws/roscon2022_workshop/controlko_hardware_interface'
[0.378s] INFO:colcon.colcon_core.shell:Skip shell extension 'powershell' for command environment: Not usable outside of PowerShell
[0.379s] DEBUG:colcon.colcon_core.shell:Skip shell extension 'dsv' for command environment
[0.383s] INFO:colcon.colcon_ros.task.ament_cmake.build:Building ROS package in '/home/tony/ros2_control/1_rrbot_ws/roscon2022_workshop/roscon2022_control_workshop' with build type 'ament_cmake'
[0.383s] INFO:colcon.colcon_cmake.task.cmake.build:Building CMake package in '/home/tony/ros2_control/1_rrbot_ws/roscon2022_workshop/roscon2022_control_workshop'
[0.384s] INFO:colcon.colcon_core.shell:Skip shell extension 'powershell' for command environment: Not usable outside of PowerShell
[0.384s] DEBUG:colcon.colcon_core.shell:Skip shell extension 'dsv' for command environment
[0.397s] DEBUG:colcon.colcon_core.event_handler.log_command:Invoking command in '/home/tony/ros2_control/1_rrbot_ws/build/controlko_description': CMAKE_PREFIX_PATH=/opt/ros/humble /usr/bin/cmake --build /home/tony/ros2_control/1_rrbot_ws/build/controlko_description -- -j4 -l4
[0.401s] DEBUG:colcon.colcon_core.event_handler.log_command:Invoking command in '/home/tony/ros2_control/1_rrbot_ws/build/controlko_hardware_interface': CMAKE_PREFIX_PATH=/opt/ros/humble /usr/bin/cmake --build /home/tony/ros2_control/1_rrbot_ws/build/controlko_hardware_interface -- -j4 -l4
[0.414s] DEBUG:colcon.colcon_core.event_handler.log_command:Invoking command in '/home/tony/ros2_control/1_rrbot_ws/build/roscon2022_control_workshop': CMAKE_PREFIX_PATH=/opt/ros/humble /usr/bin/cmake --build /home/tony/ros2_control/1_rrbot_ws/build/roscon2022_control_workshop -- -j4 -l4
[0.451s] DEBUG:colcon.colcon_core.event_handler.log_command:Invoked command in '/home/tony/ros2_control/1_rrbot_ws/build/controlko_description' returned '0': CMAKE_PREFIX_PATH=/opt/ros/humble /usr/bin/cmake --build /home/tony/ros2_control/1_rrbot_ws/build/controlko_description -- -j4 -l4
[0.467s] DEBUG:colcon.colcon_core.event_handler.log_command:Invoked command in '/home/tony/ros2_control/1_rrbot_ws/build/roscon2022_control_workshop' returned '0': CMAKE_PREFIX_PATH=/opt/ros/humble /usr/bin/cmake --build /home/tony/ros2_control/1_rrbot_ws/build/roscon2022_control_workshop -- -j4 -l4
[0.534s] DEBUG:colcon.colcon_core.event_handler.log_command:Invoking command in '/home/tony/ros2_control/1_rrbot_ws/build/roscon2022_control_workshop': CMAKE_PREFIX_PATH=/opt/ros/humble /usr/bin/cmake --install /home/tony/ros2_control/1_rrbot_ws/build/roscon2022_control_workshop
[0.537s] DEBUG:colcon.colcon_core.event_handler.log_command:Invoking command in '/home/tony/ros2_control/1_rrbot_ws/build/controlko_description': CMAKE_PREFIX_PATH=/opt/ros/humble /usr/bin/cmake --install /home/tony/ros2_control/1_rrbot_ws/build/controlko_description
[0.559s] Level 1:colcon.colcon_core.environment:create_environment_scripts_only(controlko_description)
[0.562s] Level 1:colcon.colcon_core.environment:checking '/home/tony/ros2_control/1_rrbot_ws/install/controlko_description' for CMake module files
[0.563s] DEBUG:colcon.colcon_core.event_handler.log_command:Invoked command in '/home/tony/ros2_control/1_rrbot_ws/build/controlko_description' returned '0': CMAKE_PREFIX_PATH=/opt/ros/humble /usr/bin/cmake --install /home/tony/ros2_control/1_rrbot_ws/build/controlko_description
[0.564s] Level 1:colcon.colcon_core.environment:checking '/home/tony/ros2_control/1_rrbot_ws/install/controlko_description' for CMake config files
[0.564s] Level 1:colcon.colcon_core.shell:create_environment_hook('controlko_description', 'cmake_prefix_path')
[0.565s] INFO:colcon.colcon_core.shell:Creating environment hook '/home/tony/ros2_control/1_rrbot_ws/install/controlko_description/share/controlko_description/hook/cmake_prefix_path.ps1'
[0.566s] INFO:colcon.colcon_core.shell:Creating environment descriptor '/home/tony/ros2_control/1_rrbot_ws/install/controlko_description/share/controlko_description/hook/cmake_prefix_path.dsv'
[0.566s] INFO:colcon.colcon_core.shell:Creating environment hook '/home/tony/ros2_control/1_rrbot_ws/install/controlko_description/share/controlko_description/hook/cmake_prefix_path.sh'
[0.567s] Level 1:colcon.colcon_core.environment:checking '/home/tony/ros2_control/1_rrbot_ws/install/controlko_description/bin'
[0.567s] Level 1:colcon.colcon_core.environment:checking '/home/tony/ros2_control/1_rrbot_ws/install/controlko_description/lib/pkgconfig/controlko_description.pc'
[0.568s] Level 1:colcon.colcon_core.environment:checking '/home/tony/ros2_control/1_rrbot_ws/install/controlko_description/lib/python3.10/site-packages'
[0.568s] Level 1:colcon.colcon_core.environment:checking '/home/tony/ros2_control/1_rrbot_ws/install/controlko_description/bin'
[0.569s] INFO:colcon.colcon_core.shell:Creating package script '/home/tony/ros2_control/1_rrbot_ws/install/controlko_description/share/controlko_description/package.ps1'
[0.570s] INFO:colcon.colcon_core.shell:Creating package descriptor '/home/tony/ros2_control/1_rrbot_ws/install/controlko_description/share/controlko_description/package.dsv'
[0.570s] INFO:colcon.colcon_core.shell:Creating package script '/home/tony/ros2_control/1_rrbot_ws/install/controlko_description/share/controlko_description/package.sh'
[0.571s] INFO:colcon.colcon_core.shell:Creating package script '/home/tony/ros2_control/1_rrbot_ws/install/controlko_description/share/controlko_description/package.bash'
[0.572s] INFO:colcon.colcon_core.shell:Creating package script '/home/tony/ros2_control/1_rrbot_ws/install/controlko_description/share/controlko_description/package.zsh'
[0.573s] Level 1:colcon.colcon_core.environment:create_file_with_runtime_dependencies(/home/tony/ros2_control/1_rrbot_ws/install/controlko_description/share/colcon-core/packages/controlko_description)
[0.575s] Level 1:colcon.colcon_core.environment:create_environment_scripts_only(roscon2022_control_workshop)
[0.576s] Level 1:colcon.colcon_core.environment:checking '/home/tony/ros2_control/1_rrbot_ws/install/roscon2022_control_workshop' for CMake module files
[0.576s] Level 1:colcon.colcon_core.environment:checking '/home/tony/ros2_control/1_rrbot_ws/install/roscon2022_control_workshop' for CMake config files
[0.577s] DEBUG:colcon.colcon_core.event_handler.log_command:Invoked command in '/home/tony/ros2_control/1_rrbot_ws/build/roscon2022_control_workshop' returned '0': CMAKE_PREFIX_PATH=/opt/ros/humble /usr/bin/cmake --install /home/tony/ros2_control/1_rrbot_ws/build/roscon2022_control_workshop
[0.578s] Level 1:colcon.colcon_core.shell:create_environment_hook('roscon2022_control_workshop', 'cmake_prefix_path')
[0.578s] INFO:colcon.colcon_core.shell:Creating environment hook '/home/tony/ros2_control/1_rrbot_ws/install/roscon2022_control_workshop/share/roscon2022_control_workshop/hook/cmake_prefix_path.ps1'
[0.579s] INFO:colcon.colcon_core.shell:Creating environment descriptor '/home/tony/ros2_control/1_rrbot_ws/install/roscon2022_control_workshop/share/roscon2022_control_workshop/hook/cmake_prefix_path.dsv'
[0.579s] INFO:colcon.colcon_core.shell:Creating environment hook '/home/tony/ros2_control/1_rrbot_ws/install/roscon2022_control_workshop/share/roscon2022_control_workshop/hook/cmake_prefix_path.sh'
[0.580s] Level 1:colcon.colcon_core.environment:checking '/home/tony/ros2_control/1_rrbot_ws/install/roscon2022_control_workshop/bin'
[0.580s] Level 1:colcon.colcon_core.environment:checking '/home/tony/ros2_control/1_rrbot_ws/install/roscon2022_control_workshop/lib/pkgconfig/roscon2022_control_workshop.pc'
[0.580s] Level 1:colcon.colcon_core.environment:checking '/home/tony/ros2_control/1_rrbot_ws/install/roscon2022_control_workshop/lib/python3.10/site-packages'
[0.581s] Level 1:colcon.colcon_core.environment:checking '/home/tony/ros2_control/1_rrbot_ws/install/roscon2022_control_workshop/bin'
[0.581s] INFO:colcon.colcon_core.shell:Creating package script '/home/tony/ros2_control/1_rrbot_ws/install/roscon2022_control_workshop/share/roscon2022_control_workshop/package.ps1'
[0.582s] INFO:colcon.colcon_core.shell:Creating package descriptor '/home/tony/ros2_control/1_rrbot_ws/install/roscon2022_control_workshop/share/roscon2022_control_workshop/package.dsv'
[0.582s] INFO:colcon.colcon_core.shell:Creating package script '/home/tony/ros2_control/1_rrbot_ws/install/roscon2022_control_workshop/share/roscon2022_control_workshop/package.sh'
[0.583s] INFO:colcon.colcon_core.shell:Creating package script '/home/tony/ros2_control/1_rrbot_ws/install/roscon2022_control_workshop/share/roscon2022_control_workshop/package.bash'
[0.583s] INFO:colcon.colcon_core.shell:Creating package script '/home/tony/ros2_control/1_rrbot_ws/install/roscon2022_control_workshop/share/roscon2022_control_workshop/package.zsh'
[0.584s] Level 1:colcon.colcon_core.environment:create_file_with_runtime_dependencies(/home/tony/ros2_control/1_rrbot_ws/install/roscon2022_control_workshop/share/colcon-core/packages/roscon2022_control_workshop)
[0.592s] DEBUG:colcon.colcon_core.event_handler.log_command:Invoked command in '/home/tony/ros2_control/1_rrbot_ws/build/controlko_hardware_interface' returned '0': CMAKE_PREFIX_PATH=/opt/ros/humble /usr/bin/cmake --build /home/tony/ros2_control/1_rrbot_ws/build/controlko_hardware_interface -- -j4 -l4
[0.614s] Level 1:colcon.colcon_core.environment:create_environment_scripts_only(controlko_description)
[0.615s] Level 1:colcon.colcon_core.environment:checking '/home/tony/ros2_control/1_rrbot_ws/install/controlko_description' for CMake module files
[0.615s] Level 1:colcon.colcon_core.environment:checking '/home/tony/ros2_control/1_rrbot_ws/install/controlko_description' for CMake config files
[0.616s] Level 1:colcon.colcon_core.shell:create_environment_hook('controlko_description', 'cmake_prefix_path')
[0.616s] INFO:colcon.colcon_core.shell:Creating environment hook '/home/tony/ros2_control/1_rrbot_ws/install/controlko_description/share/controlko_description/hook/cmake_prefix_path.ps1'
[0.617s] INFO:colcon.colcon_core.shell:Creating environment descriptor '/home/tony/ros2_control/1_rrbot_ws/install/controlko_description/share/controlko_description/hook/cmake_prefix_path.dsv'
[0.617s] INFO:colcon.colcon_core.shell:Creating environment hook '/home/tony/ros2_control/1_rrbot_ws/install/controlko_description/share/controlko_description/hook/cmake_prefix_path.sh'
[0.618s] Level 1:colcon.colcon_core.environment:checking '/home/tony/ros2_control/1_rrbot_ws/install/controlko_description/bin'
[0.618s] Level 1:colcon.colcon_core.environment:checking '/home/tony/ros2_control/1_rrbot_ws/install/controlko_description/lib/pkgconfig/controlko_description.pc'
[0.619s] Level 1:colcon.colcon_core.environment:checking '/home/tony/ros2_control/1_rrbot_ws/install/controlko_description/lib/python3.10/site-packages'
[0.619s] Level 1:colcon.colcon_core.environment:checking '/home/tony/ros2_control/1_rrbot_ws/install/controlko_description/bin'
[0.619s] INFO:colcon.colcon_core.shell:Creating package script '/home/tony/ros2_control/1_rrbot_ws/install/controlko_description/share/controlko_description/package.ps1'
[0.620s] INFO:colcon.colcon_core.shell:Creating package descriptor '/home/tony/ros2_control/1_rrbot_ws/install/controlko_description/share/controlko_description/package.dsv'
[0.621s] INFO:colcon.colcon_core.shell:Creating package script '/home/tony/ros2_control/1_rrbot_ws/install/controlko_description/share/controlko_description/package.sh'
[0.621s] INFO:colcon.colcon_core.shell:Creating package script '/home/tony/ros2_control/1_rrbot_ws/install/controlko_description/share/controlko_description/package.bash'
[0.622s] INFO:colcon.colcon_core.shell:Creating package script '/home/tony/ros2_control/1_rrbot_ws/install/controlko_description/share/controlko_description/package.zsh'
[0.622s] Level 1:colcon.colcon_core.environment:create_file_with_runtime_dependencies(/home/tony/ros2_control/1_rrbot_ws/install/controlko_description/share/colcon-core/packages/controlko_description)
[0.623s] Level 1:colcon.colcon_core.environment:create_environment_scripts_only(roscon2022_control_workshop)
[0.624s] Level 1:colcon.colcon_core.environment:checking '/home/tony/ros2_control/1_rrbot_ws/install/roscon2022_control_workshop' for CMake module files
[0.625s] Level 1:colcon.colcon_core.environment:checking '/home/tony/ros2_control/1_rrbot_ws/install/roscon2022_control_workshop' for CMake config files
[0.627s] Level 1:colcon.colcon_core.shell:create_environment_hook('roscon2022_control_workshop', 'cmake_prefix_path')
[0.627s] INFO:colcon.colcon_core.shell:Creating environment hook '/home/tony/ros2_control/1_rrbot_ws/install/roscon2022_control_workshop/share/roscon2022_control_workshop/hook/cmake_prefix_path.ps1'
[0.628s] INFO:colcon.colcon_core.shell:Creating environment descriptor '/home/tony/ros2_control/1_rrbot_ws/install/roscon2022_control_workshop/share/roscon2022_control_workshop/hook/cmake_prefix_path.dsv'
[0.628s] INFO:colcon.colcon_core.shell:Creating environment hook '/home/tony/ros2_control/1_rrbot_ws/install/roscon2022_control_workshop/share/roscon2022_control_workshop/hook/cmake_prefix_path.sh'
[0.629s] Level 1:colcon.colcon_core.environment:checking '/home/tony/ros2_control/1_rrbot_ws/install/roscon2022_control_workshop/bin'
[0.629s] Level 1:colcon.colcon_core.environment:checking '/home/tony/ros2_control/1_rrbot_ws/install/roscon2022_control_workshop/lib/pkgconfig/roscon2022_control_workshop.pc'
[0.629s] Level 1:colcon.colcon_core.environment:checking '/home/tony/ros2_control/1_rrbot_ws/install/roscon2022_control_workshop/lib/python3.10/site-packages'
[0.630s] Level 1:colcon.colcon_core.environment:checking '/home/tony/ros2_control/1_rrbot_ws/install/roscon2022_control_workshop/bin'
[0.630s] INFO:colcon.colcon_core.shell:Creating package script '/home/tony/ros2_control/1_rrbot_ws/install/roscon2022_control_workshop/share/roscon2022_control_workshop/package.ps1'
[0.631s] INFO:colcon.colcon_core.shell:Creating package descriptor '/home/tony/ros2_control/1_rrbot_ws/install/roscon2022_control_workshop/share/roscon2022_control_workshop/package.dsv'
[0.632s] INFO:colcon.colcon_core.shell:Creating package script '/home/tony/ros2_control/1_rrbot_ws/install/roscon2022_control_workshop/share/roscon2022_control_workshop/package.sh'
[0.632s] INFO:colcon.colcon_core.shell:Creating package script '/home/tony/ros2_control/1_rrbot_ws/install/roscon2022_control_workshop/share/roscon2022_control_workshop/package.bash'
[0.633s] INFO:colcon.colcon_core.shell:Creating package script '/home/tony/ros2_control/1_rrbot_ws/install/roscon2022_control_workshop/share/roscon2022_control_workshop/package.zsh'
[0.634s] Level 1:colcon.colcon_core.environment:create_file_with_runtime_dependencies(/home/tony/ros2_control/1_rrbot_ws/install/roscon2022_control_workshop/share/colcon-core/packages/roscon2022_control_workshop)
[0.634s] INFO:colcon.colcon_ros.task.ament_cmake.build:Building ROS package in '/home/tony/ros2_control/1_rrbot_ws/roscon2022_workshop/controlko_bringup' with build type 'ament_cmake'
[0.635s] INFO:colcon.colcon_cmake.task.cmake.build:Building CMake package in '/home/tony/ros2_control/1_rrbot_ws/roscon2022_workshop/controlko_bringup'
[0.635s] INFO:colcon.colcon_core.shell:Skip shell extension 'powershell' for command environment: Not usable outside of PowerShell
[0.635s] DEBUG:colcon.colcon_core.shell:Skip shell extension 'dsv' for command environment
[0.646s] DEBUG:colcon.colcon_core.event_handler.log_command:Invoking command in '/home/tony/ros2_control/1_rrbot_ws/build/controlko_hardware_interface': CMAKE_PREFIX_PATH=/opt/ros/humble /usr/bin/cmake --install /home/tony/ros2_control/1_rrbot_ws/build/controlko_hardware_interface
[0.651s] DEBUG:colcon.colcon_core.event_handler.log_command:Invoking command in '/home/tony/ros2_control/1_rrbot_ws/build/controlko_bringup': AMENT_PREFIX_PATH=/home/tony/ros2_control/1_rrbot_ws/install/controlko_description:${AMENT_PREFIX_PATH} CMAKE_PREFIX_PATH=/home/tony/ros2_control/1_rrbot_ws/install/controlko_description:/opt/ros/humble /usr/bin/cmake --build /home/tony/ros2_control/1_rrbot_ws/build/controlko_bringup -- -j4 -l4
[0.674s] Level 1:colcon.colcon_core.environment:create_environment_scripts_only(controlko_hardware_interface)
[0.675s] Level 1:colcon.colcon_core.environment:checking '/home/tony/ros2_control/1_rrbot_ws/install/controlko_hardware_interface' for CMake module files
[0.676s] Level 1:colcon.colcon_core.environment:checking '/home/tony/ros2_control/1_rrbot_ws/install/controlko_hardware_interface' for CMake config files
[0.676s] Level 1:colcon.colcon_core.shell:create_environment_hook('controlko_hardware_interface', 'cmake_prefix_path')
[0.675s] DEBUG:colcon.colcon_core.event_handler.log_command:Invoked command in '/home/tony/ros2_control/1_rrbot_ws/build/controlko_hardware_interface' returned '0': CMAKE_PREFIX_PATH=/opt/ros/humble /usr/bin/cmake --install /home/tony/ros2_control/1_rrbot_ws/build/controlko_hardware_interface
[0.677s] INFO:colcon.colcon_core.shell:Creating environment hook '/home/tony/ros2_control/1_rrbot_ws/install/controlko_hardware_interface/share/controlko_hardware_interface/hook/cmake_prefix_path.ps1'
[0.678s] INFO:colcon.colcon_core.shell:Creating environment descriptor '/home/tony/ros2_control/1_rrbot_ws/install/controlko_hardware_interface/share/controlko_hardware_interface/hook/cmake_prefix_path.dsv'
[0.678s] INFO:colcon.colcon_core.shell:Creating environment hook '/home/tony/ros2_control/1_rrbot_ws/install/controlko_hardware_interface/share/controlko_hardware_interface/hook/cmake_prefix_path.sh'
[0.679s] Level 1:colcon.colcon_core.environment:checking '/home/tony/ros2_control/1_rrbot_ws/install/controlko_hardware_interface/lib'
[0.679s] Level 1:colcon.colcon_core.shell:create_environment_hook('controlko_hardware_interface', 'ld_library_path_lib')
[0.680s] INFO:colcon.colcon_core.shell:Creating environment hook '/home/tony/ros2_control/1_rrbot_ws/install/controlko_hardware_interface/share/controlko_hardware_interface/hook/ld_library_path_lib.ps1'
[0.680s] INFO:colcon.colcon_core.shell:Creating environment descriptor '/home/tony/ros2_control/1_rrbot_ws/install/controlko_hardware_interface/share/controlko_hardware_interface/hook/ld_library_path_lib.dsv'
[0.681s] INFO:colcon.colcon_core.shell:Creating environment hook '/home/tony/ros2_control/1_rrbot_ws/install/controlko_hardware_interface/share/controlko_hardware_interface/hook/ld_library_path_lib.sh'
[0.681s] Level 1:colcon.colcon_core.environment:checking '/home/tony/ros2_control/1_rrbot_ws/install/controlko_hardware_interface/bin'
[0.682s] Level 1:colcon.colcon_core.environment:checking '/home/tony/ros2_control/1_rrbot_ws/install/controlko_hardware_interface/lib/pkgconfig/controlko_hardware_interface.pc'
[0.682s] Level 1:colcon.colcon_core.environment:checking '/home/tony/ros2_control/1_rrbot_ws/install/controlko_hardware_interface/lib/python3.10/site-packages'
[0.682s] Level 1:colcon.colcon_core.environment:checking '/home/tony/ros2_control/1_rrbot_ws/install/controlko_hardware_interface/bin'
[0.683s] INFO:colcon.colcon_core.shell:Creating package script '/home/tony/ros2_control/1_rrbot_ws/install/controlko_hardware_interface/share/controlko_hardware_interface/package.ps1'
[0.683s] INFO:colcon.colcon_core.shell:Creating package descriptor '/home/tony/ros2_control/1_rrbot_ws/install/controlko_hardware_interface/share/controlko_hardware_interface/package.dsv'
[0.684s] INFO:colcon.colcon_core.shell:Creating package script '/home/tony/ros2_control/1_rrbot_ws/install/controlko_hardware_interface/share/controlko_hardware_interface/package.sh'
[0.685s] INFO:colcon.colcon_core.shell:Creating package script '/home/tony/ros2_control/1_rrbot_ws/install/controlko_hardware_interface/share/controlko_hardware_interface/package.bash'
[0.689s] INFO:colcon.colcon_core.shell:Creating package script '/home/tony/ros2_control/1_rrbot_ws/install/controlko_hardware_interface/share/controlko_hardware_interface/package.zsh'
[0.691s] Level 1:colcon.colcon_core.environment:create_file_with_runtime_dependencies(/home/tony/ros2_control/1_rrbot_ws/install/controlko_hardware_interface/share/colcon-core/packages/controlko_hardware_interface)
[0.731s] DEBUG:colcon.colcon_core.event_handler.log_command:Invoked command in '/home/tony/ros2_control/1_rrbot_ws/build/controlko_bringup' returned '0': AMENT_PREFIX_PATH=/home/tony/ros2_control/1_rrbot_ws/install/controlko_description:${AMENT_PREFIX_PATH} CMAKE_PREFIX_PATH=/home/tony/ros2_control/1_rrbot_ws/install/controlko_description:/opt/ros/humble /usr/bin/cmake --build /home/tony/ros2_control/1_rrbot_ws/build/controlko_bringup -- -j4 -l4
[0.756s] Level 1:colcon.colcon_core.environment:create_environment_scripts_only(controlko_hardware_interface)
[0.756s] Level 1:colcon.colcon_core.environment:checking '/home/tony/ros2_control/1_rrbot_ws/install/controlko_hardware_interface' for CMake module files
[0.757s] Level 1:colcon.colcon_core.environment:checking '/home/tony/ros2_control/1_rrbot_ws/install/controlko_hardware_interface' for CMake config files
[0.758s] Level 1:colcon.colcon_core.shell:create_environment_hook('controlko_hardware_interface', 'cmake_prefix_path')
[0.758s] INFO:colcon.colcon_core.shell:Creating environment hook '/home/tony/ros2_control/1_rrbot_ws/install/controlko_hardware_interface/share/controlko_hardware_interface/hook/cmake_prefix_path.ps1'
[0.759s] INFO:colcon.colcon_core.shell:Creating environment descriptor '/home/tony/ros2_control/1_rrbot_ws/install/controlko_hardware_interface/share/controlko_hardware_interface/hook/cmake_prefix_path.dsv'
[0.761s] INFO:colcon.colcon_core.shell:Creating environment hook '/home/tony/ros2_control/1_rrbot_ws/install/controlko_hardware_interface/share/controlko_hardware_interface/hook/cmake_prefix_path.sh'
[0.762s] Level 1:colcon.colcon_core.environment:checking '/home/tony/ros2_control/1_rrbot_ws/install/controlko_hardware_interface/lib'
[0.762s] Level 1:colcon.colcon_core.shell:create_environment_hook('controlko_hardware_interface', 'ld_library_path_lib')
[0.763s] INFO:colcon.colcon_core.shell:Creating environment hook '/home/tony/ros2_control/1_rrbot_ws/install/controlko_hardware_interface/share/controlko_hardware_interface/hook/ld_library_path_lib.ps1'
[0.763s] INFO:colcon.colcon_core.shell:Creating environment descriptor '/home/tony/ros2_control/1_rrbot_ws/install/controlko_hardware_interface/share/controlko_hardware_interface/hook/ld_library_path_lib.dsv'
[0.764s] INFO:colcon.colcon_core.shell:Creating environment hook '/home/tony/ros2_control/1_rrbot_ws/install/controlko_hardware_interface/share/controlko_hardware_interface/hook/ld_library_path_lib.sh'
[0.765s] Level 1:colcon.colcon_core.environment:checking '/home/tony/ros2_control/1_rrbot_ws/install/controlko_hardware_interface/bin'
[0.765s] Level 1:colcon.colcon_core.environment:checking '/home/tony/ros2_control/1_rrbot_ws/install/controlko_hardware_interface/lib/pkgconfig/controlko_hardware_interface.pc'
[0.765s] Level 1:colcon.colcon_core.environment:checking '/home/tony/ros2_control/1_rrbot_ws/install/controlko_hardware_interface/lib/python3.10/site-packages'
[0.766s] Level 1:colcon.colcon_core.environment:checking '/home/tony/ros2_control/1_rrbot_ws/install/controlko_hardware_interface/bin'
[0.766s] INFO:colcon.colcon_core.shell:Creating package script '/home/tony/ros2_control/1_rrbot_ws/install/controlko_hardware_interface/share/controlko_hardware_interface/package.ps1'
[0.767s] INFO:colcon.colcon_core.shell:Creating package descriptor '/home/tony/ros2_control/1_rrbot_ws/install/controlko_hardware_interface/share/controlko_hardware_interface/package.dsv'
[0.768s] INFO:colcon.colcon_core.shell:Creating package script '/home/tony/ros2_control/1_rrbot_ws/install/controlko_hardware_interface/share/controlko_hardware_interface/package.sh'
[0.769s] INFO:colcon.colcon_core.shell:Creating package script '/home/tony/ros2_control/1_rrbot_ws/install/controlko_hardware_interface/share/controlko_hardware_interface/package.bash'
[0.770s] INFO:colcon.colcon_core.shell:Creating package script '/home/tony/ros2_control/1_rrbot_ws/install/controlko_hardware_interface/share/controlko_hardware_interface/package.zsh'
[0.771s] Level 1:colcon.colcon_core.environment:create_file_with_runtime_dependencies(/home/tony/ros2_control/1_rrbot_ws/install/controlko_hardware_interface/share/colcon-core/packages/controlko_hardware_interface)
[0.773s] DEBUG:colcon.colcon_core.event_handler.log_command:Invoking command in '/home/tony/ros2_control/1_rrbot_ws/build/controlko_bringup': AMENT_PREFIX_PATH=/home/tony/ros2_control/1_rrbot_ws/install/controlko_description:${AMENT_PREFIX_PATH} CMAKE_PREFIX_PATH=/home/tony/ros2_control/1_rrbot_ws/install/controlko_description:/opt/ros/humble /usr/bin/cmake --install /home/tony/ros2_control/1_rrbot_ws/build/controlko_bringup
[0.792s] Level 1:colcon.colcon_core.environment:create_environment_scripts_only(controlko_bringup)
[0.793s] Level 1:colcon.colcon_core.environment:checking '/home/tony/ros2_control/1_rrbot_ws/install/controlko_bringup' for CMake module files
[0.794s] Level 1:colcon.colcon_core.environment:checking '/home/tony/ros2_control/1_rrbot_ws/install/controlko_bringup' for CMake config files
[0.794s] Level 1:colcon.colcon_core.shell:create_environment_hook('controlko_bringup', 'cmake_prefix_path')
[0.795s] INFO:colcon.colcon_core.shell:Creating environment hook '/home/tony/ros2_control/1_rrbot_ws/install/controlko_bringup/share/controlko_bringup/hook/cmake_prefix_path.ps1'
[0.795s] INFO:colcon.colcon_core.shell:Creating environment descriptor '/home/tony/ros2_control/1_rrbot_ws/install/controlko_bringup/share/controlko_bringup/hook/cmake_prefix_path.dsv'
[0.796s] INFO:colcon.colcon_core.shell:Creating environment hook '/home/tony/ros2_control/1_rrbot_ws/install/controlko_bringup/share/controlko_bringup/hook/cmake_prefix_path.sh'
[0.796s] Level 1:colcon.colcon_core.environment:checking '/home/tony/ros2_control/1_rrbot_ws/install/controlko_bringup/bin'
[0.796s] Level 1:colcon.colcon_core.environment:checking '/home/tony/ros2_control/1_rrbot_ws/install/controlko_bringup/lib/pkgconfig/controlko_bringup.pc'
[0.797s] Level 1:colcon.colcon_core.environment:checking '/home/tony/ros2_control/1_rrbot_ws/install/controlko_bringup/lib/python3.10/site-packages'
[0.798s] Level 1:colcon.colcon_core.environment:checking '/home/tony/ros2_control/1_rrbot_ws/install/controlko_bringup/bin'
[0.799s] INFO:colcon.colcon_core.shell:Creating package script '/home/tony/ros2_control/1_rrbot_ws/install/controlko_bringup/share/controlko_bringup/package.ps1'
[0.799s] INFO:colcon.colcon_core.shell:Creating package descriptor '/home/tony/ros2_control/1_rrbot_ws/install/controlko_bringup/share/controlko_bringup/package.dsv'
[0.800s] INFO:colcon.colcon_core.shell:Creating package script '/home/tony/ros2_control/1_rrbot_ws/install/controlko_bringup/share/controlko_bringup/package.sh'
[0.801s] INFO:colcon.colcon_core.shell:Creating package script '/home/tony/ros2_control/1_rrbot_ws/install/controlko_bringup/share/controlko_bringup/package.bash'
[0.801s] INFO:colcon.colcon_core.shell:Creating package script '/home/tony/ros2_control/1_rrbot_ws/install/controlko_bringup/share/controlko_bringup/package.zsh'
[0.801s] Level 1:colcon.colcon_core.environment:create_file_with_runtime_dependencies(/home/tony/ros2_control/1_rrbot_ws/install/controlko_bringup/share/colcon-core/packages/controlko_bringup)
[0.805s] DEBUG:colcon.colcon_core.event_handler.log_command:Invoked command in '/home/tony/ros2_control/1_rrbot_ws/build/controlko_bringup' returned '0': AMENT_PREFIX_PATH=/home/tony/ros2_control/1_rrbot_ws/install/controlko_description:${AMENT_PREFIX_PATH} CMAKE_PREFIX_PATH=/home/tony/ros2_control/1_rrbot_ws/install/controlko_description:/opt/ros/humble /usr/bin/cmake --install /home/tony/ros2_control/1_rrbot_ws/build/controlko_bringup
[0.823s] Level 1:colcon.colcon_core.environment:create_environment_scripts_only(controlko_bringup)
[0.823s] Level 1:colcon.colcon_core.environment:checking '/home/tony/ros2_control/1_rrbot_ws/install/controlko_bringup' for CMake module files
[0.824s] Level 1:colcon.colcon_core.environment:checking '/home/tony/ros2_control/1_rrbot_ws/install/controlko_bringup' for CMake config files
[0.825s] Level 1:colcon.colcon_core.shell:create_environment_hook('controlko_bringup', 'cmake_prefix_path')
[0.825s] INFO:colcon.colcon_core.shell:Creating environment hook '/home/tony/ros2_control/1_rrbot_ws/install/controlko_bringup/share/controlko_bringup/hook/cmake_prefix_path.ps1'
[0.825s] INFO:colcon.colcon_core.shell:Creating environment descriptor '/home/tony/ros2_control/1_rrbot_ws/install/controlko_bringup/share/controlko_bringup/hook/cmake_prefix_path.dsv'
[0.826s] INFO:colcon.colcon_core.shell:Creating environment hook '/home/tony/ros2_control/1_rrbot_ws/install/controlko_bringup/share/controlko_bringup/hook/cmake_prefix_path.sh'
[0.827s] Level 1:colcon.colcon_core.environment:checking '/home/tony/ros2_control/1_rrbot_ws/install/controlko_bringup/bin'
[0.827s] Level 1:colcon.colcon_core.environment:checking '/home/tony/ros2_control/1_rrbot_ws/install/controlko_bringup/lib/pkgconfig/controlko_bringup.pc'
[0.828s] Level 1:colcon.colcon_core.environment:checking '/home/tony/ros2_control/1_rrbot_ws/install/controlko_bringup/lib/python3.10/site-packages'
[0.828s] Level 1:colcon.colcon_core.environment:checking '/home/tony/ros2_control/1_rrbot_ws/install/controlko_bringup/bin'
[0.828s] INFO:colcon.colcon_core.shell:Creating package script '/home/tony/ros2_control/1_rrbot_ws/install/controlko_bringup/share/controlko_bringup/package.ps1'
[0.829s] INFO:colcon.colcon_core.shell:Creating package descriptor '/home/tony/ros2_control/1_rrbot_ws/install/controlko_bringup/share/controlko_bringup/package.dsv'
[0.829s] INFO:colcon.colcon_core.shell:Creating package script '/home/tony/ros2_control/1_rrbot_ws/install/controlko_bringup/share/controlko_bringup/package.sh'
[0.830s] INFO:colcon.colcon_core.shell:Creating package script '/home/tony/ros2_control/1_rrbot_ws/install/controlko_bringup/share/controlko_bringup/package.bash'
[0.830s] INFO:colcon.colcon_core.shell:Creating package script '/home/tony/ros2_control/1_rrbot_ws/install/controlko_bringup/share/controlko_bringup/package.zsh'
[0.830s] Level 1:colcon.colcon_core.environment:create_file_with_runtime_dependencies(/home/tony/ros2_control/1_rrbot_ws/install/controlko_bringup/share/colcon-core/packages/controlko_bringup)
[0.831s] DEBUG:colcon.colcon_parallel_executor.executor.parallel:closing loop
[0.832s] DEBUG:colcon.colcon_parallel_executor.executor.parallel:loop closed
[0.832s] DEBUG:colcon.colcon_parallel_executor.executor.parallel:run_until_complete finished with '0'
[0.832s] DEBUG:colcon.colcon_core.event_reactor:joining thread
[0.838s] INFO:colcon.colcon_core.plugin_system:Skipping extension 'colcon_notification.desktop_notification.terminal_notifier': Not used on non-Darwin systems
[0.838s] INFO:colcon.colcon_core.plugin_system:Skipping extension 'colcon_notification.desktop_notification.win32': Not used on non-Windows systems
[0.838s] INFO:colcon.colcon_notification.desktop_notification:Sending desktop notification using 'notify2'
[0.855s] DEBUG:colcon.colcon_core.event_reactor:joined thread
[0.856s] INFO:colcon.colcon_core.shell:Creating prefix script '/home/tony/ros2_control/1_rrbot_ws/install/local_setup.ps1'
[0.857s] INFO:colcon.colcon_core.shell:Creating prefix util module '/home/tony/ros2_control/1_rrbot_ws/install/_local_setup_util_ps1.py'
[0.859s] INFO:colcon.colcon_core.shell:Creating prefix chain script '/home/tony/ros2_control/1_rrbot_ws/install/setup.ps1'
[0.861s] INFO:colcon.colcon_core.shell:Creating prefix script '/home/tony/ros2_control/1_rrbot_ws/install/local_setup.sh'
[0.862s] INFO:colcon.colcon_core.shell:Creating prefix util module '/home/tony/ros2_control/1_rrbot_ws/install/_local_setup_util_sh.py'
[0.863s] INFO:colcon.colcon_core.shell:Creating prefix chain script '/home/tony/ros2_control/1_rrbot_ws/install/setup.sh'
[0.865s] INFO:colcon.colcon_core.shell:Creating prefix script '/home/tony/ros2_control/1_rrbot_ws/install/local_setup.bash'
[0.866s] INFO:colcon.colcon_core.shell:Creating prefix chain script '/home/tony/ros2_control/1_rrbot_ws/install/setup.bash'
[0.869s] INFO:colcon.colcon_core.shell:Creating prefix script '/home/tony/ros2_control/1_rrbot_ws/install/local_setup.zsh'
[0.869s] INFO:colcon.colcon_core.shell:Creating prefix chain script '/home/tony/ros2_control/1_rrbot_ws/install/setup.zsh'
