[0.021s] Invoking command in '/home/tony/ros2_control/1_rrbot_ws/build/controlko_description': CMAKE_PREFIX_PATH=/opt/ros/humble /usr/bin/cmake --build /home/tony/ros2_control/1_rrbot_ws/build/controlko_description -- -j4 -l4
[0.077s] Invoked command in '/home/tony/ros2_control/1_rrbot_ws/build/controlko_description' returned '0': CMAKE_PREFIX_PATH=/opt/ros/humble /usr/bin/cmake --build /home/tony/ros2_control/1_rrbot_ws/build/controlko_description -- -j4 -l4
[0.116s] Invoking command in '/home/tony/ros2_control/1_rrbot_ws/build/controlko_description': CMAKE_PREFIX_PATH=/opt/ros/humble /usr/bin/cmake --install /home/tony/ros2_control/1_rrbot_ws/build/controlko_description
[0.126s] -- Install configuration: ""
[0.127s] -- Up-to-date: /home/tony/ros2_control/1_rrbot_ws/install/controlko_description/share/controlko_description/config
[0.130s] -- Up-to-date: /home/tony/ros2_control/1_rrbot_ws/install/controlko_description/share/controlko_description/config/.gitkeep
[0.130s] -- Up-to-date: /home/tony/ros2_control/1_rrbot_ws/install/controlko_description/share/controlko_description
[0.130s] -- Up-to-date: /home/tony/ros2_control/1_rrbot_ws/install/controlko_description/share/controlko_description/view_rrbot.launch.py
[0.131s] -- Up-to-date: /home/tony/ros2_control/1_rrbot_ws/install/controlko_description/share/controlko_description/meshes
[0.131s] -- Up-to-date: /home/tony/ros2_control/1_rrbot_ws/install/controlko_description/share/controlko_description/meshes/rrbot
[0.131s] -- Up-to-date: /home/tony/ros2_control/1_rrbot_ws/install/controlko_description/share/controlko_description/meshes/rrbot/visual
[0.131s] -- Up-to-date: /home/tony/ros2_control/1_rrbot_ws/install/controlko_description/share/controlko_description/meshes/rrbot/visual/.gitkeep
[0.131s] -- Up-to-date: /home/tony/ros2_control/1_rrbot_ws/install/controlko_description/share/controlko_description/rviz
[0.131s] -- Up-to-date: /home/tony/ros2_control/1_rrbot_ws/install/controlko_description/share/controlko_description/rviz/rrbot.rviz
[0.131s] -- Up-to-date: /home/tony/ros2_control/1_rrbot_ws/install/controlko_description/share/controlko_description/urdf
[0.136s] -- Up-to-date: /home/tony/ros2_control/1_rrbot_ws/install/controlko_description/share/controlko_description/urdf/rrbot.urdf.xacro
[0.136s] -- Up-to-date: /home/tony/ros2_control/1_rrbot_ws/install/controlko_description/share/controlko_description/urdf/common.xacro
[0.136s] -- Up-to-date: /home/tony/ros2_control/1_rrbot_ws/install/controlko_description/share/controlko_description/urdf/rrbot
[0.136s] -- Up-to-date: /home/tony/ros2_control/1_rrbot_ws/install/controlko_description/share/controlko_description/urdf/rrbot/rrbot_macro.ros2_control.xacro
[0.136s] -- Up-to-date: /home/tony/ros2_control/1_rrbot_ws/install/controlko_description/share/controlko_description/urdf/rrbot/rrbot_macro.xacro
[0.137s] -- Up-to-date: /home/tony/ros2_control/1_rrbot_ws/install/controlko_description/share/ament_index/resource_index/package_run_dependencies/controlko_description
[0.137s] -- Up-to-date: /home/tony/ros2_control/1_rrbot_ws/install/controlko_description/share/ament_index/resource_index/parent_prefix_path/controlko_description
[0.137s] -- Up-to-date: /home/tony/ros2_control/1_rrbot_ws/install/controlko_description/share/controlko_description/environment/ament_prefix_path.sh
[0.137s] -- Up-to-date: /home/tony/ros2_control/1_rrbot_ws/install/controlko_description/share/controlko_description/environment/ament_prefix_path.dsv
[0.137s] -- Up-to-date: /home/tony/ros2_control/1_rrbot_ws/install/controlko_description/share/controlko_description/environment/path.sh
[0.137s] -- Up-to-date: /home/tony/ros2_control/1_rrbot_ws/install/controlko_description/share/controlko_description/environment/path.dsv
[0.138s] -- Up-to-date: /home/tony/ros2_control/1_rrbot_ws/install/controlko_description/share/controlko_description/local_setup.bash
[0.139s] -- Up-to-date: /home/tony/ros2_control/1_rrbot_ws/install/controlko_description/share/controlko_description/local_setup.sh
[0.139s] -- Up-to-date: /home/tony/ros2_control/1_rrbot_ws/install/controlko_description/share/controlko_description/local_setup.zsh
[0.139s] -- Up-to-date: /home/tony/ros2_control/1_rrbot_ws/install/controlko_description/share/controlko_description/local_setup.dsv
[0.139s] -- Up-to-date: /home/tony/ros2_control/1_rrbot_ws/install/controlko_description/share/controlko_description/package.dsv
[0.139s] -- Up-to-date: /home/tony/ros2_control/1_rrbot_ws/install/controlko_description/share/ament_index/resource_index/packages/controlko_description
[0.139s] -- Up-to-date: /home/tony/ros2_control/1_rrbot_ws/install/controlko_description/share/controlko_description/cmake/controlko_descriptionConfig.cmake
[0.139s] -- Up-to-date: /home/tony/ros2_control/1_rrbot_ws/install/controlko_description/share/controlko_description/cmake/controlko_descriptionConfig-version.cmake
[0.140s] -- Up-to-date: /home/tony/ros2_control/1_rrbot_ws/install/controlko_description/share/controlko_description/package.xml
[0.140s] Invoked command in '/home/tony/ros2_control/1_rrbot_ws/build/controlko_description' returned '0': CMAKE_PREFIX_PATH=/opt/ros/humble /usr/bin/cmake --install /home/tony/ros2_control/1_rrbot_ws/build/controlko_description
