[0.016s] Invoking command in '/home/tony/ros2_control/1_rrbot_ws/build/controlko_bringup': AMENT_PREFIX_PATH=/home/tony/ros2_control/1_rrbot_ws/install/controlko_description:${AMENT_PREFIX_PATH} CMAKE_PREFIX_PATH=/home/tony/ros2_control/1_rrbot_ws/install/controlko_description:/opt/ros/humble /usr/bin/cmake /home/tony/ros2_control/1_rrbot_ws/roscon2022_workshop/controlko_bringup -DCMAKE_INSTALL_PREFIX=/home/tony/ros2_control/1_rrbot_ws/install/controlko_bringup
[0.084s] -- The C compiler identification is GNU 11.4.0
[0.144s] -- The CXX compiler identification is GNU 11.4.0
[0.154s] -- Detecting C compiler ABI info
[0.223s] -- Detecting C compiler ABI info - done
[0.232s] -- Check for working C compiler: /usr/bin/cc - skipped
[0.232s] -- Detecting C compile features
[0.234s] -- Detecting C compile features - done
[0.237s] -- Detecting CXX compiler ABI info
[0.316s] -- Detecting CXX compiler ABI info - done
[0.330s] -- Check for working CXX compiler: /usr/bin/c++ - skipped
[0.330s] -- Detecting CXX compile features
[0.331s] -- Detecting CXX compile features - done
[0.334s] -- Found ament_cmake: 1.3.10 (/opt/ros/humble/share/ament_cmake/cmake)
[0.518s] -- Found Python3: /usr/bin/python3 (found version "3.10.12") found components: Interpreter 
[0.657s] -- Found ament_lint_auto: 0.12.11 (/opt/ros/humble/share/ament_lint_auto/cmake)
[0.737s] -- Added test 'flake8' to check Python code syntax and style conventions
[0.739s] -- Added test 'lint_cmake' to check CMake code style
[0.740s] -- Added test 'pep257' to check Python code against some of the docstring style conventions in PEP 257
[0.742s] -- Added test 'xmllint' to check XML markup files
[0.745s] -- Configuring done
[0.747s] -- Generating done
[0.748s] -- Build files have been written to: /home/tony/ros2_control/1_rrbot_ws/build/controlko_bringup
[0.756s] Invoked command in '/home/tony/ros2_control/1_rrbot_ws/build/controlko_bringup' returned '0': AMENT_PREFIX_PATH=/home/tony/ros2_control/1_rrbot_ws/install/controlko_description:${AMENT_PREFIX_PATH} CMAKE_PREFIX_PATH=/home/tony/ros2_control/1_rrbot_ws/install/controlko_description:/opt/ros/humble /usr/bin/cmake /home/tony/ros2_control/1_rrbot_ws/roscon2022_workshop/controlko_bringup -DCMAKE_INSTALL_PREFIX=/home/tony/ros2_control/1_rrbot_ws/install/controlko_bringup
[0.757s] Invoking command in '/home/tony/ros2_control/1_rrbot_ws/build/controlko_bringup': AMENT_PREFIX_PATH=/home/tony/ros2_control/1_rrbot_ws/install/controlko_description:${AMENT_PREFIX_PATH} CMAKE_PREFIX_PATH=/home/tony/ros2_control/1_rrbot_ws/install/controlko_description:/opt/ros/humble /usr/bin/cmake --build /home/tony/ros2_control/1_rrbot_ws/build/controlko_bringup -- -j4 -l4
[0.796s] Invoked command in '/home/tony/ros2_control/1_rrbot_ws/build/controlko_bringup' returned '0': AMENT_PREFIX_PATH=/home/tony/ros2_control/1_rrbot_ws/install/controlko_description:${AMENT_PREFIX_PATH} CMAKE_PREFIX_PATH=/home/tony/ros2_control/1_rrbot_ws/install/controlko_description:/opt/ros/humble /usr/bin/cmake --build /home/tony/ros2_control/1_rrbot_ws/build/controlko_bringup -- -j4 -l4
[0.835s] Invoking command in '/home/tony/ros2_control/1_rrbot_ws/build/controlko_bringup': AMENT_PREFIX_PATH=/home/tony/ros2_control/1_rrbot_ws/install/controlko_description:${AMENT_PREFIX_PATH} CMAKE_PREFIX_PATH=/home/tony/ros2_control/1_rrbot_ws/install/controlko_description:/opt/ros/humble /usr/bin/cmake --install /home/tony/ros2_control/1_rrbot_ws/build/controlko_bringup
[0.865s] -- Install configuration: ""
[0.866s] -- Installing: /home/tony/ros2_control/1_rrbot_ws/install/controlko_bringup/share/controlko_bringup/config
[0.867s] -- Installing: /home/tony/ros2_control/1_rrbot_ws/install/controlko_bringup/share/controlko_bringup/config/rrbot_controllers.yaml
[0.870s] -- Installing: /home/tony/ros2_control/1_rrbot_ws/install/controlko_bringup/share/controlko_bringup/config/test_goal_publishers_config.yaml
[0.873s] -- Up-to-date: /home/tony/ros2_control/1_rrbot_ws/install/controlko_bringup/share/controlko_bringup
[0.873s] -- Installing: /home/tony/ros2_control/1_rrbot_ws/install/controlko_bringup/share/controlko_bringup/test_forward_position_controller.launch.py
[0.876s] -- Installing: /home/tony/ros2_control/1_rrbot_ws/install/controlko_bringup/share/controlko_bringup/rrbot.launch.py
[0.878s] -- Installing: /home/tony/ros2_control/1_rrbot_ws/install/controlko_bringup/share/controlko_bringup/rrbot_sim_gazebo_classic.launch.py
[0.881s] -- Installing: /home/tony/ros2_control/1_rrbot_ws/install/controlko_bringup/share/controlko_bringup/rrbot_sim_gazebo.launch.py
[0.883s] -- Installing: /home/tony/ros2_control/1_rrbot_ws/install/controlko_bringup/share/controlko_bringup/test_joint_trajectory_controller.launch.py
[0.887s] -- Installing: /home/tony/ros2_control/1_rrbot_ws/install/controlko_bringup/share/ament_index/resource_index/package_run_dependencies/controlko_bringup
[0.899s] -- Installing: /home/tony/ros2_control/1_rrbot_ws/install/controlko_bringup/share/ament_index/resource_index/parent_prefix_path/controlko_bringup
[0.902s] -- Installing: /home/tony/ros2_control/1_rrbot_ws/install/controlko_bringup/share/controlko_bringup/environment/ament_prefix_path.sh
[0.905s] -- Installing: /home/tony/ros2_control/1_rrbot_ws/install/controlko_bringup/share/controlko_bringup/environment/ament_prefix_path.dsv
[0.907s] -- Installing: /home/tony/ros2_control/1_rrbot_ws/install/controlko_bringup/share/controlko_bringup/environment/path.sh
[0.909s] -- Installing: /home/tony/ros2_control/1_rrbot_ws/install/controlko_bringup/share/controlko_bringup/environment/path.dsv
[0.912s] -- Installing: /home/tony/ros2_control/1_rrbot_ws/install/controlko_bringup/share/controlko_bringup/local_setup.bash
[0.914s] -- Installing: /home/tony/ros2_control/1_rrbot_ws/install/controlko_bringup/share/controlko_bringup/local_setup.sh
[0.916s] -- Installing: /home/tony/ros2_control/1_rrbot_ws/install/controlko_bringup/share/controlko_bringup/local_setup.zsh
[0.919s] -- Installing: /home/tony/ros2_control/1_rrbot_ws/install/controlko_bringup/share/controlko_bringup/local_setup.dsv
[0.921s] -- Installing: /home/tony/ros2_control/1_rrbot_ws/install/controlko_bringup/share/controlko_bringup/package.dsv
[0.923s] -- Installing: /home/tony/ros2_control/1_rrbot_ws/install/controlko_bringup/share/ament_index/resource_index/packages/controlko_bringup
[0.926s] -- Installing: /home/tony/ros2_control/1_rrbot_ws/install/controlko_bringup/share/controlko_bringup/cmake/controlko_bringupConfig.cmake
[0.929s] -- Installing: /home/tony/ros2_control/1_rrbot_ws/install/controlko_bringup/share/controlko_bringup/cmake/controlko_bringupConfig-version.cmake
[0.930s] -- Installing: /home/tony/ros2_control/1_rrbot_ws/install/controlko_bringup/share/controlko_bringup/package.xml
[0.937s] Invoked command in '/home/tony/ros2_control/1_rrbot_ws/build/controlko_bringup' returned '0': AMENT_PREFIX_PATH=/home/tony/ros2_control/1_rrbot_ws/install/controlko_description:${AMENT_PREFIX_PATH} CMAKE_PREFIX_PATH=/home/tony/ros2_control/1_rrbot_ws/install/controlko_description:/opt/ros/humble /usr/bin/cmake --install /home/tony/ros2_control/1_rrbot_ws/build/controlko_bringup
