[0.021s] Invoking command in '/home/tony/ros2_control/1_rrbot_ws/build/controlko_bringup': AMENT_PREFIX_PATH=/home/tony/ros2_control/1_rrbot_ws/install/controlko_description:${AMENT_PREFIX_PATH} CMAKE_PREFIX_PATH=/home/tony/ros2_control/1_rrbot_ws/install/controlko_description:/opt/ros/humble /usr/bin/cmake --build /home/tony/ros2_control/1_rrbot_ws/build/controlko_bringup -- -j4 -l4
[0.071s] Invoked command in '/home/tony/ros2_control/1_rrbot_ws/build/controlko_bringup' returned '0': AMENT_PREFIX_PATH=/home/tony/ros2_control/1_rrbot_ws/install/controlko_description:${AMENT_PREFIX_PATH} CMAKE_PREFIX_PATH=/home/tony/ros2_control/1_rrbot_ws/install/controlko_description:/opt/ros/humble /usr/bin/cmake --build /home/tony/ros2_control/1_rrbot_ws/build/controlko_bringup -- -j4 -l4
[0.093s] Invoking command in '/home/tony/ros2_control/1_rrbot_ws/build/controlko_bringup': AMENT_PREFIX_PATH=/home/tony/ros2_control/1_rrbot_ws/install/controlko_description:${AMENT_PREFIX_PATH} CMAKE_PREFIX_PATH=/home/tony/ros2_control/1_rrbot_ws/install/controlko_description:/opt/ros/humble /usr/bin/cmake --install /home/tony/ros2_control/1_rrbot_ws/build/controlko_bringup
[0.099s] -- Install configuration: ""
[0.100s] -- Up-to-date: /home/tony/ros2_control/1_rrbot_ws/install/controlko_bringup/share/controlko_bringup/config
[0.100s] -- Up-to-date: /home/tony/ros2_control/1_rrbot_ws/install/controlko_bringup/share/controlko_bringup/config/rrbot_controllers.yaml
[0.100s] -- Up-to-date: /home/tony/ros2_control/1_rrbot_ws/install/controlko_bringup/share/controlko_bringup/config/test_goal_publishers_config.yaml
[0.100s] -- Up-to-date: /home/tony/ros2_control/1_rrbot_ws/install/controlko_bringup/share/controlko_bringup
[0.101s] -- Up-to-date: /home/tony/ros2_control/1_rrbot_ws/install/controlko_bringup/share/controlko_bringup/test_forward_position_controller.launch.py
[0.101s] -- Up-to-date: /home/tony/ros2_control/1_rrbot_ws/install/controlko_bringup/share/controlko_bringup/rrbot.launch.py
[0.101s] -- Up-to-date: /home/tony/ros2_control/1_rrbot_ws/install/controlko_bringup/share/controlko_bringup/rrbot_sim_gazebo_classic.launch.py
[0.101s] -- Up-to-date: /home/tony/ros2_control/1_rrbot_ws/install/controlko_bringup/share/controlko_bringup/rrbot_sim_gazebo.launch.py
[0.101s] -- Up-to-date: /home/tony/ros2_control/1_rrbot_ws/install/controlko_bringup/share/controlko_bringup/test_joint_trajectory_controller.launch.py
[0.101s] -- Up-to-date: /home/tony/ros2_control/1_rrbot_ws/install/controlko_bringup/share/ament_index/resource_index/package_run_dependencies/controlko_bringup
[0.101s] -- Up-to-date: /home/tony/ros2_control/1_rrbot_ws/install/controlko_bringup/share/ament_index/resource_index/parent_prefix_path/controlko_bringup
[0.101s] -- Up-to-date: /home/tony/ros2_control/1_rrbot_ws/install/controlko_bringup/share/controlko_bringup/environment/ament_prefix_path.sh
[0.101s] -- Up-to-date: /home/tony/ros2_control/1_rrbot_ws/install/controlko_bringup/share/controlko_bringup/environment/ament_prefix_path.dsv
[0.102s] -- Up-to-date: /home/tony/ros2_control/1_rrbot_ws/install/controlko_bringup/share/controlko_bringup/environment/path.sh
[0.102s] -- Up-to-date: /home/tony/ros2_control/1_rrbot_ws/install/controlko_bringup/share/controlko_bringup/environment/path.dsv
[0.102s] -- Up-to-date: /home/tony/ros2_control/1_rrbot_ws/install/controlko_bringup/share/controlko_bringup/local_setup.bash
[0.102s] -- Up-to-date: /home/tony/ros2_control/1_rrbot_ws/install/controlko_bringup/share/controlko_bringup/local_setup.sh
[0.102s] -- Up-to-date: /home/tony/ros2_control/1_rrbot_ws/install/controlko_bringup/share/controlko_bringup/local_setup.zsh
[0.104s] -- Up-to-date: /home/tony/ros2_control/1_rrbot_ws/install/controlko_bringup/share/controlko_bringup/local_setup.dsv
[0.104s] -- Up-to-date: /home/tony/ros2_control/1_rrbot_ws/install/controlko_bringup/share/controlko_bringup/package.dsv
[0.104s] -- Up-to-date: /home/tony/ros2_control/1_rrbot_ws/install/controlko_bringup/share/ament_index/resource_index/packages/controlko_bringup
[0.104s] -- Up-to-date: /home/tony/ros2_control/1_rrbot_ws/install/controlko_bringup/share/controlko_bringup/cmake/controlko_bringupConfig.cmake
[0.105s] -- Up-to-date: /home/tony/ros2_control/1_rrbot_ws/install/controlko_bringup/share/controlko_bringup/cmake/controlko_bringupConfig-version.cmake
[0.105s] -- Up-to-date: /home/tony/ros2_control/1_rrbot_ws/install/controlko_bringup/share/controlko_bringup/package.xml
[0.105s] Invoked command in '/home/tony/ros2_control/1_rrbot_ws/build/controlko_bringup' returned '0': AMENT_PREFIX_PATH=/home/tony/ros2_control/1_rrbot_ws/install/controlko_description:${AMENT_PREFIX_PATH} CMAKE_PREFIX_PATH=/home/tony/ros2_control/1_rrbot_ws/install/controlko_description:/opt/ros/humble /usr/bin/cmake --install /home/tony/ros2_control/1_rrbot_ws/build/controlko_bringup
