[0.023s] Invoking command in '/home/tony/ros2_control/build/ros2_control_demo_example_1': AMENT_PREFIX_PATH=/home/tony/ros2_control/install/ros2_control_demo_testing:/home/tony/ros2_control/install/ros2_control_demo_description:${AMENT_PREFIX_PATH} CMAKE_PREFIX_PATH=/home/tony/ros2_control/install/ros2_control_demo_description:/home/tony/ros2_control/1_rrbot_ws/install/roscon2022_control_workshop:/home/tony/ros2_control/1_rrbot_ws/install/controlko_hardware_interface:/home/tony/ros2_control/1_rrbot_ws/install/controlko_bringup:/home/tony/ros2_control/1_rrbot_ws/install/controlko_description:/opt/ros/humble PYTHONPATH=/home/tony/ros2_control/install/ros2_control_demo_testing/lib/python3.10/site-packages:${PYTHONPATH} /usr/bin/cmake /home/tony/ros2_control/examples/src/example_1 -DCMAKE_INSTALL_PREFIX=/home/tony/ros2_control/install/ros2_control_demo_example_1
[0.278s] -- The CXX compiler identification is GNU 11.4.0
[0.300s] -- Detecting CXX compiler ABI info
[0.497s] -- Detecting CXX compiler ABI info - done
[0.521s] -- Check for working CXX compiler: /usr/bin/c++ - skipped
[0.523s] -- Detecting CXX compile features
[0.528s] -- Detecting CXX compile features - done
[0.540s] -- Found ament_cmake: 1.3.10 (/opt/ros/humble/share/ament_cmake/cmake)
[0.918s] -- Found Python3: /usr/bin/python3 (found version "3.10.12") found components: Interpreter 
[1.182s] -- Found hardware_interface: 2.43.1 (/opt/ros/humble/share/hardware_interface/cmake)
[1.290s] -- Found rosidl_generator_c: 3.1.5 (/opt/ros/humble/share/rosidl_generator_c/cmake)
[1.304s] -- Found rosidl_adapter: 3.1.5 (/opt/ros/humble/share/rosidl_adapter/cmake)
[1.322s] -- Found rosidl_generator_cpp: 3.1.5 (/opt/ros/humble/share/rosidl_generator_cpp/cmake)
[1.364s] -- Using all available rosidl_typesupport_c: rosidl_typesupport_fastrtps_c;rosidl_typesupport_introspection_c
[1.418s] -- Using all available rosidl_typesupport_cpp: rosidl_typesupport_fastrtps_cpp;rosidl_typesupport_introspection_cpp
[2.196s] -- Found rmw_implementation_cmake: 6.1.2 (/opt/ros/humble/share/rmw_implementation_cmake/cmake)
[2.209s] -- Found rmw_fastrtps_cpp: 6.2.7 (/opt/ros/humble/share/rmw_fastrtps_cpp/cmake)
[2.354s] -- Found TinyXML2 via Config file: TinyXML2_DIR-NOTFOUND
[2.739s] -- Found OpenSSL: /usr/lib/x86_64-linux-gnu/libcrypto.so (found version "3.0.2")  
[2.772s] -- Found TinyXML2 via Config file: TinyXML2_DIR-NOTFOUND
[2.886s] -- Found FastRTPS: /opt/ros/humble/include  
[2.916s] -- Found TinyXML2 via Config file: TinyXML2_DIR-NOTFOUND
