[35m[1mConsolidate compiler generated dependencies of target controlko_hardware_interface[0m
[35m[1mConsolidate compiler generated dependencies of target gmock_main[0m
[35m[1mConsolidate compiler generated dependencies of target gmock[0m
[ 22%] Built target gmock_main
[ 77%] Built target gmock
[ 77%] Built target controlko_hardware_interface
[35m[1mConsolidate compiler generated dependencies of target test_rrbot_hardware_interface[0m
[100%] Built target test_rrbot_hardware_interface
-- Install configuration: ""
-- Up-to-date: /home/tony/ros2_control/1_rrbot_ws/install/controlko_hardware_interface/share/controlko_hardware_interface/controlko_hardware_interface.xml
-- Up-to-date: /home/tony/ros2_control/1_rrbot_ws/install/controlko_hardware_interface/lib/libcontrolko_hardware_interface.so
-- Up-to-date: /home/tony/ros2_control/1_rrbot_ws/install/controlko_hardware_interface/include
-- Up-to-date: /home/tony/ros2_control/1_rrbot_ws/install/controlko_hardware_interface/include/controlko_hardware_interface
-- Up-to-date: /home/tony/ros2_control/1_rrbot_ws/install/controlko_hardware_interface/include/controlko_hardware_interface/rrbot_hardware_interface.hpp
-- Up-to-date: /home/tony/ros2_control/1_rrbot_ws/install/controlko_hardware_interface/include/controlko_hardware_interface/dr_denis_rrbot_comms.hpp
-- Up-to-date: /home/tony/ros2_control/1_rrbot_ws/install/controlko_hardware_interface/include/controlko_hardware_interface/visibility_control.h
-- Up-to-date: /home/tony/ros2_control/1_rrbot_ws/install/controlko_hardware_interface/share/controlko_hardware_interface/environment/library_path.sh
-- Up-to-date: /home/tony/ros2_control/1_rrbot_ws/install/controlko_hardware_interface/share/controlko_hardware_interface/environment/library_path.dsv
-- Up-to-date: /home/tony/ros2_control/1_rrbot_ws/install/controlko_hardware_interface/share/ament_index/resource_index/package_run_dependencies/controlko_hardware_interface
-- Up-to-date: /home/tony/ros2_control/1_rrbot_ws/install/controlko_hardware_interface/share/ament_index/resource_index/parent_prefix_path/controlko_hardware_interface
-- Up-to-date: /home/tony/ros2_control/1_rrbot_ws/install/controlko_hardware_interface/share/controlko_hardware_interface/environment/ament_prefix_path.sh
-- Up-to-date: /home/tony/ros2_control/1_rrbot_ws/install/controlko_hardware_interface/share/controlko_hardware_interface/environment/ament_prefix_path.dsv
-- Up-to-date: /home/tony/ros2_control/1_rrbot_ws/install/controlko_hardware_interface/share/controlko_hardware_interface/environment/path.sh
-- Up-to-date: /home/tony/ros2_control/1_rrbot_ws/install/controlko_hardware_interface/share/controlko_hardware_interface/environment/path.dsv
-- Up-to-date: /home/tony/ros2_control/1_rrbot_ws/install/controlko_hardware_interface/share/controlko_hardware_interface/local_setup.bash
-- Up-to-date: /home/tony/ros2_control/1_rrbot_ws/install/controlko_hardware_interface/share/controlko_hardware_interface/local_setup.sh
-- Up-to-date: /home/tony/ros2_control/1_rrbot_ws/install/controlko_hardware_interface/share/controlko_hardware_interface/local_setup.zsh
-- Up-to-date: /home/tony/ros2_control/1_rrbot_ws/install/controlko_hardware_interface/share/controlko_hardware_interface/local_setup.dsv
-- Installing: /home/tony/ros2_control/1_rrbot_ws/install/controlko_hardware_interface/share/controlko_hardware_interface/package.dsv
-- Up-to-date: /home/tony/ros2_control/1_rrbot_ws/install/controlko_hardware_interface/share/ament_index/resource_index/packages/controlko_hardware_interface
-- Up-to-date: /home/tony/ros2_control/1_rrbot_ws/install/controlko_hardware_interface/share/ament_index/resource_index/hardware_interface__pluginlib__plugin/controlko_hardware_interface
-- Up-to-date: /home/tony/ros2_control/1_rrbot_ws/install/controlko_hardware_interface/share/controlko_hardware_interface/cmake/ament_cmake_export_include_directories-extras.cmake
-- Up-to-date: /home/tony/ros2_control/1_rrbot_ws/install/controlko_hardware_interface/share/controlko_hardware_interface/cmake/ament_cmake_export_libraries-extras.cmake
-- Up-to-date: /home/tony/ros2_control/1_rrbot_ws/install/controlko_hardware_interface/share/controlko_hardware_interface/cmake/ament_cmake_export_dependencies-extras.cmake
-- Up-to-date: /home/tony/ros2_control/1_rrbot_ws/install/controlko_hardware_interface/share/controlko_hardware_interface/cmake/controlko_hardware_interfaceConfig.cmake
-- Up-to-date: /home/tony/ros2_control/1_rrbot_ws/install/controlko_hardware_interface/share/controlko_hardware_interface/cmake/controlko_hardware_interfaceConfig-version.cmake
-- Up-to-date: /home/tony/ros2_control/1_rrbot_ws/install/controlko_hardware_interface/share/controlko_hardware_interface/package.xml
