[0.023s] Invoking command in '/home/tony/ros2_control/1_rrbot_ws/build/controlko_hardware_interface': CMAKE_PREFIX_PATH=/opt/ros/humble /usr/bin/cmake --build /home/tony/ros2_control/1_rrbot_ws/build/controlko_hardware_interface -- -j4 -l4
[0.090s] [35m[1mConsolidate compiler generated dependencies of target controlko_hardware_interface[0m
[0.095s] [35m[1mConsolidate compiler generated dependencies of target gmock_main[0m
[0.101s] [35m[1mConsolidate compiler generated dependencies of target gmock[0m
[0.130s] [ 22%] Built target gmock_main
[0.135s] [ 77%] Built target gmock
[0.137s] [ 77%] Built target controlko_hardware_interface
[0.149s] [35m[1mConsolidate compiler generated dependencies of target test_rrbot_hardware_interface[0m
[0.173s] [100%] Built target test_rrbot_hardware_interface
[0.214s] Invoked command in '/home/tony/ros2_control/1_rrbot_ws/build/controlko_hardware_interface' returned '0': CMAKE_PREFIX_PATH=/opt/ros/humble /usr/bin/cmake --build /home/tony/ros2_control/1_rrbot_ws/build/controlko_hardware_interface -- -j4 -l4
[0.268s] Invoking command in '/home/tony/ros2_control/1_rrbot_ws/build/controlko_hardware_interface': CMAKE_PREFIX_PATH=/opt/ros/humble /usr/bin/cmake --install /home/tony/ros2_control/1_rrbot_ws/build/controlko_hardware_interface
[0.285s] -- Install configuration: ""
[0.285s] -- Up-to-date: /home/tony/ros2_control/1_rrbot_ws/install/controlko_hardware_interface/share/controlko_hardware_interface/controlko_hardware_interface.xml
[0.286s] -- Up-to-date: /home/tony/ros2_control/1_rrbot_ws/install/controlko_hardware_interface/lib/libcontrolko_hardware_interface.so
[0.286s] -- Up-to-date: /home/tony/ros2_control/1_rrbot_ws/install/controlko_hardware_interface/include
[0.286s] -- Up-to-date: /home/tony/ros2_control/1_rrbot_ws/install/controlko_hardware_interface/include/controlko_hardware_interface
[0.287s] -- Up-to-date: /home/tony/ros2_control/1_rrbot_ws/install/controlko_hardware_interface/include/controlko_hardware_interface/rrbot_hardware_interface.hpp
[0.287s] -- Up-to-date: /home/tony/ros2_control/1_rrbot_ws/install/controlko_hardware_interface/include/controlko_hardware_interface/dr_denis_rrbot_comms.hpp
[0.287s] -- Up-to-date: /home/tony/ros2_control/1_rrbot_ws/install/controlko_hardware_interface/include/controlko_hardware_interface/visibility_control.h
[0.287s] -- Up-to-date: /home/tony/ros2_control/1_rrbot_ws/install/controlko_hardware_interface/share/controlko_hardware_interface/environment/library_path.sh
[0.288s] -- Up-to-date: /home/tony/ros2_control/1_rrbot_ws/install/controlko_hardware_interface/share/controlko_hardware_interface/environment/library_path.dsv
[0.288s] -- Up-to-date: /home/tony/ros2_control/1_rrbot_ws/install/controlko_hardware_interface/share/ament_index/resource_index/package_run_dependencies/controlko_hardware_interface
[0.288s] -- Up-to-date: /home/tony/ros2_control/1_rrbot_ws/install/controlko_hardware_interface/share/ament_index/resource_index/parent_prefix_path/controlko_hardware_interface
[0.288s] -- Up-to-date: /home/tony/ros2_control/1_rrbot_ws/install/controlko_hardware_interface/share/controlko_hardware_interface/environment/ament_prefix_path.sh
[0.289s] -- Up-to-date: /home/tony/ros2_control/1_rrbot_ws/install/controlko_hardware_interface/share/controlko_hardware_interface/environment/ament_prefix_path.dsv
[0.289s] -- Up-to-date: /home/tony/ros2_control/1_rrbot_ws/install/controlko_hardware_interface/share/controlko_hardware_interface/environment/path.sh
[0.289s] -- Up-to-date: /home/tony/ros2_control/1_rrbot_ws/install/controlko_hardware_interface/share/controlko_hardware_interface/environment/path.dsv
[0.290s] -- Up-to-date: /home/tony/ros2_control/1_rrbot_ws/install/controlko_hardware_interface/share/controlko_hardware_interface/local_setup.bash
[0.290s] -- Up-to-date: /home/tony/ros2_control/1_rrbot_ws/install/controlko_hardware_interface/share/controlko_hardware_interface/local_setup.sh
[0.290s] -- Up-to-date: /home/tony/ros2_control/1_rrbot_ws/install/controlko_hardware_interface/share/controlko_hardware_interface/local_setup.zsh
[0.290s] -- Up-to-date: /home/tony/ros2_control/1_rrbot_ws/install/controlko_hardware_interface/share/controlko_hardware_interface/local_setup.dsv
[0.291s] -- Installing: /home/tony/ros2_control/1_rrbot_ws/install/controlko_hardware_interface/share/controlko_hardware_interface/package.dsv
[0.291s] -- Up-to-date: /home/tony/ros2_control/1_rrbot_ws/install/controlko_hardware_interface/share/ament_index/resource_index/packages/controlko_hardware_interface
[0.291s] -- Up-to-date: /home/tony/ros2_control/1_rrbot_ws/install/controlko_hardware_interface/share/ament_index/resource_index/hardware_interface__pluginlib__plugin/controlko_hardware_interface
[0.292s] -- Up-to-date: /home/tony/ros2_control/1_rrbot_ws/install/controlko_hardware_interface/share/controlko_hardware_interface/cmake/ament_cmake_export_include_directories-extras.cmake
[0.292s] -- Up-to-date: /home/tony/ros2_control/1_rrbot_ws/install/controlko_hardware_interface/share/controlko_hardware_interface/cmake/ament_cmake_export_libraries-extras.cmake
[0.292s] -- Up-to-date: /home/tony/ros2_control/1_rrbot_ws/install/controlko_hardware_interface/share/controlko_hardware_interface/cmake/ament_cmake_export_dependencies-extras.cmake
[0.293s] -- Up-to-date: /home/tony/ros2_control/1_rrbot_ws/install/controlko_hardware_interface/share/controlko_hardware_interface/cmake/controlko_hardware_interfaceConfig.cmake
[0.293s] -- Up-to-date: /home/tony/ros2_control/1_rrbot_ws/install/controlko_hardware_interface/share/controlko_hardware_interface/cmake/controlko_hardware_interfaceConfig-version.cmake
[0.293s] -- Up-to-date: /home/tony/ros2_control/1_rrbot_ws/install/controlko_hardware_interface/share/controlko_hardware_interface/package.xml
[0.297s] Invoked command in '/home/tony/ros2_control/1_rrbot_ws/build/controlko_hardware_interface' returned '0': CMAKE_PREFIX_PATH=/opt/ros/humble /usr/bin/cmake --install /home/tony/ros2_control/1_rrbot_ws/build/controlko_hardware_interface
