[0.107s] DEBUG:colcon:Command line arguments: ['/usr/bin/colcon', 'build']
[0.107s] DEBUG:colcon:Parsed command line arguments: Namespace(log_base=None, log_level=None, verb_name='build', build_base='build', install_base='install', merge_install=False, symlink_install=False, test_result_base=None, continue_on_error=False, executor='parallel', parallel_workers=4, event_handlers=None, ignore_user_meta=False, metas=['./colcon.meta'], base_paths=['.'], packages_ignore=None, packages_ignore_regex=None, paths=None, packages_up_to=None, packages_up_to_regex=None, packages_above=None, packages_above_and_dependencies=None, packages_above_depth=None, packages_select_by_dep=None, packages_skip_by_dep=None, packages_skip_up_to=None, packages_select_build_failed=False, packages_skip_build_finished=False, packages_select_test_failures=False, packages_skip_test_passed=False, packages_select=None, packages_skip=None, packages_select_regex=None, packages_skip_regex=None, packages_start=None, packages_end=None, allow_overriding=[], cmake_args=None, cmake_target=None, cmake_target_skip_unavailable=False, cmake_clean_cache=False, cmake_clean_first=False, cmake_force_configure=False, ament_cmake_args=None, catkin_cmake_args=None, catkin_skip_building_tests=False, verb_parser=<colcon_defaults.argument_parser.defaults.DefaultArgumentsDecorator object at 0x7fe507740610>, verb_extension=<colcon_core.verb.build.BuildVerb object at 0x7fe50784d210>, main=<bound method BuildVerb.main of <colcon_core.verb.build.BuildVerb object at 0x7fe50784d210>>)
[0.265s] Level 1:colcon.colcon_core.package_discovery:discover_packages(colcon_meta) check parameters
[0.265s] Level 1:colcon.colcon_core.package_discovery:discover_packages(recursive) check parameters
[0.265s] Level 1:colcon.colcon_core.package_discovery:discover_packages(ignore) check parameters
[0.265s] Level 1:colcon.colcon_core.package_discovery:discover_packages(path) check parameters
[0.265s] Level 1:colcon.colcon_core.package_discovery:discover_packages(colcon_meta) discover
[0.265s] Level 1:colcon.colcon_core.package_discovery:discover_packages(recursive) discover
[0.265s] INFO:colcon.colcon_core.package_discovery:Crawling recursively for packages in '/home/tony/ros2_control/1_rrbot_ws'
[0.266s] Level 1:colcon.colcon_core.package_identification:_identify(.) by extensions ['ignore', 'ignore_ament_install']
[0.266s] Level 1:colcon.colcon_core.package_identification:_identify(.) by extension 'ignore'
[0.266s] Level 1:colcon.colcon_core.package_identification:_identify(.) by extension 'ignore_ament_install'
[0.266s] Level 1:colcon.colcon_core.package_identification:_identify(.) by extensions ['colcon_pkg']
[0.266s] Level 1:colcon.colcon_core.package_identification:_identify(.) by extension 'colcon_pkg'
[0.266s] Level 1:colcon.colcon_core.package_identification:_identify(.) by extensions ['colcon_meta']
[0.266s] Level 1:colcon.colcon_core.package_identification:_identify(.) by extension 'colcon_meta'
[0.266s] Level 1:colcon.colcon_core.package_identification:_identify(.) by extensions ['ros']
[0.266s] Level 1:colcon.colcon_core.package_identification:_identify(.) by extension 'ros'
[0.278s] Level 1:colcon.colcon_core.package_identification:_identify(.) by extensions ['cmake', 'python']
[0.278s] Level 1:colcon.colcon_core.package_identification:_identify(.) by extension 'cmake'
[0.278s] Level 1:colcon.colcon_core.package_identification:_identify(.) by extension 'python'
[0.278s] Level 1:colcon.colcon_core.package_identification:_identify(.) by extensions ['python_setup_py']
[0.278s] Level 1:colcon.colcon_core.package_identification:_identify(.) by extension 'python_setup_py'
[0.278s] Level 1:colcon.colcon_core.package_identification:_identify(build) by extensions ['ignore', 'ignore_ament_install']
[0.278s] Level 1:colcon.colcon_core.package_identification:_identify(build) by extension 'ignore'
[0.278s] Level 1:colcon.colcon_core.package_identification:_identify(build) ignored
[0.279s] Level 1:colcon.colcon_core.package_identification:_identify(install) by extensions ['ignore', 'ignore_ament_install']
[0.279s] Level 1:colcon.colcon_core.package_identification:_identify(install) by extension 'ignore'
[0.279s] Level 1:colcon.colcon_core.package_identification:_identify(install) ignored
[0.279s] Level 1:colcon.colcon_core.package_identification:_identify(log) by extensions ['ignore', 'ignore_ament_install']
[0.279s] Level 1:colcon.colcon_core.package_identification:_identify(log) by extension 'ignore'
[0.279s] Level 1:colcon.colcon_core.package_identification:_identify(log) ignored
[0.279s] Level 1:colcon.colcon_core.package_identification:_identify(roscon2022_workshop) by extensions ['ignore', 'ignore_ament_install']
[0.279s] Level 1:colcon.colcon_core.package_identification:_identify(roscon2022_workshop) by extension 'ignore'
[0.279s] Level 1:colcon.colcon_core.package_identification:_identify(roscon2022_workshop) by extension 'ignore_ament_install'
[0.279s] Level 1:colcon.colcon_core.package_identification:_identify(roscon2022_workshop) by extensions ['colcon_pkg']
[0.279s] Level 1:colcon.colcon_core.package_identification:_identify(roscon2022_workshop) by extension 'colcon_pkg'
[0.279s] Level 1:colcon.colcon_core.package_identification:_identify(roscon2022_workshop) by extensions ['colcon_meta']
[0.279s] Level 1:colcon.colcon_core.package_identification:_identify(roscon2022_workshop) by extension 'colcon_meta'
[0.279s] Level 1:colcon.colcon_core.package_identification:_identify(roscon2022_workshop) by extensions ['ros']
[0.279s] Level 1:colcon.colcon_core.package_identification:_identify(roscon2022_workshop) by extension 'ros'
[0.280s] Level 1:colcon.colcon_core.package_identification:_identify(roscon2022_workshop) by extensions ['cmake', 'python']
[0.280s] Level 1:colcon.colcon_core.package_identification:_identify(roscon2022_workshop) by extension 'cmake'
[0.280s] Level 1:colcon.colcon_core.package_identification:_identify(roscon2022_workshop) by extension 'python'
[0.280s] Level 1:colcon.colcon_core.package_identification:_identify(roscon2022_workshop) by extensions ['python_setup_py']
[0.280s] Level 1:colcon.colcon_core.package_identification:_identify(roscon2022_workshop) by extension 'python_setup_py'
[0.280s] Level 1:colcon.colcon_core.package_identification:_identify(roscon2022_workshop/controlko_bringup) by extensions ['ignore', 'ignore_ament_install']
[0.280s] Level 1:colcon.colcon_core.package_identification:_identify(roscon2022_workshop/controlko_bringup) by extension 'ignore'
[0.280s] Level 1:colcon.colcon_core.package_identification:_identify(roscon2022_workshop/controlko_bringup) by extension 'ignore_ament_install'
[0.280s] Level 1:colcon.colcon_core.package_identification:_identify(roscon2022_workshop/controlko_bringup) by extensions ['colcon_pkg']
[0.280s] Level 1:colcon.colcon_core.package_identification:_identify(roscon2022_workshop/controlko_bringup) by extension 'colcon_pkg'
[0.280s] Level 1:colcon.colcon_core.package_identification:_identify(roscon2022_workshop/controlko_bringup) by extensions ['colcon_meta']
[0.280s] Level 1:colcon.colcon_core.package_identification:_identify(roscon2022_workshop/controlko_bringup) by extension 'colcon_meta'
[0.280s] Level 1:colcon.colcon_core.package_identification:_identify(roscon2022_workshop/controlko_bringup) by extensions ['ros']
[0.280s] Level 1:colcon.colcon_core.package_identification:_identify(roscon2022_workshop/controlko_bringup) by extension 'ros'
[0.283s] DEBUG:colcon.colcon_core.package_identification:Package 'roscon2022_workshop/controlko_bringup' with type 'ros.ament_cmake' and name 'controlko_bringup'
[0.283s] Level 1:colcon.colcon_core.package_identification:_identify(roscon2022_workshop/controlko_description) by extensions ['ignore', 'ignore_ament_install']
[0.283s] Level 1:colcon.colcon_core.package_identification:_identify(roscon2022_workshop/controlko_description) by extension 'ignore'
[0.283s] Level 1:colcon.colcon_core.package_identification:_identify(roscon2022_workshop/controlko_description) by extension 'ignore_ament_install'
[0.283s] Level 1:colcon.colcon_core.package_identification:_identify(roscon2022_workshop/controlko_description) by extensions ['colcon_pkg']
[0.283s] Level 1:colcon.colcon_core.package_identification:_identify(roscon2022_workshop/controlko_description) by extension 'colcon_pkg'
[0.283s] Level 1:colcon.colcon_core.package_identification:_identify(roscon2022_workshop/controlko_description) by extensions ['colcon_meta']
[0.283s] Level 1:colcon.colcon_core.package_identification:_identify(roscon2022_workshop/controlko_description) by extension 'colcon_meta'
[0.283s] Level 1:colcon.colcon_core.package_identification:_identify(roscon2022_workshop/controlko_description) by extensions ['ros']
[0.283s] Level 1:colcon.colcon_core.package_identification:_identify(roscon2022_workshop/controlko_description) by extension 'ros'
[0.284s] DEBUG:colcon.colcon_core.package_identification:Package 'roscon2022_workshop/controlko_description' with type 'ros.ament_cmake' and name 'controlko_description'
[0.284s] Level 1:colcon.colcon_core.package_identification:_identify(roscon2022_workshop/controlko_hardware_interface) by extensions ['ignore', 'ignore_ament_install']
[0.284s] Level 1:colcon.colcon_core.package_identification:_identify(roscon2022_workshop/controlko_hardware_interface) by extension 'ignore'
[0.284s] Level 1:colcon.colcon_core.package_identification:_identify(roscon2022_workshop/controlko_hardware_interface) by extension 'ignore_ament_install'
[0.284s] Level 1:colcon.colcon_core.package_identification:_identify(roscon2022_workshop/controlko_hardware_interface) by extensions ['colcon_pkg']
[0.284s] Level 1:colcon.colcon_core.package_identification:_identify(roscon2022_workshop/controlko_hardware_interface) by extension 'colcon_pkg'
[0.284s] Level 1:colcon.colcon_core.package_identification:_identify(roscon2022_workshop/controlko_hardware_interface) by extensions ['colcon_meta']
[0.284s] Level 1:colcon.colcon_core.package_identification:_identify(roscon2022_workshop/controlko_hardware_interface) by extension 'colcon_meta'
[0.284s] Level 1:colcon.colcon_core.package_identification:_identify(roscon2022_workshop/controlko_hardware_interface) by extensions ['ros']
[0.284s] Level 1:colcon.colcon_core.package_identification:_identify(roscon2022_workshop/controlko_hardware_interface) by extension 'ros'
[0.285s] DEBUG:colcon.colcon_core.package_identification:Package 'roscon2022_workshop/controlko_hardware_interface' with type 'ros.ament_cmake' and name 'controlko_hardware_interface'
[0.285s] Level 1:colcon.colcon_core.package_identification:_identify(roscon2022_workshop/roscon2022_control_workshop) by extensions ['ignore', 'ignore_ament_install']
[0.285s] Level 1:colcon.colcon_core.package_identification:_identify(roscon2022_workshop/roscon2022_control_workshop) by extension 'ignore'
[0.286s] Level 1:colcon.colcon_core.package_identification:_identify(roscon2022_workshop/roscon2022_control_workshop) by extension 'ignore_ament_install'
[0.286s] Level 1:colcon.colcon_core.package_identification:_identify(roscon2022_workshop/roscon2022_control_workshop) by extensions ['colcon_pkg']
[0.286s] Level 1:colcon.colcon_core.package_identification:_identify(roscon2022_workshop/roscon2022_control_workshop) by extension 'colcon_pkg'
[0.286s] Level 1:colcon.colcon_core.package_identification:_identify(roscon2022_workshop/roscon2022_control_workshop) by extensions ['colcon_meta']
[0.286s] Level 1:colcon.colcon_core.package_identification:_identify(roscon2022_workshop/roscon2022_control_workshop) by extension 'colcon_meta'
[0.286s] Level 1:colcon.colcon_core.package_identification:_identify(roscon2022_workshop/roscon2022_control_workshop) by extensions ['ros']
[0.286s] Level 1:colcon.colcon_core.package_identification:_identify(roscon2022_workshop/roscon2022_control_workshop) by extension 'ros'
[0.286s] DEBUG:colcon.colcon_core.package_identification:Package 'roscon2022_workshop/roscon2022_control_workshop' with type 'ros.ament_cmake' and name 'roscon2022_control_workshop'
[0.286s] Level 1:colcon.colcon_core.package_discovery:discover_packages(recursive) using defaults
[0.286s] Level 1:colcon.colcon_core.package_discovery:discover_packages(ignore) discover
[0.286s] Level 1:colcon.colcon_core.package_discovery:discover_packages(ignore) using defaults
[0.286s] Level 1:colcon.colcon_core.package_discovery:discover_packages(path) discover
[0.286s] Level 1:colcon.colcon_core.package_discovery:discover_packages(path) using defaults
[0.306s] Level 1:colcon.colcon_core.package_discovery:discover_packages(prefix_path) check parameters
[0.306s] Level 1:colcon.colcon_core.package_discovery:discover_packages(prefix_path) discover
[0.309s] DEBUG:colcon.colcon_installed_package_information.package_discovery:Found 306 installed packages in /opt/ros/humble
[0.310s] Level 1:colcon.colcon_core.package_discovery:discover_packages(prefix_path) using defaults
[0.363s] Level 5:colcon.colcon_core.verb:set package 'controlko_description' build argument 'cmake_args' from command line to 'None'
[0.363s] Level 5:colcon.colcon_core.verb:set package 'controlko_description' build argument 'cmake_target' from command line to 'None'
[0.363s] Level 5:colcon.colcon_core.verb:set package 'controlko_description' build argument 'cmake_target_skip_unavailable' from command line to 'False'
[0.363s] Level 5:colcon.colcon_core.verb:set package 'controlko_description' build argument 'cmake_clean_cache' from command line to 'False'
[0.363s] Level 5:colcon.colcon_core.verb:set package 'controlko_description' build argument 'cmake_clean_first' from command line to 'False'
[0.363s] Level 5:colcon.colcon_core.verb:set package 'controlko_description' build argument 'cmake_force_configure' from command line to 'False'
[0.363s] Level 5:colcon.colcon_core.verb:set package 'controlko_description' build argument 'ament_cmake_args' from command line to 'None'
[0.363s] Level 5:colcon.colcon_core.verb:set package 'controlko_description' build argument 'catkin_cmake_args' from command line to 'None'
[0.363s] Level 5:colcon.colcon_core.verb:set package 'controlko_description' build argument 'catkin_skip_building_tests' from command line to 'False'
[0.363s] DEBUG:colcon.colcon_core.verb:Building package 'controlko_description' with the following arguments: {'ament_cmake_args': None, 'build_base': '/home/tony/ros2_control/1_rrbot_ws/build/controlko_description', 'catkin_cmake_args': None, 'catkin_skip_building_tests': False, 'cmake_args': None, 'cmake_clean_cache': False, 'cmake_clean_first': False, 'cmake_force_configure': False, 'cmake_target': None, 'cmake_target_skip_unavailable': False, 'install_base': '/home/tony/ros2_control/1_rrbot_ws/install/controlko_description', 'merge_install': False, 'path': '/home/tony/ros2_control/1_rrbot_ws/roscon2022_workshop/controlko_description', 'symlink_install': False, 'test_result_base': None}
[0.363s] Level 5:colcon.colcon_core.verb:set package 'controlko_hardware_interface' build argument 'cmake_args' from command line to 'None'
[0.363s] Level 5:colcon.colcon_core.verb:set package 'controlko_hardware_interface' build argument 'cmake_target' from command line to 'None'
[0.363s] Level 5:colcon.colcon_core.verb:set package 'controlko_hardware_interface' build argument 'cmake_target_skip_unavailable' from command line to 'False'
[0.363s] Level 5:colcon.colcon_core.verb:set package 'controlko_hardware_interface' build argument 'cmake_clean_cache' from command line to 'False'
[0.363s] Level 5:colcon.colcon_core.verb:set package 'controlko_hardware_interface' build argument 'cmake_clean_first' from command line to 'False'
[0.363s] Level 5:colcon.colcon_core.verb:set package 'controlko_hardware_interface' build argument 'cmake_force_configure' from command line to 'False'
[0.363s] Level 5:colcon.colcon_core.verb:set package 'controlko_hardware_interface' build argument 'ament_cmake_args' from command line to 'None'
[0.363s] Level 5:colcon.colcon_core.verb:set package 'controlko_hardware_interface' build argument 'catkin_cmake_args' from command line to 'None'
[0.363s] Level 5:colcon.colcon_core.verb:set package 'controlko_hardware_interface' build argument 'catkin_skip_building_tests' from command line to 'False'
[0.364s] DEBUG:colcon.colcon_core.verb:Building package 'controlko_hardware_interface' with the following arguments: {'ament_cmake_args': None, 'build_base': '/home/tony/ros2_control/1_rrbot_ws/build/controlko_hardware_interface', 'catkin_cmake_args': None, 'catkin_skip_building_tests': False, 'cmake_args': None, 'cmake_clean_cache': False, 'cmake_clean_first': False, 'cmake_force_configure': False, 'cmake_target': None, 'cmake_target_skip_unavailable': False, 'install_base': '/home/tony/ros2_control/1_rrbot_ws/install/controlko_hardware_interface', 'merge_install': False, 'path': '/home/tony/ros2_control/1_rrbot_ws/roscon2022_workshop/controlko_hardware_interface', 'symlink_install': False, 'test_result_base': None}
[0.364s] Level 5:colcon.colcon_core.verb:set package 'roscon2022_control_workshop' build argument 'cmake_args' from command line to 'None'
[0.364s] Level 5:colcon.colcon_core.verb:set package 'roscon2022_control_workshop' build argument 'cmake_target' from command line to 'None'
[0.364s] Level 5:colcon.colcon_core.verb:set package 'roscon2022_control_workshop' build argument 'cmake_target_skip_unavailable' from command line to 'False'
[0.364s] Level 5:colcon.colcon_core.verb:set package 'roscon2022_control_workshop' build argument 'cmake_clean_cache' from command line to 'False'
[0.364s] Level 5:colcon.colcon_core.verb:set package 'roscon2022_control_workshop' build argument 'cmake_clean_first' from command line to 'False'
[0.364s] Level 5:colcon.colcon_core.verb:set package 'roscon2022_control_workshop' build argument 'cmake_force_configure' from command line to 'False'
[0.364s] Level 5:colcon.colcon_core.verb:set package 'roscon2022_control_workshop' build argument 'ament_cmake_args' from command line to 'None'
[0.364s] Level 5:colcon.colcon_core.verb:set package 'roscon2022_control_workshop' build argument 'catkin_cmake_args' from command line to 'None'
[0.364s] Level 5:colcon.colcon_core.verb:set package 'roscon2022_control_workshop' build argument 'catkin_skip_building_tests' from command line to 'False'
[0.364s] DEBUG:colcon.colcon_core.verb:Building package 'roscon2022_control_workshop' with the following arguments: {'ament_cmake_args': None, 'build_base': '/home/tony/ros2_control/1_rrbot_ws/build/roscon2022_control_workshop', 'catkin_cmake_args': None, 'catkin_skip_building_tests': False, 'cmake_args': None, 'cmake_clean_cache': False, 'cmake_clean_first': False, 'cmake_force_configure': False, 'cmake_target': None, 'cmake_target_skip_unavailable': False, 'install_base': '/home/tony/ros2_control/1_rrbot_ws/install/roscon2022_control_workshop', 'merge_install': False, 'path': '/home/tony/ros2_control/1_rrbot_ws/roscon2022_workshop/roscon2022_control_workshop', 'symlink_install': False, 'test_result_base': None}
[0.364s] Level 5:colcon.colcon_core.verb:set package 'controlko_bringup' build argument 'cmake_args' from command line to 'None'
[0.364s] Level 5:colcon.colcon_core.verb:set package 'controlko_bringup' build argument 'cmake_target' from command line to 'None'
[0.365s] Level 5:colcon.colcon_core.verb:set package 'controlko_bringup' build argument 'cmake_target_skip_unavailable' from command line to 'False'
[0.365s] Level 5:colcon.colcon_core.verb:set package 'controlko_bringup' build argument 'cmake_clean_cache' from command line to 'False'
[0.365s] Level 5:colcon.colcon_core.verb:set package 'controlko_bringup' build argument 'cmake_clean_first' from command line to 'False'
[0.365s] Level 5:colcon.colcon_core.verb:set package 'controlko_bringup' build argument 'cmake_force_configure' from command line to 'False'
[0.365s] Level 5:colcon.colcon_core.verb:set package 'controlko_bringup' build argument 'ament_cmake_args' from command line to 'None'
[0.365s] Level 5:colcon.colcon_core.verb:set package 'controlko_bringup' build argument 'catkin_cmake_args' from command line to 'None'
[0.365s] Level 5:colcon.colcon_core.verb:set package 'controlko_bringup' build argument 'catkin_skip_building_tests' from command line to 'False'
[0.365s] DEBUG:colcon.colcon_core.verb:Building package 'controlko_bringup' with the following arguments: {'ament_cmake_args': None, 'build_base': '/home/tony/ros2_control/1_rrbot_ws/build/controlko_bringup', 'catkin_cmake_args': None, 'catkin_skip_building_tests': False, 'cmake_args': None, 'cmake_clean_cache': False, 'cmake_clean_first': False, 'cmake_force_configure': False, 'cmake_target': None, 'cmake_target_skip_unavailable': False, 'install_base': '/home/tony/ros2_control/1_rrbot_ws/install/controlko_bringup', 'merge_install': False, 'path': '/home/tony/ros2_control/1_rrbot_ws/roscon2022_workshop/controlko_bringup', 'symlink_install': False, 'test_result_base': None}
[0.365s] INFO:colcon.colcon_core.executor:Executing jobs using 'parallel' executor
[0.366s] DEBUG:colcon.colcon_parallel_executor.executor.parallel:run_until_complete
[0.366s] INFO:colcon.colcon_ros.task.ament_cmake.build:Building ROS package in '/home/tony/ros2_control/1_rrbot_ws/roscon2022_workshop/controlko_description' with build type 'ament_cmake'
[0.366s] INFO:colcon.colcon_cmake.task.cmake.build:Building CMake package in '/home/tony/ros2_control/1_rrbot_ws/roscon2022_workshop/controlko_description'
[0.368s] INFO:colcon.colcon_core.plugin_system:Skipping extension 'colcon_core.shell.bat': Not used on non-Windows systems
[0.369s] INFO:colcon.colcon_core.shell:Skip shell extension 'powershell' for command environment: Not usable outside of PowerShell
[0.369s] DEBUG:colcon.colcon_core.shell:Skip shell extension 'dsv' for command environment
[0.372s] INFO:colcon.colcon_ros.task.ament_cmake.build:Building ROS package in '/home/tony/ros2_control/1_rrbot_ws/roscon2022_workshop/controlko_hardware_interface' with build type 'ament_cmake'
[0.372s] INFO:colcon.colcon_cmake.task.cmake.build:Building CMake package in '/home/tony/ros2_control/1_rrbot_ws/roscon2022_workshop/controlko_hardware_interface'
[0.373s] INFO:colcon.colcon_core.shell:Skip shell extension 'powershell' for command environment: Not usable outside of PowerShell
[0.373s] DEBUG:colcon.colcon_core.shell:Skip shell extension 'dsv' for command environment
[0.376s] INFO:colcon.colcon_ros.task.ament_cmake.build:Building ROS package in '/home/tony/ros2_control/1_rrbot_ws/roscon2022_workshop/roscon2022_control_workshop' with build type 'ament_cmake'
[0.376s] INFO:colcon.colcon_cmake.task.cmake.build:Building CMake package in '/home/tony/ros2_control/1_rrbot_ws/roscon2022_workshop/roscon2022_control_workshop'
[0.377s] INFO:colcon.colcon_core.shell:Skip shell extension 'powershell' for command environment: Not usable outside of PowerShell
[0.377s] DEBUG:colcon.colcon_core.shell:Skip shell extension 'dsv' for command environment
[0.385s] DEBUG:colcon.colcon_core.event_handler.log_command:Invoking command in '/home/tony/ros2_control/1_rrbot_ws/build/controlko_description': CMAKE_PREFIX_PATH=/opt/ros/humble /usr/bin/cmake /home/tony/ros2_control/1_rrbot_ws/roscon2022_workshop/controlko_description -DCMAKE_INSTALL_PREFIX=/home/tony/ros2_control/1_rrbot_ws/install/controlko_description
[0.418s] DEBUG:colcon.colcon_core.event_handler.log_command:Invoking command in '/home/tony/ros2_control/1_rrbot_ws/build/controlko_hardware_interface': CMAKE_PREFIX_PATH=/opt/ros/humble /usr/bin/cmake /home/tony/ros2_control/1_rrbot_ws/roscon2022_workshop/controlko_hardware_interface -DCMAKE_INSTALL_PREFIX=/home/tony/ros2_control/1_rrbot_ws/install/controlko_hardware_interface
[0.427s] DEBUG:colcon.colcon_core.event_handler.log_command:Invoking command in '/home/tony/ros2_control/1_rrbot_ws/build/roscon2022_control_workshop': CMAKE_PREFIX_PATH=/opt/ros/humble /usr/bin/cmake /home/tony/ros2_control/1_rrbot_ws/roscon2022_workshop/roscon2022_control_workshop -DCMAKE_INSTALL_PREFIX=/home/tony/ros2_control/1_rrbot_ws/install/roscon2022_control_workshop
[1.452s] DEBUG:colcon.colcon_core.event_handler.log_command:Invoked command in '/home/tony/ros2_control/1_rrbot_ws/build/controlko_description' returned '0': CMAKE_PREFIX_PATH=/opt/ros/humble /usr/bin/cmake /home/tony/ros2_control/1_rrbot_ws/roscon2022_workshop/controlko_description -DCMAKE_INSTALL_PREFIX=/home/tony/ros2_control/1_rrbot_ws/install/controlko_description
[1.452s] DEBUG:colcon.colcon_core.event_handler.log_command:Invoking command in '/home/tony/ros2_control/1_rrbot_ws/build/controlko_description': CMAKE_PREFIX_PATH=/opt/ros/humble /usr/bin/cmake --build /home/tony/ros2_control/1_rrbot_ws/build/controlko_description -- -j4 -l4
[1.458s] DEBUG:colcon.colcon_core.event_handler.log_command:Invoked command in '/home/tony/ros2_control/1_rrbot_ws/build/roscon2022_control_workshop' returned '0': CMAKE_PREFIX_PATH=/opt/ros/humble /usr/bin/cmake /home/tony/ros2_control/1_rrbot_ws/roscon2022_workshop/roscon2022_control_workshop -DCMAKE_INSTALL_PREFIX=/home/tony/ros2_control/1_rrbot_ws/install/roscon2022_control_workshop
[1.460s] DEBUG:colcon.colcon_core.event_handler.log_command:Invoking command in '/home/tony/ros2_control/1_rrbot_ws/build/roscon2022_control_workshop': CMAKE_PREFIX_PATH=/opt/ros/humble /usr/bin/cmake --build /home/tony/ros2_control/1_rrbot_ws/build/roscon2022_control_workshop -- -j4 -l4
[1.500s] DEBUG:colcon.colcon_core.event_handler.log_command:Invoked command in '/home/tony/ros2_control/1_rrbot_ws/build/controlko_description' returned '0': CMAKE_PREFIX_PATH=/opt/ros/humble /usr/bin/cmake --build /home/tony/ros2_control/1_rrbot_ws/build/controlko_description -- -j4 -l4
[1.512s] DEBUG:colcon.colcon_core.event_handler.log_command:Invoked command in '/home/tony/ros2_control/1_rrbot_ws/build/roscon2022_control_workshop' returned '0': CMAKE_PREFIX_PATH=/opt/ros/humble /usr/bin/cmake --build /home/tony/ros2_control/1_rrbot_ws/build/roscon2022_control_workshop -- -j4 -l4
[1.540s] DEBUG:colcon.colcon_core.event_handler.log_command:Invoking command in '/home/tony/ros2_control/1_rrbot_ws/build/roscon2022_control_workshop': CMAKE_PREFIX_PATH=/opt/ros/humble /usr/bin/cmake --install /home/tony/ros2_control/1_rrbot_ws/build/roscon2022_control_workshop
[1.544s] DEBUG:colcon.colcon_core.event_handler.log_command:Invoking command in '/home/tony/ros2_control/1_rrbot_ws/build/controlko_description': CMAKE_PREFIX_PATH=/opt/ros/humble /usr/bin/cmake --install /home/tony/ros2_control/1_rrbot_ws/build/controlko_description
[1.553s] Level 1:colcon.colcon_core.environment:create_environment_scripts_only(roscon2022_control_workshop)
[1.555s] DEBUG:colcon.colcon_core.event_handler.log_command:Invoked command in '/home/tony/ros2_control/1_rrbot_ws/build/roscon2022_control_workshop' returned '0': CMAKE_PREFIX_PATH=/opt/ros/humble /usr/bin/cmake --install /home/tony/ros2_control/1_rrbot_ws/build/roscon2022_control_workshop
[1.562s] Level 1:colcon.colcon_core.environment:checking '/home/tony/ros2_control/1_rrbot_ws/install/roscon2022_control_workshop' for CMake module files
[1.564s] Level 1:colcon.colcon_core.environment:checking '/home/tony/ros2_control/1_rrbot_ws/install/roscon2022_control_workshop' for CMake config files
[1.566s] Level 1:colcon.colcon_core.shell:create_environment_hook('roscon2022_control_workshop', 'cmake_prefix_path')
[1.567s] INFO:colcon.colcon_core.shell:Creating environment hook '/home/tony/ros2_control/1_rrbot_ws/install/roscon2022_control_workshop/share/roscon2022_control_workshop/hook/cmake_prefix_path.ps1'
[1.568s] INFO:colcon.colcon_core.shell:Creating environment descriptor '/home/tony/ros2_control/1_rrbot_ws/install/roscon2022_control_workshop/share/roscon2022_control_workshop/hook/cmake_prefix_path.dsv'
[1.568s] INFO:colcon.colcon_core.shell:Creating environment hook '/home/tony/ros2_control/1_rrbot_ws/install/roscon2022_control_workshop/share/roscon2022_control_workshop/hook/cmake_prefix_path.sh'
[1.572s] Level 1:colcon.colcon_core.environment:checking '/home/tony/ros2_control/1_rrbot_ws/install/roscon2022_control_workshop/bin'
[1.572s] Level 1:colcon.colcon_core.environment:checking '/home/tony/ros2_control/1_rrbot_ws/install/roscon2022_control_workshop/lib/pkgconfig/roscon2022_control_workshop.pc'
[1.572s] Level 1:colcon.colcon_core.environment:checking '/home/tony/ros2_control/1_rrbot_ws/install/roscon2022_control_workshop/lib/python3.10/site-packages'
[1.573s] Level 1:colcon.colcon_core.environment:checking '/home/tony/ros2_control/1_rrbot_ws/install/roscon2022_control_workshop/bin'
[1.573s] INFO:colcon.colcon_core.shell:Creating package script '/home/tony/ros2_control/1_rrbot_ws/install/roscon2022_control_workshop/share/roscon2022_control_workshop/package.ps1'
[1.574s] INFO:colcon.colcon_core.shell:Creating package descriptor '/home/tony/ros2_control/1_rrbot_ws/install/roscon2022_control_workshop/share/roscon2022_control_workshop/package.dsv'
[1.576s] INFO:colcon.colcon_core.shell:Creating package script '/home/tony/ros2_control/1_rrbot_ws/install/roscon2022_control_workshop/share/roscon2022_control_workshop/package.sh'
[1.577s] INFO:colcon.colcon_core.shell:Creating package script '/home/tony/ros2_control/1_rrbot_ws/install/roscon2022_control_workshop/share/roscon2022_control_workshop/package.bash'
[1.578s] INFO:colcon.colcon_core.shell:Creating package script '/home/tony/ros2_control/1_rrbot_ws/install/roscon2022_control_workshop/share/roscon2022_control_workshop/package.zsh'
[1.579s] Level 1:colcon.colcon_core.environment:create_file_with_runtime_dependencies(/home/tony/ros2_control/1_rrbot_ws/install/roscon2022_control_workshop/share/colcon-core/packages/roscon2022_control_workshop)
[1.590s] Level 1:colcon.colcon_core.environment:create_environment_scripts_only(controlko_description)
[1.590s] Level 1:colcon.colcon_core.environment:checking '/home/tony/ros2_control/1_rrbot_ws/install/controlko_description' for CMake module files
[1.591s] DEBUG:colcon.colcon_core.event_handler.log_command:Invoked command in '/home/tony/ros2_control/1_rrbot_ws/build/controlko_description' returned '0': CMAKE_PREFIX_PATH=/opt/ros/humble /usr/bin/cmake --install /home/tony/ros2_control/1_rrbot_ws/build/controlko_description
[1.592s] Level 1:colcon.colcon_core.environment:checking '/home/tony/ros2_control/1_rrbot_ws/install/controlko_description' for CMake config files
[1.592s] Level 1:colcon.colcon_core.shell:create_environment_hook('controlko_description', 'cmake_prefix_path')
[1.593s] INFO:colcon.colcon_core.shell:Creating environment hook '/home/tony/ros2_control/1_rrbot_ws/install/controlko_description/share/controlko_description/hook/cmake_prefix_path.ps1'
[1.593s] INFO:colcon.colcon_core.shell:Creating environment descriptor '/home/tony/ros2_control/1_rrbot_ws/install/controlko_description/share/controlko_description/hook/cmake_prefix_path.dsv'
[1.594s] INFO:colcon.colcon_core.shell:Creating environment hook '/home/tony/ros2_control/1_rrbot_ws/install/controlko_description/share/controlko_description/hook/cmake_prefix_path.sh'
[1.595s] Level 1:colcon.colcon_core.environment:checking '/home/tony/ros2_control/1_rrbot_ws/install/controlko_description/bin'
[1.595s] Level 1:colcon.colcon_core.environment:checking '/home/tony/ros2_control/1_rrbot_ws/install/controlko_description/lib/pkgconfig/controlko_description.pc'
[1.595s] Level 1:colcon.colcon_core.environment:checking '/home/tony/ros2_control/1_rrbot_ws/install/controlko_description/lib/python3.10/site-packages'
[1.596s] Level 1:colcon.colcon_core.environment:checking '/home/tony/ros2_control/1_rrbot_ws/install/controlko_description/bin'
[1.596s] INFO:colcon.colcon_core.shell:Creating package script '/home/tony/ros2_control/1_rrbot_ws/install/controlko_description/share/controlko_description/package.ps1'
[1.597s] INFO:colcon.colcon_core.shell:Creating package descriptor '/home/tony/ros2_control/1_rrbot_ws/install/controlko_description/share/controlko_description/package.dsv'
[1.598s] INFO:colcon.colcon_core.shell:Creating package script '/home/tony/ros2_control/1_rrbot_ws/install/controlko_description/share/controlko_description/package.sh'
[1.599s] INFO:colcon.colcon_core.shell:Creating package script '/home/tony/ros2_control/1_rrbot_ws/install/controlko_description/share/controlko_description/package.bash'
[1.600s] INFO:colcon.colcon_core.shell:Creating package script '/home/tony/ros2_control/1_rrbot_ws/install/controlko_description/share/controlko_description/package.zsh'
[1.601s] Level 1:colcon.colcon_core.environment:create_file_with_runtime_dependencies(/home/tony/ros2_control/1_rrbot_ws/install/controlko_description/share/colcon-core/packages/controlko_description)
[1.625s] Level 1:colcon.colcon_core.environment:create_environment_scripts_only(roscon2022_control_workshop)
[1.625s] Level 1:colcon.colcon_core.environment:checking '/home/tony/ros2_control/1_rrbot_ws/install/roscon2022_control_workshop' for CMake module files
[1.626s] Level 1:colcon.colcon_core.environment:checking '/home/tony/ros2_control/1_rrbot_ws/install/roscon2022_control_workshop' for CMake config files
[1.627s] Level 1:colcon.colcon_core.shell:create_environment_hook('roscon2022_control_workshop', 'cmake_prefix_path')
[1.627s] INFO:colcon.colcon_core.shell:Creating environment hook '/home/tony/ros2_control/1_rrbot_ws/install/roscon2022_control_workshop/share/roscon2022_control_workshop/hook/cmake_prefix_path.ps1'
[1.629s] INFO:colcon.colcon_core.shell:Creating environment descriptor '/home/tony/ros2_control/1_rrbot_ws/install/roscon2022_control_workshop/share/roscon2022_control_workshop/hook/cmake_prefix_path.dsv'
[1.630s] INFO:colcon.colcon_core.shell:Creating environment hook '/home/tony/ros2_control/1_rrbot_ws/install/roscon2022_control_workshop/share/roscon2022_control_workshop/hook/cmake_prefix_path.sh'
[1.634s] Level 1:colcon.colcon_core.environment:checking '/home/tony/ros2_control/1_rrbot_ws/install/roscon2022_control_workshop/bin'
[1.635s] Level 1:colcon.colcon_core.environment:checking '/home/tony/ros2_control/1_rrbot_ws/install/roscon2022_control_workshop/lib/pkgconfig/roscon2022_control_workshop.pc'
[1.635s] Level 1:colcon.colcon_core.environment:checking '/home/tony/ros2_control/1_rrbot_ws/install/roscon2022_control_workshop/lib/python3.10/site-packages'
[1.636s] Level 1:colcon.colcon_core.environment:checking '/home/tony/ros2_control/1_rrbot_ws/install/roscon2022_control_workshop/bin'
[1.637s] INFO:colcon.colcon_core.shell:Creating package script '/home/tony/ros2_control/1_rrbot_ws/install/roscon2022_control_workshop/share/roscon2022_control_workshop/package.ps1'
[1.638s] INFO:colcon.colcon_core.shell:Creating package descriptor '/home/tony/ros2_control/1_rrbot_ws/install/roscon2022_control_workshop/share/roscon2022_control_workshop/package.dsv'
[1.639s] INFO:colcon.colcon_core.shell:Creating package script '/home/tony/ros2_control/1_rrbot_ws/install/roscon2022_control_workshop/share/roscon2022_control_workshop/package.sh'
[1.640s] INFO:colcon.colcon_core.shell:Creating package script '/home/tony/ros2_control/1_rrbot_ws/install/roscon2022_control_workshop/share/roscon2022_control_workshop/package.bash'
[1.640s] INFO:colcon.colcon_core.shell:Creating package script '/home/tony/ros2_control/1_rrbot_ws/install/roscon2022_control_workshop/share/roscon2022_control_workshop/package.zsh'
[1.641s] Level 1:colcon.colcon_core.environment:create_file_with_runtime_dependencies(/home/tony/ros2_control/1_rrbot_ws/install/roscon2022_control_workshop/share/colcon-core/packages/roscon2022_control_workshop)
[1.642s] Level 1:colcon.colcon_core.environment:create_environment_scripts_only(controlko_description)
[1.643s] Level 1:colcon.colcon_core.environment:checking '/home/tony/ros2_control/1_rrbot_ws/install/controlko_description' for CMake module files
[1.644s] Level 1:colcon.colcon_core.environment:checking '/home/tony/ros2_control/1_rrbot_ws/install/controlko_description' for CMake config files
[1.644s] Level 1:colcon.colcon_core.shell:create_environment_hook('controlko_description', 'cmake_prefix_path')
[1.645s] INFO:colcon.colcon_core.shell:Creating environment hook '/home/tony/ros2_control/1_rrbot_ws/install/controlko_description/share/controlko_description/hook/cmake_prefix_path.ps1'
[1.645s] INFO:colcon.colcon_core.shell:Creating environment descriptor '/home/tony/ros2_control/1_rrbot_ws/install/controlko_description/share/controlko_description/hook/cmake_prefix_path.dsv'
[1.645s] INFO:colcon.colcon_core.shell:Creating environment hook '/home/tony/ros2_control/1_rrbot_ws/install/controlko_description/share/controlko_description/hook/cmake_prefix_path.sh'
[1.646s] Level 1:colcon.colcon_core.environment:checking '/home/tony/ros2_control/1_rrbot_ws/install/controlko_description/bin'
[1.646s] Level 1:colcon.colcon_core.environment:checking '/home/tony/ros2_control/1_rrbot_ws/install/controlko_description/lib/pkgconfig/controlko_description.pc'
[1.647s] Level 1:colcon.colcon_core.environment:checking '/home/tony/ros2_control/1_rrbot_ws/install/controlko_description/lib/python3.10/site-packages'
[1.647s] Level 1:colcon.colcon_core.environment:checking '/home/tony/ros2_control/1_rrbot_ws/install/controlko_description/bin'
[1.647s] INFO:colcon.colcon_core.shell:Creating package script '/home/tony/ros2_control/1_rrbot_ws/install/controlko_description/share/controlko_description/package.ps1'
[1.648s] INFO:colcon.colcon_core.shell:Creating package descriptor '/home/tony/ros2_control/1_rrbot_ws/install/controlko_description/share/controlko_description/package.dsv'
[1.649s] INFO:colcon.colcon_core.shell:Creating package script '/home/tony/ros2_control/1_rrbot_ws/install/controlko_description/share/controlko_description/package.sh'
[1.650s] INFO:colcon.colcon_core.shell:Creating package script '/home/tony/ros2_control/1_rrbot_ws/install/controlko_description/share/controlko_description/package.bash'
[1.650s] INFO:colcon.colcon_core.shell:Creating package script '/home/tony/ros2_control/1_rrbot_ws/install/controlko_description/share/controlko_description/package.zsh'
[1.651s] Level 1:colcon.colcon_core.environment:create_file_with_runtime_dependencies(/home/tony/ros2_control/1_rrbot_ws/install/controlko_description/share/colcon-core/packages/controlko_description)
[1.651s] INFO:colcon.colcon_ros.task.ament_cmake.build:Building ROS package in '/home/tony/ros2_control/1_rrbot_ws/roscon2022_workshop/controlko_bringup' with build type 'ament_cmake'
[1.651s] INFO:colcon.colcon_cmake.task.cmake.build:Building CMake package in '/home/tony/ros2_control/1_rrbot_ws/roscon2022_workshop/controlko_bringup'
[1.652s] INFO:colcon.colcon_core.shell:Skip shell extension 'powershell' for command environment: Not usable outside of PowerShell
[1.653s] DEBUG:colcon.colcon_core.shell:Skip shell extension 'dsv' for command environment
[1.667s] DEBUG:colcon.colcon_core.event_handler.log_command:Invoking command in '/home/tony/ros2_control/1_rrbot_ws/build/controlko_bringup': AMENT_PREFIX_PATH=/home/tony/ros2_control/1_rrbot_ws/install/controlko_description:${AMENT_PREFIX_PATH} CMAKE_PREFIX_PATH=/home/tony/ros2_control/1_rrbot_ws/install/controlko_description:/opt/ros/humble /usr/bin/cmake /home/tony/ros2_control/1_rrbot_ws/roscon2022_workshop/controlko_bringup -DCMAKE_INSTALL_PREFIX=/home/tony/ros2_control/1_rrbot_ws/install/controlko_bringup
[2.368s] DEBUG:colcon.colcon_core.event_handler.log_command:Invoked command in '/home/tony/ros2_control/1_rrbot_ws/build/controlko_hardware_interface' returned '0': CMAKE_PREFIX_PATH=/opt/ros/humble /usr/bin/cmake /home/tony/ros2_control/1_rrbot_ws/roscon2022_workshop/controlko_hardware_interface -DCMAKE_INSTALL_PREFIX=/home/tony/ros2_control/1_rrbot_ws/install/controlko_hardware_interface
[2.371s] DEBUG:colcon.colcon_core.event_handler.log_command:Invoking command in '/home/tony/ros2_control/1_rrbot_ws/build/controlko_hardware_interface': CMAKE_PREFIX_PATH=/opt/ros/humble /usr/bin/cmake --build /home/tony/ros2_control/1_rrbot_ws/build/controlko_hardware_interface -- -j4 -l4
[2.426s] DEBUG:colcon.colcon_core.event_handler.log_command:Invoked command in '/home/tony/ros2_control/1_rrbot_ws/build/controlko_bringup' returned '0': AMENT_PREFIX_PATH=/home/tony/ros2_control/1_rrbot_ws/install/controlko_description:${AMENT_PREFIX_PATH} CMAKE_PREFIX_PATH=/home/tony/ros2_control/1_rrbot_ws/install/controlko_description:/opt/ros/humble /usr/bin/cmake /home/tony/ros2_control/1_rrbot_ws/roscon2022_workshop/controlko_bringup -DCMAKE_INSTALL_PREFIX=/home/tony/ros2_control/1_rrbot_ws/install/controlko_bringup
[2.427s] DEBUG:colcon.colcon_core.event_handler.log_command:Invoking command in '/home/tony/ros2_control/1_rrbot_ws/build/controlko_bringup': AMENT_PREFIX_PATH=/home/tony/ros2_control/1_rrbot_ws/install/controlko_description:${AMENT_PREFIX_PATH} CMAKE_PREFIX_PATH=/home/tony/ros2_control/1_rrbot_ws/install/controlko_description:/opt/ros/humble /usr/bin/cmake --build /home/tony/ros2_control/1_rrbot_ws/build/controlko_bringup -- -j4 -l4
[2.551s] DEBUG:colcon.colcon_core.event_handler.log_command:Invoked command in '/home/tony/ros2_control/1_rrbot_ws/build/controlko_bringup' returned '0': AMENT_PREFIX_PATH=/home/tony/ros2_control/1_rrbot_ws/install/controlko_description:${AMENT_PREFIX_PATH} CMAKE_PREFIX_PATH=/home/tony/ros2_control/1_rrbot_ws/install/controlko_description:/opt/ros/humble /usr/bin/cmake --build /home/tony/ros2_control/1_rrbot_ws/build/controlko_bringup -- -j4 -l4
[2.754s] DEBUG:colcon.colcon_core.event_handler.log_command:Invoking command in '/home/tony/ros2_control/1_rrbot_ws/build/controlko_bringup': AMENT_PREFIX_PATH=/home/tony/ros2_control/1_rrbot_ws/install/controlko_description:${AMENT_PREFIX_PATH} CMAKE_PREFIX_PATH=/home/tony/ros2_control/1_rrbot_ws/install/controlko_description:/opt/ros/humble /usr/bin/cmake --install /home/tony/ros2_control/1_rrbot_ws/build/controlko_bringup
[2.804s] Level 1:colcon.colcon_core.environment:create_environment_scripts_only(controlko_bringup)
[2.805s] Level 1:colcon.colcon_core.environment:checking '/home/tony/ros2_control/1_rrbot_ws/install/controlko_bringup' for CMake module files
[2.805s] Level 1:colcon.colcon_core.environment:checking '/home/tony/ros2_control/1_rrbot_ws/install/controlko_bringup' for CMake config files
[2.806s] Level 1:colcon.colcon_core.shell:create_environment_hook('controlko_bringup', 'cmake_prefix_path')
[2.806s] INFO:colcon.colcon_core.shell:Creating environment hook '/home/tony/ros2_control/1_rrbot_ws/install/controlko_bringup/share/controlko_bringup/hook/cmake_prefix_path.ps1'
[2.807s] INFO:colcon.colcon_core.shell:Creating environment descriptor '/home/tony/ros2_control/1_rrbot_ws/install/controlko_bringup/share/controlko_bringup/hook/cmake_prefix_path.dsv'
[2.808s] INFO:colcon.colcon_core.shell:Creating environment hook '/home/tony/ros2_control/1_rrbot_ws/install/controlko_bringup/share/controlko_bringup/hook/cmake_prefix_path.sh'
[2.809s] Level 1:colcon.colcon_core.environment:checking '/home/tony/ros2_control/1_rrbot_ws/install/controlko_bringup/bin'
[2.809s] Level 1:colcon.colcon_core.environment:checking '/home/tony/ros2_control/1_rrbot_ws/install/controlko_bringup/lib/pkgconfig/controlko_bringup.pc'
[2.809s] Level 1:colcon.colcon_core.environment:checking '/home/tony/ros2_control/1_rrbot_ws/install/controlko_bringup/lib/python3.10/site-packages'
[2.810s] DEBUG:colcon.colcon_core.event_handler.log_command:Invoked command in '/home/tony/ros2_control/1_rrbot_ws/build/controlko_bringup' returned '0': AMENT_PREFIX_PATH=/home/tony/ros2_control/1_rrbot_ws/install/controlko_description:${AMENT_PREFIX_PATH} CMAKE_PREFIX_PATH=/home/tony/ros2_control/1_rrbot_ws/install/controlko_description:/opt/ros/humble /usr/bin/cmake --install /home/tony/ros2_control/1_rrbot_ws/build/controlko_bringup
[2.811s] Level 1:colcon.colcon_core.environment:checking '/home/tony/ros2_control/1_rrbot_ws/install/controlko_bringup/bin'
[2.811s] INFO:colcon.colcon_core.shell:Creating package script '/home/tony/ros2_control/1_rrbot_ws/install/controlko_bringup/share/controlko_bringup/package.ps1'
[2.812s] INFO:colcon.colcon_core.shell:Creating package descriptor '/home/tony/ros2_control/1_rrbot_ws/install/controlko_bringup/share/controlko_bringup/package.dsv'
[2.812s] INFO:colcon.colcon_core.shell:Creating package script '/home/tony/ros2_control/1_rrbot_ws/install/controlko_bringup/share/controlko_bringup/package.sh'
[2.813s] INFO:colcon.colcon_core.shell:Creating package script '/home/tony/ros2_control/1_rrbot_ws/install/controlko_bringup/share/controlko_bringup/package.bash'
[2.814s] INFO:colcon.colcon_core.shell:Creating package script '/home/tony/ros2_control/1_rrbot_ws/install/controlko_bringup/share/controlko_bringup/package.zsh'
[2.815s] Level 1:colcon.colcon_core.environment:create_file_with_runtime_dependencies(/home/tony/ros2_control/1_rrbot_ws/install/controlko_bringup/share/colcon-core/packages/controlko_bringup)
[3.062s] Level 1:colcon.colcon_core.environment:create_environment_scripts_only(controlko_bringup)
[3.063s] Level 1:colcon.colcon_core.environment:checking '/home/tony/ros2_control/1_rrbot_ws/install/controlko_bringup' for CMake module files
[3.064s] Level 1:colcon.colcon_core.environment:checking '/home/tony/ros2_control/1_rrbot_ws/install/controlko_bringup' for CMake config files
[3.064s] Level 1:colcon.colcon_core.shell:create_environment_hook('controlko_bringup', 'cmake_prefix_path')
[3.065s] INFO:colcon.colcon_core.shell:Creating environment hook '/home/tony/ros2_control/1_rrbot_ws/install/controlko_bringup/share/controlko_bringup/hook/cmake_prefix_path.ps1'
[3.066s] INFO:colcon.colcon_core.shell:Creating environment descriptor '/home/tony/ros2_control/1_rrbot_ws/install/controlko_bringup/share/controlko_bringup/hook/cmake_prefix_path.dsv'
[3.068s] INFO:colcon.colcon_core.shell:Creating environment hook '/home/tony/ros2_control/1_rrbot_ws/install/controlko_bringup/share/controlko_bringup/hook/cmake_prefix_path.sh'
[3.069s] Level 1:colcon.colcon_core.environment:checking '/home/tony/ros2_control/1_rrbot_ws/install/controlko_bringup/bin'
[3.070s] Level 1:colcon.colcon_core.environment:checking '/home/tony/ros2_control/1_rrbot_ws/install/controlko_bringup/lib/pkgconfig/controlko_bringup.pc'
[3.070s] Level 1:colcon.colcon_core.environment:checking '/home/tony/ros2_control/1_rrbot_ws/install/controlko_bringup/lib/python3.10/site-packages'
[3.071s] Level 1:colcon.colcon_core.environment:checking '/home/tony/ros2_control/1_rrbot_ws/install/controlko_bringup/bin'
[3.072s] INFO:colcon.colcon_core.shell:Creating package script '/home/tony/ros2_control/1_rrbot_ws/install/controlko_bringup/share/controlko_bringup/package.ps1'
[3.074s] INFO:colcon.colcon_core.shell:Creating package descriptor '/home/tony/ros2_control/1_rrbot_ws/install/controlko_bringup/share/controlko_bringup/package.dsv'
[3.080s] INFO:colcon.colcon_core.shell:Creating package script '/home/tony/ros2_control/1_rrbot_ws/install/controlko_bringup/share/controlko_bringup/package.sh'
[3.082s] INFO:colcon.colcon_core.shell:Creating package script '/home/tony/ros2_control/1_rrbot_ws/install/controlko_bringup/share/controlko_bringup/package.bash'
[3.083s] INFO:colcon.colcon_core.shell:Creating package script '/home/tony/ros2_control/1_rrbot_ws/install/controlko_bringup/share/controlko_bringup/package.zsh'
[3.085s] Level 1:colcon.colcon_core.environment:create_file_with_runtime_dependencies(/home/tony/ros2_control/1_rrbot_ws/install/controlko_bringup/share/colcon-core/packages/controlko_bringup)
[9.788s] DEBUG:colcon.colcon_core.event_handler.log_command:Invoked command in '/home/tony/ros2_control/1_rrbot_ws/build/controlko_hardware_interface' returned '0': CMAKE_PREFIX_PATH=/opt/ros/humble /usr/bin/cmake --build /home/tony/ros2_control/1_rrbot_ws/build/controlko_hardware_interface -- -j4 -l4
[9.815s] DEBUG:colcon.colcon_core.event_handler.log_command:Invoking command in '/home/tony/ros2_control/1_rrbot_ws/build/controlko_hardware_interface': CMAKE_PREFIX_PATH=/opt/ros/humble /usr/bin/cmake --install /home/tony/ros2_control/1_rrbot_ws/build/controlko_hardware_interface
[9.830s] Level 1:colcon.colcon_core.environment:create_environment_scripts_only(controlko_hardware_interface)
[9.831s] Level 1:colcon.colcon_core.environment:checking '/home/tony/ros2_control/1_rrbot_ws/install/controlko_hardware_interface' for CMake module files
[9.832s] DEBUG:colcon.colcon_core.event_handler.log_command:Invoked command in '/home/tony/ros2_control/1_rrbot_ws/build/controlko_hardware_interface' returned '0': CMAKE_PREFIX_PATH=/opt/ros/humble /usr/bin/cmake --install /home/tony/ros2_control/1_rrbot_ws/build/controlko_hardware_interface
[9.832s] Level 1:colcon.colcon_core.environment:checking '/home/tony/ros2_control/1_rrbot_ws/install/controlko_hardware_interface' for CMake config files
[9.833s] Level 1:colcon.colcon_core.shell:create_environment_hook('controlko_hardware_interface', 'cmake_prefix_path')
[9.833s] INFO:colcon.colcon_core.shell:Creating environment hook '/home/tony/ros2_control/1_rrbot_ws/install/controlko_hardware_interface/share/controlko_hardware_interface/hook/cmake_prefix_path.ps1'
[9.834s] INFO:colcon.colcon_core.shell:Creating environment descriptor '/home/tony/ros2_control/1_rrbot_ws/install/controlko_hardware_interface/share/controlko_hardware_interface/hook/cmake_prefix_path.dsv'
[9.834s] INFO:colcon.colcon_core.shell:Creating environment hook '/home/tony/ros2_control/1_rrbot_ws/install/controlko_hardware_interface/share/controlko_hardware_interface/hook/cmake_prefix_path.sh'
[9.835s] Level 1:colcon.colcon_core.environment:checking '/home/tony/ros2_control/1_rrbot_ws/install/controlko_hardware_interface/lib'
[9.835s] Level 1:colcon.colcon_core.shell:create_environment_hook('controlko_hardware_interface', 'ld_library_path_lib')
[9.836s] INFO:colcon.colcon_core.shell:Creating environment hook '/home/tony/ros2_control/1_rrbot_ws/install/controlko_hardware_interface/share/controlko_hardware_interface/hook/ld_library_path_lib.ps1'
[9.836s] INFO:colcon.colcon_core.shell:Creating environment descriptor '/home/tony/ros2_control/1_rrbot_ws/install/controlko_hardware_interface/share/controlko_hardware_interface/hook/ld_library_path_lib.dsv'
[9.837s] INFO:colcon.colcon_core.shell:Creating environment hook '/home/tony/ros2_control/1_rrbot_ws/install/controlko_hardware_interface/share/controlko_hardware_interface/hook/ld_library_path_lib.sh'
[9.837s] Level 1:colcon.colcon_core.environment:checking '/home/tony/ros2_control/1_rrbot_ws/install/controlko_hardware_interface/bin'
[9.837s] Level 1:colcon.colcon_core.environment:checking '/home/tony/ros2_control/1_rrbot_ws/install/controlko_hardware_interface/lib/pkgconfig/controlko_hardware_interface.pc'
[9.838s] Level 1:colcon.colcon_core.environment:checking '/home/tony/ros2_control/1_rrbot_ws/install/controlko_hardware_interface/lib/python3.10/site-packages'
[9.838s] Level 1:colcon.colcon_core.environment:checking '/home/tony/ros2_control/1_rrbot_ws/install/controlko_hardware_interface/bin'
[9.839s] INFO:colcon.colcon_core.shell:Creating package script '/home/tony/ros2_control/1_rrbot_ws/install/controlko_hardware_interface/share/controlko_hardware_interface/package.ps1'
[9.839s] INFO:colcon.colcon_core.shell:Creating package descriptor '/home/tony/ros2_control/1_rrbot_ws/install/controlko_hardware_interface/share/controlko_hardware_interface/package.dsv'
[9.840s] INFO:colcon.colcon_core.shell:Creating package script '/home/tony/ros2_control/1_rrbot_ws/install/controlko_hardware_interface/share/controlko_hardware_interface/package.sh'
[9.840s] INFO:colcon.colcon_core.shell:Creating package script '/home/tony/ros2_control/1_rrbot_ws/install/controlko_hardware_interface/share/controlko_hardware_interface/package.bash'
[9.841s] INFO:colcon.colcon_core.shell:Creating package script '/home/tony/ros2_control/1_rrbot_ws/install/controlko_hardware_interface/share/controlko_hardware_interface/package.zsh'
[9.841s] Level 1:colcon.colcon_core.environment:create_file_with_runtime_dependencies(/home/tony/ros2_control/1_rrbot_ws/install/controlko_hardware_interface/share/colcon-core/packages/controlko_hardware_interface)
[9.868s] Level 1:colcon.colcon_core.environment:create_environment_scripts_only(controlko_hardware_interface)
[9.868s] Level 1:colcon.colcon_core.environment:checking '/home/tony/ros2_control/1_rrbot_ws/install/controlko_hardware_interface' for CMake module files
[9.869s] Level 1:colcon.colcon_core.environment:checking '/home/tony/ros2_control/1_rrbot_ws/install/controlko_hardware_interface' for CMake config files
[9.869s] Level 1:colcon.colcon_core.shell:create_environment_hook('controlko_hardware_interface', 'cmake_prefix_path')
[9.869s] INFO:colcon.colcon_core.shell:Creating environment hook '/home/tony/ros2_control/1_rrbot_ws/install/controlko_hardware_interface/share/controlko_hardware_interface/hook/cmake_prefix_path.ps1'
[9.870s] INFO:colcon.colcon_core.shell:Creating environment descriptor '/home/tony/ros2_control/1_rrbot_ws/install/controlko_hardware_interface/share/controlko_hardware_interface/hook/cmake_prefix_path.dsv'
[9.870s] INFO:colcon.colcon_core.shell:Creating environment hook '/home/tony/ros2_control/1_rrbot_ws/install/controlko_hardware_interface/share/controlko_hardware_interface/hook/cmake_prefix_path.sh'
[9.871s] Level 1:colcon.colcon_core.environment:checking '/home/tony/ros2_control/1_rrbot_ws/install/controlko_hardware_interface/lib'
[9.871s] Level 1:colcon.colcon_core.shell:create_environment_hook('controlko_hardware_interface', 'ld_library_path_lib')
[9.871s] INFO:colcon.colcon_core.shell:Creating environment hook '/home/tony/ros2_control/1_rrbot_ws/install/controlko_hardware_interface/share/controlko_hardware_interface/hook/ld_library_path_lib.ps1'
[9.872s] INFO:colcon.colcon_core.shell:Creating environment descriptor '/home/tony/ros2_control/1_rrbot_ws/install/controlko_hardware_interface/share/controlko_hardware_interface/hook/ld_library_path_lib.dsv'
[9.872s] INFO:colcon.colcon_core.shell:Creating environment hook '/home/tony/ros2_control/1_rrbot_ws/install/controlko_hardware_interface/share/controlko_hardware_interface/hook/ld_library_path_lib.sh'
[9.872s] Level 1:colcon.colcon_core.environment:checking '/home/tony/ros2_control/1_rrbot_ws/install/controlko_hardware_interface/bin'
[9.872s] Level 1:colcon.colcon_core.environment:checking '/home/tony/ros2_control/1_rrbot_ws/install/controlko_hardware_interface/lib/pkgconfig/controlko_hardware_interface.pc'
[9.873s] Level 1:colcon.colcon_core.environment:checking '/home/tony/ros2_control/1_rrbot_ws/install/controlko_hardware_interface/lib/python3.10/site-packages'
[9.873s] Level 1:colcon.colcon_core.environment:checking '/home/tony/ros2_control/1_rrbot_ws/install/controlko_hardware_interface/bin'
[9.873s] INFO:colcon.colcon_core.shell:Creating package script '/home/tony/ros2_control/1_rrbot_ws/install/controlko_hardware_interface/share/controlko_hardware_interface/package.ps1'
[9.874s] INFO:colcon.colcon_core.shell:Creating package descriptor '/home/tony/ros2_control/1_rrbot_ws/install/controlko_hardware_interface/share/controlko_hardware_interface/package.dsv'
[9.875s] INFO:colcon.colcon_core.shell:Creating package script '/home/tony/ros2_control/1_rrbot_ws/install/controlko_hardware_interface/share/controlko_hardware_interface/package.sh'
[9.875s] INFO:colcon.colcon_core.shell:Creating package script '/home/tony/ros2_control/1_rrbot_ws/install/controlko_hardware_interface/share/controlko_hardware_interface/package.bash'
[9.876s] INFO:colcon.colcon_core.shell:Creating package script '/home/tony/ros2_control/1_rrbot_ws/install/controlko_hardware_interface/share/controlko_hardware_interface/package.zsh'
[9.877s] Level 1:colcon.colcon_core.environment:create_file_with_runtime_dependencies(/home/tony/ros2_control/1_rrbot_ws/install/controlko_hardware_interface/share/colcon-core/packages/controlko_hardware_interface)
[9.877s] DEBUG:colcon.colcon_parallel_executor.executor.parallel:closing loop
[9.877s] DEBUG:colcon.colcon_parallel_executor.executor.parallel:loop closed
[9.878s] DEBUG:colcon.colcon_parallel_executor.executor.parallel:run_until_complete finished with '0'
[9.878s] DEBUG:colcon.colcon_core.event_reactor:joining thread
[9.884s] INFO:colcon.colcon_core.plugin_system:Skipping extension 'colcon_notification.desktop_notification.terminal_notifier': Not used on non-Darwin systems
[9.884s] INFO:colcon.colcon_core.plugin_system:Skipping extension 'colcon_notification.desktop_notification.win32': Not used on non-Windows systems
[9.884s] INFO:colcon.colcon_notification.desktop_notification:Sending desktop notification using 'notify2'
[9.898s] DEBUG:colcon.colcon_core.event_reactor:joined thread
[9.898s] INFO:colcon.colcon_core.shell:Creating prefix script '/home/tony/ros2_control/1_rrbot_ws/install/local_setup.ps1'
[9.899s] INFO:colcon.colcon_core.shell:Creating prefix util module '/home/tony/ros2_control/1_rrbot_ws/install/_local_setup_util_ps1.py'
[9.901s] INFO:colcon.colcon_core.shell:Creating prefix chain script '/home/tony/ros2_control/1_rrbot_ws/install/setup.ps1'
[9.902s] INFO:colcon.colcon_core.shell:Creating prefix script '/home/tony/ros2_control/1_rrbot_ws/install/local_setup.sh'
[9.903s] INFO:colcon.colcon_core.shell:Creating prefix util module '/home/tony/ros2_control/1_rrbot_ws/install/_local_setup_util_sh.py'
[9.904s] INFO:colcon.colcon_core.shell:Creating prefix chain script '/home/tony/ros2_control/1_rrbot_ws/install/setup.sh'
[9.905s] INFO:colcon.colcon_core.shell:Creating prefix script '/home/tony/ros2_control/1_rrbot_ws/install/local_setup.bash'
[9.907s] INFO:colcon.colcon_core.shell:Creating prefix chain script '/home/tony/ros2_control/1_rrbot_ws/install/setup.bash'
[9.909s] INFO:colcon.colcon_core.shell:Creating prefix script '/home/tony/ros2_control/1_rrbot_ws/install/local_setup.zsh'
[9.909s] INFO:colcon.colcon_core.shell:Creating prefix chain script '/home/tony/ros2_control/1_rrbot_ws/install/setup.zsh'
