-- The CXX compiler identification is GNU 11.4.0
-- Detecting CXX compiler ABI info
-- Detecting CXX compiler ABI info - done
-- Check for working CXX compiler: /usr/bin/c++ - skipped
-- Detecting CXX compile features
-- Detecting CXX compile features - done
-- Found ament_cmake: 1.3.10 (/opt/ros/humble/share/ament_cmake/cmake)
-- Found Python3: /usr/bin/python3 (found version "3.10.12") found components: Interpreter 
-- Found ament_cmake_pytest: 1.3.10 (/opt/ros/humble/share/ament_cmake_pytest/cmake)
-- Configuring done
-- Generating done
-- Build files have been written to: /home/tony/ros2_control/examples/build/ros2_control_demo_example_15
-- Install configuration: ""
-- Installing: /home/tony/ros2_control/examples/install/ros2_control_demo_example_15/share/ros2_control_demo_example_15/rviz
-- Installing: /home/tony/ros2_control/examples/install/ros2_control_demo_example_15/share/ros2_control_demo_example_15/rviz/multi_controller_manager.rviz
-- Installing: /home/tony/ros2_control/examples/install/ros2_control_demo_example_15/share/ros2_control_demo_example_15/rviz/rrbot_namespace.rviz
-- Installing: /home/tony/ros2_control/examples/install/ros2_control_demo_example_15/share/ros2_control_demo_example_15/launch
-- Installing: /home/tony/ros2_control/examples/install/ros2_control_demo_example_15/share/ros2_control_demo_example_15/launch/rrbot_namespace.launch.py
-- Installing: /home/tony/ros2_control/examples/install/ros2_control_demo_example_15/share/ros2_control_demo_example_15/launch/test_forward_position_controller.launch.py
-- Installing: /home/tony/ros2_control/examples/install/ros2_control_demo_example_15/share/ros2_control_demo_example_15/launch/test_multi_controller_manager_joint_trajectory_controller.launch.py
-- Installing: /home/tony/ros2_control/examples/install/ros2_control_demo_example_15/share/ros2_control_demo_example_15/launch/rrbot_base.launch.py
-- Installing: /home/tony/ros2_control/examples/install/ros2_control_demo_example_15/share/ros2_control_demo_example_15/launch/multi_controller_manager_example_two_rrbots.launch.py
-- Installing: /home/tony/ros2_control/examples/install/ros2_control_demo_example_15/share/ros2_control_demo_example_15/launch/test_joint_trajectory_controller.launch.py
-- Installing: /home/tony/ros2_control/examples/install/ros2_control_demo_example_15/share/ros2_control_demo_example_15/launch/test_multi_controller_manager_forward_position_controller.launch.py
-- Installing: /home/tony/ros2_control/examples/install/ros2_control_demo_example_15/share/ros2_control_demo_example_15/config
-- Installing: /home/tony/ros2_control/examples/install/ros2_control_demo_example_15/share/ros2_control_demo_example_15/config/multi_controller_manager_rrbot_2_controllers.yaml
-- Installing: /home/tony/ros2_control/examples/install/ros2_control_demo_example_15/share/ros2_control_demo_example_15/config/multi_controller_manager_joint_trajectory_publisher.yaml
-- Installing: /home/tony/ros2_control/examples/install/ros2_control_demo_example_15/share/ros2_control_demo_example_15/config/multi_controller_manager_forward_position_publisher.yaml
-- Installing: /home/tony/ros2_control/examples/install/ros2_control_demo_example_15/share/ros2_control_demo_example_15/config/rrbot_namespace_forward_position_publisher.yaml
-- Installing: /home/tony/ros2_control/examples/install/ros2_control_demo_example_15/share/ros2_control_demo_example_15/config/multi_controller_manager_rrbot_1_controllers.yaml
-- Installing: /home/tony/ros2_control/examples/install/ros2_control_demo_example_15/share/ros2_control_demo_example_15/config/rrbot_namespace_controllers.yaml
-- Installing: /home/tony/ros2_control/examples/install/ros2_control_demo_example_15/share/ros2_control_demo_example_15/config/rrbot_namespace_joint_trajectory_publisher.yaml
-- Installing: /home/tony/ros2_control/examples/install/ros2_control_demo_example_15/share/ament_index/resource_index/package_run_dependencies/ros2_control_demo_example_15
-- Installing: /home/tony/ros2_control/examples/install/ros2_control_demo_example_15/share/ament_index/resource_index/parent_prefix_path/ros2_control_demo_example_15
-- Installing: /home/tony/ros2_control/examples/install/ros2_control_demo_example_15/share/ros2_control_demo_example_15/environment/ament_prefix_path.sh
-- Installing: /home/tony/ros2_control/examples/install/ros2_control_demo_example_15/share/ros2_control_demo_example_15/environment/ament_prefix_path.dsv
-- Installing: /home/tony/ros2_control/examples/install/ros2_control_demo_example_15/share/ros2_control_demo_example_15/environment/path.sh
-- Installing: /home/tony/ros2_control/examples/install/ros2_control_demo_example_15/share/ros2_control_demo_example_15/environment/path.dsv
-- Installing: /home/tony/ros2_control/examples/install/ros2_control_demo_example_15/share/ros2_control_demo_example_15/local_setup.bash
-- Installing: /home/tony/ros2_control/examples/install/ros2_control_demo_example_15/share/ros2_control_demo_example_15/local_setup.sh
-- Installing: /home/tony/ros2_control/examples/install/ros2_control_demo_example_15/share/ros2_control_demo_example_15/local_setup.zsh
-- Installing: /home/tony/ros2_control/examples/install/ros2_control_demo_example_15/share/ros2_control_demo_example_15/local_setup.dsv
-- Installing: /home/tony/ros2_control/examples/install/ros2_control_demo_example_15/share/ros2_control_demo_example_15/package.dsv
-- Installing: /home/tony/ros2_control/examples/install/ros2_control_demo_example_15/share/ament_index/resource_index/packages/ros2_control_demo_example_15
-- Installing: /home/tony/ros2_control/examples/install/ros2_control_demo_example_15/share/ros2_control_demo_example_15/cmake/ros2_control_demo_example_15Config.cmake
-- Installing: /home/tony/ros2_control/examples/install/ros2_control_demo_example_15/share/ros2_control_demo_example_15/cmake/ros2_control_demo_example_15Config-version.cmake
-- Installing: /home/tony/ros2_control/examples/install/ros2_control_demo_example_15/share/ros2_control_demo_example_15/package.xml
