[0.030s] Invoking command in '/home/tony/ros2_control/examples/build/ros2_control_demo_example_15': AMENT_PREFIX_PATH=/home/tony/ros2_control/examples/install/ros2_control_demo_example_5:/home/tony/ros2_control/examples/install/ros2_control_demo_example_1:/home/tony/ros2_control/examples/install/ros2_control_demo_testing:/home/tony/ros2_control/examples/install/ros2_control_demo_description:${AMENT_PREFIX_PATH} CMAKE_PREFIX_PATH=/home/tony/ros2_control/examples/install/ros2_control_demo_example_5:/home/tony/ros2_control/examples/install/ros2_control_demo_example_1:/home/tony/ros2_control/examples/install/ros2_control_demo_description:/opt/ros/humble LD_LIBRARY_PATH=/home/tony/ros2_control/examples/install/ros2_control_demo_example_5/lib:/home/tony/ros2_control/examples/install/ros2_control_demo_example_1/lib:${LD_LIBRARY_PATH} PYTHONPATH=/home/tony/ros2_control/examples/install/ros2_control_demo_testing/lib/python3.10/site-packages:${PYTHONPATH} /usr/bin/cmake /home/tony/ros2_control/examples/src/example_15 -DCMAKE_INSTALL_PREFIX=/home/tony/ros2_control/examples/install/ros2_control_demo_example_15
[0.148s] -- The CXX compiler identification is GNU 11.4.0
[0.162s] -- Detecting CXX compiler ABI info
[0.285s] -- Detecting CXX compiler ABI info - done
[0.301s] -- Check for working CXX compiler: /usr/bin/c++ - skipped
[0.301s] -- Detecting CXX compile features
[0.302s] -- Detecting CXX compile features - done
[0.305s] -- Found ament_cmake: 1.3.10 (/opt/ros/humble/share/ament_cmake/cmake)
[0.543s] -- Found Python3: /usr/bin/python3 (found version "3.10.12") found components: Interpreter 
[0.683s] -- Found ament_cmake_pytest: 1.3.10 (/opt/ros/humble/share/ament_cmake_pytest/cmake)
[0.807s] -- Configuring done
[0.810s] -- Generating done
[0.812s] -- Build files have been written to: /home/tony/ros2_control/examples/build/ros2_control_demo_example_15
[0.817s] Invoked command in '/home/tony/ros2_control/examples/build/ros2_control_demo_example_15' returned '0': AMENT_PREFIX_PATH=/home/tony/ros2_control/examples/install/ros2_control_demo_example_5:/home/tony/ros2_control/examples/install/ros2_control_demo_example_1:/home/tony/ros2_control/examples/install/ros2_control_demo_testing:/home/tony/ros2_control/examples/install/ros2_control_demo_description:${AMENT_PREFIX_PATH} CMAKE_PREFIX_PATH=/home/tony/ros2_control/examples/install/ros2_control_demo_example_5:/home/tony/ros2_control/examples/install/ros2_control_demo_example_1:/home/tony/ros2_control/examples/install/ros2_control_demo_description:/opt/ros/humble LD_LIBRARY_PATH=/home/tony/ros2_control/examples/install/ros2_control_demo_example_5/lib:/home/tony/ros2_control/examples/install/ros2_control_demo_example_1/lib:${LD_LIBRARY_PATH} PYTHONPATH=/home/tony/ros2_control/examples/install/ros2_control_demo_testing/lib/python3.10/site-packages:${PYTHONPATH} /usr/bin/cmake /home/tony/ros2_control/examples/src/example_15 -DCMAKE_INSTALL_PREFIX=/home/tony/ros2_control/examples/install/ros2_control_demo_example_15
[0.821s] Invoking command in '/home/tony/ros2_control/examples/build/ros2_control_demo_example_15': AMENT_PREFIX_PATH=/home/tony/ros2_control/examples/install/ros2_control_demo_example_5:/home/tony/ros2_control/examples/install/ros2_control_demo_example_1:/home/tony/ros2_control/examples/install/ros2_control_demo_testing:/home/tony/ros2_control/examples/install/ros2_control_demo_description:${AMENT_PREFIX_PATH} CMAKE_PREFIX_PATH=/home/tony/ros2_control/examples/install/ros2_control_demo_example_5:/home/tony/ros2_control/examples/install/ros2_control_demo_example_1:/home/tony/ros2_control/examples/install/ros2_control_demo_description:/opt/ros/humble LD_LIBRARY_PATH=/home/tony/ros2_control/examples/install/ros2_control_demo_example_5/lib:/home/tony/ros2_control/examples/install/ros2_control_demo_example_1/lib:${LD_LIBRARY_PATH} PYTHONPATH=/home/tony/ros2_control/examples/install/ros2_control_demo_testing/lib/python3.10/site-packages:${PYTHONPATH} /usr/bin/cmake --build /home/tony/ros2_control/examples/build/ros2_control_demo_example_15 -- -j4 -l4
[0.875s] Invoked command in '/home/tony/ros2_control/examples/build/ros2_control_demo_example_15' returned '0': AMENT_PREFIX_PATH=/home/tony/ros2_control/examples/install/ros2_control_demo_example_5:/home/tony/ros2_control/examples/install/ros2_control_demo_example_1:/home/tony/ros2_control/examples/install/ros2_control_demo_testing:/home/tony/ros2_control/examples/install/ros2_control_demo_description:${AMENT_PREFIX_PATH} CMAKE_PREFIX_PATH=/home/tony/ros2_control/examples/install/ros2_control_demo_example_5:/home/tony/ros2_control/examples/install/ros2_control_demo_example_1:/home/tony/ros2_control/examples/install/ros2_control_demo_description:/opt/ros/humble LD_LIBRARY_PATH=/home/tony/ros2_control/examples/install/ros2_control_demo_example_5/lib:/home/tony/ros2_control/examples/install/ros2_control_demo_example_1/lib:${LD_LIBRARY_PATH} PYTHONPATH=/home/tony/ros2_control/examples/install/ros2_control_demo_testing/lib/python3.10/site-packages:${PYTHONPATH} /usr/bin/cmake --build /home/tony/ros2_control/examples/build/ros2_control_demo_example_15 -- -j4 -l4
[0.907s] Invoking command in '/home/tony/ros2_control/examples/build/ros2_control_demo_example_15': AMENT_PREFIX_PATH=/home/tony/ros2_control/examples/install/ros2_control_demo_example_5:/home/tony/ros2_control/examples/install/ros2_control_demo_example_1:/home/tony/ros2_control/examples/install/ros2_control_demo_testing:/home/tony/ros2_control/examples/install/ros2_control_demo_description:${AMENT_PREFIX_PATH} CMAKE_PREFIX_PATH=/home/tony/ros2_control/examples/install/ros2_control_demo_example_5:/home/tony/ros2_control/examples/install/ros2_control_demo_example_1:/home/tony/ros2_control/examples/install/ros2_control_demo_description:/opt/ros/humble LD_LIBRARY_PATH=/home/tony/ros2_control/examples/install/ros2_control_demo_example_5/lib:/home/tony/ros2_control/examples/install/ros2_control_demo_example_1/lib:${LD_LIBRARY_PATH} PYTHONPATH=/home/tony/ros2_control/examples/install/ros2_control_demo_testing/lib/python3.10/site-packages:${PYTHONPATH} /usr/bin/cmake --install /home/tony/ros2_control/examples/build/ros2_control_demo_example_15
[0.919s] -- Install configuration: ""
[0.919s] -- Installing: /home/tony/ros2_control/examples/install/ros2_control_demo_example_15/share/ros2_control_demo_example_15/rviz
[0.920s] -- Installing: /home/tony/ros2_control/examples/install/ros2_control_demo_example_15/share/ros2_control_demo_example_15/rviz/multi_controller_manager.rviz
[0.920s] -- Installing: /home/tony/ros2_control/examples/install/ros2_control_demo_example_15/share/ros2_control_demo_example_15/rviz/rrbot_namespace.rviz
[0.921s] -- Installing: /home/tony/ros2_control/examples/install/ros2_control_demo_example_15/share/ros2_control_demo_example_15/launch
[0.922s] -- Installing: /home/tony/ros2_control/examples/install/ros2_control_demo_example_15/share/ros2_control_demo_example_15/launch/rrbot_namespace.launch.py
[0.922s] -- Installing: /home/tony/ros2_control/examples/install/ros2_control_demo_example_15/share/ros2_control_demo_example_15/launch/test_forward_position_controller.launch.py
[0.922s] -- Installing: /home/tony/ros2_control/examples/install/ros2_control_demo_example_15/share/ros2_control_demo_example_15/launch/test_multi_controller_manager_joint_trajectory_controller.launch.py
[0.922s] -- Installing: /home/tony/ros2_control/examples/install/ros2_control_demo_example_15/share/ros2_control_demo_example_15/launch/rrbot_base.launch.py
[0.923s] -- Installing: /home/tony/ros2_control/examples/install/ros2_control_demo_example_15/share/ros2_control_demo_example_15/launch/multi_controller_manager_example_two_rrbots.launch.py
[0.923s] -- Installing: /home/tony/ros2_control/examples/install/ros2_control_demo_example_15/share/ros2_control_demo_example_15/launch/test_joint_trajectory_controller.launch.py
[0.923s] -- Installing: /home/tony/ros2_control/examples/install/ros2_control_demo_example_15/share/ros2_control_demo_example_15/launch/test_multi_controller_manager_forward_position_controller.launch.py
[0.924s] -- Installing: /home/tony/ros2_control/examples/install/ros2_control_demo_example_15/share/ros2_control_demo_example_15/config
[0.924s] -- Installing: /home/tony/ros2_control/examples/install/ros2_control_demo_example_15/share/ros2_control_demo_example_15/config/multi_controller_manager_rrbot_2_controllers.yaml
[0.924s] -- Installing: /home/tony/ros2_control/examples/install/ros2_control_demo_example_15/share/ros2_control_demo_example_15/config/multi_controller_manager_joint_trajectory_publisher.yaml
[0.925s] -- Installing: /home/tony/ros2_control/examples/install/ros2_control_demo_example_15/share/ros2_control_demo_example_15/config/multi_controller_manager_forward_position_publisher.yaml
[0.925s] -- Installing: /home/tony/ros2_control/examples/install/ros2_control_demo_example_15/share/ros2_control_demo_example_15/config/rrbot_namespace_forward_position_publisher.yaml
[0.925s] -- Installing: /home/tony/ros2_control/examples/install/ros2_control_demo_example_15/share/ros2_control_demo_example_15/config/multi_controller_manager_rrbot_1_controllers.yaml
[0.926s] -- Installing: /home/tony/ros2_control/examples/install/ros2_control_demo_example_15/share/ros2_control_demo_example_15/config/rrbot_namespace_controllers.yaml
[0.926s] -- Installing: /home/tony/ros2_control/examples/install/ros2_control_demo_example_15/share/ros2_control_demo_example_15/config/rrbot_namespace_joint_trajectory_publisher.yaml
[0.926s] -- Installing: /home/tony/ros2_control/examples/install/ros2_control_demo_example_15/share/ament_index/resource_index/package_run_dependencies/ros2_control_demo_example_15
[0.927s] -- Installing: /home/tony/ros2_control/examples/install/ros2_control_demo_example_15/share/ament_index/resource_index/parent_prefix_path/ros2_control_demo_example_15
[0.927s] -- Installing: /home/tony/ros2_control/examples/install/ros2_control_demo_example_15/share/ros2_control_demo_example_15/environment/ament_prefix_path.sh
[0.928s] -- Installing: /home/tony/ros2_control/examples/install/ros2_control_demo_example_15/share/ros2_control_demo_example_15/environment/ament_prefix_path.dsv
[0.928s] -- Installing: /home/tony/ros2_control/examples/install/ros2_control_demo_example_15/share/ros2_control_demo_example_15/environment/path.sh
[0.928s] -- Installing: /home/tony/ros2_control/examples/install/ros2_control_demo_example_15/share/ros2_control_demo_example_15/environment/path.dsv
[0.929s] -- Installing: /home/tony/ros2_control/examples/install/ros2_control_demo_example_15/share/ros2_control_demo_example_15/local_setup.bash
[0.929s] -- Installing: /home/tony/ros2_control/examples/install/ros2_control_demo_example_15/share/ros2_control_demo_example_15/local_setup.sh
[0.930s] -- Installing: /home/tony/ros2_control/examples/install/ros2_control_demo_example_15/share/ros2_control_demo_example_15/local_setup.zsh
[0.930s] -- Installing: /home/tony/ros2_control/examples/install/ros2_control_demo_example_15/share/ros2_control_demo_example_15/local_setup.dsv
[0.931s] -- Installing: /home/tony/ros2_control/examples/install/ros2_control_demo_example_15/share/ros2_control_demo_example_15/package.dsv
[0.931s] -- Installing: /home/tony/ros2_control/examples/install/ros2_control_demo_example_15/share/ament_index/resource_index/packages/ros2_control_demo_example_15
[0.932s] -- Installing: /home/tony/ros2_control/examples/install/ros2_control_demo_example_15/share/ros2_control_demo_example_15/cmake/ros2_control_demo_example_15Config.cmake
[0.932s] -- Installing: /home/tony/ros2_control/examples/install/ros2_control_demo_example_15/share/ros2_control_demo_example_15/cmake/ros2_control_demo_example_15Config-version.cmake
[0.932s] -- Installing: /home/tony/ros2_control/examples/install/ros2_control_demo_example_15/share/ros2_control_demo_example_15/package.xml
[0.941s] Invoked command in '/home/tony/ros2_control/examples/build/ros2_control_demo_example_15' returned '0': AMENT_PREFIX_PATH=/home/tony/ros2_control/examples/install/ros2_control_demo_example_5:/home/tony/ros2_control/examples/install/ros2_control_demo_example_1:/home/tony/ros2_control/examples/install/ros2_control_demo_testing:/home/tony/ros2_control/examples/install/ros2_control_demo_description:${AMENT_PREFIX_PATH} CMAKE_PREFIX_PATH=/home/tony/ros2_control/examples/install/ros2_control_demo_example_5:/home/tony/ros2_control/examples/install/ros2_control_demo_example_1:/home/tony/ros2_control/examples/install/ros2_control_demo_description:/opt/ros/humble LD_LIBRARY_PATH=/home/tony/ros2_control/examples/install/ros2_control_demo_example_5/lib:/home/tony/ros2_control/examples/install/ros2_control_demo_example_1/lib:${LD_LIBRARY_PATH} PYTHONPATH=/home/tony/ros2_control/examples/install/ros2_control_demo_testing/lib/python3.10/site-packages:${PYTHONPATH} /usr/bin/cmake --install /home/tony/ros2_control/examples/build/ros2_control_demo_example_15
