[0.017s] Invoking command in '/home/tony/ros2_control/examples/build/ros2_control_demo_example_1': AMENT_PREFIX_PATH=/home/tony/ros2_control/examples/install/ros2_control_demo_testing:/home/tony/ros2_control/examples/install/ros2_control_demo_description:${AMENT_PREFIX_PATH} CMAKE_PREFIX_PATH=/home/tony/ros2_control/examples/install/ros2_control_demo_description:/opt/ros/humble PYTHONPATH=/home/tony/ros2_control/examples/install/ros2_control_demo_testing/lib/python3.10/site-packages:${PYTHONPATH} /usr/bin/cmake /home/tony/ros2_control/examples/src/example_1 -DCMAKE_INSTALL_PREFIX=/home/tony/ros2_control/examples/install/ros2_control_demo_example_1
[0.123s] -- The CXX compiler identification is GNU 11.4.0
[0.133s] -- Detecting CXX compiler ABI info
[0.258s] -- Detecting CXX compiler ABI info - done
[0.278s] -- Check for working CXX compiler: /usr/bin/c++ - skipped
[0.279s] -- Detecting CXX compile features
[0.279s] -- Detecting CXX compile features - done
[0.295s] [31mCMake Error at CMakeLists.txt:20 (find_package):
[0.295s]   By not providing "Findbackward_ros.cmake" in CMAKE_MODULE_PATH this project
[0.295s]   has asked CMake to find a package configuration file provided by
[0.295s]   "backward_ros", but CMake did not find one.
[0.296s] 
[0.296s]   Could not find a package configuration file provided by "backward_ros" with
[0.296s]   any of the following names:
[0.296s] 
[0.296s]     backward_rosConfig.cmake
[0.296s]     backward_ros-config.cmake
[0.296s] 
[0.296s]   Add the installation prefix of "backward_ros" to CMAKE_PREFIX_PATH or set
[0.296s]   "backward_ros_DIR" to a directory containing one of the above files.  If
[0.296s]   "backward_ros" provides a separate development package or SDK, be sure it
[0.297s]   has been installed.
[0.297s] 
[0.297s] [0m
[0.297s] -- Configuring incomplete, errors occurred!
[0.298s] See also "/home/tony/ros2_control/examples/build/ros2_control_demo_example_1/CMakeFiles/CMakeOutput.log".
[0.306s] Invoked command in '/home/tony/ros2_control/examples/build/ros2_control_demo_example_1' returned '1': AMENT_PREFIX_PATH=/home/tony/ros2_control/examples/install/ros2_control_demo_testing:/home/tony/ros2_control/examples/install/ros2_control_demo_description:${AMENT_PREFIX_PATH} CMAKE_PREFIX_PATH=/home/tony/ros2_control/examples/install/ros2_control_demo_description:/opt/ros/humble PYTHONPATH=/home/tony/ros2_control/examples/install/ros2_control_demo_testing/lib/python3.10/site-packages:${PYTHONPATH} /usr/bin/cmake /home/tony/ros2_control/examples/src/example_1 -DCMAKE_INSTALL_PREFIX=/home/tony/ros2_control/examples/install/ros2_control_demo_example_1
