[0.017s] Invoking command in '/home/tony/ros2_control/1_rrbot_ws/build/my_hardwareinterfaces': CMAKE_PREFIX_PATH=${CMAKE_PREFIX_PATH}:/opt/ros/humble /usr/bin/cmake /home/tony/ros2_control/1_rrbot_ws/my_hardwareinterfaces -DCMAKE_EXPORT_COMPILE_COMMANDS=ON -DAMENT_CMAKE_SYMLINK_INSTALL=1 -DCMAKE_INSTALL_PREFIX=/home/tony/ros2_control/1_rrbot_ws/install/my_hardwareinterfaces
[0.097s] -- The C compiler identification is GNU 11.4.0
[0.173s] -- The CXX compiler identification is GNU 11.4.0
[0.181s] -- Detecting C compiler ABI info
[0.267s] -- Detecting C compiler ABI info - done
[0.282s] -- Check for working C compiler: /usr/bin/cc - skipped
[0.282s] -- Detecting C compile features
[0.283s] -- Detecting C compile features - done
[0.290s] -- Detecting CXX compiler ABI info
[0.389s] -- Detecting CXX compiler ABI info - done
[0.397s] -- Check for working CXX compiler: /usr/bin/c++ - skipped
[0.398s] -- Detecting CXX compile features
[0.398s] -- Detecting CXX compile features - done
[0.401s] -- Found ament_cmake: 1.3.10 (/opt/ros/humble/share/ament_cmake/cmake)
[0.611s] -- Found Python3: /usr/bin/python3 (found version "3.10.12") found components: Interpreter 
[0.695s] -- Override CMake install command with custom implementation using symlinks instead of copying resources
[0.730s] -- Found hardware_interface: 2.43.1 (/opt/ros/humble/share/hardware_interface/cmake)
[0.780s] -- Found rosidl_generator_c: 3.1.5 (/opt/ros/humble/share/rosidl_generator_c/cmake)
[0.786s] -- Found rosidl_adapter: 3.1.5 (/opt/ros/humble/share/rosidl_adapter/cmake)
[0.797s] -- Found rosidl_generator_cpp: 3.1.5 (/opt/ros/humble/share/rosidl_generator_cpp/cmake)
[0.814s] -- Using all available rosidl_typesupport_c: rosidl_typesupport_fastrtps_c;rosidl_typesupport_introspection_c
[0.836s] -- Using all available rosidl_typesupport_cpp: rosidl_typesupport_fastrtps_cpp;rosidl_typesupport_introspection_cpp
[1.121s] -- Found rmw_implementation_cmake: 6.1.2 (/opt/ros/humble/share/rmw_implementation_cmake/cmake)
[1.126s] -- Found rmw_fastrtps_cpp: 6.2.7 (/opt/ros/humble/share/rmw_fastrtps_cpp/cmake)
[1.161s] -- Found TinyXML2 via Config file: TinyXML2_DIR-NOTFOUND
[1.223s] -- Found OpenSSL: /usr/lib/x86_64-linux-gnu/libcrypto.so (found version "3.0.2")  
[1.229s] -- Found TinyXML2 via Config file: TinyXML2_DIR-NOTFOUND
[1.246s] -- Found FastRTPS: /opt/ros/humble/include  
[1.250s] -- Found TinyXML2 via Config file: TinyXML2_DIR-NOTFOUND
[1.262s] -- Found TinyXML2 via Config file: TinyXML2_DIR-NOTFOUND
[1.276s] -- Using RMW implementation 'rmw_fastrtps_cpp' as default
[1.284s] -- Looking for pthread.h
[1.376s] -- Looking for pthread.h - found
[1.376s] -- Performing Test CMAKE_HAVE_LIBC_PTHREAD
[1.469s] -- Performing Test CMAKE_HAVE_LIBC_PTHREAD - Success
[1.474s] -- Found Threads: TRUE  
[1.550s] -- Found ament_lint_auto: 0.12.11 (/opt/ros/humble/share/ament_lint_auto/cmake)
[1.661s] -- Found gmock sources under '/opt/ros/humble/src/gmock_vendor': C++ tests using 'Google Mock' will be built
[1.666s] -- Found ament_cmake_gtest: 1.3.10 (/opt/ros/humble/share/ament_cmake_gtest/cmake)
[1.668s] -- Found gtest sources under '/opt/ros/humble/src/gtest_vendor': C++ tests using 'Google Test' will be built
[1.691s] -- Added test 'cppcheck' to perform static code analysis on C / C++ code
[1.691s] -- Configured cppcheck include dirs: /home/tony/ros2_control/1_rrbot_ws/my_hardwareinterfaces/include
[1.691s] -- Configured cppcheck exclude dirs and/or files: 
[1.692s] -- Added test 'lint_cmake' to check CMake code style
[1.694s] -- Added test 'uncrustify' to check C / C++ code style
[1.694s] -- Configured uncrustify additional arguments: 
[1.695s] -- Added test 'xmllint' to check XML markup files
[1.700s] -- Configuring done
[1.758s] -- Generating done
[1.761s] -- Build files have been written to: /home/tony/ros2_control/1_rrbot_ws/build/my_hardwareinterfaces
[1.781s] Invoked command in '/home/tony/ros2_control/1_rrbot_ws/build/my_hardwareinterfaces' returned '0': CMAKE_PREFIX_PATH=${CMAKE_PREFIX_PATH}:/opt/ros/humble /usr/bin/cmake /home/tony/ros2_control/1_rrbot_ws/my_hardwareinterfaces -DCMAKE_EXPORT_COMPILE_COMMANDS=ON -DAMENT_CMAKE_SYMLINK_INSTALL=1 -DCMAKE_INSTALL_PREFIX=/home/tony/ros2_control/1_rrbot_ws/install/my_hardwareinterfaces
[1.783s] Invoking command in '/home/tony/ros2_control/1_rrbot_ws/build/my_hardwareinterfaces': CMAKE_PREFIX_PATH=${CMAKE_PREFIX_PATH}:/opt/ros/humble /usr/bin/cmake --build /home/tony/ros2_control/1_rrbot_ws/build/my_hardwareinterfaces -- -j4 -l4
[1.852s] [ 11%] [32mBuilding CXX object gmock/CMakeFiles/gmock_main.dir/src/gmock_main.cc.o[0m
[1.857s] [ 22%] [32mBuilding CXX object gmock/CMakeFiles/gmock.dir/src/gmock-all.cc.o[0m
[1.861s] [ 33%] [32mBuilding CXX object gmock/CMakeFiles/gmock.dir/opt/ros/humble/src/gtest_vendor/src/gtest-all.cc.o[0m
[1.867s] [ 44%] [32mBuilding CXX object CMakeFiles/my_hardwareinterfaces.dir/src/rrbot_hardware_interface.cpp.o[0m
[5.818s] [ 55%] [32m[1mLinking CXX static library libgmock_main.a[0m
[5.896s] [ 55%] Built target gmock_main
[9.468s] [ 66%] [32m[1mLinking CXX static library libgmock.a[0m
[9.561s] [ 66%] Built target gmock
[9.592s] [ 77%] [32mBuilding CXX object CMakeFiles/test_rrbot_hardware_interface.dir/test/test_rrbot_hardware_interface.cpp.o[0m
[9.628s] [ 88%] [32m[1mLinking CXX shared library libmy_hardwareinterfaces.so[0m
[9.846s] [ 88%] Built target my_hardwareinterfaces
[11.758s] [100%] [32m[1mLinking CXX executable test_rrbot_hardware_interface[0m
[12.115s] [100%] Built target test_rrbot_hardware_interface
[12.130s] Invoked command in '/home/tony/ros2_control/1_rrbot_ws/build/my_hardwareinterfaces' returned '0': CMAKE_PREFIX_PATH=${CMAKE_PREFIX_PATH}:/opt/ros/humble /usr/bin/cmake --build /home/tony/ros2_control/1_rrbot_ws/build/my_hardwareinterfaces -- -j4 -l4
[12.174s] Invoking command in '/home/tony/ros2_control/1_rrbot_ws/build/my_hardwareinterfaces': CMAKE_PREFIX_PATH=${CMAKE_PREFIX_PATH}:/opt/ros/humble /usr/bin/cmake --install /home/tony/ros2_control/1_rrbot_ws/build/my_hardwareinterfaces
[12.181s] -- Install configuration: ""
[12.182s] -- Execute custom install script
[12.182s] -- Symlinking: /home/tony/ros2_control/1_rrbot_ws/install/my_hardwareinterfaces/share/my_hardwareinterfaces//my_hardwareinterfaces.xml
[12.195s] -- Symlinking: /home/tony/ros2_control/1_rrbot_ws/install/my_hardwareinterfaces/lib/libmy_hardwareinterfaces.so
[12.208s] -- Symlinking: /home/tony/ros2_control/1_rrbot_ws/install/my_hardwareinterfaces/include/my_hardwareinterfaces/rrbot_hardware_interface.hpp
[12.216s] -- Symlinking: /home/tony/ros2_control/1_rrbot_ws/install/my_hardwareinterfaces/include/my_hardwareinterfaces/visibility_control.h
[12.228s] -- Symlinking: /home/tony/ros2_control/1_rrbot_ws/install/my_hardwareinterfaces/share/my_hardwareinterfaces/environment/library_path.sh
[12.238s] -- Symlinking: /home/tony/ros2_control/1_rrbot_ws/install/my_hardwareinterfaces/share/my_hardwareinterfaces/environment/library_path.dsv
[12.248s] -- Symlinking: /home/tony/ros2_control/1_rrbot_ws/install/my_hardwareinterfaces/share/ament_index/resource_index/package_run_dependencies/my_hardwareinterfaces
[12.259s] -- Symlinking: /home/tony/ros2_control/1_rrbot_ws/install/my_hardwareinterfaces/share/ament_index/resource_index/parent_prefix_path/my_hardwareinterfaces
[12.268s] -- Symlinking: /home/tony/ros2_control/1_rrbot_ws/install/my_hardwareinterfaces/share/my_hardwareinterfaces/environment/ament_prefix_path.sh
[12.279s] -- Symlinking: /home/tony/ros2_control/1_rrbot_ws/install/my_hardwareinterfaces/share/my_hardwareinterfaces/environment/ament_prefix_path.dsv
[12.291s] -- Symlinking: /home/tony/ros2_control/1_rrbot_ws/install/my_hardwareinterfaces/share/my_hardwareinterfaces/environment/path.sh
[12.300s] -- Symlinking: /home/tony/ros2_control/1_rrbot_ws/install/my_hardwareinterfaces/share/my_hardwareinterfaces/environment/path.dsv
[12.312s] -- Symlinking: /home/tony/ros2_control/1_rrbot_ws/install/my_hardwareinterfaces/share/my_hardwareinterfaces/local_setup.bash
[12.323s] -- Symlinking: /home/tony/ros2_control/1_rrbot_ws/install/my_hardwareinterfaces/share/my_hardwareinterfaces/local_setup.sh
[12.332s] -- Symlinking: /home/tony/ros2_control/1_rrbot_ws/install/my_hardwareinterfaces/share/my_hardwareinterfaces/local_setup.zsh
[12.344s] -- Symlinking: /home/tony/ros2_control/1_rrbot_ws/install/my_hardwareinterfaces/share/my_hardwareinterfaces/local_setup.dsv
[12.353s] -- Symlinking: /home/tony/ros2_control/1_rrbot_ws/install/my_hardwareinterfaces/share/my_hardwareinterfaces/package.dsv
[12.364s] -- Symlinking: /home/tony/ros2_control/1_rrbot_ws/install/my_hardwareinterfaces/share/ament_index/resource_index/packages/my_hardwareinterfaces
[12.375s] -- Symlinking: /home/tony/ros2_control/1_rrbot_ws/install/my_hardwareinterfaces/share/ament_index/resource_index/hardware_interface__pluginlib__plugin/my_hardwareinterfaces
[12.384s] -- Symlinking: /home/tony/ros2_control/1_rrbot_ws/install/my_hardwareinterfaces/share/my_hardwareinterfaces/cmake/ament_cmake_export_include_directories-extras.cmake
[12.396s] -- Symlinking: /home/tony/ros2_control/1_rrbot_ws/install/my_hardwareinterfaces/share/my_hardwareinterfaces/cmake/ament_cmake_export_libraries-extras.cmake
[12.408s] -- Symlinking: /home/tony/ros2_control/1_rrbot_ws/install/my_hardwareinterfaces/share/my_hardwareinterfaces/cmake/ament_cmake_export_dependencies-extras.cmake
[12.417s] -- Symlinking: /home/tony/ros2_control/1_rrbot_ws/install/my_hardwareinterfaces/share/my_hardwareinterfaces/cmake/my_hardwareinterfacesConfig.cmake
[12.428s] -- Symlinking: /home/tony/ros2_control/1_rrbot_ws/install/my_hardwareinterfaces/share/my_hardwareinterfaces/cmake/my_hardwareinterfacesConfig-version.cmake
[12.440s] -- Symlinking: /home/tony/ros2_control/1_rrbot_ws/install/my_hardwareinterfaces/share/my_hardwareinterfaces/package.xml
[12.450s] Invoked command in '/home/tony/ros2_control/1_rrbot_ws/build/my_hardwareinterfaces' returned '0': CMAKE_PREFIX_PATH=${CMAKE_PREFIX_PATH}:/opt/ros/humble /usr/bin/cmake --install /home/tony/ros2_control/1_rrbot_ws/build/my_hardwareinterfaces
