[0.022s] Invoking command in '/home/tony/ros2_control/1_rrbot_ws/build/controlko_hardware_interface': CMAKE_PREFIX_PATH=/opt/ros/humble /usr/bin/cmake /home/tony/ros2_control/1_rrbot_ws/roscon2022_workshop/controlko_hardware_interface -DCMAKE_EXPORT_COMPILE_COMMANDS=1 -DCMAKE_INSTALL_PREFIX=/home/tony/ros2_control/1_rrbot_ws/install/controlko_hardware_interface
[0.039s] -- Found ament_cmake: 1.3.10 (/opt/ros/humble/share/ament_cmake/cmake)
[0.232s] -- Found hardware_interface: 2.43.1 (/opt/ros/humble/share/hardware_interface/cmake)
[0.270s] -- Found rosidl_generator_c: 3.1.5 (/opt/ros/humble/share/rosidl_generator_c/cmake)
[0.276s] -- Found rosidl_adapter: 3.1.5 (/opt/ros/humble/share/rosidl_adapter/cmake)
[0.285s] -- Found rosidl_generator_cpp: 3.1.5 (/opt/ros/humble/share/rosidl_generator_cpp/cmake)
[0.307s] -- Using all available rosidl_typesupport_c: rosidl_typesupport_fastrtps_c;rosidl_typesupport_introspection_c
[0.329s] -- Using all available rosidl_typesupport_cpp: rosidl_typesupport_fastrtps_cpp;rosidl_typesupport_introspection_cpp
[0.646s] -- Found rmw_implementation_cmake: 6.1.2 (/opt/ros/humble/share/rmw_implementation_cmake/cmake)
[0.647s] -- Found rmw_fastrtps_cpp: 6.2.7 (/opt/ros/humble/share/rmw_fastrtps_cpp/cmake)
[0.686s] -- Found TinyXML2 via Config file: TinyXML2_DIR-NOTFOUND
[0.697s] -- Found TinyXML2 via Config file: TinyXML2_DIR-NOTFOUND
[0.721s] -- Found TinyXML2 via Config file: TinyXML2_DIR-NOTFOUND
[0.734s] -- Found TinyXML2 via Config file: TinyXML2_DIR-NOTFOUND
[0.744s] -- Using RMW implementation 'rmw_fastrtps_cpp' as default
[0.801s] -- Found ament_lint_auto: 0.12.11 (/opt/ros/humble/share/ament_lint_auto/cmake)
[0.880s] -- Found gmock sources under '/opt/ros/humble/src/gmock_vendor': C++ tests using 'Google Mock' will be built
[0.882s] -- Found ament_cmake_gtest: 1.3.10 (/opt/ros/humble/share/ament_cmake_gtest/cmake)
[0.883s] -- Found gtest sources under '/opt/ros/humble/src/gtest_vendor': C++ tests using 'Google Test' will be built
[0.899s] -- Added test 'cppcheck' to perform static code analysis on C / C++ code
[0.899s] -- Configured cppcheck include dirs: /home/tony/ros2_control/1_rrbot_ws/roscon2022_workshop/controlko_hardware_interface/include
[0.899s] -- Configured cppcheck exclude dirs and/or files: 
[0.900s] -- Added test 'lint_cmake' to check CMake code style
[0.902s] -- Added test 'uncrustify' to check C / C++ code style
[0.905s] -- Configured uncrustify additional arguments: 
[0.905s] -- Added test 'xmllint' to check XML markup files
[0.906s] -- Configuring done
[0.978s] -- Generating done
[0.980s] -- Build files have been written to: /home/tony/ros2_control/1_rrbot_ws/build/controlko_hardware_interface
[1.022s] Invoked command in '/home/tony/ros2_control/1_rrbot_ws/build/controlko_hardware_interface' returned '0': CMAKE_PREFIX_PATH=/opt/ros/humble /usr/bin/cmake /home/tony/ros2_control/1_rrbot_ws/roscon2022_workshop/controlko_hardware_interface -DCMAKE_EXPORT_COMPILE_COMMANDS=1 -DCMAKE_INSTALL_PREFIX=/home/tony/ros2_control/1_rrbot_ws/install/controlko_hardware_interface
[1.023s] Invoking command in '/home/tony/ros2_control/1_rrbot_ws/build/controlko_hardware_interface': CMAKE_PREFIX_PATH=/opt/ros/humble /usr/bin/cmake --build /home/tony/ros2_control/1_rrbot_ws/build/controlko_hardware_interface -- -j4 -l4
[1.087s] [35m[1mConsolidate compiler generated dependencies of target gmock_main[0m
[1.098s] [35m[1mConsolidate compiler generated dependencies of target controlko_hardware_interface[0m
[1.098s] [35m[1mConsolidate compiler generated dependencies of target gmock[0m
[1.129s] [ 22%] Built target gmock_main
[1.137s] [ 44%] Built target controlko_hardware_interface
[1.141s] [ 77%] Built target gmock
[1.155s] [35m[1mConsolidate compiler generated dependencies of target test_rrbot_hardware_interface[0m
[1.173s] [100%] Built target test_rrbot_hardware_interface
[1.185s] Invoked command in '/home/tony/ros2_control/1_rrbot_ws/build/controlko_hardware_interface' returned '0': CMAKE_PREFIX_PATH=/opt/ros/humble /usr/bin/cmake --build /home/tony/ros2_control/1_rrbot_ws/build/controlko_hardware_interface -- -j4 -l4
[1.223s] Invoking command in '/home/tony/ros2_control/1_rrbot_ws/build/controlko_hardware_interface': CMAKE_PREFIX_PATH=/opt/ros/humble /usr/bin/cmake --install /home/tony/ros2_control/1_rrbot_ws/build/controlko_hardware_interface
[1.230s] -- Install configuration: ""
[1.230s] -- Up-to-date: /home/tony/ros2_control/1_rrbot_ws/install/controlko_hardware_interface/share/controlko_hardware_interface/controlko_hardware_interface.xml
[1.230s] -- Up-to-date: /home/tony/ros2_control/1_rrbot_ws/install/controlko_hardware_interface/lib/libcontrolko_hardware_interface.so
[1.230s] -- Up-to-date: /home/tony/ros2_control/1_rrbot_ws/install/controlko_hardware_interface/include
[1.230s] -- Up-to-date: /home/tony/ros2_control/1_rrbot_ws/install/controlko_hardware_interface/include/controlko_hardware_interface
[1.231s] -- Up-to-date: /home/tony/ros2_control/1_rrbot_ws/install/controlko_hardware_interface/include/controlko_hardware_interface/rrbot_hardware_interface.hpp
[1.231s] -- Up-to-date: /home/tony/ros2_control/1_rrbot_ws/install/controlko_hardware_interface/include/controlko_hardware_interface/dr_denis_rrbot_comms.hpp
[1.231s] -- Up-to-date: /home/tony/ros2_control/1_rrbot_ws/install/controlko_hardware_interface/include/controlko_hardware_interface/visibility_control.h
[1.231s] -- Up-to-date: /home/tony/ros2_control/1_rrbot_ws/install/controlko_hardware_interface/share/controlko_hardware_interface/environment/library_path.sh
[1.231s] -- Installing: /home/tony/ros2_control/1_rrbot_ws/install/controlko_hardware_interface/share/controlko_hardware_interface/environment/library_path.dsv
[1.231s] -- Up-to-date: /home/tony/ros2_control/1_rrbot_ws/install/controlko_hardware_interface/share/ament_index/resource_index/package_run_dependencies/controlko_hardware_interface
[1.231s] -- Up-to-date: /home/tony/ros2_control/1_rrbot_ws/install/controlko_hardware_interface/share/ament_index/resource_index/parent_prefix_path/controlko_hardware_interface
[1.231s] -- Up-to-date: /home/tony/ros2_control/1_rrbot_ws/install/controlko_hardware_interface/share/controlko_hardware_interface/environment/ament_prefix_path.sh
[1.232s] -- Installing: /home/tony/ros2_control/1_rrbot_ws/install/controlko_hardware_interface/share/controlko_hardware_interface/environment/ament_prefix_path.dsv
[1.232s] -- Up-to-date: /home/tony/ros2_control/1_rrbot_ws/install/controlko_hardware_interface/share/controlko_hardware_interface/environment/path.sh
[1.232s] -- Installing: /home/tony/ros2_control/1_rrbot_ws/install/controlko_hardware_interface/share/controlko_hardware_interface/environment/path.dsv
[1.232s] -- Up-to-date: /home/tony/ros2_control/1_rrbot_ws/install/controlko_hardware_interface/share/controlko_hardware_interface/local_setup.bash
[1.232s] -- Up-to-date: /home/tony/ros2_control/1_rrbot_ws/install/controlko_hardware_interface/share/controlko_hardware_interface/local_setup.sh
[1.232s] -- Up-to-date: /home/tony/ros2_control/1_rrbot_ws/install/controlko_hardware_interface/share/controlko_hardware_interface/local_setup.zsh
[1.232s] -- Installing: /home/tony/ros2_control/1_rrbot_ws/install/controlko_hardware_interface/share/controlko_hardware_interface/local_setup.dsv
[1.233s] -- Installing: /home/tony/ros2_control/1_rrbot_ws/install/controlko_hardware_interface/share/controlko_hardware_interface/package.dsv
[1.233s] -- Up-to-date: /home/tony/ros2_control/1_rrbot_ws/install/controlko_hardware_interface/share/ament_index/resource_index/packages/controlko_hardware_interface
[1.233s] -- Up-to-date: /home/tony/ros2_control/1_rrbot_ws/install/controlko_hardware_interface/share/ament_index/resource_index/hardware_interface__pluginlib__plugin/controlko_hardware_interface
[1.233s] -- Up-to-date: /home/tony/ros2_control/1_rrbot_ws/install/controlko_hardware_interface/share/controlko_hardware_interface/cmake/ament_cmake_export_include_directories-extras.cmake
[1.233s] -- Up-to-date: /home/tony/ros2_control/1_rrbot_ws/install/controlko_hardware_interface/share/controlko_hardware_interface/cmake/ament_cmake_export_libraries-extras.cmake
[1.233s] -- Up-to-date: /home/tony/ros2_control/1_rrbot_ws/install/controlko_hardware_interface/share/controlko_hardware_interface/cmake/ament_cmake_export_dependencies-extras.cmake
[1.233s] -- Up-to-date: /home/tony/ros2_control/1_rrbot_ws/install/controlko_hardware_interface/share/controlko_hardware_interface/cmake/controlko_hardware_interfaceConfig.cmake
[1.234s] -- Up-to-date: /home/tony/ros2_control/1_rrbot_ws/install/controlko_hardware_interface/share/controlko_hardware_interface/cmake/controlko_hardware_interfaceConfig-version.cmake
[1.235s] -- Up-to-date: /home/tony/ros2_control/1_rrbot_ws/install/controlko_hardware_interface/share/controlko_hardware_interface/package.xml
[1.238s] Invoked command in '/home/tony/ros2_control/1_rrbot_ws/build/controlko_hardware_interface' returned '0': CMAKE_PREFIX_PATH=/opt/ros/humble /usr/bin/cmake --install /home/tony/ros2_control/1_rrbot_ws/build/controlko_hardware_interface
