[0.014s] Invoking command in '/home/tony/ros2_control/1_rrbot_ws/build/controlko_bringup': AMENT_PREFIX_PATH=/home/tony/ros2_control/1_rrbot_ws/install/controlko_description:${AMENT_PREFIX_PATH} CMAKE_PREFIX_PATH=/home/tony/ros2_control/1_rrbot_ws/install/controlko_description:/opt/ros/humble /usr/bin/cmake /home/tony/ros2_control/1_rrbot_ws/roscon2022_workshop/controlko_bringup -DCMAKE_INSTALL_PREFIX=/home/tony/ros2_control/1_rrbot_ws/install/controlko_bringup
[0.103s] -- The C compiler identification is GNU 11.4.0
[0.177s] -- The CXX compiler identification is GNU 11.4.0
[0.187s] -- Detecting C compiler ABI info
[0.263s] -- Detecting C compiler ABI info - done
[0.273s] -- Check for working C compiler: /usr/bin/cc - skipped
[0.273s] -- Detecting C compile features
[0.273s] -- Detecting C compile features - done
[0.277s] -- Detecting CXX compiler ABI info
[0.359s] -- Detecting CXX compiler ABI info - done
[0.373s] -- Check for working CXX compiler: /usr/bin/c++ - skipped
[0.373s] -- Detecting CXX compile features
[0.374s] -- Detecting CXX compile features - done
[0.377s] -- Found ament_cmake: 1.3.10 (/opt/ros/humble/share/ament_cmake/cmake)
[0.543s] -- Found Python3: /usr/bin/python3 (found version "3.10.12") found components: Interpreter 
[0.648s] -- Found ament_lint_auto: 0.12.11 (/opt/ros/humble/share/ament_lint_auto/cmake)
[0.753s] -- Added test 'flake8' to check Python code syntax and style conventions
[0.754s] -- Added test 'lint_cmake' to check CMake code style
[0.755s] -- Added test 'pep257' to check Python code against some of the docstring style conventions in PEP 257
[0.757s] -- Added test 'xmllint' to check XML markup files
[0.758s] -- Configuring done
[0.762s] -- Generating done
[0.764s] -- Build files have been written to: /home/tony/ros2_control/1_rrbot_ws/build/controlko_bringup
[0.774s] Invoked command in '/home/tony/ros2_control/1_rrbot_ws/build/controlko_bringup' returned '0': AMENT_PREFIX_PATH=/home/tony/ros2_control/1_rrbot_ws/install/controlko_description:${AMENT_PREFIX_PATH} CMAKE_PREFIX_PATH=/home/tony/ros2_control/1_rrbot_ws/install/controlko_description:/opt/ros/humble /usr/bin/cmake /home/tony/ros2_control/1_rrbot_ws/roscon2022_workshop/controlko_bringup -DCMAKE_INSTALL_PREFIX=/home/tony/ros2_control/1_rrbot_ws/install/controlko_bringup
[0.774s] Invoking command in '/home/tony/ros2_control/1_rrbot_ws/build/controlko_bringup': AMENT_PREFIX_PATH=/home/tony/ros2_control/1_rrbot_ws/install/controlko_description:${AMENT_PREFIX_PATH} CMAKE_PREFIX_PATH=/home/tony/ros2_control/1_rrbot_ws/install/controlko_description:/opt/ros/humble /usr/bin/cmake --build /home/tony/ros2_control/1_rrbot_ws/build/controlko_bringup -- -j4 -l4
[0.899s] Invoked command in '/home/tony/ros2_control/1_rrbot_ws/build/controlko_bringup' returned '0': AMENT_PREFIX_PATH=/home/tony/ros2_control/1_rrbot_ws/install/controlko_description:${AMENT_PREFIX_PATH} CMAKE_PREFIX_PATH=/home/tony/ros2_control/1_rrbot_ws/install/controlko_description:/opt/ros/humble /usr/bin/cmake --build /home/tony/ros2_control/1_rrbot_ws/build/controlko_bringup -- -j4 -l4
[1.101s] Invoking command in '/home/tony/ros2_control/1_rrbot_ws/build/controlko_bringup': AMENT_PREFIX_PATH=/home/tony/ros2_control/1_rrbot_ws/install/controlko_description:${AMENT_PREFIX_PATH} CMAKE_PREFIX_PATH=/home/tony/ros2_control/1_rrbot_ws/install/controlko_description:/opt/ros/humble /usr/bin/cmake --install /home/tony/ros2_control/1_rrbot_ws/build/controlko_bringup
[1.126s] -- Install configuration: ""
[1.127s] -- Up-to-date: /home/tony/ros2_control/1_rrbot_ws/install/controlko_bringup/share/controlko_bringup/config
[1.128s] -- Up-to-date: /home/tony/ros2_control/1_rrbot_ws/install/controlko_bringup/share/controlko_bringup/config/rrbot_controllers.yaml
[1.129s] -- Up-to-date: /home/tony/ros2_control/1_rrbot_ws/install/controlko_bringup/share/controlko_bringup/config/test_goal_publishers_config.yaml
[1.130s] -- Up-to-date: /home/tony/ros2_control/1_rrbot_ws/install/controlko_bringup/share/controlko_bringup
[1.131s] -- Up-to-date: /home/tony/ros2_control/1_rrbot_ws/install/controlko_bringup/share/controlko_bringup/test_forward_position_controller.launch.py
[1.132s] -- Up-to-date: /home/tony/ros2_control/1_rrbot_ws/install/controlko_bringup/share/controlko_bringup/rrbot.launch.py
[1.132s] -- Up-to-date: /home/tony/ros2_control/1_rrbot_ws/install/controlko_bringup/share/controlko_bringup/rrbot_sim_gazebo_classic.launch.py
[1.133s] -- Up-to-date: /home/tony/ros2_control/1_rrbot_ws/install/controlko_bringup/share/controlko_bringup/rrbot_sim_gazebo.launch.py
[1.133s] -- Up-to-date: /home/tony/ros2_control/1_rrbot_ws/install/controlko_bringup/share/controlko_bringup/test_joint_trajectory_controller.launch.py
[1.133s] -- Installing: /home/tony/ros2_control/1_rrbot_ws/install/controlko_bringup/share/ament_index/resource_index/package_run_dependencies/controlko_bringup
[1.134s] -- Installing: /home/tony/ros2_control/1_rrbot_ws/install/controlko_bringup/share/ament_index/resource_index/parent_prefix_path/controlko_bringup
[1.134s] -- Up-to-date: /home/tony/ros2_control/1_rrbot_ws/install/controlko_bringup/share/controlko_bringup/environment/ament_prefix_path.sh
[1.134s] -- Installing: /home/tony/ros2_control/1_rrbot_ws/install/controlko_bringup/share/controlko_bringup/environment/ament_prefix_path.dsv
[1.134s] -- Up-to-date: /home/tony/ros2_control/1_rrbot_ws/install/controlko_bringup/share/controlko_bringup/environment/path.sh
[1.134s] -- Installing: /home/tony/ros2_control/1_rrbot_ws/install/controlko_bringup/share/controlko_bringup/environment/path.dsv
[1.135s] -- Installing: /home/tony/ros2_control/1_rrbot_ws/install/controlko_bringup/share/controlko_bringup/local_setup.bash
[1.135s] -- Installing: /home/tony/ros2_control/1_rrbot_ws/install/controlko_bringup/share/controlko_bringup/local_setup.sh
[1.135s] -- Installing: /home/tony/ros2_control/1_rrbot_ws/install/controlko_bringup/share/controlko_bringup/local_setup.zsh
[1.135s] -- Installing: /home/tony/ros2_control/1_rrbot_ws/install/controlko_bringup/share/controlko_bringup/local_setup.dsv
[1.135s] -- Installing: /home/tony/ros2_control/1_rrbot_ws/install/controlko_bringup/share/controlko_bringup/package.dsv
[1.135s] -- Installing: /home/tony/ros2_control/1_rrbot_ws/install/controlko_bringup/share/ament_index/resource_index/packages/controlko_bringup
[1.136s] -- Installing: /home/tony/ros2_control/1_rrbot_ws/install/controlko_bringup/share/controlko_bringup/cmake/controlko_bringupConfig.cmake
[1.136s] -- Installing: /home/tony/ros2_control/1_rrbot_ws/install/controlko_bringup/share/controlko_bringup/cmake/controlko_bringupConfig-version.cmake
[1.136s] -- Up-to-date: /home/tony/ros2_control/1_rrbot_ws/install/controlko_bringup/share/controlko_bringup/package.xml
[1.158s] Invoked command in '/home/tony/ros2_control/1_rrbot_ws/build/controlko_bringup' returned '0': AMENT_PREFIX_PATH=/home/tony/ros2_control/1_rrbot_ws/install/controlko_description:${AMENT_PREFIX_PATH} CMAKE_PREFIX_PATH=/home/tony/ros2_control/1_rrbot_ws/install/controlko_description:/opt/ros/humble /usr/bin/cmake --install /home/tony/ros2_control/1_rrbot_ws/build/controlko_bringup
