[0.456s] Invoking command in '/home/tony/ros2_control/build/controlko_description': CMAKE_PREFIX_PATH=${CMAKE_PREFIX_PATH}:/opt/ros/humble /usr/bin/cmake --build /home/tony/ros2_control/build/controlko_description -- -j4 -l4
[0.558s] Invoked command in '/home/tony/ros2_control/build/controlko_description' returned '0': CMAKE_PREFIX_PATH=${CMAKE_PREFIX_PATH}:/opt/ros/humble /usr/bin/cmake --build /home/tony/ros2_control/build/controlko_description -- -j4 -l4
[0.755s] Invoking command in '/home/tony/ros2_control/build/controlko_description': CMAKE_PREFIX_PATH=${CMAKE_PREFIX_PATH}:/opt/ros/humble /usr/bin/cmake --install /home/tony/ros2_control/build/controlko_description
[0.785s] -- Install configuration: ""
[0.787s] -- Up-to-date: /home/tony/ros2_control/install/controlko_description/share/controlko_description/config
[0.789s] -- Up-to-date: /home/tony/ros2_control/install/controlko_description/share/controlko_description/config/.gitkeep
[0.790s] -- Up-to-date: /home/tony/ros2_control/install/controlko_description/share/controlko_description
[0.791s] -- Up-to-date: /home/tony/ros2_control/install/controlko_description/share/controlko_description/view_rrbot.launch.py
[0.794s] -- Up-to-date: /home/tony/ros2_control/install/controlko_description/share/controlko_description/meshes
[0.796s] -- Up-to-date: /home/tony/ros2_control/install/controlko_description/share/controlko_description/meshes/rrbot
[0.798s] -- Up-to-date: /home/tony/ros2_control/install/controlko_description/share/controlko_description/meshes/rrbot/visual
[0.799s] -- Up-to-date: /home/tony/ros2_control/install/controlko_description/share/controlko_description/meshes/rrbot/visual/.gitkeep
[0.800s] -- Up-to-date: /home/tony/ros2_control/install/controlko_description/share/controlko_description/rviz
[0.802s] -- Up-to-date: /home/tony/ros2_control/install/controlko_description/share/controlko_description/rviz/rrbot.rviz
[0.803s] -- Up-to-date: /home/tony/ros2_control/install/controlko_description/share/controlko_description/urdf
[0.804s] -- Up-to-date: /home/tony/ros2_control/install/controlko_description/share/controlko_description/urdf/rrbot.urdf.xacro
[0.806s] -- Up-to-date: /home/tony/ros2_control/install/controlko_description/share/controlko_description/urdf/common.xacro
[0.807s] -- Up-to-date: /home/tony/ros2_control/install/controlko_description/share/controlko_description/urdf/rrbot
[0.813s] -- Up-to-date: /home/tony/ros2_control/install/controlko_description/share/controlko_description/urdf/rrbot/rrbot_macro.ros2_control.xacro
[0.817s] -- Up-to-date: /home/tony/ros2_control/install/controlko_description/share/controlko_description/urdf/rrbot/rrbot_macro.xacro
[0.818s] -- Up-to-date: /home/tony/ros2_control/install/controlko_description/share/ament_index/resource_index/package_run_dependencies/controlko_description
[0.819s] -- Up-to-date: /home/tony/ros2_control/install/controlko_description/share/ament_index/resource_index/parent_prefix_path/controlko_description
[0.821s] -- Up-to-date: /home/tony/ros2_control/install/controlko_description/share/controlko_description/environment/ament_prefix_path.sh
[0.822s] -- Up-to-date: /home/tony/ros2_control/install/controlko_description/share/controlko_description/environment/ament_prefix_path.dsv
[0.823s] -- Up-to-date: /home/tony/ros2_control/install/controlko_description/share/controlko_description/environment/path.sh
[0.824s] -- Up-to-date: /home/tony/ros2_control/install/controlko_description/share/controlko_description/environment/path.dsv
[0.826s] -- Up-to-date: /home/tony/ros2_control/install/controlko_description/share/controlko_description/local_setup.bash
[0.830s] -- Up-to-date: /home/tony/ros2_control/install/controlko_description/share/controlko_description/local_setup.sh
[0.831s] -- Up-to-date: /home/tony/ros2_control/install/controlko_description/share/controlko_description/local_setup.zsh
[0.833s] -- Up-to-date: /home/tony/ros2_control/install/controlko_description/share/controlko_description/local_setup.dsv
[0.834s] -- Up-to-date: /home/tony/ros2_control/install/controlko_description/share/controlko_description/package.dsv
[0.835s] -- Up-to-date: /home/tony/ros2_control/install/controlko_description/share/ament_index/resource_index/packages/controlko_description
[0.836s] -- Up-to-date: /home/tony/ros2_control/install/controlko_description/share/controlko_description/cmake/controlko_descriptionConfig.cmake
[0.837s] -- Up-to-date: /home/tony/ros2_control/install/controlko_description/share/controlko_description/cmake/controlko_descriptionConfig-version.cmake
[0.837s] -- Up-to-date: /home/tony/ros2_control/install/controlko_description/share/controlko_description/package.xml
[0.857s] Invoked command in '/home/tony/ros2_control/build/controlko_description' returned '0': CMAKE_PREFIX_PATH=${CMAKE_PREFIX_PATH}:/opt/ros/humble /usr/bin/cmake --install /home/tony/ros2_control/build/controlko_description
