-- Found ament_cmake: 1.3.10 (/opt/ros/humble/share/ament_cmake/cmake)
-- Found ament_lint_auto: 0.12.11 (/opt/ros/humble/share/ament_lint_auto/cmake)
-- Added test 'flake8' to check Python code syntax and style conventions
-- Added test 'lint_cmake' to check CMake code style
-- Added test 'pep257' to check Python code against some of the docstring style conventions in PEP 257
-- Added test 'xmllint' to check XML markup files
-- Configuring done
-- Generating done
[33mCMake Warning:
  Manually-specified variables were not used by the project:

    CMAKE_EXPORT_COMPILE_COMMANDS

[0m
-- Build files have been written to: /home/tony/ros2_control/1_rrbot_ws/build/controlko_bringup
-- Install configuration: ""
-- Up-to-date: /home/tony/ros2_control/1_rrbot_ws/install/controlko_bringup/share/controlko_bringup/config
-- Up-to-date: /home/tony/ros2_control/1_rrbot_ws/install/controlko_bringup/share/controlko_bringup/config/rrbot_controllers.yaml
-- Up-to-date: /home/tony/ros2_control/1_rrbot_ws/install/controlko_bringup/share/controlko_bringup/config/test_goal_publishers_config.yaml
-- Up-to-date: /home/tony/ros2_control/1_rrbot_ws/install/controlko_bringup/share/controlko_bringup
-- Up-to-date: /home/tony/ros2_control/1_rrbot_ws/install/controlko_bringup/share/controlko_bringup/test_forward_position_controller.launch.py
-- Up-to-date: /home/tony/ros2_control/1_rrbot_ws/install/controlko_bringup/share/controlko_bringup/rrbot.launch.py
-- Up-to-date: /home/tony/ros2_control/1_rrbot_ws/install/controlko_bringup/share/controlko_bringup/rrbot_sim_gazebo_classic.launch.py
-- Up-to-date: /home/tony/ros2_control/1_rrbot_ws/install/controlko_bringup/share/controlko_bringup/rrbot_sim_gazebo.launch.py
-- Up-to-date: /home/tony/ros2_control/1_rrbot_ws/install/controlko_bringup/share/controlko_bringup/test_joint_trajectory_controller.launch.py
-- Up-to-date: /home/tony/ros2_control/1_rrbot_ws/install/controlko_bringup/share/ament_index/resource_index/package_run_dependencies/controlko_bringup
-- Up-to-date: /home/tony/ros2_control/1_rrbot_ws/install/controlko_bringup/share/ament_index/resource_index/parent_prefix_path/controlko_bringup
-- Up-to-date: /home/tony/ros2_control/1_rrbot_ws/install/controlko_bringup/share/controlko_bringup/environment/ament_prefix_path.sh
-- Installing: /home/tony/ros2_control/1_rrbot_ws/install/controlko_bringup/share/controlko_bringup/environment/ament_prefix_path.dsv
-- Up-to-date: /home/tony/ros2_control/1_rrbot_ws/install/controlko_bringup/share/controlko_bringup/environment/path.sh
-- Installing: /home/tony/ros2_control/1_rrbot_ws/install/controlko_bringup/share/controlko_bringup/environment/path.dsv
-- Up-to-date: /home/tony/ros2_control/1_rrbot_ws/install/controlko_bringup/share/controlko_bringup/local_setup.bash
-- Up-to-date: /home/tony/ros2_control/1_rrbot_ws/install/controlko_bringup/share/controlko_bringup/local_setup.sh
-- Up-to-date: /home/tony/ros2_control/1_rrbot_ws/install/controlko_bringup/share/controlko_bringup/local_setup.zsh
-- Installing: /home/tony/ros2_control/1_rrbot_ws/install/controlko_bringup/share/controlko_bringup/local_setup.dsv
-- Installing: /home/tony/ros2_control/1_rrbot_ws/install/controlko_bringup/share/controlko_bringup/package.dsv
-- Up-to-date: /home/tony/ros2_control/1_rrbot_ws/install/controlko_bringup/share/ament_index/resource_index/packages/controlko_bringup
-- Up-to-date: /home/tony/ros2_control/1_rrbot_ws/install/controlko_bringup/share/controlko_bringup/cmake/controlko_bringupConfig.cmake
-- Up-to-date: /home/tony/ros2_control/1_rrbot_ws/install/controlko_bringup/share/controlko_bringup/cmake/controlko_bringupConfig-version.cmake
-- Up-to-date: /home/tony/ros2_control/1_rrbot_ws/install/controlko_bringup/share/controlko_bringup/package.xml
