[0.029s] Invoking command in '/home/tony/ros2_control/1_rrbot_ws/build/controlko_bringup': AMENT_PREFIX_PATH=/home/tony/ros2_control/1_rrbot_ws/install/controlko_description:${AMENT_PREFIX_PATH} CMAKE_PREFIX_PATH=/home/tony/ros2_control/1_rrbot_ws/install/controlko_description:/opt/ros/humble /usr/bin/cmake /home/tony/ros2_control/1_rrbot_ws/roscon2022_workshop/controlko_bringup -DCMAKE_EXPORT_COMPILE_COMMANDS=1 -DCMAKE_INSTALL_PREFIX=/home/tony/ros2_control/1_rrbot_ws/install/controlko_bringup
[0.048s] -- Found ament_cmake: 1.3.10 (/opt/ros/humble/share/ament_cmake/cmake)
[0.219s] -- Found ament_lint_auto: 0.12.11 (/opt/ros/humble/share/ament_lint_auto/cmake)
[0.296s] -- Added test 'flake8' to check Python code syntax and style conventions
[0.296s] -- Added test 'lint_cmake' to check CMake code style
[0.297s] -- Added test 'pep257' to check Python code against some of the docstring style conventions in PEP 257
[0.298s] -- Added test 'xmllint' to check XML markup files
[0.299s] -- Configuring done
[0.303s] -- Generating done
[0.304s] [33mCMake Warning:
[0.304s]   Manually-specified variables were not used by the project:
[0.304s] 
[0.305s]     CMAKE_EXPORT_COMPILE_COMMANDS
[0.305s] 
[0.305s] [0m
[0.305s] -- Build files have been written to: /home/tony/ros2_control/1_rrbot_ws/build/controlko_bringup
[0.309s] Invoked command in '/home/tony/ros2_control/1_rrbot_ws/build/controlko_bringup' returned '0': AMENT_PREFIX_PATH=/home/tony/ros2_control/1_rrbot_ws/install/controlko_description:${AMENT_PREFIX_PATH} CMAKE_PREFIX_PATH=/home/tony/ros2_control/1_rrbot_ws/install/controlko_description:/opt/ros/humble /usr/bin/cmake /home/tony/ros2_control/1_rrbot_ws/roscon2022_workshop/controlko_bringup -DCMAKE_EXPORT_COMPILE_COMMANDS=1 -DCMAKE_INSTALL_PREFIX=/home/tony/ros2_control/1_rrbot_ws/install/controlko_bringup
[0.310s] Invoking command in '/home/tony/ros2_control/1_rrbot_ws/build/controlko_bringup': AMENT_PREFIX_PATH=/home/tony/ros2_control/1_rrbot_ws/install/controlko_description:${AMENT_PREFIX_PATH} CMAKE_PREFIX_PATH=/home/tony/ros2_control/1_rrbot_ws/install/controlko_description:/opt/ros/humble /usr/bin/cmake --build /home/tony/ros2_control/1_rrbot_ws/build/controlko_bringup -- -j4 -l4
[0.359s] Invoked command in '/home/tony/ros2_control/1_rrbot_ws/build/controlko_bringup' returned '0': AMENT_PREFIX_PATH=/home/tony/ros2_control/1_rrbot_ws/install/controlko_description:${AMENT_PREFIX_PATH} CMAKE_PREFIX_PATH=/home/tony/ros2_control/1_rrbot_ws/install/controlko_description:/opt/ros/humble /usr/bin/cmake --build /home/tony/ros2_control/1_rrbot_ws/build/controlko_bringup -- -j4 -l4
[0.383s] Invoking command in '/home/tony/ros2_control/1_rrbot_ws/build/controlko_bringup': AMENT_PREFIX_PATH=/home/tony/ros2_control/1_rrbot_ws/install/controlko_description:${AMENT_PREFIX_PATH} CMAKE_PREFIX_PATH=/home/tony/ros2_control/1_rrbot_ws/install/controlko_description:/opt/ros/humble /usr/bin/cmake --install /home/tony/ros2_control/1_rrbot_ws/build/controlko_bringup
[0.395s] -- Install configuration: ""
[0.395s] -- Up-to-date: /home/tony/ros2_control/1_rrbot_ws/install/controlko_bringup/share/controlko_bringup/config
[0.395s] -- Up-to-date: /home/tony/ros2_control/1_rrbot_ws/install/controlko_bringup/share/controlko_bringup/config/rrbot_controllers.yaml
[0.396s] -- Up-to-date: /home/tony/ros2_control/1_rrbot_ws/install/controlko_bringup/share/controlko_bringup/config/test_goal_publishers_config.yaml
[0.396s] -- Up-to-date: /home/tony/ros2_control/1_rrbot_ws/install/controlko_bringup/share/controlko_bringup
[0.396s] -- Up-to-date: /home/tony/ros2_control/1_rrbot_ws/install/controlko_bringup/share/controlko_bringup/test_forward_position_controller.launch.py
[0.396s] -- Up-to-date: /home/tony/ros2_control/1_rrbot_ws/install/controlko_bringup/share/controlko_bringup/rrbot.launch.py
[0.396s] -- Up-to-date: /home/tony/ros2_control/1_rrbot_ws/install/controlko_bringup/share/controlko_bringup/rrbot_sim_gazebo_classic.launch.py
[0.396s] -- Up-to-date: /home/tony/ros2_control/1_rrbot_ws/install/controlko_bringup/share/controlko_bringup/rrbot_sim_gazebo.launch.py
[0.396s] -- Up-to-date: /home/tony/ros2_control/1_rrbot_ws/install/controlko_bringup/share/controlko_bringup/test_joint_trajectory_controller.launch.py
[0.396s] -- Up-to-date: /home/tony/ros2_control/1_rrbot_ws/install/controlko_bringup/share/ament_index/resource_index/package_run_dependencies/controlko_bringup
[0.397s] -- Up-to-date: /home/tony/ros2_control/1_rrbot_ws/install/controlko_bringup/share/ament_index/resource_index/parent_prefix_path/controlko_bringup
[0.397s] -- Up-to-date: /home/tony/ros2_control/1_rrbot_ws/install/controlko_bringup/share/controlko_bringup/environment/ament_prefix_path.sh
[0.397s] -- Installing: /home/tony/ros2_control/1_rrbot_ws/install/controlko_bringup/share/controlko_bringup/environment/ament_prefix_path.dsv
[0.397s] -- Up-to-date: /home/tony/ros2_control/1_rrbot_ws/install/controlko_bringup/share/controlko_bringup/environment/path.sh
[0.397s] -- Installing: /home/tony/ros2_control/1_rrbot_ws/install/controlko_bringup/share/controlko_bringup/environment/path.dsv
[0.397s] -- Up-to-date: /home/tony/ros2_control/1_rrbot_ws/install/controlko_bringup/share/controlko_bringup/local_setup.bash
[0.397s] -- Up-to-date: /home/tony/ros2_control/1_rrbot_ws/install/controlko_bringup/share/controlko_bringup/local_setup.sh
[0.397s] -- Up-to-date: /home/tony/ros2_control/1_rrbot_ws/install/controlko_bringup/share/controlko_bringup/local_setup.zsh
[0.398s] -- Installing: /home/tony/ros2_control/1_rrbot_ws/install/controlko_bringup/share/controlko_bringup/local_setup.dsv
[0.398s] -- Installing: /home/tony/ros2_control/1_rrbot_ws/install/controlko_bringup/share/controlko_bringup/package.dsv
[0.398s] -- Up-to-date: /home/tony/ros2_control/1_rrbot_ws/install/controlko_bringup/share/ament_index/resource_index/packages/controlko_bringup
[0.398s] -- Up-to-date: /home/tony/ros2_control/1_rrbot_ws/install/controlko_bringup/share/controlko_bringup/cmake/controlko_bringupConfig.cmake
[0.398s] -- Up-to-date: /home/tony/ros2_control/1_rrbot_ws/install/controlko_bringup/share/controlko_bringup/cmake/controlko_bringupConfig-version.cmake
[0.398s] -- Up-to-date: /home/tony/ros2_control/1_rrbot_ws/install/controlko_bringup/share/controlko_bringup/package.xml
[0.401s] Invoked command in '/home/tony/ros2_control/1_rrbot_ws/build/controlko_bringup' returned '0': AMENT_PREFIX_PATH=/home/tony/ros2_control/1_rrbot_ws/install/controlko_description:${AMENT_PREFIX_PATH} CMAKE_PREFIX_PATH=/home/tony/ros2_control/1_rrbot_ws/install/controlko_description:/opt/ros/humble /usr/bin/cmake --install /home/tony/ros2_control/1_rrbot_ws/build/controlko_bringup
