[0.016s] Invoking command in '/home/tony/ros2_control/1_rrbot_ws/build/controlko_description': CMAKE_PREFIX_PATH=/opt/ros/humble /usr/bin/cmake /home/tony/ros2_control/1_rrbot_ws/roscon2022_workshop/controlko_description -DCMAKE_INSTALL_PREFIX=/home/tony/ros2_control/1_rrbot_ws/install/controlko_description
[0.115s] -- The C compiler identification is GNU 11.4.0
[0.196s] -- The CXX compiler identification is GNU 11.4.0
[0.206s] -- Detecting C compiler ABI info
[0.287s] -- Detecting C compiler ABI info - done
[0.301s] -- Check for working C compiler: /usr/bin/cc - skipped
[0.301s] -- Detecting C compile features
[0.301s] -- Detecting C compile features - done
[0.306s] -- Detecting CXX compiler ABI info
[0.436s] -- Detecting CXX compiler ABI info - done
[0.451s] -- Check for working CXX compiler: /usr/bin/c++ - skipped
[0.452s] -- Detecting CXX compile features
[0.454s] -- Detecting CXX compile features - done
[0.456s] -- Found ament_cmake: 1.3.10 (/opt/ros/humble/share/ament_cmake/cmake)
[0.683s] -- Found Python3: /usr/bin/python3 (found version "3.10.12") found components: Interpreter 
[0.778s] -- Found ament_lint_auto: 0.12.11 (/opt/ros/humble/share/ament_lint_auto/cmake)
[0.898s] -- Added test 'flake8' to check Python code syntax and style conventions
[0.898s] -- Added test 'lint_cmake' to check CMake code style
[0.898s] -- Added test 'pep257' to check Python code against some of the docstring style conventions in PEP 257
[0.901s] -- Added test 'xmllint' to check XML markup files
[0.901s] -- Configuring done
[0.905s] -- Generating done
[0.907s] -- Build files have been written to: /home/tony/ros2_control/1_rrbot_ws/build/controlko_description
[0.912s] Invoked command in '/home/tony/ros2_control/1_rrbot_ws/build/controlko_description' returned '0': CMAKE_PREFIX_PATH=/opt/ros/humble /usr/bin/cmake /home/tony/ros2_control/1_rrbot_ws/roscon2022_workshop/controlko_description -DCMAKE_INSTALL_PREFIX=/home/tony/ros2_control/1_rrbot_ws/install/controlko_description
[0.915s] Invoking command in '/home/tony/ros2_control/1_rrbot_ws/build/controlko_description': CMAKE_PREFIX_PATH=/opt/ros/humble /usr/bin/cmake --build /home/tony/ros2_control/1_rrbot_ws/build/controlko_description -- -j4 -l4
[0.968s] Invoked command in '/home/tony/ros2_control/1_rrbot_ws/build/controlko_description' returned '0': CMAKE_PREFIX_PATH=/opt/ros/humble /usr/bin/cmake --build /home/tony/ros2_control/1_rrbot_ws/build/controlko_description -- -j4 -l4
[1.001s] Invoking command in '/home/tony/ros2_control/1_rrbot_ws/build/controlko_description': CMAKE_PREFIX_PATH=/opt/ros/humble /usr/bin/cmake --install /home/tony/ros2_control/1_rrbot_ws/build/controlko_description
[1.010s] -- Install configuration: ""
[1.010s] -- Installing: /home/tony/ros2_control/1_rrbot_ws/install/controlko_description/share/controlko_description/config
[1.010s] -- Installing: /home/tony/ros2_control/1_rrbot_ws/install/controlko_description/share/controlko_description/config/.gitkeep
[1.011s] -- Up-to-date: /home/tony/ros2_control/1_rrbot_ws/install/controlko_description/share/controlko_description
[1.011s] -- Installing: /home/tony/ros2_control/1_rrbot_ws/install/controlko_description/share/controlko_description/view_rrbot.launch.py
[1.011s] -- Installing: /home/tony/ros2_control/1_rrbot_ws/install/controlko_description/share/controlko_description/meshes
[1.011s] -- Installing: /home/tony/ros2_control/1_rrbot_ws/install/controlko_description/share/controlko_description/meshes/rrbot
[1.011s] -- Installing: /home/tony/ros2_control/1_rrbot_ws/install/controlko_description/share/controlko_description/meshes/rrbot/visual
[1.012s] -- Installing: /home/tony/ros2_control/1_rrbot_ws/install/controlko_description/share/controlko_description/meshes/rrbot/visual/.gitkeep
[1.012s] -- Installing: /home/tony/ros2_control/1_rrbot_ws/install/controlko_description/share/controlko_description/rviz
[1.012s] -- Installing: /home/tony/ros2_control/1_rrbot_ws/install/controlko_description/share/controlko_description/rviz/rrbot.rviz
[1.013s] -- Installing: /home/tony/ros2_control/1_rrbot_ws/install/controlko_description/share/controlko_description/urdf
[1.013s] -- Installing: /home/tony/ros2_control/1_rrbot_ws/install/controlko_description/share/controlko_description/urdf/rrbot.urdf.xacro
[1.013s] -- Installing: /home/tony/ros2_control/1_rrbot_ws/install/controlko_description/share/controlko_description/urdf/common.xacro
[1.013s] -- Installing: /home/tony/ros2_control/1_rrbot_ws/install/controlko_description/share/controlko_description/urdf/rrbot
[1.013s] -- Installing: /home/tony/ros2_control/1_rrbot_ws/install/controlko_description/share/controlko_description/urdf/rrbot/rrbot_macro.ros2_control.xacro
[1.013s] -- Installing: /home/tony/ros2_control/1_rrbot_ws/install/controlko_description/share/controlko_description/urdf/rrbot/rrbot_macro.xacro
[1.014s] -- Installing: /home/tony/ros2_control/1_rrbot_ws/install/controlko_description/share/ament_index/resource_index/package_run_dependencies/controlko_description
[1.015s] -- Installing: /home/tony/ros2_control/1_rrbot_ws/install/controlko_description/share/ament_index/resource_index/parent_prefix_path/controlko_description
[1.015s] -- Installing: /home/tony/ros2_control/1_rrbot_ws/install/controlko_description/share/controlko_description/environment/ament_prefix_path.sh
[1.016s] -- Installing: /home/tony/ros2_control/1_rrbot_ws/install/controlko_description/share/controlko_description/environment/ament_prefix_path.dsv
[1.016s] -- Installing: /home/tony/ros2_control/1_rrbot_ws/install/controlko_description/share/controlko_description/environment/path.sh
[1.017s] -- Installing: /home/tony/ros2_control/1_rrbot_ws/install/controlko_description/share/controlko_description/environment/path.dsv
[1.017s] -- Installing: /home/tony/ros2_control/1_rrbot_ws/install/controlko_description/share/controlko_description/local_setup.bash
[1.017s] -- Installing: /home/tony/ros2_control/1_rrbot_ws/install/controlko_description/share/controlko_description/local_setup.sh
[1.018s] -- Installing: /home/tony/ros2_control/1_rrbot_ws/install/controlko_description/share/controlko_description/local_setup.zsh
[1.018s] -- Installing: /home/tony/ros2_control/1_rrbot_ws/install/controlko_description/share/controlko_description/local_setup.dsv
[1.019s] -- Installing: /home/tony/ros2_control/1_rrbot_ws/install/controlko_description/share/controlko_description/package.dsv
[1.020s] -- Installing: /home/tony/ros2_control/1_rrbot_ws/install/controlko_description/share/ament_index/resource_index/packages/controlko_description
[1.020s] -- Installing: /home/tony/ros2_control/1_rrbot_ws/install/controlko_description/share/controlko_description/cmake/controlko_descriptionConfig.cmake
[1.021s] -- Installing: /home/tony/ros2_control/1_rrbot_ws/install/controlko_description/share/controlko_description/cmake/controlko_descriptionConfig-version.cmake
[1.021s] -- Installing: /home/tony/ros2_control/1_rrbot_ws/install/controlko_description/share/controlko_description/package.xml
[1.030s] Invoked command in '/home/tony/ros2_control/1_rrbot_ws/build/controlko_description' returned '0': CMAKE_PREFIX_PATH=/opt/ros/humble /usr/bin/cmake --install /home/tony/ros2_control/1_rrbot_ws/build/controlko_description
