[0.021s] Invoking command in '/home/tony/ros2_control/build/my_hardwareinterfaces': CMAKE_PREFIX_PATH=${CMAKE_PREFIX_PATH}:/opt/ros/humble /usr/bin/cmake /home/tony/ros2_control/1_rrbot_ws/my_hardwareinterfaces -DCMAKE_INSTALL_PREFIX=/home/tony/ros2_control/install/my_hardwareinterfaces
[0.174s] -- The C compiler identification is GNU 11.4.0
[0.302s] -- The CXX compiler identification is GNU 11.4.0
[0.330s] -- Detecting C compiler ABI info
[0.519s] -- Detecting C compiler ABI info - done
[0.589s] -- Check for working C compiler: /usr/bin/cc - skipped
[0.589s] -- Detecting C compile features
[0.590s] -- Detecting C compile features - done
[0.618s] -- Detecting CXX compiler ABI info
[0.921s] -- Detecting CXX compiler ABI info - done
[0.954s] -- Check for working CXX compiler: /usr/bin/c++ - skipped
[0.955s] -- Detecting CXX compile features
[0.957s] -- Detecting CXX compile features - done
[0.964s] -- Found ament_cmake: 1.3.10 (/opt/ros/humble/share/ament_cmake/cmake)
[1.308s] -- Found Python3: /usr/bin/python3 (found version "3.10.12") found components: Interpreter 
[1.537s] -- Found ament_lint_auto: 0.12.11 (/opt/ros/humble/share/ament_lint_auto/cmake)
[1.741s] -- Added test 'lint_cmake' to check CMake code style
[1.745s] -- Added test 'xmllint' to check XML markup files
[1.748s] -- Configuring done
[1.754s] -- Generating done
[1.754s] -- Build files have been written to: /home/tony/ros2_control/build/my_hardwareinterfaces
[1.766s] Invoked command in '/home/tony/ros2_control/build/my_hardwareinterfaces' returned '0': CMAKE_PREFIX_PATH=${CMAKE_PREFIX_PATH}:/opt/ros/humble /usr/bin/cmake /home/tony/ros2_control/1_rrbot_ws/my_hardwareinterfaces -DCMAKE_INSTALL_PREFIX=/home/tony/ros2_control/install/my_hardwareinterfaces
[1.773s] Invoking command in '/home/tony/ros2_control/build/my_hardwareinterfaces': CMAKE_PREFIX_PATH=${CMAKE_PREFIX_PATH}:/opt/ros/humble /usr/bin/cmake --build /home/tony/ros2_control/build/my_hardwareinterfaces -- -j4 -l4
[1.881s] Invoked command in '/home/tony/ros2_control/build/my_hardwareinterfaces' returned '0': CMAKE_PREFIX_PATH=${CMAKE_PREFIX_PATH}:/opt/ros/humble /usr/bin/cmake --build /home/tony/ros2_control/build/my_hardwareinterfaces -- -j4 -l4
[1.946s] Invoking command in '/home/tony/ros2_control/build/my_hardwareinterfaces': CMAKE_PREFIX_PATH=${CMAKE_PREFIX_PATH}:/opt/ros/humble /usr/bin/cmake --install /home/tony/ros2_control/build/my_hardwareinterfaces
[1.966s] -- Install configuration: ""
[1.968s] -- Installing: /home/tony/ros2_control/install/my_hardwareinterfaces/share/ament_index/resource_index/package_run_dependencies/my_hardwareinterfaces
[1.972s] -- Installing: /home/tony/ros2_control/install/my_hardwareinterfaces/share/ament_index/resource_index/parent_prefix_path/my_hardwareinterfaces
[1.978s] -- Installing: /home/tony/ros2_control/install/my_hardwareinterfaces/share/my_hardwareinterfaces/environment/ament_prefix_path.sh
[1.979s] -- Installing: /home/tony/ros2_control/install/my_hardwareinterfaces/share/my_hardwareinterfaces/environment/ament_prefix_path.dsv
[1.979s] -- Installing: /home/tony/ros2_control/install/my_hardwareinterfaces/share/my_hardwareinterfaces/environment/path.sh
[1.983s] -- Installing: /home/tony/ros2_control/install/my_hardwareinterfaces/share/my_hardwareinterfaces/environment/path.dsv
[1.983s] -- Installing: /home/tony/ros2_control/install/my_hardwareinterfaces/share/my_hardwareinterfaces/local_setup.bash
[1.984s] -- Installing: /home/tony/ros2_control/install/my_hardwareinterfaces/share/my_hardwareinterfaces/local_setup.sh
[1.984s] -- Installing: /home/tony/ros2_control/install/my_hardwareinterfaces/share/my_hardwareinterfaces/local_setup.zsh
[1.985s] -- Installing: /home/tony/ros2_control/install/my_hardwareinterfaces/share/my_hardwareinterfaces/local_setup.dsv
[1.986s] -- Installing: /home/tony/ros2_control/install/my_hardwareinterfaces/share/my_hardwareinterfaces/package.dsv
[1.987s] -- Installing: /home/tony/ros2_control/install/my_hardwareinterfaces/share/ament_index/resource_index/packages/my_hardwareinterfaces
[1.987s] -- Installing: /home/tony/ros2_control/install/my_hardwareinterfaces/share/my_hardwareinterfaces/cmake/my_hardwareinterfacesConfig.cmake
[1.989s] -- Installing: /home/tony/ros2_control/install/my_hardwareinterfaces/share/my_hardwareinterfaces/cmake/my_hardwareinterfacesConfig-version.cmake
[1.990s] -- Installing: /home/tony/ros2_control/install/my_hardwareinterfaces/share/my_hardwareinterfaces/package.xml
[1.999s] Invoked command in '/home/tony/ros2_control/build/my_hardwareinterfaces' returned '0': CMAKE_PREFIX_PATH=${CMAKE_PREFIX_PATH}:/opt/ros/humble /usr/bin/cmake --install /home/tony/ros2_control/build/my_hardwareinterfaces
