[0.062s] Invoking command in '/home/tony/ros2_control/examples/build/ros2_control_demo_example_3': AMENT_PREFIX_PATH=/home/tony/ros2_control/examples/install/ros2_control_demo_testing:/home/tony/ros2_control/examples/install/ros2_control_demo_description:${AMENT_PREFIX_PATH} CMAKE_PREFIX_PATH=/home/tony/ros2_control/examples/install/ros2_control_demo_description:/opt/ros/humble PYTHONPATH=/home/tony/ros2_control/examples/install/ros2_control_demo_testing/lib/python3.10/site-packages:${PYTHONPATH} /usr/bin/cmake /home/tony/ros2_control/examples/src/example_3 -DCMAKE_INSTALL_PREFIX=/home/tony/ros2_control/examples/install/ros2_control_demo_example_3
[0.412s] -- The CXX compiler identification is GNU 11.4.0
[0.434s] -- Detecting CXX compiler ABI info
[0.785s] -- Detecting CXX compiler ABI info - done
[0.816s] -- Check for working CXX compiler: /usr/bin/c++ - skipped
[0.817s] -- Detecting CXX compile features
[0.818s] -- Detecting CXX compile features - done
[0.823s] -- Found ament_cmake: 1.3.10 (/opt/ros/humble/share/ament_cmake/cmake)
[1.195s] -- Found Python3: /usr/bin/python3 (found version "3.10.12") found components: Interpreter 
[1.353s] -- Found hardware_interface: 2.43.1 (/opt/ros/humble/share/hardware_interface/cmake)
[1.414s] -- Found rosidl_generator_c: 3.1.5 (/opt/ros/humble/share/rosidl_generator_c/cmake)
[1.422s] -- Found rosidl_adapter: 3.1.5 (/opt/ros/humble/share/rosidl_adapter/cmake)
[1.437s] -- Found rosidl_generator_cpp: 3.1.5 (/opt/ros/humble/share/rosidl_generator_cpp/cmake)
[1.457s] -- Using all available rosidl_typesupport_c: rosidl_typesupport_fastrtps_c;rosidl_typesupport_introspection_c
[1.486s] -- Using all available rosidl_typesupport_cpp: rosidl_typesupport_fastrtps_cpp;rosidl_typesupport_introspection_cpp
[1.859s] -- Found rmw_implementation_cmake: 6.1.2 (/opt/ros/humble/share/rmw_implementation_cmake/cmake)
[1.867s] -- Found rmw_fastrtps_cpp: 6.2.7 (/opt/ros/humble/share/rmw_fastrtps_cpp/cmake)
[1.909s] -- Found TinyXML2 via Config file: TinyXML2_DIR-NOTFOUND
[2.034s] -- Found OpenSSL: /usr/lib/x86_64-linux-gnu/libcrypto.so (found version "3.0.2")  
[2.040s] -- Found TinyXML2 via Config file: TinyXML2_DIR-NOTFOUND
[2.072s] -- Found FastRTPS: /opt/ros/humble/include  
[2.080s] -- Found TinyXML2 via Config file: TinyXML2_DIR-NOTFOUND
[2.091s] -- Found TinyXML2 via Config file: TinyXML2_DIR-NOTFOUND
[2.111s] -- Using RMW implementation 'rmw_fastrtps_cpp' as default
[2.125s] -- Looking for C++ include pthread.h
[2.291s] -- Looking for C++ include pthread.h - found
[2.291s] -- Performing Test CMAKE_HAVE_LIBC_PTHREAD
[2.461s] -- Performing Test CMAKE_HAVE_LIBC_PTHREAD - Success
[2.464s] -- Found Threads: TRUE  
[2.581s] -- Found ament_cmake_pytest: 1.3.10 (/opt/ros/humble/share/ament_cmake_pytest/cmake)
[4.729s] -- Configuring done
[4.767s] -- Generating done
[4.771s] -- Build files have been written to: /home/tony/ros2_control/examples/build/ros2_control_demo_example_3
[4.791s] Invoked command in '/home/tony/ros2_control/examples/build/ros2_control_demo_example_3' returned '0': AMENT_PREFIX_PATH=/home/tony/ros2_control/examples/install/ros2_control_demo_testing:/home/tony/ros2_control/examples/install/ros2_control_demo_description:${AMENT_PREFIX_PATH} CMAKE_PREFIX_PATH=/home/tony/ros2_control/examples/install/ros2_control_demo_description:/opt/ros/humble PYTHONPATH=/home/tony/ros2_control/examples/install/ros2_control_demo_testing/lib/python3.10/site-packages:${PYTHONPATH} /usr/bin/cmake /home/tony/ros2_control/examples/src/example_3 -DCMAKE_INSTALL_PREFIX=/home/tony/ros2_control/examples/install/ros2_control_demo_example_3
[4.792s] Invoking command in '/home/tony/ros2_control/examples/build/ros2_control_demo_example_3': AMENT_PREFIX_PATH=/home/tony/ros2_control/examples/install/ros2_control_demo_testing:/home/tony/ros2_control/examples/install/ros2_control_demo_description:${AMENT_PREFIX_PATH} CMAKE_PREFIX_PATH=/home/tony/ros2_control/examples/install/ros2_control_demo_description:/opt/ros/humble PYTHONPATH=/home/tony/ros2_control/examples/install/ros2_control_demo_testing/lib/python3.10/site-packages:${PYTHONPATH} /usr/bin/cmake --build /home/tony/ros2_control/examples/build/ros2_control_demo_example_3 -- -j4 -l4
[4.888s] [ 50%] [32mBuilding CXX object CMakeFiles/ros2_control_demo_example_3.dir/hardware/rrbot_system_multi_interface.cpp.o[0m
[12.690s] [100%] [32m[1mLinking CXX shared library libros2_control_demo_example_3.so[0m
[13.070s] [100%] Built target ros2_control_demo_example_3
[13.089s] Invoked command in '/home/tony/ros2_control/examples/build/ros2_control_demo_example_3' returned '0': AMENT_PREFIX_PATH=/home/tony/ros2_control/examples/install/ros2_control_demo_testing:/home/tony/ros2_control/examples/install/ros2_control_demo_description:${AMENT_PREFIX_PATH} CMAKE_PREFIX_PATH=/home/tony/ros2_control/examples/install/ros2_control_demo_description:/opt/ros/humble PYTHONPATH=/home/tony/ros2_control/examples/install/ros2_control_demo_testing/lib/python3.10/site-packages:${PYTHONPATH} /usr/bin/cmake --build /home/tony/ros2_control/examples/build/ros2_control_demo_example_3 -- -j4 -l4
[13.133s] Invoking command in '/home/tony/ros2_control/examples/build/ros2_control_demo_example_3': AMENT_PREFIX_PATH=/home/tony/ros2_control/examples/install/ros2_control_demo_testing:/home/tony/ros2_control/examples/install/ros2_control_demo_description:${AMENT_PREFIX_PATH} CMAKE_PREFIX_PATH=/home/tony/ros2_control/examples/install/ros2_control_demo_description:/opt/ros/humble PYTHONPATH=/home/tony/ros2_control/examples/install/ros2_control_demo_testing/lib/python3.10/site-packages:${PYTHONPATH} /usr/bin/cmake --install /home/tony/ros2_control/examples/build/ros2_control_demo_example_3
[13.149s] -- Install configuration: ""
[13.149s] -- Installing: /home/tony/ros2_control/examples/install/ros2_control_demo_example_3/share/ros2_control_demo_example_3/ros2_control_demo_example_3.xml
[13.152s] -- Installing: /home/tony/ros2_control/examples/install/ros2_control_demo_example_3/include/ros2_control_demo_example_3
[13.153s] -- Installing: /home/tony/ros2_control/examples/install/ros2_control_demo_example_3/include/ros2_control_demo_example_3/ros2_control_demo_example_3
[13.154s] -- Installing: /home/tony/ros2_control/examples/install/ros2_control_demo_example_3/include/ros2_control_demo_example_3/ros2_control_demo_example_3/rrbot_system_multi_interface.hpp
[13.154s] -- Installing: /home/tony/ros2_control/examples/install/ros2_control_demo_example_3/share/ros2_control_demo_example_3/launch
[13.155s] -- Installing: /home/tony/ros2_control/examples/install/ros2_control_demo_example_3/share/ros2_control_demo_example_3/launch/view_robot.launch.py
[13.155s] -- Installing: /home/tony/ros2_control/examples/install/ros2_control_demo_example_3/share/ros2_control_demo_example_3/ros2_control
[13.156s] -- Installing: /home/tony/ros2_control/examples/install/ros2_control_demo_example_3/share/ros2_control_demo_example_3/ros2_control/rrbot_system_multi_interface.ros2_control.xacro
[13.156s] -- Installing: /home/tony/ros2_control/examples/install/ros2_control_demo_example_3/share/ros2_control_demo_example_3/urdf
[13.157s] -- Installing: /home/tony/ros2_control/examples/install/ros2_control_demo_example_3/share/ros2_control_demo_example_3/urdf/rrbot_system_multi_interface.urdf.xacro
[13.157s] -- Up-to-date: /home/tony/ros2_control/examples/install/ros2_control_demo_example_3/share/ros2_control_demo_example_3/launch
[13.158s] -- Installing: /home/tony/ros2_control/examples/install/ros2_control_demo_example_3/share/ros2_control_demo_example_3/launch/test_forward_position_controller.launch.py
[13.158s] -- Installing: /home/tony/ros2_control/examples/install/ros2_control_demo_example_3/share/ros2_control_demo_example_3/launch/rrbot_system_multi_interface.launch.py
[13.158s] -- Installing: /home/tony/ros2_control/examples/install/ros2_control_demo_example_3/share/ros2_control_demo_example_3/config
[13.159s] -- Installing: /home/tony/ros2_control/examples/install/ros2_control_demo_example_3/share/ros2_control_demo_example_3/config/rrbot_multi_interface_forward_controllers.yaml
[13.159s] -- Installing: /home/tony/ros2_control/examples/install/ros2_control_demo_example_3/share/ros2_control_demo_example_3/config/rrbot_forward_position_publisher.yaml
[13.159s] -- Installing: /home/tony/ros2_control/examples/install/ros2_control_demo_example_3/lib/libros2_control_demo_example_3.so
[13.161s] -- Set runtime path of "/home/tony/ros2_control/examples/install/ros2_control_demo_example_3/lib/libros2_control_demo_example_3.so" to ""
[13.161s] -- Installing: /home/tony/ros2_control/examples/install/ros2_control_demo_example_3/share/ros2_control_demo_example_3/environment/library_path.sh
[13.163s] -- Installing: /home/tony/ros2_control/examples/install/ros2_control_demo_example_3/share/ros2_control_demo_example_3/environment/library_path.dsv
[13.163s] -- Installing: /home/tony/ros2_control/examples/install/ros2_control_demo_example_3/share/ament_index/resource_index/package_run_dependencies/ros2_control_demo_example_3
[13.164s] -- Installing: /home/tony/ros2_control/examples/install/ros2_control_demo_example_3/share/ament_index/resource_index/parent_prefix_path/ros2_control_demo_example_3
[13.164s] -- Installing: /home/tony/ros2_control/examples/install/ros2_control_demo_example_3/share/ros2_control_demo_example_3/environment/ament_prefix_path.sh
[13.164s] -- Installing: /home/tony/ros2_control/examples/install/ros2_control_demo_example_3/share/ros2_control_demo_example_3/environment/ament_prefix_path.dsv
[13.164s] -- Installing: /home/tony/ros2_control/examples/install/ros2_control_demo_example_3/share/ros2_control_demo_example_3/environment/path.sh
[13.164s] -- Installing: /home/tony/ros2_control/examples/install/ros2_control_demo_example_3/share/ros2_control_demo_example_3/environment/path.dsv
[13.165s] -- Installing: /home/tony/ros2_control/examples/install/ros2_control_demo_example_3/share/ros2_control_demo_example_3/local_setup.bash
[13.165s] -- Installing: /home/tony/ros2_control/examples/install/ros2_control_demo_example_3/share/ros2_control_demo_example_3/local_setup.sh
[13.165s] -- Installing: /home/tony/ros2_control/examples/install/ros2_control_demo_example_3/share/ros2_control_demo_example_3/local_setup.zsh
[13.165s] -- Installing: /home/tony/ros2_control/examples/install/ros2_control_demo_example_3/share/ros2_control_demo_example_3/local_setup.dsv
[13.165s] -- Installing: /home/tony/ros2_control/examples/install/ros2_control_demo_example_3/share/ros2_control_demo_example_3/package.dsv
[13.166s] -- Installing: /home/tony/ros2_control/examples/install/ros2_control_demo_example_3/share/ament_index/resource_index/packages/ros2_control_demo_example_3
[13.166s] -- Installing: /home/tony/ros2_control/examples/install/ros2_control_demo_example_3/share/ament_index/resource_index/hardware_interface__pluginlib__plugin/ros2_control_demo_example_3
[13.166s] -- Installing: /home/tony/ros2_control/examples/install/ros2_control_demo_example_3/share/ros2_control_demo_example_3/cmake/export_ros2_control_demo_example_3Export.cmake
[13.166s] -- Installing: /home/tony/ros2_control/examples/install/ros2_control_demo_example_3/share/ros2_control_demo_example_3/cmake/export_ros2_control_demo_example_3Export-noconfig.cmake
[13.166s] -- Installing: /home/tony/ros2_control/examples/install/ros2_control_demo_example_3/share/ros2_control_demo_example_3/cmake/ament_cmake_export_targets-extras.cmake
[13.166s] -- Installing: /home/tony/ros2_control/examples/install/ros2_control_demo_example_3/share/ros2_control_demo_example_3/cmake/ament_cmake_export_dependencies-extras.cmake
[13.167s] -- Installing: /home/tony/ros2_control/examples/install/ros2_control_demo_example_3/share/ros2_control_demo_example_3/cmake/ros2_control_demo_example_3Config.cmake
[13.167s] -- Installing: /home/tony/ros2_control/examples/install/ros2_control_demo_example_3/share/ros2_control_demo_example_3/cmake/ros2_control_demo_example_3Config-version.cmake
[13.179s] -- Installing: /home/tony/ros2_control/examples/install/ros2_control_demo_example_3/share/ros2_control_demo_example_3/package.xml
[13.179s] Invoked command in '/home/tony/ros2_control/examples/build/ros2_control_demo_example_3' returned '0': AMENT_PREFIX_PATH=/home/tony/ros2_control/examples/install/ros2_control_demo_testing:/home/tony/ros2_control/examples/install/ros2_control_demo_description:${AMENT_PREFIX_PATH} CMAKE_PREFIX_PATH=/home/tony/ros2_control/examples/install/ros2_control_demo_description:/opt/ros/humble PYTHONPATH=/home/tony/ros2_control/examples/install/ros2_control_demo_testing/lib/python3.10/site-packages:${PYTHONPATH} /usr/bin/cmake --install /home/tony/ros2_control/examples/build/ros2_control_demo_example_3
