-- The CXX compiler identification is GNU 11.4.0
-- Detecting CXX compiler ABI info
-- Detecting CXX compiler ABI info - done
-- Check for working CXX compiler: /usr/bin/c++ - skipped
-- Detecting CXX compile features
-- Detecting CXX compile features - done
-- Found ament_cmake: 1.3.10 (/opt/ros/humble/share/ament_cmake/cmake)
-- Found Python3: /usr/bin/python3 (found version "3.10.12") found components: Interpreter 
-- Found hardware_interface: 2.43.1 (/opt/ros/humble/share/hardware_interface/cmake)
-- Found rosidl_generator_c: 3.1.5 (/opt/ros/humble/share/rosidl_generator_c/cmake)
-- Found rosidl_adapter: 3.1.5 (/opt/ros/humble/share/rosidl_adapter/cmake)
-- Found rosidl_generator_cpp: 3.1.5 (/opt/ros/humble/share/rosidl_generator_cpp/cmake)
-- Using all available rosidl_typesupport_c: rosidl_typesupport_fastrtps_c;rosidl_typesupport_introspection_c
-- Using all available rosidl_typesupport_cpp: rosidl_typesupport_fastrtps_cpp;rosidl_typesupport_introspection_cpp
-- Found rmw_implementation_cmake: 6.1.2 (/opt/ros/humble/share/rmw_implementation_cmake/cmake)
-- Found rmw_fastrtps_cpp: 6.2.7 (/opt/ros/humble/share/rmw_fastrtps_cpp/cmake)
-- Found TinyXML2 via Config file: TinyXML2_DIR-NOTFOUND
-- Found OpenSSL: /usr/lib/x86_64-linux-gnu/libcrypto.so (found version "3.0.2")  
-- Found TinyXML2 via Config file: TinyXML2_DIR-NOTFOUND
-- Found FastRTPS: /opt/ros/humble/include  
-- Found TinyXML2 via Config file: TinyXML2_DIR-NOTFOUND
-- Found TinyXML2 via Config file: TinyXML2_DIR-NOTFOUND
-- Using RMW implementation 'rmw_fastrtps_cpp' as default
-- Looking for C++ include pthread.h
-- Looking for C++ include pthread.h - found
-- Performing Test CMAKE_HAVE_LIBC_PTHREAD
-- Performing Test CMAKE_HAVE_LIBC_PTHREAD - Success
-- Found Threads: TRUE  
-- Found ament_cmake_pytest: 1.3.10 (/opt/ros/humble/share/ament_cmake_pytest/cmake)
-- Configuring done
-- Generating done
-- Build files have been written to: /home/tony/ros2_control/examples/build/ros2_control_demo_example_9
[ 50%] [32mBuilding CXX object CMakeFiles/ros2_control_demo_example_9.dir/hardware/rrbot.cpp.o[0m
[100%] [32m[1mLinking CXX shared library libros2_control_demo_example_9.so[0m
[100%] Built target ros2_control_demo_example_9
-- Install configuration: ""
-- Installing: /home/tony/ros2_control/examples/install/ros2_control_demo_example_9/share/ros2_control_demo_example_9/ros2_control_demo_example_9.xml
-- Installing: /home/tony/ros2_control/examples/install/ros2_control_demo_example_9/include/ros2_control_demo_example_9
-- Installing: /home/tony/ros2_control/examples/install/ros2_control_demo_example_9/include/ros2_control_demo_example_9/ros2_control_demo_example_9
-- Installing: /home/tony/ros2_control/examples/install/ros2_control_demo_example_9/include/ros2_control_demo_example_9/ros2_control_demo_example_9/rrbot.hpp
-- Installing: /home/tony/ros2_control/examples/install/ros2_control_demo_example_9/share/ros2_control_demo_example_9/launch
-- Installing: /home/tony/ros2_control/examples/install/ros2_control_demo_example_9/share/ros2_control_demo_example_9/launch/view_robot.launch.py
-- Installing: /home/tony/ros2_control/examples/install/ros2_control_demo_example_9/share/ros2_control_demo_example_9/ros2_control
-- Installing: /home/tony/ros2_control/examples/install/ros2_control_demo_example_9/share/ros2_control_demo_example_9/ros2_control/rrbot.ros2_control.xacro
-- Installing: /home/tony/ros2_control/examples/install/ros2_control_demo_example_9/share/ros2_control_demo_example_9/urdf
-- Installing: /home/tony/ros2_control/examples/install/ros2_control_demo_example_9/share/ros2_control_demo_example_9/urdf/rrbot.urdf.xacro
-- Installing: /home/tony/ros2_control/examples/install/ros2_control_demo_example_9/share/ros2_control_demo_example_9/gazebo
-- Installing: /home/tony/ros2_control/examples/install/ros2_control_demo_example_9/share/ros2_control_demo_example_9/gazebo/rrbot.gazebo.xacro
-- Up-to-date: /home/tony/ros2_control/examples/install/ros2_control_demo_example_9/share/ros2_control_demo_example_9/launch
-- Installing: /home/tony/ros2_control/examples/install/ros2_control_demo_example_9/share/ros2_control_demo_example_9/launch/test_forward_position_controller.launch.py
-- Installing: /home/tony/ros2_control/examples/install/ros2_control_demo_example_9/share/ros2_control_demo_example_9/launch/rrbot.launch.py
-- Installing: /home/tony/ros2_control/examples/install/ros2_control_demo_example_9/share/ros2_control_demo_example_9/launch/rrbot_gazebo_classic.launch.py
-- Installing: /home/tony/ros2_control/examples/install/ros2_control_demo_example_9/share/ros2_control_demo_example_9/config
-- Installing: /home/tony/ros2_control/examples/install/ros2_control_demo_example_9/share/ros2_control_demo_example_9/config/rrbot_forward_position_publisher.yaml
-- Installing: /home/tony/ros2_control/examples/install/ros2_control_demo_example_9/share/ros2_control_demo_example_9/config/rrbot_controllers.yaml
-- Installing: /home/tony/ros2_control/examples/install/ros2_control_demo_example_9/lib/libros2_control_demo_example_9.so
-- Set runtime path of "/home/tony/ros2_control/examples/install/ros2_control_demo_example_9/lib/libros2_control_demo_example_9.so" to ""
-- Installing: /home/tony/ros2_control/examples/install/ros2_control_demo_example_9/share/ros2_control_demo_example_9/environment/library_path.sh
-- Installing: /home/tony/ros2_control/examples/install/ros2_control_demo_example_9/share/ros2_control_demo_example_9/environment/library_path.dsv
-- Installing: /home/tony/ros2_control/examples/install/ros2_control_demo_example_9/share/ament_index/resource_index/package_run_dependencies/ros2_control_demo_example_9
-- Installing: /home/tony/ros2_control/examples/install/ros2_control_demo_example_9/share/ament_index/resource_index/parent_prefix_path/ros2_control_demo_example_9
-- Installing: /home/tony/ros2_control/examples/install/ros2_control_demo_example_9/share/ros2_control_demo_example_9/environment/ament_prefix_path.sh
-- Installing: /home/tony/ros2_control/examples/install/ros2_control_demo_example_9/share/ros2_control_demo_example_9/environment/ament_prefix_path.dsv
-- Installing: /home/tony/ros2_control/examples/install/ros2_control_demo_example_9/share/ros2_control_demo_example_9/environment/path.sh
-- Installing: /home/tony/ros2_control/examples/install/ros2_control_demo_example_9/share/ros2_control_demo_example_9/environment/path.dsv
-- Installing: /home/tony/ros2_control/examples/install/ros2_control_demo_example_9/share/ros2_control_demo_example_9/local_setup.bash
-- Installing: /home/tony/ros2_control/examples/install/ros2_control_demo_example_9/share/ros2_control_demo_example_9/local_setup.sh
-- Installing: /home/tony/ros2_control/examples/install/ros2_control_demo_example_9/share/ros2_control_demo_example_9/local_setup.zsh
-- Installing: /home/tony/ros2_control/examples/install/ros2_control_demo_example_9/share/ros2_control_demo_example_9/local_setup.dsv
-- Installing: /home/tony/ros2_control/examples/install/ros2_control_demo_example_9/share/ros2_control_demo_example_9/package.dsv
-- Installing: /home/tony/ros2_control/examples/install/ros2_control_demo_example_9/share/ament_index/resource_index/packages/ros2_control_demo_example_9
-- Installing: /home/tony/ros2_control/examples/install/ros2_control_demo_example_9/share/ament_index/resource_index/hardware_interface__pluginlib__plugin/ros2_control_demo_example_9
-- Installing: /home/tony/ros2_control/examples/install/ros2_control_demo_example_9/share/ros2_control_demo_example_9/cmake/export_ros2_control_demo_example_9Export.cmake
-- Installing: /home/tony/ros2_control/examples/install/ros2_control_demo_example_9/share/ros2_control_demo_example_9/cmake/export_ros2_control_demo_example_9Export-noconfig.cmake
-- Installing: /home/tony/ros2_control/examples/install/ros2_control_demo_example_9/share/ros2_control_demo_example_9/cmake/ament_cmake_export_targets-extras.cmake
-- Installing: /home/tony/ros2_control/examples/install/ros2_control_demo_example_9/share/ros2_control_demo_example_9/cmake/ament_cmake_export_dependencies-extras.cmake
-- Installing: /home/tony/ros2_control/examples/install/ros2_control_demo_example_9/share/ros2_control_demo_example_9/cmake/ros2_control_demo_example_9Config.cmake
-- Installing: /home/tony/ros2_control/examples/install/ros2_control_demo_example_9/share/ros2_control_demo_example_9/cmake/ros2_control_demo_example_9Config-version.cmake
-- Installing: /home/tony/ros2_control/examples/install/ros2_control_demo_example_9/share/ros2_control_demo_example_9/package.xml
