[0.022s] Invoking command in '/home/tony/ros2_control/examples/build/ros2_control_demo_example_9': AMENT_PREFIX_PATH=/home/tony/ros2_control/examples/install/ros2_control_demo_testing:/home/tony/ros2_control/examples/install/ros2_control_demo_description:${AMENT_PREFIX_PATH} CMAKE_PREFIX_PATH=/home/tony/ros2_control/examples/install/ros2_control_demo_description:/opt/ros/humble PYTHONPATH=/home/tony/ros2_control/examples/install/ros2_control_demo_testing/lib/python3.10/site-packages:${PYTHONPATH} /usr/bin/cmake /home/tony/ros2_control/examples/src/example_9 -DCMAKE_INSTALL_PREFIX=/home/tony/ros2_control/examples/install/ros2_control_demo_example_9
[0.135s] -- The CXX compiler identification is GNU 11.4.0
[0.148s] -- Detecting CXX compiler ABI info
[0.312s] -- Detecting CXX compiler ABI info - done
[0.327s] -- Check for working CXX compiler: /usr/bin/c++ - skipped
[0.328s] -- Detecting CXX compile features
[0.329s] -- Detecting CXX compile features - done
[0.335s] -- Found ament_cmake: 1.3.10 (/opt/ros/humble/share/ament_cmake/cmake)
[0.611s] -- Found Python3: /usr/bin/python3 (found version "3.10.12") found components: Interpreter 
[0.791s] -- Found hardware_interface: 2.43.1 (/opt/ros/humble/share/hardware_interface/cmake)
[0.862s] -- Found rosidl_generator_c: 3.1.5 (/opt/ros/humble/share/rosidl_generator_c/cmake)
[0.872s] -- Found rosidl_adapter: 3.1.5 (/opt/ros/humble/share/rosidl_adapter/cmake)
[0.891s] -- Found rosidl_generator_cpp: 3.1.5 (/opt/ros/humble/share/rosidl_generator_cpp/cmake)
[0.916s] -- Using all available rosidl_typesupport_c: rosidl_typesupport_fastrtps_c;rosidl_typesupport_introspection_c
[0.950s] -- Using all available rosidl_typesupport_cpp: rosidl_typesupport_fastrtps_cpp;rosidl_typesupport_introspection_cpp
[1.363s] -- Found rmw_implementation_cmake: 6.1.2 (/opt/ros/humble/share/rmw_implementation_cmake/cmake)
[1.369s] -- Found rmw_fastrtps_cpp: 6.2.7 (/opt/ros/humble/share/rmw_fastrtps_cpp/cmake)
[1.417s] -- Found TinyXML2 via Config file: TinyXML2_DIR-NOTFOUND
[1.519s] -- Found OpenSSL: /usr/lib/x86_64-linux-gnu/libcrypto.so (found version "3.0.2")  
[1.526s] -- Found TinyXML2 via Config file: TinyXML2_DIR-NOTFOUND
[1.558s] -- Found FastRTPS: /opt/ros/humble/include  
[1.566s] -- Found TinyXML2 via Config file: TinyXML2_DIR-NOTFOUND
[1.584s] -- Found TinyXML2 via Config file: TinyXML2_DIR-NOTFOUND
[1.604s] -- Using RMW implementation 'rmw_fastrtps_cpp' as default
[1.619s] -- Looking for C++ include pthread.h
[1.768s] -- Looking for C++ include pthread.h - found
[1.768s] -- Performing Test CMAKE_HAVE_LIBC_PTHREAD
[1.911s] -- Performing Test CMAKE_HAVE_LIBC_PTHREAD - Success
[1.913s] -- Found Threads: TRUE  
[2.017s] -- Found ament_cmake_pytest: 1.3.10 (/opt/ros/humble/share/ament_cmake_pytest/cmake)
[4.513s] -- Configuring done
[4.550s] -- Generating done
[4.553s] -- Build files have been written to: /home/tony/ros2_control/examples/build/ros2_control_demo_example_9
[4.571s] Invoked command in '/home/tony/ros2_control/examples/build/ros2_control_demo_example_9' returned '0': AMENT_PREFIX_PATH=/home/tony/ros2_control/examples/install/ros2_control_demo_testing:/home/tony/ros2_control/examples/install/ros2_control_demo_description:${AMENT_PREFIX_PATH} CMAKE_PREFIX_PATH=/home/tony/ros2_control/examples/install/ros2_control_demo_description:/opt/ros/humble PYTHONPATH=/home/tony/ros2_control/examples/install/ros2_control_demo_testing/lib/python3.10/site-packages:${PYTHONPATH} /usr/bin/cmake /home/tony/ros2_control/examples/src/example_9 -DCMAKE_INSTALL_PREFIX=/home/tony/ros2_control/examples/install/ros2_control_demo_example_9
[4.589s] Invoking command in '/home/tony/ros2_control/examples/build/ros2_control_demo_example_9': AMENT_PREFIX_PATH=/home/tony/ros2_control/examples/install/ros2_control_demo_testing:/home/tony/ros2_control/examples/install/ros2_control_demo_description:${AMENT_PREFIX_PATH} CMAKE_PREFIX_PATH=/home/tony/ros2_control/examples/install/ros2_control_demo_description:/opt/ros/humble PYTHONPATH=/home/tony/ros2_control/examples/install/ros2_control_demo_testing/lib/python3.10/site-packages:${PYTHONPATH} /usr/bin/cmake --build /home/tony/ros2_control/examples/build/ros2_control_demo_example_9 -- -j4 -l4
[4.828s] [ 50%] [32mBuilding CXX object CMakeFiles/ros2_control_demo_example_9.dir/hardware/rrbot.cpp.o[0m
[11.973s] [100%] [32m[1mLinking CXX shared library libros2_control_demo_example_9.so[0m
[12.315s] [100%] Built target ros2_control_demo_example_9
[12.335s] Invoked command in '/home/tony/ros2_control/examples/build/ros2_control_demo_example_9' returned '0': AMENT_PREFIX_PATH=/home/tony/ros2_control/examples/install/ros2_control_demo_testing:/home/tony/ros2_control/examples/install/ros2_control_demo_description:${AMENT_PREFIX_PATH} CMAKE_PREFIX_PATH=/home/tony/ros2_control/examples/install/ros2_control_demo_description:/opt/ros/humble PYTHONPATH=/home/tony/ros2_control/examples/install/ros2_control_demo_testing/lib/python3.10/site-packages:${PYTHONPATH} /usr/bin/cmake --build /home/tony/ros2_control/examples/build/ros2_control_demo_example_9 -- -j4 -l4
[12.366s] Invoking command in '/home/tony/ros2_control/examples/build/ros2_control_demo_example_9': AMENT_PREFIX_PATH=/home/tony/ros2_control/examples/install/ros2_control_demo_testing:/home/tony/ros2_control/examples/install/ros2_control_demo_description:${AMENT_PREFIX_PATH} CMAKE_PREFIX_PATH=/home/tony/ros2_control/examples/install/ros2_control_demo_description:/opt/ros/humble PYTHONPATH=/home/tony/ros2_control/examples/install/ros2_control_demo_testing/lib/python3.10/site-packages:${PYTHONPATH} /usr/bin/cmake --install /home/tony/ros2_control/examples/build/ros2_control_demo_example_9
[12.376s] -- Install configuration: ""
[12.376s] -- Installing: /home/tony/ros2_control/examples/install/ros2_control_demo_example_9/share/ros2_control_demo_example_9/ros2_control_demo_example_9.xml
[12.376s] -- Installing: /home/tony/ros2_control/examples/install/ros2_control_demo_example_9/include/ros2_control_demo_example_9
[12.376s] -- Installing: /home/tony/ros2_control/examples/install/ros2_control_demo_example_9/include/ros2_control_demo_example_9/ros2_control_demo_example_9
[12.376s] -- Installing: /home/tony/ros2_control/examples/install/ros2_control_demo_example_9/include/ros2_control_demo_example_9/ros2_control_demo_example_9/rrbot.hpp
[12.377s] -- Installing: /home/tony/ros2_control/examples/install/ros2_control_demo_example_9/share/ros2_control_demo_example_9/launch
[12.377s] -- Installing: /home/tony/ros2_control/examples/install/ros2_control_demo_example_9/share/ros2_control_demo_example_9/launch/view_robot.launch.py
[12.377s] -- Installing: /home/tony/ros2_control/examples/install/ros2_control_demo_example_9/share/ros2_control_demo_example_9/ros2_control
[12.377s] -- Installing: /home/tony/ros2_control/examples/install/ros2_control_demo_example_9/share/ros2_control_demo_example_9/ros2_control/rrbot.ros2_control.xacro
[12.377s] -- Installing: /home/tony/ros2_control/examples/install/ros2_control_demo_example_9/share/ros2_control_demo_example_9/urdf
[12.377s] -- Installing: /home/tony/ros2_control/examples/install/ros2_control_demo_example_9/share/ros2_control_demo_example_9/urdf/rrbot.urdf.xacro
[12.377s] -- Installing: /home/tony/ros2_control/examples/install/ros2_control_demo_example_9/share/ros2_control_demo_example_9/gazebo
[12.378s] -- Installing: /home/tony/ros2_control/examples/install/ros2_control_demo_example_9/share/ros2_control_demo_example_9/gazebo/rrbot.gazebo.xacro
[12.378s] -- Up-to-date: /home/tony/ros2_control/examples/install/ros2_control_demo_example_9/share/ros2_control_demo_example_9/launch
[12.378s] -- Installing: /home/tony/ros2_control/examples/install/ros2_control_demo_example_9/share/ros2_control_demo_example_9/launch/test_forward_position_controller.launch.py
[12.378s] -- Installing: /home/tony/ros2_control/examples/install/ros2_control_demo_example_9/share/ros2_control_demo_example_9/launch/rrbot.launch.py
[12.378s] -- Installing: /home/tony/ros2_control/examples/install/ros2_control_demo_example_9/share/ros2_control_demo_example_9/launch/rrbot_gazebo_classic.launch.py
[12.378s] -- Installing: /home/tony/ros2_control/examples/install/ros2_control_demo_example_9/share/ros2_control_demo_example_9/config
[12.378s] -- Installing: /home/tony/ros2_control/examples/install/ros2_control_demo_example_9/share/ros2_control_demo_example_9/config/rrbot_forward_position_publisher.yaml
[12.378s] -- Installing: /home/tony/ros2_control/examples/install/ros2_control_demo_example_9/share/ros2_control_demo_example_9/config/rrbot_controllers.yaml
[12.379s] -- Installing: /home/tony/ros2_control/examples/install/ros2_control_demo_example_9/lib/libros2_control_demo_example_9.so
[12.379s] -- Set runtime path of "/home/tony/ros2_control/examples/install/ros2_control_demo_example_9/lib/libros2_control_demo_example_9.so" to ""
[12.379s] -- Installing: /home/tony/ros2_control/examples/install/ros2_control_demo_example_9/share/ros2_control_demo_example_9/environment/library_path.sh
[12.379s] -- Installing: /home/tony/ros2_control/examples/install/ros2_control_demo_example_9/share/ros2_control_demo_example_9/environment/library_path.dsv
[12.380s] -- Installing: /home/tony/ros2_control/examples/install/ros2_control_demo_example_9/share/ament_index/resource_index/package_run_dependencies/ros2_control_demo_example_9
[12.380s] -- Installing: /home/tony/ros2_control/examples/install/ros2_control_demo_example_9/share/ament_index/resource_index/parent_prefix_path/ros2_control_demo_example_9
[12.380s] -- Installing: /home/tony/ros2_control/examples/install/ros2_control_demo_example_9/share/ros2_control_demo_example_9/environment/ament_prefix_path.sh
[12.380s] -- Installing: /home/tony/ros2_control/examples/install/ros2_control_demo_example_9/share/ros2_control_demo_example_9/environment/ament_prefix_path.dsv
[12.380s] -- Installing: /home/tony/ros2_control/examples/install/ros2_control_demo_example_9/share/ros2_control_demo_example_9/environment/path.sh
[12.381s] -- Installing: /home/tony/ros2_control/examples/install/ros2_control_demo_example_9/share/ros2_control_demo_example_9/environment/path.dsv
[12.381s] -- Installing: /home/tony/ros2_control/examples/install/ros2_control_demo_example_9/share/ros2_control_demo_example_9/local_setup.bash
[12.381s] -- Installing: /home/tony/ros2_control/examples/install/ros2_control_demo_example_9/share/ros2_control_demo_example_9/local_setup.sh
[12.381s] -- Installing: /home/tony/ros2_control/examples/install/ros2_control_demo_example_9/share/ros2_control_demo_example_9/local_setup.zsh
[12.381s] -- Installing: /home/tony/ros2_control/examples/install/ros2_control_demo_example_9/share/ros2_control_demo_example_9/local_setup.dsv
[12.381s] -- Installing: /home/tony/ros2_control/examples/install/ros2_control_demo_example_9/share/ros2_control_demo_example_9/package.dsv
[12.382s] -- Installing: /home/tony/ros2_control/examples/install/ros2_control_demo_example_9/share/ament_index/resource_index/packages/ros2_control_demo_example_9
[12.382s] -- Installing: /home/tony/ros2_control/examples/install/ros2_control_demo_example_9/share/ament_index/resource_index/hardware_interface__pluginlib__plugin/ros2_control_demo_example_9
[12.382s] -- Installing: /home/tony/ros2_control/examples/install/ros2_control_demo_example_9/share/ros2_control_demo_example_9/cmake/export_ros2_control_demo_example_9Export.cmake
[12.382s] -- Installing: /home/tony/ros2_control/examples/install/ros2_control_demo_example_9/share/ros2_control_demo_example_9/cmake/export_ros2_control_demo_example_9Export-noconfig.cmake
[12.382s] -- Installing: /home/tony/ros2_control/examples/install/ros2_control_demo_example_9/share/ros2_control_demo_example_9/cmake/ament_cmake_export_targets-extras.cmake
[12.383s] -- Installing: /home/tony/ros2_control/examples/install/ros2_control_demo_example_9/share/ros2_control_demo_example_9/cmake/ament_cmake_export_dependencies-extras.cmake
[12.383s] -- Installing: /home/tony/ros2_control/examples/install/ros2_control_demo_example_9/share/ros2_control_demo_example_9/cmake/ros2_control_demo_example_9Config.cmake
[12.383s] -- Installing: /home/tony/ros2_control/examples/install/ros2_control_demo_example_9/share/ros2_control_demo_example_9/cmake/ros2_control_demo_example_9Config-version.cmake
[12.383s] -- Installing: /home/tony/ros2_control/examples/install/ros2_control_demo_example_9/share/ros2_control_demo_example_9/package.xml
[12.386s] Invoked command in '/home/tony/ros2_control/examples/build/ros2_control_demo_example_9' returned '0': AMENT_PREFIX_PATH=/home/tony/ros2_control/examples/install/ros2_control_demo_testing:/home/tony/ros2_control/examples/install/ros2_control_demo_description:${AMENT_PREFIX_PATH} CMAKE_PREFIX_PATH=/home/tony/ros2_control/examples/install/ros2_control_demo_description:/opt/ros/humble PYTHONPATH=/home/tony/ros2_control/examples/install/ros2_control_demo_testing/lib/python3.10/site-packages:${PYTHONPATH} /usr/bin/cmake --install /home/tony/ros2_control/examples/build/ros2_control_demo_example_9
