[0.101s] Invoking command in '/home/tony/ros2_control/build/controlko_bringup': AMENT_PREFIX_PATH=/home/tony/ros2_control/install/controlko_description:${AMENT_PREFIX_PATH} CMAKE_PREFIX_PATH=/home/tony/ros2_control/install/controlko_description:/home/tony/ros2_control/1_rrbot_ws/install/roscon2022_control_workshop:/home/tony/ros2_control/1_rrbot_ws/install/controlko_hardware_interface:/home/tony/ros2_control/1_rrbot_ws/install/controlko_bringup:/home/tony/ros2_control/1_rrbot_ws/install/controlko_description:/opt/ros/humble /usr/bin/cmake /home/tony/ros2_control/1_rrbot_ws/roscon2022_workshop/controlko_bringup -DCMAKE_INSTALL_PREFIX=/home/tony/ros2_control/install/controlko_bringup
[0.495s] -- The C compiler identification is GNU 11.4.0
[0.839s] -- The CXX compiler identification is GNU 11.4.0
[0.888s] -- Detecting C compiler ABI info
[1.296s] -- Detecting C compiler ABI info - done
[1.341s] -- Check for working C compiler: /usr/bin/cc - skipped
[1.343s] -- Detecting C compile features
[1.344s] -- Detecting C compile features - done
[1.352s] -- Detecting CXX compiler ABI info
[1.830s] -- Detecting CXX compiler ABI info - done
[1.884s] -- Check for working CXX compiler: /usr/bin/c++ - skipped
[1.884s] -- Detecting CXX compile features
[1.884s] -- Detecting CXX compile features - done
[1.904s] -- Found ament_cmake: 1.3.10 (/opt/ros/humble/share/ament_cmake/cmake)
[2.727s] -- Found Python3: /usr/bin/python3 (found version "3.10.12") found components: Interpreter 
[3.187s] -- Found ament_lint_auto: 0.12.11 (/opt/ros/humble/share/ament_lint_auto/cmake)
[3.497s] -- Added test 'flake8' to check Python code syntax and style conventions
[3.502s] -- Added test 'lint_cmake' to check CMake code style
[3.506s] -- Added test 'pep257' to check Python code against some of the docstring style conventions in PEP 257
[3.516s] -- Added test 'xmllint' to check XML markup files
[3.552s] -- Configuring done
[3.554s] -- Generating done
[3.555s] -- Build files have been written to: /home/tony/ros2_control/build/controlko_bringup
[3.569s] Invoked command in '/home/tony/ros2_control/build/controlko_bringup' returned '0': AMENT_PREFIX_PATH=/home/tony/ros2_control/install/controlko_description:${AMENT_PREFIX_PATH} CMAKE_PREFIX_PATH=/home/tony/ros2_control/install/controlko_description:/home/tony/ros2_control/1_rrbot_ws/install/roscon2022_control_workshop:/home/tony/ros2_control/1_rrbot_ws/install/controlko_hardware_interface:/home/tony/ros2_control/1_rrbot_ws/install/controlko_bringup:/home/tony/ros2_control/1_rrbot_ws/install/controlko_description:/opt/ros/humble /usr/bin/cmake /home/tony/ros2_control/1_rrbot_ws/roscon2022_workshop/controlko_bringup -DCMAKE_INSTALL_PREFIX=/home/tony/ros2_control/install/controlko_bringup
[3.570s] Invoking command in '/home/tony/ros2_control/build/controlko_bringup': AMENT_PREFIX_PATH=/home/tony/ros2_control/install/controlko_description:${AMENT_PREFIX_PATH} CMAKE_PREFIX_PATH=/home/tony/ros2_control/install/controlko_description:/home/tony/ros2_control/1_rrbot_ws/install/roscon2022_control_workshop:/home/tony/ros2_control/1_rrbot_ws/install/controlko_hardware_interface:/home/tony/ros2_control/1_rrbot_ws/install/controlko_bringup:/home/tony/ros2_control/1_rrbot_ws/install/controlko_description:/opt/ros/humble /usr/bin/cmake --build /home/tony/ros2_control/build/controlko_bringup -- -j4 -l4
[3.787s] Invoked command in '/home/tony/ros2_control/build/controlko_bringup' returned '0': AMENT_PREFIX_PATH=/home/tony/ros2_control/install/controlko_description:${AMENT_PREFIX_PATH} CMAKE_PREFIX_PATH=/home/tony/ros2_control/install/controlko_description:/home/tony/ros2_control/1_rrbot_ws/install/roscon2022_control_workshop:/home/tony/ros2_control/1_rrbot_ws/install/controlko_hardware_interface:/home/tony/ros2_control/1_rrbot_ws/install/controlko_bringup:/home/tony/ros2_control/1_rrbot_ws/install/controlko_description:/opt/ros/humble /usr/bin/cmake --build /home/tony/ros2_control/build/controlko_bringup -- -j4 -l4
[4.048s] Invoking command in '/home/tony/ros2_control/build/controlko_bringup': AMENT_PREFIX_PATH=/home/tony/ros2_control/install/controlko_description:${AMENT_PREFIX_PATH} CMAKE_PREFIX_PATH=/home/tony/ros2_control/install/controlko_description:/home/tony/ros2_control/1_rrbot_ws/install/roscon2022_control_workshop:/home/tony/ros2_control/1_rrbot_ws/install/controlko_hardware_interface:/home/tony/ros2_control/1_rrbot_ws/install/controlko_bringup:/home/tony/ros2_control/1_rrbot_ws/install/controlko_description:/opt/ros/humble /usr/bin/cmake --install /home/tony/ros2_control/build/controlko_bringup
[4.084s] -- Install configuration: ""
[4.085s] -- Installing: /home/tony/ros2_control/install/controlko_bringup/share/controlko_bringup/config
[4.086s] -- Installing: /home/tony/ros2_control/install/controlko_bringup/share/controlko_bringup/config/rrbot_controllers.yaml
[4.089s] -- Installing: /home/tony/ros2_control/install/controlko_bringup/share/controlko_bringup/config/test_goal_publishers_config.yaml
[4.089s] -- Up-to-date: /home/tony/ros2_control/install/controlko_bringup/share/controlko_bringup
[4.091s] -- Installing: /home/tony/ros2_control/install/controlko_bringup/share/controlko_bringup/test_forward_position_controller.launch.py
[4.092s] -- Installing: /home/tony/ros2_control/install/controlko_bringup/share/controlko_bringup/rrbot.launch.py
[4.096s] -- Installing: /home/tony/ros2_control/install/controlko_bringup/share/controlko_bringup/rrbot_sim_gazebo_classic.launch.py
[4.105s] -- Installing: /home/tony/ros2_control/install/controlko_bringup/share/controlko_bringup/rrbot_sim_gazebo.launch.py
[4.105s] -- Installing: /home/tony/ros2_control/install/controlko_bringup/share/controlko_bringup/test_joint_trajectory_controller.launch.py
[4.105s] -- Installing: /home/tony/ros2_control/install/controlko_bringup/share/ament_index/resource_index/package_run_dependencies/controlko_bringup
[4.108s] -- Installing: /home/tony/ros2_control/install/controlko_bringup/share/ament_index/resource_index/parent_prefix_path/controlko_bringup
[4.112s] -- Installing: /home/tony/ros2_control/install/controlko_bringup/share/controlko_bringup/environment/ament_prefix_path.sh
[4.112s] -- Installing: /home/tony/ros2_control/install/controlko_bringup/share/controlko_bringup/environment/ament_prefix_path.dsv
[4.114s] -- Installing: /home/tony/ros2_control/install/controlko_bringup/share/controlko_bringup/environment/path.sh
[4.114s] -- Installing: /home/tony/ros2_control/install/controlko_bringup/share/controlko_bringup/environment/path.dsv
[4.114s] -- Installing: /home/tony/ros2_control/install/controlko_bringup/share/controlko_bringup/local_setup.bash
[4.127s] -- Installing: /home/tony/ros2_control/install/controlko_bringup/share/controlko_bringup/local_setup.sh
[4.127s] -- Installing: /home/tony/ros2_control/install/controlko_bringup/share/controlko_bringup/local_setup.zsh
[4.127s] -- Installing: /home/tony/ros2_control/install/controlko_bringup/share/controlko_bringup/local_setup.dsv
[4.128s] -- Installing: /home/tony/ros2_control/install/controlko_bringup/share/controlko_bringup/package.dsv
[4.128s] -- Installing: /home/tony/ros2_control/install/controlko_bringup/share/ament_index/resource_index/packages/controlko_bringup
[4.129s] -- Installing: /home/tony/ros2_control/install/controlko_bringup/share/controlko_bringup/cmake/controlko_bringupConfig.cmake
[4.129s] -- Installing: /home/tony/ros2_control/install/controlko_bringup/share/controlko_bringup/cmake/controlko_bringupConfig-version.cmake
[4.129s] -- Installing: /home/tony/ros2_control/install/controlko_bringup/share/controlko_bringup/package.xml
[4.149s] Invoked command in '/home/tony/ros2_control/build/controlko_bringup' returned '0': AMENT_PREFIX_PATH=/home/tony/ros2_control/install/controlko_description:${AMENT_PREFIX_PATH} CMAKE_PREFIX_PATH=/home/tony/ros2_control/install/controlko_description:/home/tony/ros2_control/1_rrbot_ws/install/roscon2022_control_workshop:/home/tony/ros2_control/1_rrbot_ws/install/controlko_hardware_interface:/home/tony/ros2_control/1_rrbot_ws/install/controlko_bringup:/home/tony/ros2_control/1_rrbot_ws/install/controlko_description:/opt/ros/humble /usr/bin/cmake --install /home/tony/ros2_control/build/controlko_bringup
