[0.020s] Invoking command in '/home/tony/ros2_control/examples/build/ros2_control_demo_example_11': AMENT_PREFIX_PATH=/home/tony/ros2_control/examples/install/ros2_control_demo_testing:/home/tony/ros2_control/examples/install/ros2_control_demo_description:${AMENT_PREFIX_PATH} CMAKE_PREFIX_PATH=/home/tony/ros2_control/examples/install/ros2_control_demo_description:/opt/ros/humble PYTHONPATH=/home/tony/ros2_control/examples/install/ros2_control_demo_testing/lib/python3.10/site-packages:${PYTHONPATH} /usr/bin/cmake /home/tony/ros2_control/examples/src/example_11 -DCMAKE_INSTALL_PREFIX=/home/tony/ros2_control/examples/install/ros2_control_demo_example_11
[0.049s] -- Found ament_cmake: 1.3.10 (/opt/ros/humble/share/ament_cmake/cmake)
[0.331s] -- Found Python3: /usr/bin/python3 (found version "3.10.12") found components: Interpreter 
[0.475s] -- Found hardware_interface: 2.43.1 (/opt/ros/humble/share/hardware_interface/cmake)
[0.531s] -- Found rosidl_generator_c: 3.1.5 (/opt/ros/humble/share/rosidl_generator_c/cmake)
[0.538s] -- Found rosidl_adapter: 3.1.5 (/opt/ros/humble/share/rosidl_adapter/cmake)
[0.551s] -- Found rosidl_generator_cpp: 3.1.5 (/opt/ros/humble/share/rosidl_generator_cpp/cmake)
[0.571s] -- Using all available rosidl_typesupport_c: rosidl_typesupport_fastrtps_c;rosidl_typesupport_introspection_c
[0.598s] -- Using all available rosidl_typesupport_cpp: rosidl_typesupport_fastrtps_cpp;rosidl_typesupport_introspection_cpp
[0.940s] -- Found rmw_implementation_cmake: 6.1.2 (/opt/ros/humble/share/rmw_implementation_cmake/cmake)
[0.944s] -- Found rmw_fastrtps_cpp: 6.2.7 (/opt/ros/humble/share/rmw_fastrtps_cpp/cmake)
[0.984s] -- Found TinyXML2 via Config file: TinyXML2_DIR-NOTFOUND
[1.053s] -- Found OpenSSL: /usr/lib/x86_64-linux-gnu/libcrypto.so (found version "3.0.2")  
[1.059s] -- Found TinyXML2 via Config file: TinyXML2_DIR-NOTFOUND
[1.081s] -- Found FastRTPS: /opt/ros/humble/include  
[1.086s] -- Found TinyXML2 via Config file: TinyXML2_DIR-NOTFOUND
[1.099s] -- Found TinyXML2 via Config file: TinyXML2_DIR-NOTFOUND
[1.116s] -- Using RMW implementation 'rmw_fastrtps_cpp' as default
[1.128s] -- Looking for C++ include pthread.h
[1.269s] -- Looking for C++ include pthread.h - found
[1.270s] -- Performing Test CMAKE_HAVE_LIBC_PTHREAD
[1.423s] -- Performing Test CMAKE_HAVE_LIBC_PTHREAD - Success
[1.426s] -- Found Threads: TRUE  
[1.551s] -- Found ament_cmake_pytest: 1.3.10 (/opt/ros/humble/share/ament_cmake_pytest/cmake)
[3.511s] -- Configuring done
[3.560s] -- Generating done
[3.563s] -- Build files have been written to: /home/tony/ros2_control/examples/build/ros2_control_demo_example_11
[3.582s] Invoked command in '/home/tony/ros2_control/examples/build/ros2_control_demo_example_11' returned '0': AMENT_PREFIX_PATH=/home/tony/ros2_control/examples/install/ros2_control_demo_testing:/home/tony/ros2_control/examples/install/ros2_control_demo_description:${AMENT_PREFIX_PATH} CMAKE_PREFIX_PATH=/home/tony/ros2_control/examples/install/ros2_control_demo_description:/opt/ros/humble PYTHONPATH=/home/tony/ros2_control/examples/install/ros2_control_demo_testing/lib/python3.10/site-packages:${PYTHONPATH} /usr/bin/cmake /home/tony/ros2_control/examples/src/example_11 -DCMAKE_INSTALL_PREFIX=/home/tony/ros2_control/examples/install/ros2_control_demo_example_11
[3.584s] Invoking command in '/home/tony/ros2_control/examples/build/ros2_control_demo_example_11': AMENT_PREFIX_PATH=/home/tony/ros2_control/examples/install/ros2_control_demo_testing:/home/tony/ros2_control/examples/install/ros2_control_demo_description:${AMENT_PREFIX_PATH} CMAKE_PREFIX_PATH=/home/tony/ros2_control/examples/install/ros2_control_demo_description:/opt/ros/humble PYTHONPATH=/home/tony/ros2_control/examples/install/ros2_control_demo_testing/lib/python3.10/site-packages:${PYTHONPATH} /usr/bin/cmake --build /home/tony/ros2_control/examples/build/ros2_control_demo_example_11 -- -j4 -l4
[3.666s] [ 50%] [32mBuilding CXX object CMakeFiles/ros2_control_demo_example_11.dir/hardware/carlikebot_system.cpp.o[0m
[14.451s] [100%] [32m[1mLinking CXX shared library libros2_control_demo_example_11.so[0m
[14.817s] [100%] Built target ros2_control_demo_example_11
[14.834s] Invoked command in '/home/tony/ros2_control/examples/build/ros2_control_demo_example_11' returned '0': AMENT_PREFIX_PATH=/home/tony/ros2_control/examples/install/ros2_control_demo_testing:/home/tony/ros2_control/examples/install/ros2_control_demo_description:${AMENT_PREFIX_PATH} CMAKE_PREFIX_PATH=/home/tony/ros2_control/examples/install/ros2_control_demo_description:/opt/ros/humble PYTHONPATH=/home/tony/ros2_control/examples/install/ros2_control_demo_testing/lib/python3.10/site-packages:${PYTHONPATH} /usr/bin/cmake --build /home/tony/ros2_control/examples/build/ros2_control_demo_example_11 -- -j4 -l4
[14.874s] Invoking command in '/home/tony/ros2_control/examples/build/ros2_control_demo_example_11': AMENT_PREFIX_PATH=/home/tony/ros2_control/examples/install/ros2_control_demo_testing:/home/tony/ros2_control/examples/install/ros2_control_demo_description:${AMENT_PREFIX_PATH} CMAKE_PREFIX_PATH=/home/tony/ros2_control/examples/install/ros2_control_demo_description:/opt/ros/humble PYTHONPATH=/home/tony/ros2_control/examples/install/ros2_control_demo_testing/lib/python3.10/site-packages:${PYTHONPATH} /usr/bin/cmake --install /home/tony/ros2_control/examples/build/ros2_control_demo_example_11
[14.887s] -- Install configuration: ""
[14.888s] -- Installing: /home/tony/ros2_control/examples/install/ros2_control_demo_example_11/share/ros2_control_demo_example_11/ros2_control_demo_example_11.xml
[14.889s] -- Installing: /home/tony/ros2_control/examples/install/ros2_control_demo_example_11/include/ros2_control_demo_example_11
[14.890s] -- Installing: /home/tony/ros2_control/examples/install/ros2_control_demo_example_11/include/ros2_control_demo_example_11/ros2_control_demo_example_11
[14.890s] -- Installing: /home/tony/ros2_control/examples/install/ros2_control_demo_example_11/include/ros2_control_demo_example_11/ros2_control_demo_example_11/carlikebot_system.hpp
[14.891s] -- Installing: /home/tony/ros2_control/examples/install/ros2_control_demo_example_11/share/ros2_control_demo_example_11/launch
[14.892s] -- Installing: /home/tony/ros2_control/examples/install/ros2_control_demo_example_11/share/ros2_control_demo_example_11/launch/view_robot.launch.py
[14.893s] -- Installing: /home/tony/ros2_control/examples/install/ros2_control_demo_example_11/share/ros2_control_demo_example_11/ros2_control
[14.893s] -- Installing: /home/tony/ros2_control/examples/install/ros2_control_demo_example_11/share/ros2_control_demo_example_11/ros2_control/carlikebot.ros2_control.xacro
[14.893s] -- Installing: /home/tony/ros2_control/examples/install/ros2_control_demo_example_11/share/ros2_control_demo_example_11/urdf
[14.894s] -- Installing: /home/tony/ros2_control/examples/install/ros2_control_demo_example_11/share/ros2_control_demo_example_11/urdf/carlikebot.urdf.xacro
[14.894s] -- Up-to-date: /home/tony/ros2_control/examples/install/ros2_control_demo_example_11/share/ros2_control_demo_example_11/launch
[14.895s] -- Installing: /home/tony/ros2_control/examples/install/ros2_control_demo_example_11/share/ros2_control_demo_example_11/launch/carlikebot.launch.py
[14.895s] -- Installing: /home/tony/ros2_control/examples/install/ros2_control_demo_example_11/share/ros2_control_demo_example_11/config
[14.895s] -- Installing: /home/tony/ros2_control/examples/install/ros2_control_demo_example_11/share/ros2_control_demo_example_11/config/carlikebot_controllers.yaml
[14.896s] -- Installing: /home/tony/ros2_control/examples/install/ros2_control_demo_example_11/lib/libros2_control_demo_example_11.so
[14.898s] -- Set runtime path of "/home/tony/ros2_control/examples/install/ros2_control_demo_example_11/lib/libros2_control_demo_example_11.so" to ""
[14.898s] -- Installing: /home/tony/ros2_control/examples/install/ros2_control_demo_example_11/share/ros2_control_demo_example_11/environment/library_path.sh
[14.899s] -- Installing: /home/tony/ros2_control/examples/install/ros2_control_demo_example_11/share/ros2_control_demo_example_11/environment/library_path.dsv
[14.899s] -- Installing: /home/tony/ros2_control/examples/install/ros2_control_demo_example_11/share/ament_index/resource_index/package_run_dependencies/ros2_control_demo_example_11
[14.900s] -- Installing: /home/tony/ros2_control/examples/install/ros2_control_demo_example_11/share/ament_index/resource_index/parent_prefix_path/ros2_control_demo_example_11
[14.901s] -- Installing: /home/tony/ros2_control/examples/install/ros2_control_demo_example_11/share/ros2_control_demo_example_11/environment/ament_prefix_path.sh
[14.901s] -- Installing: /home/tony/ros2_control/examples/install/ros2_control_demo_example_11/share/ros2_control_demo_example_11/environment/ament_prefix_path.dsv
[14.902s] -- Installing: /home/tony/ros2_control/examples/install/ros2_control_demo_example_11/share/ros2_control_demo_example_11/environment/path.sh
[14.902s] -- Installing: /home/tony/ros2_control/examples/install/ros2_control_demo_example_11/share/ros2_control_demo_example_11/environment/path.dsv
[14.903s] -- Installing: /home/tony/ros2_control/examples/install/ros2_control_demo_example_11/share/ros2_control_demo_example_11/local_setup.bash
[14.903s] -- Installing: /home/tony/ros2_control/examples/install/ros2_control_demo_example_11/share/ros2_control_demo_example_11/local_setup.sh
[14.903s] -- Installing: /home/tony/ros2_control/examples/install/ros2_control_demo_example_11/share/ros2_control_demo_example_11/local_setup.zsh
[14.904s] -- Installing: /home/tony/ros2_control/examples/install/ros2_control_demo_example_11/share/ros2_control_demo_example_11/local_setup.dsv
[14.905s] -- Installing: /home/tony/ros2_control/examples/install/ros2_control_demo_example_11/share/ros2_control_demo_example_11/package.dsv
[14.906s] -- Installing: /home/tony/ros2_control/examples/install/ros2_control_demo_example_11/share/ament_index/resource_index/packages/ros2_control_demo_example_11
[14.907s] -- Installing: /home/tony/ros2_control/examples/install/ros2_control_demo_example_11/share/ament_index/resource_index/hardware_interface__pluginlib__plugin/ros2_control_demo_example_11
[14.908s] -- Installing: /home/tony/ros2_control/examples/install/ros2_control_demo_example_11/share/ros2_control_demo_example_11/cmake/export_ros2_control_demo_example_11Export.cmake
[14.909s] -- Installing: /home/tony/ros2_control/examples/install/ros2_control_demo_example_11/share/ros2_control_demo_example_11/cmake/export_ros2_control_demo_example_11Export-noconfig.cmake
[14.910s] -- Installing: /home/tony/ros2_control/examples/install/ros2_control_demo_example_11/share/ros2_control_demo_example_11/cmake/ament_cmake_export_targets-extras.cmake
[14.910s] -- Installing: /home/tony/ros2_control/examples/install/ros2_control_demo_example_11/share/ros2_control_demo_example_11/cmake/ament_cmake_export_dependencies-extras.cmake
[14.911s] -- Installing: /home/tony/ros2_control/examples/install/ros2_control_demo_example_11/share/ros2_control_demo_example_11/cmake/ros2_control_demo_example_11Config.cmake
[14.911s] -- Installing: /home/tony/ros2_control/examples/install/ros2_control_demo_example_11/share/ros2_control_demo_example_11/cmake/ros2_control_demo_example_11Config-version.cmake
[14.912s] -- Installing: /home/tony/ros2_control/examples/install/ros2_control_demo_example_11/share/ros2_control_demo_example_11/package.xml
[14.922s] Invoked command in '/home/tony/ros2_control/examples/build/ros2_control_demo_example_11' returned '0': AMENT_PREFIX_PATH=/home/tony/ros2_control/examples/install/ros2_control_demo_testing:/home/tony/ros2_control/examples/install/ros2_control_demo_description:${AMENT_PREFIX_PATH} CMAKE_PREFIX_PATH=/home/tony/ros2_control/examples/install/ros2_control_demo_description:/opt/ros/humble PYTHONPATH=/home/tony/ros2_control/examples/install/ros2_control_demo_testing/lib/python3.10/site-packages:${PYTHONPATH} /usr/bin/cmake --install /home/tony/ros2_control/examples/build/ros2_control_demo_example_11
