[0.110s] DEBUG:colcon:Command line arguments: ['/usr/bin/colcon', 'build', '--ament-cmake-args', '-DCMAKE_EXPORT_COMPILE_COMMANDS=1']
[0.110s] DEBUG:colcon:Parsed command line arguments: Namespace(log_base=None, log_level=None, verb_name='build', build_base='build', install_base='install', merge_install=False, symlink_install=False, test_result_base=None, continue_on_error=False, executor='parallel', parallel_workers=4, event_handlers=None, ignore_user_meta=False, metas=['./colcon.meta'], base_paths=['.'], packages_ignore=None, packages_ignore_regex=None, paths=None, packages_up_to=None, packages_up_to_regex=None, packages_above=None, packages_above_and_dependencies=None, packages_above_depth=None, packages_select_by_dep=None, packages_skip_by_dep=None, packages_skip_up_to=None, packages_select_build_failed=False, packages_skip_build_finished=False, packages_select_test_failures=False, packages_skip_test_passed=False, packages_select=None, packages_skip=None, packages_select_regex=None, packages_skip_regex=None, packages_start=None, packages_end=None, allow_overriding=[], cmake_args=None, cmake_target=None, cmake_target_skip_unavailable=False, cmake_clean_cache=False, cmake_clean_first=False, cmake_force_configure=False, ament_cmake_args=['-DCMAKE_EXPORT_COMPILE_COMMANDS=1'], catkin_cmake_args=None, catkin_skip_building_tests=False, verb_parser=<colcon_defaults.argument_parser.defaults.DefaultArgumentsDecorator object at 0x7f3316b1c640>, verb_extension=<colcon_core.verb.build.BuildVerb object at 0x7f3316c45240>, main=<bound method BuildVerb.main of <colcon_core.verb.build.BuildVerb object at 0x7f3316c45240>>)
[0.267s] Level 1:colcon.colcon_core.package_discovery:discover_packages(colcon_meta) check parameters
[0.267s] Level 1:colcon.colcon_core.package_discovery:discover_packages(recursive) check parameters
[0.267s] Level 1:colcon.colcon_core.package_discovery:discover_packages(ignore) check parameters
[0.267s] Level 1:colcon.colcon_core.package_discovery:discover_packages(path) check parameters
[0.267s] Level 1:colcon.colcon_core.package_discovery:discover_packages(colcon_meta) discover
[0.267s] Level 1:colcon.colcon_core.package_discovery:discover_packages(recursive) discover
[0.267s] INFO:colcon.colcon_core.package_discovery:Crawling recursively for packages in '/home/tony/ros2_control/1_rrbot_ws'
[0.268s] Level 1:colcon.colcon_core.package_identification:_identify(.) by extensions ['ignore', 'ignore_ament_install']
[0.268s] Level 1:colcon.colcon_core.package_identification:_identify(.) by extension 'ignore'
[0.268s] Level 1:colcon.colcon_core.package_identification:_identify(.) by extension 'ignore_ament_install'
[0.268s] Level 1:colcon.colcon_core.package_identification:_identify(.) by extensions ['colcon_pkg']
[0.268s] Level 1:colcon.colcon_core.package_identification:_identify(.) by extension 'colcon_pkg'
[0.268s] Level 1:colcon.colcon_core.package_identification:_identify(.) by extensions ['colcon_meta']
[0.268s] Level 1:colcon.colcon_core.package_identification:_identify(.) by extension 'colcon_meta'
[0.268s] Level 1:colcon.colcon_core.package_identification:_identify(.) by extensions ['ros']
[0.268s] Level 1:colcon.colcon_core.package_identification:_identify(.) by extension 'ros'
[0.281s] Level 1:colcon.colcon_core.package_identification:_identify(.) by extensions ['cmake', 'python']
[0.281s] Level 1:colcon.colcon_core.package_identification:_identify(.) by extension 'cmake'
[0.281s] Level 1:colcon.colcon_core.package_identification:_identify(.) by extension 'python'
[0.281s] Level 1:colcon.colcon_core.package_identification:_identify(.) by extensions ['python_setup_py']
[0.281s] Level 1:colcon.colcon_core.package_identification:_identify(.) by extension 'python_setup_py'
[0.281s] Level 1:colcon.colcon_core.package_identification:_identify(build) by extensions ['ignore', 'ignore_ament_install']
[0.281s] Level 1:colcon.colcon_core.package_identification:_identify(build) by extension 'ignore'
[0.281s] Level 1:colcon.colcon_core.package_identification:_identify(build) ignored
[0.281s] Level 1:colcon.colcon_core.package_identification:_identify(install) by extensions ['ignore', 'ignore_ament_install']
[0.282s] Level 1:colcon.colcon_core.package_identification:_identify(install) by extension 'ignore'
[0.282s] Level 1:colcon.colcon_core.package_identification:_identify(install) ignored
[0.282s] Level 1:colcon.colcon_core.package_identification:_identify(log) by extensions ['ignore', 'ignore_ament_install']
[0.282s] Level 1:colcon.colcon_core.package_identification:_identify(log) by extension 'ignore'
[0.282s] Level 1:colcon.colcon_core.package_identification:_identify(log) ignored
[0.282s] Level 1:colcon.colcon_core.package_identification:_identify(roscon2022_workshop) by extensions ['ignore', 'ignore_ament_install']
[0.282s] Level 1:colcon.colcon_core.package_identification:_identify(roscon2022_workshop) by extension 'ignore'
[0.282s] Level 1:colcon.colcon_core.package_identification:_identify(roscon2022_workshop) by extension 'ignore_ament_install'
[0.282s] Level 1:colcon.colcon_core.package_identification:_identify(roscon2022_workshop) by extensions ['colcon_pkg']
[0.282s] Level 1:colcon.colcon_core.package_identification:_identify(roscon2022_workshop) by extension 'colcon_pkg'
[0.283s] Level 1:colcon.colcon_core.package_identification:_identify(roscon2022_workshop) by extensions ['colcon_meta']
[0.283s] Level 1:colcon.colcon_core.package_identification:_identify(roscon2022_workshop) by extension 'colcon_meta'
[0.283s] Level 1:colcon.colcon_core.package_identification:_identify(roscon2022_workshop) by extensions ['ros']
[0.283s] Level 1:colcon.colcon_core.package_identification:_identify(roscon2022_workshop) by extension 'ros'
[0.283s] Level 1:colcon.colcon_core.package_identification:_identify(roscon2022_workshop) by extensions ['cmake', 'python']
[0.283s] Level 1:colcon.colcon_core.package_identification:_identify(roscon2022_workshop) by extension 'cmake'
[0.283s] Level 1:colcon.colcon_core.package_identification:_identify(roscon2022_workshop) by extension 'python'
[0.283s] Level 1:colcon.colcon_core.package_identification:_identify(roscon2022_workshop) by extensions ['python_setup_py']
[0.283s] Level 1:colcon.colcon_core.package_identification:_identify(roscon2022_workshop) by extension 'python_setup_py'
[0.283s] Level 1:colcon.colcon_core.package_identification:_identify(roscon2022_workshop/controlko_bringup) by extensions ['ignore', 'ignore_ament_install']
[0.283s] Level 1:colcon.colcon_core.package_identification:_identify(roscon2022_workshop/controlko_bringup) by extension 'ignore'
[0.283s] Level 1:colcon.colcon_core.package_identification:_identify(roscon2022_workshop/controlko_bringup) by extension 'ignore_ament_install'
[0.283s] Level 1:colcon.colcon_core.package_identification:_identify(roscon2022_workshop/controlko_bringup) by extensions ['colcon_pkg']
[0.284s] Level 1:colcon.colcon_core.package_identification:_identify(roscon2022_workshop/controlko_bringup) by extension 'colcon_pkg'
[0.284s] Level 1:colcon.colcon_core.package_identification:_identify(roscon2022_workshop/controlko_bringup) by extensions ['colcon_meta']
[0.284s] Level 1:colcon.colcon_core.package_identification:_identify(roscon2022_workshop/controlko_bringup) by extension 'colcon_meta'
[0.284s] Level 1:colcon.colcon_core.package_identification:_identify(roscon2022_workshop/controlko_bringup) by extensions ['ros']
[0.284s] Level 1:colcon.colcon_core.package_identification:_identify(roscon2022_workshop/controlko_bringup) by extension 'ros'
[0.286s] DEBUG:colcon.colcon_core.package_identification:Package 'roscon2022_workshop/controlko_bringup' with type 'ros.ament_cmake' and name 'controlko_bringup'
[0.287s] Level 1:colcon.colcon_core.package_identification:_identify(roscon2022_workshop/controlko_description) by extensions ['ignore', 'ignore_ament_install']
[0.287s] Level 1:colcon.colcon_core.package_identification:_identify(roscon2022_workshop/controlko_description) by extension 'ignore'
[0.287s] Level 1:colcon.colcon_core.package_identification:_identify(roscon2022_workshop/controlko_description) by extension 'ignore_ament_install'
[0.287s] Level 1:colcon.colcon_core.package_identification:_identify(roscon2022_workshop/controlko_description) by extensions ['colcon_pkg']
[0.287s] Level 1:colcon.colcon_core.package_identification:_identify(roscon2022_workshop/controlko_description) by extension 'colcon_pkg'
[0.287s] Level 1:colcon.colcon_core.package_identification:_identify(roscon2022_workshop/controlko_description) by extensions ['colcon_meta']
[0.287s] Level 1:colcon.colcon_core.package_identification:_identify(roscon2022_workshop/controlko_description) by extension 'colcon_meta'
[0.287s] Level 1:colcon.colcon_core.package_identification:_identify(roscon2022_workshop/controlko_description) by extensions ['ros']
[0.287s] Level 1:colcon.colcon_core.package_identification:_identify(roscon2022_workshop/controlko_description) by extension 'ros'
[0.288s] DEBUG:colcon.colcon_core.package_identification:Package 'roscon2022_workshop/controlko_description' with type 'ros.ament_cmake' and name 'controlko_description'
[0.288s] Level 1:colcon.colcon_core.package_identification:_identify(roscon2022_workshop/controlko_hardware_interface) by extensions ['ignore', 'ignore_ament_install']
[0.288s] Level 1:colcon.colcon_core.package_identification:_identify(roscon2022_workshop/controlko_hardware_interface) by extension 'ignore'
[0.288s] Level 1:colcon.colcon_core.package_identification:_identify(roscon2022_workshop/controlko_hardware_interface) by extension 'ignore_ament_install'
[0.288s] Level 1:colcon.colcon_core.package_identification:_identify(roscon2022_workshop/controlko_hardware_interface) by extensions ['colcon_pkg']
[0.288s] Level 1:colcon.colcon_core.package_identification:_identify(roscon2022_workshop/controlko_hardware_interface) by extension 'colcon_pkg'
[0.288s] Level 1:colcon.colcon_core.package_identification:_identify(roscon2022_workshop/controlko_hardware_interface) by extensions ['colcon_meta']
[0.289s] Level 1:colcon.colcon_core.package_identification:_identify(roscon2022_workshop/controlko_hardware_interface) by extension 'colcon_meta'
[0.289s] Level 1:colcon.colcon_core.package_identification:_identify(roscon2022_workshop/controlko_hardware_interface) by extensions ['ros']
[0.289s] Level 1:colcon.colcon_core.package_identification:_identify(roscon2022_workshop/controlko_hardware_interface) by extension 'ros'
[0.290s] DEBUG:colcon.colcon_core.package_identification:Package 'roscon2022_workshop/controlko_hardware_interface' with type 'ros.ament_cmake' and name 'controlko_hardware_interface'
[0.290s] Level 1:colcon.colcon_core.package_identification:_identify(roscon2022_workshop/roscon2022_control_workshop) by extensions ['ignore', 'ignore_ament_install']
[0.290s] Level 1:colcon.colcon_core.package_identification:_identify(roscon2022_workshop/roscon2022_control_workshop) by extension 'ignore'
[0.290s] Level 1:colcon.colcon_core.package_identification:_identify(roscon2022_workshop/roscon2022_control_workshop) by extension 'ignore_ament_install'
[0.290s] Level 1:colcon.colcon_core.package_identification:_identify(roscon2022_workshop/roscon2022_control_workshop) by extensions ['colcon_pkg']
[0.290s] Level 1:colcon.colcon_core.package_identification:_identify(roscon2022_workshop/roscon2022_control_workshop) by extension 'colcon_pkg'
[0.290s] Level 1:colcon.colcon_core.package_identification:_identify(roscon2022_workshop/roscon2022_control_workshop) by extensions ['colcon_meta']
[0.290s] Level 1:colcon.colcon_core.package_identification:_identify(roscon2022_workshop/roscon2022_control_workshop) by extension 'colcon_meta'
[0.290s] Level 1:colcon.colcon_core.package_identification:_identify(roscon2022_workshop/roscon2022_control_workshop) by extensions ['ros']
[0.290s] Level 1:colcon.colcon_core.package_identification:_identify(roscon2022_workshop/roscon2022_control_workshop) by extension 'ros'
[0.291s] DEBUG:colcon.colcon_core.package_identification:Package 'roscon2022_workshop/roscon2022_control_workshop' with type 'ros.ament_cmake' and name 'roscon2022_control_workshop'
[0.291s] Level 1:colcon.colcon_core.package_discovery:discover_packages(recursive) using defaults
[0.291s] Level 1:colcon.colcon_core.package_discovery:discover_packages(ignore) discover
[0.291s] Level 1:colcon.colcon_core.package_discovery:discover_packages(ignore) using defaults
[0.291s] Level 1:colcon.colcon_core.package_discovery:discover_packages(path) discover
[0.291s] Level 1:colcon.colcon_core.package_discovery:discover_packages(path) using defaults
[0.311s] Level 1:colcon.colcon_core.package_discovery:discover_packages(prefix_path) check parameters
[0.311s] Level 1:colcon.colcon_core.package_discovery:discover_packages(prefix_path) discover
[0.314s] DEBUG:colcon.colcon_installed_package_information.package_discovery:Found 306 installed packages in /opt/ros/humble
[0.315s] Level 1:colcon.colcon_core.package_discovery:discover_packages(prefix_path) using defaults
[0.368s] Level 5:colcon.colcon_core.verb:set package 'controlko_description' build argument 'cmake_args' from command line to 'None'
[0.368s] Level 5:colcon.colcon_core.verb:set package 'controlko_description' build argument 'cmake_target' from command line to 'None'
[0.368s] Level 5:colcon.colcon_core.verb:set package 'controlko_description' build argument 'cmake_target_skip_unavailable' from command line to 'False'
[0.368s] Level 5:colcon.colcon_core.verb:set package 'controlko_description' build argument 'cmake_clean_cache' from command line to 'False'
[0.368s] Level 5:colcon.colcon_core.verb:set package 'controlko_description' build argument 'cmake_clean_first' from command line to 'False'
[0.368s] Level 5:colcon.colcon_core.verb:set package 'controlko_description' build argument 'cmake_force_configure' from command line to 'False'
[0.368s] Level 5:colcon.colcon_core.verb:set package 'controlko_description' build argument 'ament_cmake_args' from command line to '['-DCMAKE_EXPORT_COMPILE_COMMANDS=1']'
[0.368s] Level 5:colcon.colcon_core.verb:set package 'controlko_description' build argument 'catkin_cmake_args' from command line to 'None'
[0.368s] Level 5:colcon.colcon_core.verb:set package 'controlko_description' build argument 'catkin_skip_building_tests' from command line to 'False'
[0.368s] DEBUG:colcon.colcon_core.verb:Building package 'controlko_description' with the following arguments: {'ament_cmake_args': ['-DCMAKE_EXPORT_COMPILE_COMMANDS=1'], 'build_base': '/home/tony/ros2_control/1_rrbot_ws/build/controlko_description', 'catkin_cmake_args': None, 'catkin_skip_building_tests': False, 'cmake_args': None, 'cmake_clean_cache': False, 'cmake_clean_first': False, 'cmake_force_configure': False, 'cmake_target': None, 'cmake_target_skip_unavailable': False, 'install_base': '/home/tony/ros2_control/1_rrbot_ws/install/controlko_description', 'merge_install': False, 'path': '/home/tony/ros2_control/1_rrbot_ws/roscon2022_workshop/controlko_description', 'symlink_install': False, 'test_result_base': None}
[0.369s] Level 5:colcon.colcon_core.verb:set package 'controlko_hardware_interface' build argument 'cmake_args' from command line to 'None'
[0.369s] Level 5:colcon.colcon_core.verb:set package 'controlko_hardware_interface' build argument 'cmake_target' from command line to 'None'
[0.369s] Level 5:colcon.colcon_core.verb:set package 'controlko_hardware_interface' build argument 'cmake_target_skip_unavailable' from command line to 'False'
[0.369s] Level 5:colcon.colcon_core.verb:set package 'controlko_hardware_interface' build argument 'cmake_clean_cache' from command line to 'False'
[0.369s] Level 5:colcon.colcon_core.verb:set package 'controlko_hardware_interface' build argument 'cmake_clean_first' from command line to 'False'
[0.369s] Level 5:colcon.colcon_core.verb:set package 'controlko_hardware_interface' build argument 'cmake_force_configure' from command line to 'False'
[0.369s] Level 5:colcon.colcon_core.verb:set package 'controlko_hardware_interface' build argument 'ament_cmake_args' from command line to '['-DCMAKE_EXPORT_COMPILE_COMMANDS=1']'
[0.369s] Level 5:colcon.colcon_core.verb:set package 'controlko_hardware_interface' build argument 'catkin_cmake_args' from command line to 'None'
[0.369s] Level 5:colcon.colcon_core.verb:set package 'controlko_hardware_interface' build argument 'catkin_skip_building_tests' from command line to 'False'
[0.369s] DEBUG:colcon.colcon_core.verb:Building package 'controlko_hardware_interface' with the following arguments: {'ament_cmake_args': ['-DCMAKE_EXPORT_COMPILE_COMMANDS=1'], 'build_base': '/home/tony/ros2_control/1_rrbot_ws/build/controlko_hardware_interface', 'catkin_cmake_args': None, 'catkin_skip_building_tests': False, 'cmake_args': None, 'cmake_clean_cache': False, 'cmake_clean_first': False, 'cmake_force_configure': False, 'cmake_target': None, 'cmake_target_skip_unavailable': False, 'install_base': '/home/tony/ros2_control/1_rrbot_ws/install/controlko_hardware_interface', 'merge_install': False, 'path': '/home/tony/ros2_control/1_rrbot_ws/roscon2022_workshop/controlko_hardware_interface', 'symlink_install': False, 'test_result_base': None}
[0.370s] Level 5:colcon.colcon_core.verb:set package 'roscon2022_control_workshop' build argument 'cmake_args' from command line to 'None'
[0.370s] Level 5:colcon.colcon_core.verb:set package 'roscon2022_control_workshop' build argument 'cmake_target' from command line to 'None'
[0.370s] Level 5:colcon.colcon_core.verb:set package 'roscon2022_control_workshop' build argument 'cmake_target_skip_unavailable' from command line to 'False'
[0.370s] Level 5:colcon.colcon_core.verb:set package 'roscon2022_control_workshop' build argument 'cmake_clean_cache' from command line to 'False'
[0.370s] Level 5:colcon.colcon_core.verb:set package 'roscon2022_control_workshop' build argument 'cmake_clean_first' from command line to 'False'
[0.370s] Level 5:colcon.colcon_core.verb:set package 'roscon2022_control_workshop' build argument 'cmake_force_configure' from command line to 'False'
[0.370s] Level 5:colcon.colcon_core.verb:set package 'roscon2022_control_workshop' build argument 'ament_cmake_args' from command line to '['-DCMAKE_EXPORT_COMPILE_COMMANDS=1']'
[0.370s] Level 5:colcon.colcon_core.verb:set package 'roscon2022_control_workshop' build argument 'catkin_cmake_args' from command line to 'None'
[0.370s] Level 5:colcon.colcon_core.verb:set package 'roscon2022_control_workshop' build argument 'catkin_skip_building_tests' from command line to 'False'
[0.370s] DEBUG:colcon.colcon_core.verb:Building package 'roscon2022_control_workshop' with the following arguments: {'ament_cmake_args': ['-DCMAKE_EXPORT_COMPILE_COMMANDS=1'], 'build_base': '/home/tony/ros2_control/1_rrbot_ws/build/roscon2022_control_workshop', 'catkin_cmake_args': None, 'catkin_skip_building_tests': False, 'cmake_args': None, 'cmake_clean_cache': False, 'cmake_clean_first': False, 'cmake_force_configure': False, 'cmake_target': None, 'cmake_target_skip_unavailable': False, 'install_base': '/home/tony/ros2_control/1_rrbot_ws/install/roscon2022_control_workshop', 'merge_install': False, 'path': '/home/tony/ros2_control/1_rrbot_ws/roscon2022_workshop/roscon2022_control_workshop', 'symlink_install': False, 'test_result_base': None}
[0.370s] Level 5:colcon.colcon_core.verb:set package 'controlko_bringup' build argument 'cmake_args' from command line to 'None'
[0.370s] Level 5:colcon.colcon_core.verb:set package 'controlko_bringup' build argument 'cmake_target' from command line to 'None'
[0.370s] Level 5:colcon.colcon_core.verb:set package 'controlko_bringup' build argument 'cmake_target_skip_unavailable' from command line to 'False'
[0.371s] Level 5:colcon.colcon_core.verb:set package 'controlko_bringup' build argument 'cmake_clean_cache' from command line to 'False'
[0.371s] Level 5:colcon.colcon_core.verb:set package 'controlko_bringup' build argument 'cmake_clean_first' from command line to 'False'
[0.371s] Level 5:colcon.colcon_core.verb:set package 'controlko_bringup' build argument 'cmake_force_configure' from command line to 'False'
[0.371s] Level 5:colcon.colcon_core.verb:set package 'controlko_bringup' build argument 'ament_cmake_args' from command line to '['-DCMAKE_EXPORT_COMPILE_COMMANDS=1']'
[0.371s] Level 5:colcon.colcon_core.verb:set package 'controlko_bringup' build argument 'catkin_cmake_args' from command line to 'None'
[0.371s] Level 5:colcon.colcon_core.verb:set package 'controlko_bringup' build argument 'catkin_skip_building_tests' from command line to 'False'
[0.371s] DEBUG:colcon.colcon_core.verb:Building package 'controlko_bringup' with the following arguments: {'ament_cmake_args': ['-DCMAKE_EXPORT_COMPILE_COMMANDS=1'], 'build_base': '/home/tony/ros2_control/1_rrbot_ws/build/controlko_bringup', 'catkin_cmake_args': None, 'catkin_skip_building_tests': False, 'cmake_args': None, 'cmake_clean_cache': False, 'cmake_clean_first': False, 'cmake_force_configure': False, 'cmake_target': None, 'cmake_target_skip_unavailable': False, 'install_base': '/home/tony/ros2_control/1_rrbot_ws/install/controlko_bringup', 'merge_install': False, 'path': '/home/tony/ros2_control/1_rrbot_ws/roscon2022_workshop/controlko_bringup', 'symlink_install': False, 'test_result_base': None}
[0.371s] INFO:colcon.colcon_core.executor:Executing jobs using 'parallel' executor
[0.372s] DEBUG:colcon.colcon_parallel_executor.executor.parallel:run_until_complete
[0.373s] INFO:colcon.colcon_ros.task.ament_cmake.build:Building ROS package in '/home/tony/ros2_control/1_rrbot_ws/roscon2022_workshop/controlko_description' with build type 'ament_cmake'
[0.373s] INFO:colcon.colcon_cmake.task.cmake.build:Building CMake package in '/home/tony/ros2_control/1_rrbot_ws/roscon2022_workshop/controlko_description'
[0.375s] INFO:colcon.colcon_core.plugin_system:Skipping extension 'colcon_core.shell.bat': Not used on non-Windows systems
[0.375s] INFO:colcon.colcon_core.shell:Skip shell extension 'powershell' for command environment: Not usable outside of PowerShell
[0.375s] DEBUG:colcon.colcon_core.shell:Skip shell extension 'dsv' for command environment
[0.379s] INFO:colcon.colcon_ros.task.ament_cmake.build:Building ROS package in '/home/tony/ros2_control/1_rrbot_ws/roscon2022_workshop/controlko_hardware_interface' with build type 'ament_cmake'
[0.379s] INFO:colcon.colcon_cmake.task.cmake.build:Building CMake package in '/home/tony/ros2_control/1_rrbot_ws/roscon2022_workshop/controlko_hardware_interface'
[0.380s] INFO:colcon.colcon_core.shell:Skip shell extension 'powershell' for command environment: Not usable outside of PowerShell
[0.380s] DEBUG:colcon.colcon_core.shell:Skip shell extension 'dsv' for command environment
[0.383s] INFO:colcon.colcon_ros.task.ament_cmake.build:Building ROS package in '/home/tony/ros2_control/1_rrbot_ws/roscon2022_workshop/roscon2022_control_workshop' with build type 'ament_cmake'
[0.383s] INFO:colcon.colcon_cmake.task.cmake.build:Building CMake package in '/home/tony/ros2_control/1_rrbot_ws/roscon2022_workshop/roscon2022_control_workshop'
[0.384s] INFO:colcon.colcon_core.shell:Skip shell extension 'powershell' for command environment: Not usable outside of PowerShell
[0.384s] DEBUG:colcon.colcon_core.shell:Skip shell extension 'dsv' for command environment
[0.392s] DEBUG:colcon.colcon_core.event_handler.log_command:Invoking command in '/home/tony/ros2_control/1_rrbot_ws/build/controlko_description': CMAKE_PREFIX_PATH=/opt/ros/humble /usr/bin/cmake /home/tony/ros2_control/1_rrbot_ws/roscon2022_workshop/controlko_description -DCMAKE_EXPORT_COMPILE_COMMANDS=1 -DCMAKE_INSTALL_PREFIX=/home/tony/ros2_control/1_rrbot_ws/install/controlko_description
[0.401s] DEBUG:colcon.colcon_core.event_handler.log_command:Invoking command in '/home/tony/ros2_control/1_rrbot_ws/build/controlko_hardware_interface': CMAKE_PREFIX_PATH=/opt/ros/humble /usr/bin/cmake /home/tony/ros2_control/1_rrbot_ws/roscon2022_workshop/controlko_hardware_interface -DCMAKE_EXPORT_COMPILE_COMMANDS=1 -DCMAKE_INSTALL_PREFIX=/home/tony/ros2_control/1_rrbot_ws/install/controlko_hardware_interface
[0.411s] DEBUG:colcon.colcon_core.event_handler.log_command:Invoking command in '/home/tony/ros2_control/1_rrbot_ws/build/roscon2022_control_workshop': CMAKE_PREFIX_PATH=/opt/ros/humble /usr/bin/cmake /home/tony/ros2_control/1_rrbot_ws/roscon2022_workshop/roscon2022_control_workshop -DCMAKE_EXPORT_COMPILE_COMMANDS=1 -DCMAKE_INSTALL_PREFIX=/home/tony/ros2_control/1_rrbot_ws/install/roscon2022_control_workshop
[0.707s] DEBUG:colcon.colcon_core.event_handler.log_command:Invoked command in '/home/tony/ros2_control/1_rrbot_ws/build/controlko_description' returned '0': CMAKE_PREFIX_PATH=/opt/ros/humble /usr/bin/cmake /home/tony/ros2_control/1_rrbot_ws/roscon2022_workshop/controlko_description -DCMAKE_EXPORT_COMPILE_COMMANDS=1 -DCMAKE_INSTALL_PREFIX=/home/tony/ros2_control/1_rrbot_ws/install/controlko_description
[0.708s] DEBUG:colcon.colcon_core.event_handler.log_command:Invoking command in '/home/tony/ros2_control/1_rrbot_ws/build/controlko_description': CMAKE_PREFIX_PATH=/opt/ros/humble /usr/bin/cmake --build /home/tony/ros2_control/1_rrbot_ws/build/controlko_description -- -j4 -l4
[0.775s] DEBUG:colcon.colcon_core.event_handler.log_command:Invoked command in '/home/tony/ros2_control/1_rrbot_ws/build/roscon2022_control_workshop' returned '0': CMAKE_PREFIX_PATH=/opt/ros/humble /usr/bin/cmake /home/tony/ros2_control/1_rrbot_ws/roscon2022_workshop/roscon2022_control_workshop -DCMAKE_EXPORT_COMPILE_COMMANDS=1 -DCMAKE_INSTALL_PREFIX=/home/tony/ros2_control/1_rrbot_ws/install/roscon2022_control_workshop
[0.776s] DEBUG:colcon.colcon_core.event_handler.log_command:Invoking command in '/home/tony/ros2_control/1_rrbot_ws/build/roscon2022_control_workshop': CMAKE_PREFIX_PATH=/opt/ros/humble /usr/bin/cmake --build /home/tony/ros2_control/1_rrbot_ws/build/roscon2022_control_workshop -- -j4 -l4
[0.785s] DEBUG:colcon.colcon_core.event_handler.log_command:Invoked command in '/home/tony/ros2_control/1_rrbot_ws/build/controlko_description' returned '0': CMAKE_PREFIX_PATH=/opt/ros/humble /usr/bin/cmake --build /home/tony/ros2_control/1_rrbot_ws/build/controlko_description -- -j4 -l4
[0.845s] DEBUG:colcon.colcon_core.event_handler.log_command:Invoking command in '/home/tony/ros2_control/1_rrbot_ws/build/controlko_description': CMAKE_PREFIX_PATH=/opt/ros/humble /usr/bin/cmake --install /home/tony/ros2_control/1_rrbot_ws/build/controlko_description
[0.854s] DEBUG:colcon.colcon_core.event_handler.log_command:Invoked command in '/home/tony/ros2_control/1_rrbot_ws/build/roscon2022_control_workshop' returned '0': CMAKE_PREFIX_PATH=/opt/ros/humble /usr/bin/cmake --build /home/tony/ros2_control/1_rrbot_ws/build/roscon2022_control_workshop -- -j4 -l4
[0.871s] Level 1:colcon.colcon_core.environment:create_environment_scripts_only(controlko_description)
[0.874s] Level 1:colcon.colcon_core.environment:checking '/home/tony/ros2_control/1_rrbot_ws/install/controlko_description' for CMake module files
[0.877s] DEBUG:colcon.colcon_core.event_handler.log_command:Invoked command in '/home/tony/ros2_control/1_rrbot_ws/build/controlko_description' returned '0': CMAKE_PREFIX_PATH=/opt/ros/humble /usr/bin/cmake --install /home/tony/ros2_control/1_rrbot_ws/build/controlko_description
[0.893s] Level 1:colcon.colcon_core.environment:checking '/home/tony/ros2_control/1_rrbot_ws/install/controlko_description' for CMake config files
[0.894s] Level 1:colcon.colcon_core.shell:create_environment_hook('controlko_description', 'cmake_prefix_path')
[0.894s] INFO:colcon.colcon_core.shell:Creating environment hook '/home/tony/ros2_control/1_rrbot_ws/install/controlko_description/share/controlko_description/hook/cmake_prefix_path.ps1'
[0.895s] INFO:colcon.colcon_core.shell:Creating environment descriptor '/home/tony/ros2_control/1_rrbot_ws/install/controlko_description/share/controlko_description/hook/cmake_prefix_path.dsv'
[0.895s] INFO:colcon.colcon_core.shell:Creating environment hook '/home/tony/ros2_control/1_rrbot_ws/install/controlko_description/share/controlko_description/hook/cmake_prefix_path.sh'
[0.897s] Level 1:colcon.colcon_core.environment:checking '/home/tony/ros2_control/1_rrbot_ws/install/controlko_description/bin'
[0.897s] Level 1:colcon.colcon_core.environment:checking '/home/tony/ros2_control/1_rrbot_ws/install/controlko_description/lib/pkgconfig/controlko_description.pc'
[0.897s] Level 1:colcon.colcon_core.environment:checking '/home/tony/ros2_control/1_rrbot_ws/install/controlko_description/lib/python3.10/site-packages'
[0.897s] Level 1:colcon.colcon_core.environment:checking '/home/tony/ros2_control/1_rrbot_ws/install/controlko_description/bin'
[0.898s] INFO:colcon.colcon_core.shell:Creating package script '/home/tony/ros2_control/1_rrbot_ws/install/controlko_description/share/controlko_description/package.ps1'
[0.899s] INFO:colcon.colcon_core.shell:Creating package descriptor '/home/tony/ros2_control/1_rrbot_ws/install/controlko_description/share/controlko_description/package.dsv'
[0.900s] INFO:colcon.colcon_core.shell:Creating package script '/home/tony/ros2_control/1_rrbot_ws/install/controlko_description/share/controlko_description/package.sh'
[0.901s] INFO:colcon.colcon_core.shell:Creating package script '/home/tony/ros2_control/1_rrbot_ws/install/controlko_description/share/controlko_description/package.bash'
[0.902s] INFO:colcon.colcon_core.shell:Creating package script '/home/tony/ros2_control/1_rrbot_ws/install/controlko_description/share/controlko_description/package.zsh'
[0.908s] Level 1:colcon.colcon_core.environment:create_file_with_runtime_dependencies(/home/tony/ros2_control/1_rrbot_ws/install/controlko_description/share/colcon-core/packages/controlko_description)
[0.925s] DEBUG:colcon.colcon_core.event_handler.log_command:Invoking command in '/home/tony/ros2_control/1_rrbot_ws/build/roscon2022_control_workshop': CMAKE_PREFIX_PATH=/opt/ros/humble /usr/bin/cmake --install /home/tony/ros2_control/1_rrbot_ws/build/roscon2022_control_workshop
[0.946s] Level 1:colcon.colcon_core.environment:create_environment_scripts_only(roscon2022_control_workshop)
[0.947s] Level 1:colcon.colcon_core.environment:checking '/home/tony/ros2_control/1_rrbot_ws/install/roscon2022_control_workshop' for CMake module files
[0.948s] Level 1:colcon.colcon_core.environment:checking '/home/tony/ros2_control/1_rrbot_ws/install/roscon2022_control_workshop' for CMake config files
[0.949s] Level 1:colcon.colcon_core.shell:create_environment_hook('roscon2022_control_workshop', 'cmake_prefix_path')
[0.949s] INFO:colcon.colcon_core.shell:Creating environment hook '/home/tony/ros2_control/1_rrbot_ws/install/roscon2022_control_workshop/share/roscon2022_control_workshop/hook/cmake_prefix_path.ps1'
[0.949s] INFO:colcon.colcon_core.shell:Creating environment descriptor '/home/tony/ros2_control/1_rrbot_ws/install/roscon2022_control_workshop/share/roscon2022_control_workshop/hook/cmake_prefix_path.dsv'
[0.950s] INFO:colcon.colcon_core.shell:Creating environment hook '/home/tony/ros2_control/1_rrbot_ws/install/roscon2022_control_workshop/share/roscon2022_control_workshop/hook/cmake_prefix_path.sh'
[0.951s] Level 1:colcon.colcon_core.environment:checking '/home/tony/ros2_control/1_rrbot_ws/install/roscon2022_control_workshop/bin'
[0.951s] Level 1:colcon.colcon_core.environment:checking '/home/tony/ros2_control/1_rrbot_ws/install/roscon2022_control_workshop/lib/pkgconfig/roscon2022_control_workshop.pc'
[0.947s] DEBUG:colcon.colcon_core.event_handler.log_command:Invoked command in '/home/tony/ros2_control/1_rrbot_ws/build/roscon2022_control_workshop' returned '0': CMAKE_PREFIX_PATH=/opt/ros/humble /usr/bin/cmake --install /home/tony/ros2_control/1_rrbot_ws/build/roscon2022_control_workshop
[0.952s] Level 1:colcon.colcon_core.environment:checking '/home/tony/ros2_control/1_rrbot_ws/install/roscon2022_control_workshop/lib/python3.10/site-packages'
[0.953s] Level 1:colcon.colcon_core.environment:checking '/home/tony/ros2_control/1_rrbot_ws/install/roscon2022_control_workshop/bin'
[0.953s] INFO:colcon.colcon_core.shell:Creating package script '/home/tony/ros2_control/1_rrbot_ws/install/roscon2022_control_workshop/share/roscon2022_control_workshop/package.ps1'
[0.954s] INFO:colcon.colcon_core.shell:Creating package descriptor '/home/tony/ros2_control/1_rrbot_ws/install/roscon2022_control_workshop/share/roscon2022_control_workshop/package.dsv'
[0.954s] INFO:colcon.colcon_core.shell:Creating package script '/home/tony/ros2_control/1_rrbot_ws/install/roscon2022_control_workshop/share/roscon2022_control_workshop/package.sh'
[0.955s] INFO:colcon.colcon_core.shell:Creating package script '/home/tony/ros2_control/1_rrbot_ws/install/roscon2022_control_workshop/share/roscon2022_control_workshop/package.bash'
[0.955s] INFO:colcon.colcon_core.shell:Creating package script '/home/tony/ros2_control/1_rrbot_ws/install/roscon2022_control_workshop/share/roscon2022_control_workshop/package.zsh'
[0.956s] Level 1:colcon.colcon_core.environment:create_file_with_runtime_dependencies(/home/tony/ros2_control/1_rrbot_ws/install/roscon2022_control_workshop/share/colcon-core/packages/roscon2022_control_workshop)
[0.964s] Level 1:colcon.colcon_core.environment:create_environment_scripts_only(controlko_description)
[0.964s] Level 1:colcon.colcon_core.environment:checking '/home/tony/ros2_control/1_rrbot_ws/install/controlko_description' for CMake module files
[0.965s] Level 1:colcon.colcon_core.environment:checking '/home/tony/ros2_control/1_rrbot_ws/install/controlko_description' for CMake config files
[0.966s] Level 1:colcon.colcon_core.shell:create_environment_hook('controlko_description', 'cmake_prefix_path')
[0.966s] INFO:colcon.colcon_core.shell:Creating environment hook '/home/tony/ros2_control/1_rrbot_ws/install/controlko_description/share/controlko_description/hook/cmake_prefix_path.ps1'
[0.967s] INFO:colcon.colcon_core.shell:Creating environment descriptor '/home/tony/ros2_control/1_rrbot_ws/install/controlko_description/share/controlko_description/hook/cmake_prefix_path.dsv'
[0.967s] INFO:colcon.colcon_core.shell:Creating environment hook '/home/tony/ros2_control/1_rrbot_ws/install/controlko_description/share/controlko_description/hook/cmake_prefix_path.sh'
[0.968s] Level 1:colcon.colcon_core.environment:checking '/home/tony/ros2_control/1_rrbot_ws/install/controlko_description/bin'
[0.968s] Level 1:colcon.colcon_core.environment:checking '/home/tony/ros2_control/1_rrbot_ws/install/controlko_description/lib/pkgconfig/controlko_description.pc'
[0.969s] Level 1:colcon.colcon_core.environment:checking '/home/tony/ros2_control/1_rrbot_ws/install/controlko_description/lib/python3.10/site-packages'
[0.969s] Level 1:colcon.colcon_core.environment:checking '/home/tony/ros2_control/1_rrbot_ws/install/controlko_description/bin'
[0.970s] INFO:colcon.colcon_core.shell:Creating package script '/home/tony/ros2_control/1_rrbot_ws/install/controlko_description/share/controlko_description/package.ps1'
[0.970s] INFO:colcon.colcon_core.shell:Creating package descriptor '/home/tony/ros2_control/1_rrbot_ws/install/controlko_description/share/controlko_description/package.dsv'
[0.971s] INFO:colcon.colcon_core.shell:Creating package script '/home/tony/ros2_control/1_rrbot_ws/install/controlko_description/share/controlko_description/package.sh'
[0.971s] INFO:colcon.colcon_core.shell:Creating package script '/home/tony/ros2_control/1_rrbot_ws/install/controlko_description/share/controlko_description/package.bash'
[0.972s] INFO:colcon.colcon_core.shell:Creating package script '/home/tony/ros2_control/1_rrbot_ws/install/controlko_description/share/controlko_description/package.zsh'
[0.973s] Level 1:colcon.colcon_core.environment:create_file_with_runtime_dependencies(/home/tony/ros2_control/1_rrbot_ws/install/controlko_description/share/colcon-core/packages/controlko_description)
[0.974s] INFO:colcon.colcon_ros.task.ament_cmake.build:Building ROS package in '/home/tony/ros2_control/1_rrbot_ws/roscon2022_workshop/controlko_bringup' with build type 'ament_cmake'
[0.974s] INFO:colcon.colcon_cmake.task.cmake.build:Building CMake package in '/home/tony/ros2_control/1_rrbot_ws/roscon2022_workshop/controlko_bringup'
[0.975s] INFO:colcon.colcon_core.shell:Skip shell extension 'powershell' for command environment: Not usable outside of PowerShell
[0.975s] DEBUG:colcon.colcon_core.shell:Skip shell extension 'dsv' for command environment
[1.003s] DEBUG:colcon.colcon_core.event_handler.log_command:Invoking command in '/home/tony/ros2_control/1_rrbot_ws/build/controlko_bringup': AMENT_PREFIX_PATH=/home/tony/ros2_control/1_rrbot_ws/install/controlko_description:${AMENT_PREFIX_PATH} CMAKE_PREFIX_PATH=/home/tony/ros2_control/1_rrbot_ws/install/controlko_description:/opt/ros/humble /usr/bin/cmake /home/tony/ros2_control/1_rrbot_ws/roscon2022_workshop/controlko_bringup -DCMAKE_EXPORT_COMPILE_COMMANDS=1 -DCMAKE_INSTALL_PREFIX=/home/tony/ros2_control/1_rrbot_ws/install/controlko_bringup
[1.047s] Level 1:colcon.colcon_core.environment:create_environment_scripts_only(roscon2022_control_workshop)
[1.047s] Level 1:colcon.colcon_core.environment:checking '/home/tony/ros2_control/1_rrbot_ws/install/roscon2022_control_workshop' for CMake module files
[1.049s] Level 1:colcon.colcon_core.environment:checking '/home/tony/ros2_control/1_rrbot_ws/install/roscon2022_control_workshop' for CMake config files
[1.050s] Level 1:colcon.colcon_core.shell:create_environment_hook('roscon2022_control_workshop', 'cmake_prefix_path')
[1.051s] INFO:colcon.colcon_core.shell:Creating environment hook '/home/tony/ros2_control/1_rrbot_ws/install/roscon2022_control_workshop/share/roscon2022_control_workshop/hook/cmake_prefix_path.ps1'
[1.052s] INFO:colcon.colcon_core.shell:Creating environment descriptor '/home/tony/ros2_control/1_rrbot_ws/install/roscon2022_control_workshop/share/roscon2022_control_workshop/hook/cmake_prefix_path.dsv'
[1.053s] INFO:colcon.colcon_core.shell:Creating environment hook '/home/tony/ros2_control/1_rrbot_ws/install/roscon2022_control_workshop/share/roscon2022_control_workshop/hook/cmake_prefix_path.sh'
[1.054s] Level 1:colcon.colcon_core.environment:checking '/home/tony/ros2_control/1_rrbot_ws/install/roscon2022_control_workshop/bin'
[1.054s] Level 1:colcon.colcon_core.environment:checking '/home/tony/ros2_control/1_rrbot_ws/install/roscon2022_control_workshop/lib/pkgconfig/roscon2022_control_workshop.pc'
[1.054s] Level 1:colcon.colcon_core.environment:checking '/home/tony/ros2_control/1_rrbot_ws/install/roscon2022_control_workshop/lib/python3.10/site-packages'
[1.055s] Level 1:colcon.colcon_core.environment:checking '/home/tony/ros2_control/1_rrbot_ws/install/roscon2022_control_workshop/bin'
[1.058s] INFO:colcon.colcon_core.shell:Creating package script '/home/tony/ros2_control/1_rrbot_ws/install/roscon2022_control_workshop/share/roscon2022_control_workshop/package.ps1'
[1.060s] INFO:colcon.colcon_core.shell:Creating package descriptor '/home/tony/ros2_control/1_rrbot_ws/install/roscon2022_control_workshop/share/roscon2022_control_workshop/package.dsv'
[1.061s] INFO:colcon.colcon_core.shell:Creating package script '/home/tony/ros2_control/1_rrbot_ws/install/roscon2022_control_workshop/share/roscon2022_control_workshop/package.sh'
[1.065s] INFO:colcon.colcon_core.shell:Creating package script '/home/tony/ros2_control/1_rrbot_ws/install/roscon2022_control_workshop/share/roscon2022_control_workshop/package.bash'
[1.066s] INFO:colcon.colcon_core.shell:Creating package script '/home/tony/ros2_control/1_rrbot_ws/install/roscon2022_control_workshop/share/roscon2022_control_workshop/package.zsh'
[1.067s] Level 1:colcon.colcon_core.environment:create_file_with_runtime_dependencies(/home/tony/ros2_control/1_rrbot_ws/install/roscon2022_control_workshop/share/colcon-core/packages/roscon2022_control_workshop)
[1.283s] DEBUG:colcon.colcon_core.event_handler.log_command:Invoked command in '/home/tony/ros2_control/1_rrbot_ws/build/controlko_bringup' returned '0': AMENT_PREFIX_PATH=/home/tony/ros2_control/1_rrbot_ws/install/controlko_description:${AMENT_PREFIX_PATH} CMAKE_PREFIX_PATH=/home/tony/ros2_control/1_rrbot_ws/install/controlko_description:/opt/ros/humble /usr/bin/cmake /home/tony/ros2_control/1_rrbot_ws/roscon2022_workshop/controlko_bringup -DCMAKE_EXPORT_COMPILE_COMMANDS=1 -DCMAKE_INSTALL_PREFIX=/home/tony/ros2_control/1_rrbot_ws/install/controlko_bringup
[1.284s] DEBUG:colcon.colcon_core.event_handler.log_command:Invoking command in '/home/tony/ros2_control/1_rrbot_ws/build/controlko_bringup': AMENT_PREFIX_PATH=/home/tony/ros2_control/1_rrbot_ws/install/controlko_description:${AMENT_PREFIX_PATH} CMAKE_PREFIX_PATH=/home/tony/ros2_control/1_rrbot_ws/install/controlko_description:/opt/ros/humble /usr/bin/cmake --build /home/tony/ros2_control/1_rrbot_ws/build/controlko_bringup -- -j4 -l4
[1.334s] DEBUG:colcon.colcon_core.event_handler.log_command:Invoked command in '/home/tony/ros2_control/1_rrbot_ws/build/controlko_bringup' returned '0': AMENT_PREFIX_PATH=/home/tony/ros2_control/1_rrbot_ws/install/controlko_description:${AMENT_PREFIX_PATH} CMAKE_PREFIX_PATH=/home/tony/ros2_control/1_rrbot_ws/install/controlko_description:/opt/ros/humble /usr/bin/cmake --build /home/tony/ros2_control/1_rrbot_ws/build/controlko_bringup -- -j4 -l4
[1.357s] DEBUG:colcon.colcon_core.event_handler.log_command:Invoking command in '/home/tony/ros2_control/1_rrbot_ws/build/controlko_bringup': AMENT_PREFIX_PATH=/home/tony/ros2_control/1_rrbot_ws/install/controlko_description:${AMENT_PREFIX_PATH} CMAKE_PREFIX_PATH=/home/tony/ros2_control/1_rrbot_ws/install/controlko_description:/opt/ros/humble /usr/bin/cmake --install /home/tony/ros2_control/1_rrbot_ws/build/controlko_bringup
[1.373s] Level 1:colcon.colcon_core.environment:create_environment_scripts_only(controlko_bringup)
[1.374s] Level 1:colcon.colcon_core.environment:checking '/home/tony/ros2_control/1_rrbot_ws/install/controlko_bringup' for CMake module files
[1.374s] Level 1:colcon.colcon_core.environment:checking '/home/tony/ros2_control/1_rrbot_ws/install/controlko_bringup' for CMake config files
[1.375s] DEBUG:colcon.colcon_core.event_handler.log_command:Invoked command in '/home/tony/ros2_control/1_rrbot_ws/build/controlko_bringup' returned '0': AMENT_PREFIX_PATH=/home/tony/ros2_control/1_rrbot_ws/install/controlko_description:${AMENT_PREFIX_PATH} CMAKE_PREFIX_PATH=/home/tony/ros2_control/1_rrbot_ws/install/controlko_description:/opt/ros/humble /usr/bin/cmake --install /home/tony/ros2_control/1_rrbot_ws/build/controlko_bringup
[1.375s] Level 1:colcon.colcon_core.shell:create_environment_hook('controlko_bringup', 'cmake_prefix_path')
[1.376s] INFO:colcon.colcon_core.shell:Creating environment hook '/home/tony/ros2_control/1_rrbot_ws/install/controlko_bringup/share/controlko_bringup/hook/cmake_prefix_path.ps1'
[1.376s] INFO:colcon.colcon_core.shell:Creating environment descriptor '/home/tony/ros2_control/1_rrbot_ws/install/controlko_bringup/share/controlko_bringup/hook/cmake_prefix_path.dsv'
[1.377s] INFO:colcon.colcon_core.shell:Creating environment hook '/home/tony/ros2_control/1_rrbot_ws/install/controlko_bringup/share/controlko_bringup/hook/cmake_prefix_path.sh'
[1.377s] Level 1:colcon.colcon_core.environment:checking '/home/tony/ros2_control/1_rrbot_ws/install/controlko_bringup/bin'
[1.377s] Level 1:colcon.colcon_core.environment:checking '/home/tony/ros2_control/1_rrbot_ws/install/controlko_bringup/lib/pkgconfig/controlko_bringup.pc'
[1.378s] Level 1:colcon.colcon_core.environment:checking '/home/tony/ros2_control/1_rrbot_ws/install/controlko_bringup/lib/python3.10/site-packages'
[1.378s] Level 1:colcon.colcon_core.environment:checking '/home/tony/ros2_control/1_rrbot_ws/install/controlko_bringup/bin'
[1.379s] INFO:colcon.colcon_core.shell:Creating package script '/home/tony/ros2_control/1_rrbot_ws/install/controlko_bringup/share/controlko_bringup/package.ps1'
[1.379s] INFO:colcon.colcon_core.shell:Creating package descriptor '/home/tony/ros2_control/1_rrbot_ws/install/controlko_bringup/share/controlko_bringup/package.dsv'
[1.380s] INFO:colcon.colcon_core.shell:Creating package script '/home/tony/ros2_control/1_rrbot_ws/install/controlko_bringup/share/controlko_bringup/package.sh'
[1.381s] INFO:colcon.colcon_core.shell:Creating package script '/home/tony/ros2_control/1_rrbot_ws/install/controlko_bringup/share/controlko_bringup/package.bash'
[1.381s] INFO:colcon.colcon_core.shell:Creating package script '/home/tony/ros2_control/1_rrbot_ws/install/controlko_bringup/share/controlko_bringup/package.zsh'
[1.382s] Level 1:colcon.colcon_core.environment:create_file_with_runtime_dependencies(/home/tony/ros2_control/1_rrbot_ws/install/controlko_bringup/share/colcon-core/packages/controlko_bringup)
[1.401s] DEBUG:colcon.colcon_core.event_handler.log_command:Invoked command in '/home/tony/ros2_control/1_rrbot_ws/build/controlko_hardware_interface' returned '0': CMAKE_PREFIX_PATH=/opt/ros/humble /usr/bin/cmake /home/tony/ros2_control/1_rrbot_ws/roscon2022_workshop/controlko_hardware_interface -DCMAKE_EXPORT_COMPILE_COMMANDS=1 -DCMAKE_INSTALL_PREFIX=/home/tony/ros2_control/1_rrbot_ws/install/controlko_hardware_interface
[1.402s] DEBUG:colcon.colcon_core.event_handler.log_command:Invoking command in '/home/tony/ros2_control/1_rrbot_ws/build/controlko_hardware_interface': CMAKE_PREFIX_PATH=/opt/ros/humble /usr/bin/cmake --build /home/tony/ros2_control/1_rrbot_ws/build/controlko_hardware_interface -- -j4 -l4
[1.427s] Level 1:colcon.colcon_core.environment:create_environment_scripts_only(controlko_bringup)
[1.427s] Level 1:colcon.colcon_core.environment:checking '/home/tony/ros2_control/1_rrbot_ws/install/controlko_bringup' for CMake module files
[1.428s] Level 1:colcon.colcon_core.environment:checking '/home/tony/ros2_control/1_rrbot_ws/install/controlko_bringup' for CMake config files
[1.428s] Level 1:colcon.colcon_core.shell:create_environment_hook('controlko_bringup', 'cmake_prefix_path')
[1.429s] INFO:colcon.colcon_core.shell:Creating environment hook '/home/tony/ros2_control/1_rrbot_ws/install/controlko_bringup/share/controlko_bringup/hook/cmake_prefix_path.ps1'
[1.430s] INFO:colcon.colcon_core.shell:Creating environment descriptor '/home/tony/ros2_control/1_rrbot_ws/install/controlko_bringup/share/controlko_bringup/hook/cmake_prefix_path.dsv'
[1.430s] INFO:colcon.colcon_core.shell:Creating environment hook '/home/tony/ros2_control/1_rrbot_ws/install/controlko_bringup/share/controlko_bringup/hook/cmake_prefix_path.sh'
[1.431s] Level 1:colcon.colcon_core.environment:checking '/home/tony/ros2_control/1_rrbot_ws/install/controlko_bringup/bin'
[1.432s] Level 1:colcon.colcon_core.environment:checking '/home/tony/ros2_control/1_rrbot_ws/install/controlko_bringup/lib/pkgconfig/controlko_bringup.pc'
[1.432s] Level 1:colcon.colcon_core.environment:checking '/home/tony/ros2_control/1_rrbot_ws/install/controlko_bringup/lib/python3.10/site-packages'
[1.432s] Level 1:colcon.colcon_core.environment:checking '/home/tony/ros2_control/1_rrbot_ws/install/controlko_bringup/bin'
[1.433s] INFO:colcon.colcon_core.shell:Creating package script '/home/tony/ros2_control/1_rrbot_ws/install/controlko_bringup/share/controlko_bringup/package.ps1'
[1.434s] INFO:colcon.colcon_core.shell:Creating package descriptor '/home/tony/ros2_control/1_rrbot_ws/install/controlko_bringup/share/controlko_bringup/package.dsv'
[1.434s] INFO:colcon.colcon_core.shell:Creating package script '/home/tony/ros2_control/1_rrbot_ws/install/controlko_bringup/share/controlko_bringup/package.sh'
[1.435s] INFO:colcon.colcon_core.shell:Creating package script '/home/tony/ros2_control/1_rrbot_ws/install/controlko_bringup/share/controlko_bringup/package.bash'
[1.435s] INFO:colcon.colcon_core.shell:Creating package script '/home/tony/ros2_control/1_rrbot_ws/install/controlko_bringup/share/controlko_bringup/package.zsh'
[1.436s] Level 1:colcon.colcon_core.environment:create_file_with_runtime_dependencies(/home/tony/ros2_control/1_rrbot_ws/install/controlko_bringup/share/colcon-core/packages/controlko_bringup)
[1.564s] DEBUG:colcon.colcon_core.event_handler.log_command:Invoked command in '/home/tony/ros2_control/1_rrbot_ws/build/controlko_hardware_interface' returned '0': CMAKE_PREFIX_PATH=/opt/ros/humble /usr/bin/cmake --build /home/tony/ros2_control/1_rrbot_ws/build/controlko_hardware_interface -- -j4 -l4
[1.602s] DEBUG:colcon.colcon_core.event_handler.log_command:Invoking command in '/home/tony/ros2_control/1_rrbot_ws/build/controlko_hardware_interface': CMAKE_PREFIX_PATH=/opt/ros/humble /usr/bin/cmake --install /home/tony/ros2_control/1_rrbot_ws/build/controlko_hardware_interface
[1.615s] Level 1:colcon.colcon_core.environment:create_environment_scripts_only(controlko_hardware_interface)
[1.615s] Level 1:colcon.colcon_core.environment:checking '/home/tony/ros2_control/1_rrbot_ws/install/controlko_hardware_interface' for CMake module files
[1.616s] Level 1:colcon.colcon_core.environment:checking '/home/tony/ros2_control/1_rrbot_ws/install/controlko_hardware_interface' for CMake config files
[1.617s] DEBUG:colcon.colcon_core.event_handler.log_command:Invoked command in '/home/tony/ros2_control/1_rrbot_ws/build/controlko_hardware_interface' returned '0': CMAKE_PREFIX_PATH=/opt/ros/humble /usr/bin/cmake --install /home/tony/ros2_control/1_rrbot_ws/build/controlko_hardware_interface
[1.617s] Level 1:colcon.colcon_core.shell:create_environment_hook('controlko_hardware_interface', 'cmake_prefix_path')
[1.617s] INFO:colcon.colcon_core.shell:Creating environment hook '/home/tony/ros2_control/1_rrbot_ws/install/controlko_hardware_interface/share/controlko_hardware_interface/hook/cmake_prefix_path.ps1'
[1.618s] INFO:colcon.colcon_core.shell:Creating environment descriptor '/home/tony/ros2_control/1_rrbot_ws/install/controlko_hardware_interface/share/controlko_hardware_interface/hook/cmake_prefix_path.dsv'
[1.618s] INFO:colcon.colcon_core.shell:Creating environment hook '/home/tony/ros2_control/1_rrbot_ws/install/controlko_hardware_interface/share/controlko_hardware_interface/hook/cmake_prefix_path.sh'
[1.618s] Level 1:colcon.colcon_core.environment:checking '/home/tony/ros2_control/1_rrbot_ws/install/controlko_hardware_interface/lib'
[1.619s] Level 1:colcon.colcon_core.shell:create_environment_hook('controlko_hardware_interface', 'ld_library_path_lib')
[1.619s] INFO:colcon.colcon_core.shell:Creating environment hook '/home/tony/ros2_control/1_rrbot_ws/install/controlko_hardware_interface/share/controlko_hardware_interface/hook/ld_library_path_lib.ps1'
[1.619s] INFO:colcon.colcon_core.shell:Creating environment descriptor '/home/tony/ros2_control/1_rrbot_ws/install/controlko_hardware_interface/share/controlko_hardware_interface/hook/ld_library_path_lib.dsv'
[1.620s] INFO:colcon.colcon_core.shell:Creating environment hook '/home/tony/ros2_control/1_rrbot_ws/install/controlko_hardware_interface/share/controlko_hardware_interface/hook/ld_library_path_lib.sh'
[1.620s] Level 1:colcon.colcon_core.environment:checking '/home/tony/ros2_control/1_rrbot_ws/install/controlko_hardware_interface/bin'
[1.620s] Level 1:colcon.colcon_core.environment:checking '/home/tony/ros2_control/1_rrbot_ws/install/controlko_hardware_interface/lib/pkgconfig/controlko_hardware_interface.pc'
[1.620s] Level 1:colcon.colcon_core.environment:checking '/home/tony/ros2_control/1_rrbot_ws/install/controlko_hardware_interface/lib/python3.10/site-packages'
[1.620s] Level 1:colcon.colcon_core.environment:checking '/home/tony/ros2_control/1_rrbot_ws/install/controlko_hardware_interface/bin'
[1.621s] INFO:colcon.colcon_core.shell:Creating package script '/home/tony/ros2_control/1_rrbot_ws/install/controlko_hardware_interface/share/controlko_hardware_interface/package.ps1'
[1.621s] INFO:colcon.colcon_core.shell:Creating package descriptor '/home/tony/ros2_control/1_rrbot_ws/install/controlko_hardware_interface/share/controlko_hardware_interface/package.dsv'
[1.621s] INFO:colcon.colcon_core.shell:Creating package script '/home/tony/ros2_control/1_rrbot_ws/install/controlko_hardware_interface/share/controlko_hardware_interface/package.sh'
[1.622s] INFO:colcon.colcon_core.shell:Creating package script '/home/tony/ros2_control/1_rrbot_ws/install/controlko_hardware_interface/share/controlko_hardware_interface/package.bash'
[1.622s] INFO:colcon.colcon_core.shell:Creating package script '/home/tony/ros2_control/1_rrbot_ws/install/controlko_hardware_interface/share/controlko_hardware_interface/package.zsh'
[1.622s] Level 1:colcon.colcon_core.environment:create_file_with_runtime_dependencies(/home/tony/ros2_control/1_rrbot_ws/install/controlko_hardware_interface/share/colcon-core/packages/controlko_hardware_interface)
[1.649s] Level 1:colcon.colcon_core.environment:create_environment_scripts_only(controlko_hardware_interface)
[1.649s] Level 1:colcon.colcon_core.environment:checking '/home/tony/ros2_control/1_rrbot_ws/install/controlko_hardware_interface' for CMake module files
[1.649s] Level 1:colcon.colcon_core.environment:checking '/home/tony/ros2_control/1_rrbot_ws/install/controlko_hardware_interface' for CMake config files
[1.650s] Level 1:colcon.colcon_core.shell:create_environment_hook('controlko_hardware_interface', 'cmake_prefix_path')
[1.650s] INFO:colcon.colcon_core.shell:Creating environment hook '/home/tony/ros2_control/1_rrbot_ws/install/controlko_hardware_interface/share/controlko_hardware_interface/hook/cmake_prefix_path.ps1'
[1.650s] INFO:colcon.colcon_core.shell:Creating environment descriptor '/home/tony/ros2_control/1_rrbot_ws/install/controlko_hardware_interface/share/controlko_hardware_interface/hook/cmake_prefix_path.dsv'
[1.651s] INFO:colcon.colcon_core.shell:Creating environment hook '/home/tony/ros2_control/1_rrbot_ws/install/controlko_hardware_interface/share/controlko_hardware_interface/hook/cmake_prefix_path.sh'
[1.651s] Level 1:colcon.colcon_core.environment:checking '/home/tony/ros2_control/1_rrbot_ws/install/controlko_hardware_interface/lib'
[1.651s] Level 1:colcon.colcon_core.shell:create_environment_hook('controlko_hardware_interface', 'ld_library_path_lib')
[1.652s] INFO:colcon.colcon_core.shell:Creating environment hook '/home/tony/ros2_control/1_rrbot_ws/install/controlko_hardware_interface/share/controlko_hardware_interface/hook/ld_library_path_lib.ps1'
[1.652s] INFO:colcon.colcon_core.shell:Creating environment descriptor '/home/tony/ros2_control/1_rrbot_ws/install/controlko_hardware_interface/share/controlko_hardware_interface/hook/ld_library_path_lib.dsv'
[1.652s] INFO:colcon.colcon_core.shell:Creating environment hook '/home/tony/ros2_control/1_rrbot_ws/install/controlko_hardware_interface/share/controlko_hardware_interface/hook/ld_library_path_lib.sh'
[1.653s] Level 1:colcon.colcon_core.environment:checking '/home/tony/ros2_control/1_rrbot_ws/install/controlko_hardware_interface/bin'
[1.653s] Level 1:colcon.colcon_core.environment:checking '/home/tony/ros2_control/1_rrbot_ws/install/controlko_hardware_interface/lib/pkgconfig/controlko_hardware_interface.pc'
[1.653s] Level 1:colcon.colcon_core.environment:checking '/home/tony/ros2_control/1_rrbot_ws/install/controlko_hardware_interface/lib/python3.10/site-packages'
[1.653s] Level 1:colcon.colcon_core.environment:checking '/home/tony/ros2_control/1_rrbot_ws/install/controlko_hardware_interface/bin'
[1.653s] INFO:colcon.colcon_core.shell:Creating package script '/home/tony/ros2_control/1_rrbot_ws/install/controlko_hardware_interface/share/controlko_hardware_interface/package.ps1'
[1.654s] INFO:colcon.colcon_core.shell:Creating package descriptor '/home/tony/ros2_control/1_rrbot_ws/install/controlko_hardware_interface/share/controlko_hardware_interface/package.dsv'
[1.654s] INFO:colcon.colcon_core.shell:Creating package script '/home/tony/ros2_control/1_rrbot_ws/install/controlko_hardware_interface/share/controlko_hardware_interface/package.sh'
[1.655s] INFO:colcon.colcon_core.shell:Creating package script '/home/tony/ros2_control/1_rrbot_ws/install/controlko_hardware_interface/share/controlko_hardware_interface/package.bash'
[1.655s] INFO:colcon.colcon_core.shell:Creating package script '/home/tony/ros2_control/1_rrbot_ws/install/controlko_hardware_interface/share/controlko_hardware_interface/package.zsh'
[1.655s] Level 1:colcon.colcon_core.environment:create_file_with_runtime_dependencies(/home/tony/ros2_control/1_rrbot_ws/install/controlko_hardware_interface/share/colcon-core/packages/controlko_hardware_interface)
[1.656s] DEBUG:colcon.colcon_parallel_executor.executor.parallel:closing loop
[1.656s] DEBUG:colcon.colcon_parallel_executor.executor.parallel:loop closed
[1.656s] DEBUG:colcon.colcon_parallel_executor.executor.parallel:run_until_complete finished with '0'
[1.656s] DEBUG:colcon.colcon_core.event_reactor:joining thread
[1.663s] INFO:colcon.colcon_core.plugin_system:Skipping extension 'colcon_notification.desktop_notification.terminal_notifier': Not used on non-Darwin systems
[1.663s] INFO:colcon.colcon_core.plugin_system:Skipping extension 'colcon_notification.desktop_notification.win32': Not used on non-Windows systems
[1.663s] INFO:colcon.colcon_notification.desktop_notification:Sending desktop notification using 'notify2'
[1.678s] DEBUG:colcon.colcon_core.event_reactor:joined thread
[1.679s] INFO:colcon.colcon_core.shell:Creating prefix script '/home/tony/ros2_control/1_rrbot_ws/install/local_setup.ps1'
[1.680s] INFO:colcon.colcon_core.shell:Creating prefix util module '/home/tony/ros2_control/1_rrbot_ws/install/_local_setup_util_ps1.py'
[1.683s] INFO:colcon.colcon_core.shell:Creating prefix chain script '/home/tony/ros2_control/1_rrbot_ws/install/setup.ps1'
[1.684s] INFO:colcon.colcon_core.shell:Creating prefix script '/home/tony/ros2_control/1_rrbot_ws/install/local_setup.sh'
[1.685s] INFO:colcon.colcon_core.shell:Creating prefix util module '/home/tony/ros2_control/1_rrbot_ws/install/_local_setup_util_sh.py'
[1.686s] INFO:colcon.colcon_core.shell:Creating prefix chain script '/home/tony/ros2_control/1_rrbot_ws/install/setup.sh'
[1.687s] INFO:colcon.colcon_core.shell:Creating prefix script '/home/tony/ros2_control/1_rrbot_ws/install/local_setup.bash'
[1.687s] INFO:colcon.colcon_core.shell:Creating prefix chain script '/home/tony/ros2_control/1_rrbot_ws/install/setup.bash'
[1.688s] INFO:colcon.colcon_core.shell:Creating prefix script '/home/tony/ros2_control/1_rrbot_ws/install/local_setup.zsh'
[1.688s] INFO:colcon.colcon_core.shell:Creating prefix chain script '/home/tony/ros2_control/1_rrbot_ws/install/setup.zsh'
