[0.554s] Invoking command in '/home/tony/ros2_control/build/controlko_description': CMAKE_PREFIX_PATH=${CMAKE_PREFIX_PATH}:/opt/ros/humble /usr/bin/cmake /home/tony/ros2_control/1_rrbot_ws/roscon2022_workshop/controlko_description -DCMAKE_INSTALL_PREFIX=/home/tony/ros2_control/install/controlko_description
[0.670s] -- The C compiler identification is GNU 11.4.0
[0.799s] -- The CXX compiler identification is GNU 11.4.0
[0.816s] -- Detecting C compiler ABI info
[0.997s] -- Detecting C compiler ABI info - done
[1.017s] -- Check for working C compiler: /usr/bin/cc - skipped
[1.017s] -- Detecting C compile features
[1.018s] -- Detecting C compile features - done
[1.026s] -- Detecting CXX compiler ABI info
[1.243s] -- Detecting CXX compiler ABI info - done
[1.252s] -- Check for working CXX compiler: /usr/bin/c++ - skipped
[1.253s] -- Detecting CXX compile features
[1.254s] -- Detecting CXX compile features - done
[1.260s] -- Found ament_cmake: 1.3.10 (/opt/ros/humble/share/ament_cmake/cmake)
[1.653s] -- Found Python3: /usr/bin/python3 (found version "3.10.12") found components: Interpreter 
[1.909s] -- Found ament_lint_auto: 0.12.11 (/opt/ros/humble/share/ament_lint_auto/cmake)
[2.138s] -- Added test 'flake8' to check Python code syntax and style conventions
[2.142s] -- Added test 'lint_cmake' to check CMake code style
[2.144s] -- Added test 'pep257' to check Python code against some of the docstring style conventions in PEP 257
[2.148s] -- Added test 'xmllint' to check XML markup files
[2.153s] -- Configuring done
[2.161s] -- Generating done
[2.161s] -- Build files have been written to: /home/tony/ros2_control/build/controlko_description
[2.172s] Invoked command in '/home/tony/ros2_control/build/controlko_description' returned '0': CMAKE_PREFIX_PATH=${CMAKE_PREFIX_PATH}:/opt/ros/humble /usr/bin/cmake /home/tony/ros2_control/1_rrbot_ws/roscon2022_workshop/controlko_description -DCMAKE_INSTALL_PREFIX=/home/tony/ros2_control/install/controlko_description
[2.177s] Invoking command in '/home/tony/ros2_control/build/controlko_description': CMAKE_PREFIX_PATH=${CMAKE_PREFIX_PATH}:/opt/ros/humble /usr/bin/cmake --build /home/tony/ros2_control/build/controlko_description -- -j4 -l4
[2.253s] Invoked command in '/home/tony/ros2_control/build/controlko_description' returned '0': CMAKE_PREFIX_PATH=${CMAKE_PREFIX_PATH}:/opt/ros/humble /usr/bin/cmake --build /home/tony/ros2_control/build/controlko_description -- -j4 -l4
[2.354s] Invoking command in '/home/tony/ros2_control/build/controlko_description': CMAKE_PREFIX_PATH=${CMAKE_PREFIX_PATH}:/opt/ros/humble /usr/bin/cmake --install /home/tony/ros2_control/build/controlko_description
[2.416s] -- Install configuration: ""
[2.416s] -- Installing: /home/tony/ros2_control/install/controlko_description/share/controlko_description/config
[2.419s] -- Installing: /home/tony/ros2_control/install/controlko_description/share/controlko_description/config/.gitkeep
[2.419s] -- Up-to-date: /home/tony/ros2_control/install/controlko_description/share/controlko_description
[2.419s] -- Installing: /home/tony/ros2_control/install/controlko_description/share/controlko_description/view_rrbot.launch.py
[2.421s] -- Installing: /home/tony/ros2_control/install/controlko_description/share/controlko_description/meshes
[2.421s] -- Installing: /home/tony/ros2_control/install/controlko_description/share/controlko_description/meshes/rrbot
[2.421s] -- Installing: /home/tony/ros2_control/install/controlko_description/share/controlko_description/meshes/rrbot/visual
[2.423s] -- Installing: /home/tony/ros2_control/install/controlko_description/share/controlko_description/meshes/rrbot/visual/.gitkeep
[2.423s] -- Installing: /home/tony/ros2_control/install/controlko_description/share/controlko_description/rviz
[2.423s] -- Installing: /home/tony/ros2_control/install/controlko_description/share/controlko_description/rviz/rrbot.rviz
[2.429s] -- Installing: /home/tony/ros2_control/install/controlko_description/share/controlko_description/urdf
[2.429s] -- Installing: /home/tony/ros2_control/install/controlko_description/share/controlko_description/urdf/rrbot.urdf.xacro
[2.429s] -- Installing: /home/tony/ros2_control/install/controlko_description/share/controlko_description/urdf/common.xacro
[2.429s] -- Installing: /home/tony/ros2_control/install/controlko_description/share/controlko_description/urdf/rrbot
[2.432s] -- Installing: /home/tony/ros2_control/install/controlko_description/share/controlko_description/urdf/rrbot/rrbot_macro.ros2_control.xacro
[2.432s] -- Installing: /home/tony/ros2_control/install/controlko_description/share/controlko_description/urdf/rrbot/rrbot_macro.xacro
[2.434s] -- Installing: /home/tony/ros2_control/install/controlko_description/share/ament_index/resource_index/package_run_dependencies/controlko_description
[2.434s] -- Installing: /home/tony/ros2_control/install/controlko_description/share/ament_index/resource_index/parent_prefix_path/controlko_description
[2.438s] -- Installing: /home/tony/ros2_control/install/controlko_description/share/controlko_description/environment/ament_prefix_path.sh
[2.438s] -- Installing: /home/tony/ros2_control/install/controlko_description/share/controlko_description/environment/ament_prefix_path.dsv
[2.438s] -- Installing: /home/tony/ros2_control/install/controlko_description/share/controlko_description/environment/path.sh
[2.438s] -- Installing: /home/tony/ros2_control/install/controlko_description/share/controlko_description/environment/path.dsv
[2.442s] -- Installing: /home/tony/ros2_control/install/controlko_description/share/controlko_description/local_setup.bash
[2.443s] -- Installing: /home/tony/ros2_control/install/controlko_description/share/controlko_description/local_setup.sh
[2.446s] -- Installing: /home/tony/ros2_control/install/controlko_description/share/controlko_description/local_setup.zsh
[2.446s] -- Installing: /home/tony/ros2_control/install/controlko_description/share/controlko_description/local_setup.dsv
[2.446s] -- Installing: /home/tony/ros2_control/install/controlko_description/share/controlko_description/package.dsv
[2.449s] -- Installing: /home/tony/ros2_control/install/controlko_description/share/ament_index/resource_index/packages/controlko_description
[2.450s] -- Installing: /home/tony/ros2_control/install/controlko_description/share/controlko_description/cmake/controlko_descriptionConfig.cmake
[2.450s] -- Installing: /home/tony/ros2_control/install/controlko_description/share/controlko_description/cmake/controlko_descriptionConfig-version.cmake
[2.450s] -- Installing: /home/tony/ros2_control/install/controlko_description/share/controlko_description/package.xml
[2.469s] Invoked command in '/home/tony/ros2_control/build/controlko_description' returned '0': CMAKE_PREFIX_PATH=${CMAKE_PREFIX_PATH}:/opt/ros/humble /usr/bin/cmake --install /home/tony/ros2_control/build/controlko_description
