[0.020s] Invoking command in '/home/tony/ros2_control/examples/build/ros2_control_demo_example_10': AMENT_PREFIX_PATH=/home/tony/ros2_control/examples/install/ros2_control_demo_testing:/home/tony/ros2_control/examples/install/ros2_control_demo_description:${AMENT_PREFIX_PATH} CMAKE_PREFIX_PATH=/home/tony/ros2_control/examples/install/ros2_control_demo_description:/opt/ros/humble PYTHONPATH=/home/tony/ros2_control/examples/install/ros2_control_demo_testing/lib/python3.10/site-packages:${PYTHONPATH} /usr/bin/cmake /home/tony/ros2_control/examples/src/example_10 -DCMAKE_INSTALL_PREFIX=/home/tony/ros2_control/examples/install/ros2_control_demo_example_10
[0.044s] -- Found ament_cmake: 1.3.10 (/opt/ros/humble/share/ament_cmake/cmake)
[0.312s] -- Found Python3: /usr/bin/python3 (found version "3.10.12") found components: Interpreter 
[0.459s] -- Found hardware_interface: 2.43.1 (/opt/ros/humble/share/hardware_interface/cmake)
[0.516s] -- Found rosidl_generator_c: 3.1.5 (/opt/ros/humble/share/rosidl_generator_c/cmake)
[0.524s] -- Found rosidl_adapter: 3.1.5 (/opt/ros/humble/share/rosidl_adapter/cmake)
[0.537s] -- Found rosidl_generator_cpp: 3.1.5 (/opt/ros/humble/share/rosidl_generator_cpp/cmake)
[0.559s] -- Using all available rosidl_typesupport_c: rosidl_typesupport_fastrtps_c;rosidl_typesupport_introspection_c
[0.586s] -- Using all available rosidl_typesupport_cpp: rosidl_typesupport_fastrtps_cpp;rosidl_typesupport_introspection_cpp
[0.936s] -- Found rmw_implementation_cmake: 6.1.2 (/opt/ros/humble/share/rmw_implementation_cmake/cmake)
[0.940s] -- Found rmw_fastrtps_cpp: 6.2.7 (/opt/ros/humble/share/rmw_fastrtps_cpp/cmake)
[0.983s] -- Found TinyXML2 via Config file: TinyXML2_DIR-NOTFOUND
[1.068s] -- Found OpenSSL: /usr/lib/x86_64-linux-gnu/libcrypto.so (found version "3.0.2")  
[1.074s] -- Found TinyXML2 via Config file: TinyXML2_DIR-NOTFOUND
[1.101s] -- Found FastRTPS: /opt/ros/humble/include  
[1.108s] -- Found TinyXML2 via Config file: TinyXML2_DIR-NOTFOUND
[1.123s] -- Found TinyXML2 via Config file: TinyXML2_DIR-NOTFOUND
[1.141s] -- Using RMW implementation 'rmw_fastrtps_cpp' as default
[1.154s] -- Looking for C++ include pthread.h
[1.297s] -- Looking for C++ include pthread.h - found
[1.298s] -- Performing Test CMAKE_HAVE_LIBC_PTHREAD
[1.444s] -- Performing Test CMAKE_HAVE_LIBC_PTHREAD - Success
[1.445s] -- Found Threads: TRUE  
[1.524s] -- Found controller_interface: 2.43.1 (/opt/ros/humble/share/controller_interface/cmake)
[1.555s] -- Found ament_cmake_pytest: 1.3.10 (/opt/ros/humble/share/ament_cmake_pytest/cmake)
[3.871s] -- Configuring done
[3.913s] -- Generating done
[3.917s] -- Build files have been written to: /home/tony/ros2_control/examples/build/ros2_control_demo_example_10
[3.938s] Invoked command in '/home/tony/ros2_control/examples/build/ros2_control_demo_example_10' returned '0': AMENT_PREFIX_PATH=/home/tony/ros2_control/examples/install/ros2_control_demo_testing:/home/tony/ros2_control/examples/install/ros2_control_demo_description:${AMENT_PREFIX_PATH} CMAKE_PREFIX_PATH=/home/tony/ros2_control/examples/install/ros2_control_demo_description:/opt/ros/humble PYTHONPATH=/home/tony/ros2_control/examples/install/ros2_control_demo_testing/lib/python3.10/site-packages:${PYTHONPATH} /usr/bin/cmake /home/tony/ros2_control/examples/src/example_10 -DCMAKE_INSTALL_PREFIX=/home/tony/ros2_control/examples/install/ros2_control_demo_example_10
[3.939s] Invoking command in '/home/tony/ros2_control/examples/build/ros2_control_demo_example_10': AMENT_PREFIX_PATH=/home/tony/ros2_control/examples/install/ros2_control_demo_testing:/home/tony/ros2_control/examples/install/ros2_control_demo_description:${AMENT_PREFIX_PATH} CMAKE_PREFIX_PATH=/home/tony/ros2_control/examples/install/ros2_control_demo_description:/opt/ros/humble PYTHONPATH=/home/tony/ros2_control/examples/install/ros2_control_demo_testing/lib/python3.10/site-packages:${PYTHONPATH} /usr/bin/cmake --build /home/tony/ros2_control/examples/build/ros2_control_demo_example_10 -- -j4 -l4
[4.186s] [ 33%] [32mBuilding CXX object CMakeFiles/ros2_control_demo_example_10.dir/hardware/rrbot.cpp.o[0m
[4.195s] [ 66%] [32mBuilding CXX object CMakeFiles/ros2_control_demo_example_10.dir/controllers/gpio_controller.cpp.o[0m
[27.391s] [100%] [32m[1mLinking CXX shared library libros2_control_demo_example_10.so[0m
[28.835s] [100%] Built target ros2_control_demo_example_10
[28.860s] Invoked command in '/home/tony/ros2_control/examples/build/ros2_control_demo_example_10' returned '0': AMENT_PREFIX_PATH=/home/tony/ros2_control/examples/install/ros2_control_demo_testing:/home/tony/ros2_control/examples/install/ros2_control_demo_description:${AMENT_PREFIX_PATH} CMAKE_PREFIX_PATH=/home/tony/ros2_control/examples/install/ros2_control_demo_description:/opt/ros/humble PYTHONPATH=/home/tony/ros2_control/examples/install/ros2_control_demo_testing/lib/python3.10/site-packages:${PYTHONPATH} /usr/bin/cmake --build /home/tony/ros2_control/examples/build/ros2_control_demo_example_10 -- -j4 -l4
[29.223s] Invoking command in '/home/tony/ros2_control/examples/build/ros2_control_demo_example_10': AMENT_PREFIX_PATH=/home/tony/ros2_control/examples/install/ros2_control_demo_testing:/home/tony/ros2_control/examples/install/ros2_control_demo_description:${AMENT_PREFIX_PATH} CMAKE_PREFIX_PATH=/home/tony/ros2_control/examples/install/ros2_control_demo_description:/opt/ros/humble PYTHONPATH=/home/tony/ros2_control/examples/install/ros2_control_demo_testing/lib/python3.10/site-packages:${PYTHONPATH} /usr/bin/cmake --install /home/tony/ros2_control/examples/build/ros2_control_demo_example_10
[29.253s] -- Install configuration: ""
[29.253s] -- Installing: /home/tony/ros2_control/examples/install/ros2_control_demo_example_10/share/ros2_control_demo_example_10/ros2_control_demo_example_10.xml
[29.253s] -- Up-to-date: /home/tony/ros2_control/examples/install/ros2_control_demo_example_10/share/ros2_control_demo_example_10/ros2_control_demo_example_10.xml
[29.254s] -- Installing: /home/tony/ros2_control/examples/install/ros2_control_demo_example_10/include/ros2_control_demo_example_10
[29.254s] -- Installing: /home/tony/ros2_control/examples/install/ros2_control_demo_example_10/include/ros2_control_demo_example_10/ros2_control_demo_example_10
[29.254s] -- Installing: /home/tony/ros2_control/examples/install/ros2_control_demo_example_10/include/ros2_control_demo_example_10/ros2_control_demo_example_10/rrbot.hpp
[29.254s] -- Up-to-date: /home/tony/ros2_control/examples/install/ros2_control_demo_example_10/include/ros2_control_demo_example_10
[29.254s] -- Up-to-date: /home/tony/ros2_control/examples/install/ros2_control_demo_example_10/include/ros2_control_demo_example_10/ros2_control_demo_example_10
[29.254s] -- Installing: /home/tony/ros2_control/examples/install/ros2_control_demo_example_10/include/ros2_control_demo_example_10/ros2_control_demo_example_10/gpio_controller.hpp
[29.255s] -- Installing: /home/tony/ros2_control/examples/install/ros2_control_demo_example_10/share/ros2_control_demo_example_10/launch
[29.255s] -- Installing: /home/tony/ros2_control/examples/install/ros2_control_demo_example_10/share/ros2_control_demo_example_10/launch/view_robot.launch.py
[29.255s] -- Installing: /home/tony/ros2_control/examples/install/ros2_control_demo_example_10/share/ros2_control_demo_example_10/ros2_control
[29.255s] -- Installing: /home/tony/ros2_control/examples/install/ros2_control_demo_example_10/share/ros2_control_demo_example_10/ros2_control/rrbot.ros2_control.xacro
[29.255s] -- Installing: /home/tony/ros2_control/examples/install/ros2_control_demo_example_10/share/ros2_control_demo_example_10/urdf
[29.256s] -- Installing: /home/tony/ros2_control/examples/install/ros2_control_demo_example_10/share/ros2_control_demo_example_10/urdf/rrbot.urdf.xacro
[29.256s] -- Up-to-date: /home/tony/ros2_control/examples/install/ros2_control_demo_example_10/share/ros2_control_demo_example_10/launch
[29.256s] -- Installing: /home/tony/ros2_control/examples/install/ros2_control_demo_example_10/share/ros2_control_demo_example_10/launch/test_forward_position_controller.launch.py
[29.256s] -- Installing: /home/tony/ros2_control/examples/install/ros2_control_demo_example_10/share/ros2_control_demo_example_10/launch/rrbot.launch.py
[29.256s] -- Installing: /home/tony/ros2_control/examples/install/ros2_control_demo_example_10/share/ros2_control_demo_example_10/config
[29.257s] -- Installing: /home/tony/ros2_control/examples/install/ros2_control_demo_example_10/share/ros2_control_demo_example_10/config/rrbot_forward_position_publisher.yaml
[29.257s] -- Installing: /home/tony/ros2_control/examples/install/ros2_control_demo_example_10/share/ros2_control_demo_example_10/config/rrbot_controllers.yaml
[29.257s] -- Installing: /home/tony/ros2_control/examples/install/ros2_control_demo_example_10/lib/libros2_control_demo_example_10.so
[29.279s] -- Set runtime path of "/home/tony/ros2_control/examples/install/ros2_control_demo_example_10/lib/libros2_control_demo_example_10.so" to ""
[29.279s] -- Installing: /home/tony/ros2_control/examples/install/ros2_control_demo_example_10/share/ros2_control_demo_example_10/environment/library_path.sh
[29.279s] -- Installing: /home/tony/ros2_control/examples/install/ros2_control_demo_example_10/share/ros2_control_demo_example_10/environment/library_path.dsv
[29.279s] -- Installing: /home/tony/ros2_control/examples/install/ros2_control_demo_example_10/share/ament_index/resource_index/package_run_dependencies/ros2_control_demo_example_10
[29.279s] -- Installing: /home/tony/ros2_control/examples/install/ros2_control_demo_example_10/share/ament_index/resource_index/parent_prefix_path/ros2_control_demo_example_10
[29.280s] -- Installing: /home/tony/ros2_control/examples/install/ros2_control_demo_example_10/share/ros2_control_demo_example_10/environment/ament_prefix_path.sh
[29.280s] -- Installing: /home/tony/ros2_control/examples/install/ros2_control_demo_example_10/share/ros2_control_demo_example_10/environment/ament_prefix_path.dsv
[29.280s] -- Installing: /home/tony/ros2_control/examples/install/ros2_control_demo_example_10/share/ros2_control_demo_example_10/environment/path.sh
[29.280s] -- Installing: /home/tony/ros2_control/examples/install/ros2_control_demo_example_10/share/ros2_control_demo_example_10/environment/path.dsv
[29.280s] -- Installing: /home/tony/ros2_control/examples/install/ros2_control_demo_example_10/share/ros2_control_demo_example_10/local_setup.bash
[29.281s] -- Installing: /home/tony/ros2_control/examples/install/ros2_control_demo_example_10/share/ros2_control_demo_example_10/local_setup.sh
[29.281s] -- Installing: /home/tony/ros2_control/examples/install/ros2_control_demo_example_10/share/ros2_control_demo_example_10/local_setup.zsh
[29.281s] -- Installing: /home/tony/ros2_control/examples/install/ros2_control_demo_example_10/share/ros2_control_demo_example_10/local_setup.dsv
[29.281s] -- Installing: /home/tony/ros2_control/examples/install/ros2_control_demo_example_10/share/ros2_control_demo_example_10/package.dsv
[29.281s] -- Installing: /home/tony/ros2_control/examples/install/ros2_control_demo_example_10/share/ament_index/resource_index/packages/ros2_control_demo_example_10
[29.282s] -- Installing: /home/tony/ros2_control/examples/install/ros2_control_demo_example_10/share/ament_index/resource_index/hardware_interface__pluginlib__plugin/ros2_control_demo_example_10
[29.282s] -- Installing: /home/tony/ros2_control/examples/install/ros2_control_demo_example_10/share/ament_index/resource_index/controller_interface__pluginlib__plugin/ros2_control_demo_example_10
[29.282s] -- Installing: /home/tony/ros2_control/examples/install/ros2_control_demo_example_10/share/ros2_control_demo_example_10/cmake/export_ros2_control_demo_example_10Export.cmake
[29.282s] -- Installing: /home/tony/ros2_control/examples/install/ros2_control_demo_example_10/share/ros2_control_demo_example_10/cmake/export_ros2_control_demo_example_10Export-noconfig.cmake
[29.283s] -- Installing: /home/tony/ros2_control/examples/install/ros2_control_demo_example_10/share/ros2_control_demo_example_10/cmake/ament_cmake_export_targets-extras.cmake
[29.283s] -- Installing: /home/tony/ros2_control/examples/install/ros2_control_demo_example_10/share/ros2_control_demo_example_10/cmake/ament_cmake_export_dependencies-extras.cmake
[29.283s] -- Installing: /home/tony/ros2_control/examples/install/ros2_control_demo_example_10/share/ros2_control_demo_example_10/cmake/ros2_control_demo_example_10Config.cmake
[29.283s] -- Installing: /home/tony/ros2_control/examples/install/ros2_control_demo_example_10/share/ros2_control_demo_example_10/cmake/ros2_control_demo_example_10Config-version.cmake
[29.283s] -- Installing: /home/tony/ros2_control/examples/install/ros2_control_demo_example_10/share/ros2_control_demo_example_10/package.xml
[29.300s] Invoked command in '/home/tony/ros2_control/examples/build/ros2_control_demo_example_10' returned '0': AMENT_PREFIX_PATH=/home/tony/ros2_control/examples/install/ros2_control_demo_testing:/home/tony/ros2_control/examples/install/ros2_control_demo_description:${AMENT_PREFIX_PATH} CMAKE_PREFIX_PATH=/home/tony/ros2_control/examples/install/ros2_control_demo_description:/opt/ros/humble PYTHONPATH=/home/tony/ros2_control/examples/install/ros2_control_demo_testing/lib/python3.10/site-packages:${PYTHONPATH} /usr/bin/cmake --install /home/tony/ros2_control/examples/build/ros2_control_demo_example_10
