[0.020s] Invoking command in '/home/tony/ros2_control/examples/build/ros2_control_demo_example_5': AMENT_PREFIX_PATH=/home/tony/ros2_control/examples/install/ros2_control_demo_testing:/home/tony/ros2_control/examples/install/ros2_control_demo_description:${AMENT_PREFIX_PATH} CMAKE_PREFIX_PATH=/home/tony/ros2_control/examples/install/ros2_control_demo_description:/opt/ros/humble PYTHONPATH=/home/tony/ros2_control/examples/install/ros2_control_demo_testing/lib/python3.10/site-packages:${PYTHONPATH} /usr/bin/cmake /home/tony/ros2_control/examples/src/example_5 -DCMAKE_INSTALL_PREFIX=/home/tony/ros2_control/examples/install/ros2_control_demo_example_5
[0.039s] -- Found ament_cmake: 1.3.10 (/opt/ros/humble/share/ament_cmake/cmake)
[0.361s] -- Found Python3: /usr/bin/python3 (found version "3.10.12") found components: Interpreter 
[0.542s] -- Found hardware_interface: 2.43.1 (/opt/ros/humble/share/hardware_interface/cmake)
[0.612s] -- Found rosidl_generator_c: 3.1.5 (/opt/ros/humble/share/rosidl_generator_c/cmake)
[0.622s] -- Found rosidl_adapter: 3.1.5 (/opt/ros/humble/share/rosidl_adapter/cmake)
[0.637s] -- Found rosidl_generator_cpp: 3.1.5 (/opt/ros/humble/share/rosidl_generator_cpp/cmake)
[0.661s] -- Using all available rosidl_typesupport_c: rosidl_typesupport_fastrtps_c;rosidl_typesupport_introspection_c
[0.694s] -- Using all available rosidl_typesupport_cpp: rosidl_typesupport_fastrtps_cpp;rosidl_typesupport_introspection_cpp
[1.099s] -- Found rmw_implementation_cmake: 6.1.2 (/opt/ros/humble/share/rmw_implementation_cmake/cmake)
[1.103s] -- Found rmw_fastrtps_cpp: 6.2.7 (/opt/ros/humble/share/rmw_fastrtps_cpp/cmake)
[1.142s] -- Found TinyXML2 via Config file: TinyXML2_DIR-NOTFOUND
[1.211s] -- Found OpenSSL: /usr/lib/x86_64-linux-gnu/libcrypto.so (found version "3.0.2")  
[1.217s] -- Found TinyXML2 via Config file: TinyXML2_DIR-NOTFOUND
[1.242s] -- Found FastRTPS: /opt/ros/humble/include  
[1.248s] -- Found TinyXML2 via Config file: TinyXML2_DIR-NOTFOUND
[1.264s] -- Found TinyXML2 via Config file: TinyXML2_DIR-NOTFOUND
[1.283s] -- Using RMW implementation 'rmw_fastrtps_cpp' as default
[1.295s] -- Looking for C++ include pthread.h
[1.435s] -- Looking for C++ include pthread.h - found
[1.436s] -- Performing Test CMAKE_HAVE_LIBC_PTHREAD
[1.572s] -- Performing Test CMAKE_HAVE_LIBC_PTHREAD - Success
[1.573s] -- Found Threads: TRUE  
[1.676s] -- Found ament_cmake_pytest: 1.3.10 (/opt/ros/humble/share/ament_cmake_pytest/cmake)
[3.717s] -- Configuring done
[3.761s] -- Generating done
[3.765s] -- Build files have been written to: /home/tony/ros2_control/examples/build/ros2_control_demo_example_5
[3.782s] Invoked command in '/home/tony/ros2_control/examples/build/ros2_control_demo_example_5' returned '0': AMENT_PREFIX_PATH=/home/tony/ros2_control/examples/install/ros2_control_demo_testing:/home/tony/ros2_control/examples/install/ros2_control_demo_description:${AMENT_PREFIX_PATH} CMAKE_PREFIX_PATH=/home/tony/ros2_control/examples/install/ros2_control_demo_description:/opt/ros/humble PYTHONPATH=/home/tony/ros2_control/examples/install/ros2_control_demo_testing/lib/python3.10/site-packages:${PYTHONPATH} /usr/bin/cmake /home/tony/ros2_control/examples/src/example_5 -DCMAKE_INSTALL_PREFIX=/home/tony/ros2_control/examples/install/ros2_control_demo_example_5
[3.783s] Invoking command in '/home/tony/ros2_control/examples/build/ros2_control_demo_example_5': AMENT_PREFIX_PATH=/home/tony/ros2_control/examples/install/ros2_control_demo_testing:/home/tony/ros2_control/examples/install/ros2_control_demo_description:${AMENT_PREFIX_PATH} CMAKE_PREFIX_PATH=/home/tony/ros2_control/examples/install/ros2_control_demo_description:/opt/ros/humble PYTHONPATH=/home/tony/ros2_control/examples/install/ros2_control_demo_testing/lib/python3.10/site-packages:${PYTHONPATH} /usr/bin/cmake --build /home/tony/ros2_control/examples/build/ros2_control_demo_example_5 -- -j4 -l4
[3.858s] [ 33%] [32mBuilding CXX object CMakeFiles/ros2_control_demo_example_5.dir/hardware/external_rrbot_force_torque_sensor.cpp.o[0m
[3.886s] [ 66%] [32mBuilding CXX object CMakeFiles/ros2_control_demo_example_5.dir/hardware/rrbot.cpp.o[0m
[15.319s] [100%] [32m[1mLinking CXX shared library libros2_control_demo_example_5.so[0m
[15.695s] [100%] Built target ros2_control_demo_example_5
[15.716s] Invoked command in '/home/tony/ros2_control/examples/build/ros2_control_demo_example_5' returned '0': AMENT_PREFIX_PATH=/home/tony/ros2_control/examples/install/ros2_control_demo_testing:/home/tony/ros2_control/examples/install/ros2_control_demo_description:${AMENT_PREFIX_PATH} CMAKE_PREFIX_PATH=/home/tony/ros2_control/examples/install/ros2_control_demo_description:/opt/ros/humble PYTHONPATH=/home/tony/ros2_control/examples/install/ros2_control_demo_testing/lib/python3.10/site-packages:${PYTHONPATH} /usr/bin/cmake --build /home/tony/ros2_control/examples/build/ros2_control_demo_example_5 -- -j4 -l4
[15.763s] Invoking command in '/home/tony/ros2_control/examples/build/ros2_control_demo_example_5': AMENT_PREFIX_PATH=/home/tony/ros2_control/examples/install/ros2_control_demo_testing:/home/tony/ros2_control/examples/install/ros2_control_demo_description:${AMENT_PREFIX_PATH} CMAKE_PREFIX_PATH=/home/tony/ros2_control/examples/install/ros2_control_demo_description:/opt/ros/humble PYTHONPATH=/home/tony/ros2_control/examples/install/ros2_control_demo_testing/lib/python3.10/site-packages:${PYTHONPATH} /usr/bin/cmake --install /home/tony/ros2_control/examples/build/ros2_control_demo_example_5
[15.775s] -- Install configuration: ""
[15.776s] -- Installing: /home/tony/ros2_control/examples/install/ros2_control_demo_example_5/share/ros2_control_demo_example_5/ros2_control_demo_example_5.xml
[15.777s] -- Installing: /home/tony/ros2_control/examples/install/ros2_control_demo_example_5/include/ros2_control_demo_example_5
[15.777s] -- Installing: /home/tony/ros2_control/examples/install/ros2_control_demo_example_5/include/ros2_control_demo_example_5/ros2_control_demo_example_5
[15.777s] -- Installing: /home/tony/ros2_control/examples/install/ros2_control_demo_example_5/include/ros2_control_demo_example_5/ros2_control_demo_example_5/external_rrbot_force_torque_sensor.hpp
[15.778s] -- Installing: /home/tony/ros2_control/examples/install/ros2_control_demo_example_5/include/ros2_control_demo_example_5/ros2_control_demo_example_5/rrbot.hpp
[15.778s] -- Installing: /home/tony/ros2_control/examples/install/ros2_control_demo_example_5/share/ros2_control_demo_example_5/launch
[15.779s] -- Installing: /home/tony/ros2_control/examples/install/ros2_control_demo_example_5/share/ros2_control_demo_example_5/launch/view_robot.launch.py
[15.779s] -- Installing: /home/tony/ros2_control/examples/install/ros2_control_demo_example_5/share/ros2_control_demo_example_5/ros2_control
[15.779s] -- Installing: /home/tony/ros2_control/examples/install/ros2_control_demo_example_5/share/ros2_control_demo_example_5/ros2_control/external_rrbot_force_torque_sensor.ros2_control.xacro
[15.780s] -- Installing: /home/tony/ros2_control/examples/install/ros2_control_demo_example_5/share/ros2_control_demo_example_5/ros2_control/rrbot_system_position_only.ros2_control.xacro
[15.780s] -- Installing: /home/tony/ros2_control/examples/install/ros2_control_demo_example_5/share/ros2_control_demo_example_5/urdf
[15.780s] -- Installing: /home/tony/ros2_control/examples/install/ros2_control_demo_example_5/share/ros2_control_demo_example_5/urdf/rrbot_system_with_external_sensor.urdf.xacro
[15.781s] -- Installing: /home/tony/ros2_control/examples/install/ros2_control_demo_example_5/share/ros2_control_demo_example_5/rviz
[15.781s] -- Installing: /home/tony/ros2_control/examples/install/ros2_control_demo_example_5/share/ros2_control_demo_example_5/rviz/rrbot.rviz
[15.781s] -- Up-to-date: /home/tony/ros2_control/examples/install/ros2_control_demo_example_5/share/ros2_control_demo_example_5/launch
[15.782s] -- Installing: /home/tony/ros2_control/examples/install/ros2_control_demo_example_5/share/ros2_control_demo_example_5/launch/test_forward_position_controller.launch.py
[15.782s] -- Installing: /home/tony/ros2_control/examples/install/ros2_control_demo_example_5/share/ros2_control_demo_example_5/launch/rrbot_system_with_external_sensor.launch.py
[15.782s] -- Installing: /home/tony/ros2_control/examples/install/ros2_control_demo_example_5/share/ros2_control_demo_example_5/config
[15.783s] -- Installing: /home/tony/ros2_control/examples/install/ros2_control_demo_example_5/share/ros2_control_demo_example_5/config/rrbot_forward_position_publisher.yaml
[15.783s] -- Installing: /home/tony/ros2_control/examples/install/ros2_control_demo_example_5/share/ros2_control_demo_example_5/config/rrbot_with_external_sensor_controllers.yaml
[15.784s] -- Installing: /home/tony/ros2_control/examples/install/ros2_control_demo_example_5/lib/libros2_control_demo_example_5.so
[15.786s] -- Set runtime path of "/home/tony/ros2_control/examples/install/ros2_control_demo_example_5/lib/libros2_control_demo_example_5.so" to ""
[15.786s] -- Installing: /home/tony/ros2_control/examples/install/ros2_control_demo_example_5/share/ros2_control_demo_example_5/environment/library_path.sh
[15.787s] -- Installing: /home/tony/ros2_control/examples/install/ros2_control_demo_example_5/share/ros2_control_demo_example_5/environment/library_path.dsv
[15.787s] -- Installing: /home/tony/ros2_control/examples/install/ros2_control_demo_example_5/share/ament_index/resource_index/package_run_dependencies/ros2_control_demo_example_5
[15.788s] -- Installing: /home/tony/ros2_control/examples/install/ros2_control_demo_example_5/share/ament_index/resource_index/parent_prefix_path/ros2_control_demo_example_5
[15.788s] -- Installing: /home/tony/ros2_control/examples/install/ros2_control_demo_example_5/share/ros2_control_demo_example_5/environment/ament_prefix_path.sh
[15.789s] -- Installing: /home/tony/ros2_control/examples/install/ros2_control_demo_example_5/share/ros2_control_demo_example_5/environment/ament_prefix_path.dsv
[15.789s] -- Installing: /home/tony/ros2_control/examples/install/ros2_control_demo_example_5/share/ros2_control_demo_example_5/environment/path.sh
[15.791s] -- Installing: /home/tony/ros2_control/examples/install/ros2_control_demo_example_5/share/ros2_control_demo_example_5/environment/path.dsv
[15.791s] -- Installing: /home/tony/ros2_control/examples/install/ros2_control_demo_example_5/share/ros2_control_demo_example_5/local_setup.bash
[15.791s] -- Installing: /home/tony/ros2_control/examples/install/ros2_control_demo_example_5/share/ros2_control_demo_example_5/local_setup.sh
[15.791s] -- Installing: /home/tony/ros2_control/examples/install/ros2_control_demo_example_5/share/ros2_control_demo_example_5/local_setup.zsh
[15.791s] -- Installing: /home/tony/ros2_control/examples/install/ros2_control_demo_example_5/share/ros2_control_demo_example_5/local_setup.dsv
[15.791s] -- Installing: /home/tony/ros2_control/examples/install/ros2_control_demo_example_5/share/ros2_control_demo_example_5/package.dsv
[15.792s] -- Installing: /home/tony/ros2_control/examples/install/ros2_control_demo_example_5/share/ament_index/resource_index/packages/ros2_control_demo_example_5
[15.792s] -- Installing: /home/tony/ros2_control/examples/install/ros2_control_demo_example_5/share/ament_index/resource_index/hardware_interface__pluginlib__plugin/ros2_control_demo_example_5
[15.792s] -- Installing: /home/tony/ros2_control/examples/install/ros2_control_demo_example_5/share/ros2_control_demo_example_5/cmake/export_ros2_control_demo_example_5Export.cmake
[15.793s] -- Installing: /home/tony/ros2_control/examples/install/ros2_control_demo_example_5/share/ros2_control_demo_example_5/cmake/export_ros2_control_demo_example_5Export-noconfig.cmake
[15.793s] -- Installing: /home/tony/ros2_control/examples/install/ros2_control_demo_example_5/share/ros2_control_demo_example_5/cmake/ament_cmake_export_targets-extras.cmake
[15.794s] -- Installing: /home/tony/ros2_control/examples/install/ros2_control_demo_example_5/share/ros2_control_demo_example_5/cmake/ament_cmake_export_dependencies-extras.cmake
[15.794s] -- Installing: /home/tony/ros2_control/examples/install/ros2_control_demo_example_5/share/ros2_control_demo_example_5/cmake/ros2_control_demo_example_5Config.cmake
[15.794s] -- Installing: /home/tony/ros2_control/examples/install/ros2_control_demo_example_5/share/ros2_control_demo_example_5/cmake/ros2_control_demo_example_5Config-version.cmake
[15.794s] -- Installing: /home/tony/ros2_control/examples/install/ros2_control_demo_example_5/share/ros2_control_demo_example_5/package.xml
[15.804s] Invoked command in '/home/tony/ros2_control/examples/build/ros2_control_demo_example_5' returned '0': AMENT_PREFIX_PATH=/home/tony/ros2_control/examples/install/ros2_control_demo_testing:/home/tony/ros2_control/examples/install/ros2_control_demo_description:${AMENT_PREFIX_PATH} CMAKE_PREFIX_PATH=/home/tony/ros2_control/examples/install/ros2_control_demo_description:/opt/ros/humble PYTHONPATH=/home/tony/ros2_control/examples/install/ros2_control_demo_testing/lib/python3.10/site-packages:${PYTHONPATH} /usr/bin/cmake --install /home/tony/ros2_control/examples/build/ros2_control_demo_example_5
