[0.022s] Invoking command in '/home/tony/ros2_control/examples/build/ros2_control_demo_example_2': AMENT_PREFIX_PATH=/home/tony/ros2_control/examples/install/ros2_control_demo_testing:/home/tony/ros2_control/examples/install/ros2_control_demo_description:${AMENT_PREFIX_PATH} CMAKE_PREFIX_PATH=/home/tony/ros2_control/examples/install/ros2_control_demo_description:/opt/ros/humble PYTHONPATH=/home/tony/ros2_control/examples/install/ros2_control_demo_testing/lib/python3.10/site-packages:${PYTHONPATH} /usr/bin/cmake /home/tony/ros2_control/examples/src/example_2 -DCMAKE_INSTALL_PREFIX=/home/tony/ros2_control/examples/install/ros2_control_demo_example_2
[0.169s] -- The CXX compiler identification is GNU 11.4.0
[0.185s] -- Detecting CXX compiler ABI info
[0.342s] -- Detecting CXX compiler ABI info - done
[0.364s] -- Check for working CXX compiler: /usr/bin/c++ - skipped
[0.365s] -- Detecting CXX compile features
[0.368s] -- Detecting CXX compile features - done
[0.373s] -- Found ament_cmake: 1.3.10 (/opt/ros/humble/share/ament_cmake/cmake)
[0.652s] -- Found Python3: /usr/bin/python3 (found version "3.10.12") found components: Interpreter 
[0.821s] -- Found hardware_interface: 2.43.1 (/opt/ros/humble/share/hardware_interface/cmake)
[0.886s] -- Found rosidl_generator_c: 3.1.5 (/opt/ros/humble/share/rosidl_generator_c/cmake)
[0.893s] -- Found rosidl_adapter: 3.1.5 (/opt/ros/humble/share/rosidl_adapter/cmake)
[0.908s] -- Found rosidl_generator_cpp: 3.1.5 (/opt/ros/humble/share/rosidl_generator_cpp/cmake)
[0.930s] -- Using all available rosidl_typesupport_c: rosidl_typesupport_fastrtps_c;rosidl_typesupport_introspection_c
[0.964s] -- Using all available rosidl_typesupport_cpp: rosidl_typesupport_fastrtps_cpp;rosidl_typesupport_introspection_cpp
[1.364s] -- Found rmw_implementation_cmake: 6.1.2 (/opt/ros/humble/share/rmw_implementation_cmake/cmake)
[1.369s] -- Found rmw_fastrtps_cpp: 6.2.7 (/opt/ros/humble/share/rmw_fastrtps_cpp/cmake)
[1.469s] -- Found TinyXML2 via Config file: TinyXML2_DIR-NOTFOUND
[1.756s] -- Found OpenSSL: /usr/lib/x86_64-linux-gnu/libcrypto.so (found version "3.0.2")  
[1.764s] -- Found TinyXML2 via Config file: TinyXML2_DIR-NOTFOUND
[1.806s] -- Found FastRTPS: /opt/ros/humble/include  
[1.812s] -- Found TinyXML2 via Config file: TinyXML2_DIR-NOTFOUND
[1.827s] -- Found TinyXML2 via Config file: TinyXML2_DIR-NOTFOUND
[1.847s] -- Using RMW implementation 'rmw_fastrtps_cpp' as default
[1.861s] -- Looking for C++ include pthread.h
[2.194s] -- Looking for C++ include pthread.h - found
[2.195s] -- Performing Test CMAKE_HAVE_LIBC_PTHREAD
[2.575s] -- Performing Test CMAKE_HAVE_LIBC_PTHREAD - Success
[2.577s] -- Found Threads: TRUE  
[2.751s] -- Found ament_cmake_pytest: 1.3.10 (/opt/ros/humble/share/ament_cmake_pytest/cmake)
[6.345s] -- Configuring done
[6.389s] -- Generating done
[6.392s] -- Build files have been written to: /home/tony/ros2_control/examples/build/ros2_control_demo_example_2
[6.422s] Invoked command in '/home/tony/ros2_control/examples/build/ros2_control_demo_example_2' returned '0': AMENT_PREFIX_PATH=/home/tony/ros2_control/examples/install/ros2_control_demo_testing:/home/tony/ros2_control/examples/install/ros2_control_demo_description:${AMENT_PREFIX_PATH} CMAKE_PREFIX_PATH=/home/tony/ros2_control/examples/install/ros2_control_demo_description:/opt/ros/humble PYTHONPATH=/home/tony/ros2_control/examples/install/ros2_control_demo_testing/lib/python3.10/site-packages:${PYTHONPATH} /usr/bin/cmake /home/tony/ros2_control/examples/src/example_2 -DCMAKE_INSTALL_PREFIX=/home/tony/ros2_control/examples/install/ros2_control_demo_example_2
[6.423s] Invoking command in '/home/tony/ros2_control/examples/build/ros2_control_demo_example_2': AMENT_PREFIX_PATH=/home/tony/ros2_control/examples/install/ros2_control_demo_testing:/home/tony/ros2_control/examples/install/ros2_control_demo_description:${AMENT_PREFIX_PATH} CMAKE_PREFIX_PATH=/home/tony/ros2_control/examples/install/ros2_control_demo_description:/opt/ros/humble PYTHONPATH=/home/tony/ros2_control/examples/install/ros2_control_demo_testing/lib/python3.10/site-packages:${PYTHONPATH} /usr/bin/cmake --build /home/tony/ros2_control/examples/build/ros2_control_demo_example_2 -- -j4 -l4
[6.672s] [ 50%] [32mBuilding CXX object CMakeFiles/ros2_control_demo_example_2.dir/hardware/diffbot_system.cpp.o[0m
[15.458s] [100%] [32m[1mLinking CXX shared library libros2_control_demo_example_2.so[0m
[15.885s] [100%] Built target ros2_control_demo_example_2
[15.908s] Invoked command in '/home/tony/ros2_control/examples/build/ros2_control_demo_example_2' returned '0': AMENT_PREFIX_PATH=/home/tony/ros2_control/examples/install/ros2_control_demo_testing:/home/tony/ros2_control/examples/install/ros2_control_demo_description:${AMENT_PREFIX_PATH} CMAKE_PREFIX_PATH=/home/tony/ros2_control/examples/install/ros2_control_demo_description:/opt/ros/humble PYTHONPATH=/home/tony/ros2_control/examples/install/ros2_control_demo_testing/lib/python3.10/site-packages:${PYTHONPATH} /usr/bin/cmake --build /home/tony/ros2_control/examples/build/ros2_control_demo_example_2 -- -j4 -l4
[15.951s] Invoking command in '/home/tony/ros2_control/examples/build/ros2_control_demo_example_2': AMENT_PREFIX_PATH=/home/tony/ros2_control/examples/install/ros2_control_demo_testing:/home/tony/ros2_control/examples/install/ros2_control_demo_description:${AMENT_PREFIX_PATH} CMAKE_PREFIX_PATH=/home/tony/ros2_control/examples/install/ros2_control_demo_description:/opt/ros/humble PYTHONPATH=/home/tony/ros2_control/examples/install/ros2_control_demo_testing/lib/python3.10/site-packages:${PYTHONPATH} /usr/bin/cmake --install /home/tony/ros2_control/examples/build/ros2_control_demo_example_2
[15.964s] -- Install configuration: ""
[15.964s] -- Installing: /home/tony/ros2_control/examples/install/ros2_control_demo_example_2/share/ros2_control_demo_example_2/ros2_control_demo_example_2.xml
[15.965s] -- Installing: /home/tony/ros2_control/examples/install/ros2_control_demo_example_2/include/ros2_control_demo_example_2
[15.965s] -- Installing: /home/tony/ros2_control/examples/install/ros2_control_demo_example_2/include/ros2_control_demo_example_2/ros2_control_demo_example_2
[15.965s] -- Installing: /home/tony/ros2_control/examples/install/ros2_control_demo_example_2/include/ros2_control_demo_example_2/ros2_control_demo_example_2/diffbot_system.hpp
[15.965s] -- Installing: /home/tony/ros2_control/examples/install/ros2_control_demo_example_2/share/ros2_control_demo_example_2/launch
[15.965s] -- Installing: /home/tony/ros2_control/examples/install/ros2_control_demo_example_2/share/ros2_control_demo_example_2/launch/view_robot.launch.py
[15.965s] -- Installing: /home/tony/ros2_control/examples/install/ros2_control_demo_example_2/share/ros2_control_demo_example_2/ros2_control
[15.966s] -- Installing: /home/tony/ros2_control/examples/install/ros2_control_demo_example_2/share/ros2_control_demo_example_2/ros2_control/diffbot.ros2_control.xacro
[15.966s] -- Installing: /home/tony/ros2_control/examples/install/ros2_control_demo_example_2/share/ros2_control_demo_example_2/urdf
[15.966s] -- Installing: /home/tony/ros2_control/examples/install/ros2_control_demo_example_2/share/ros2_control_demo_example_2/urdf/diffbot.urdf.xacro
[15.966s] -- Up-to-date: /home/tony/ros2_control/examples/install/ros2_control_demo_example_2/share/ros2_control_demo_example_2/launch
[15.966s] -- Installing: /home/tony/ros2_control/examples/install/ros2_control_demo_example_2/share/ros2_control_demo_example_2/launch/diffbot.launch.py
[15.966s] -- Installing: /home/tony/ros2_control/examples/install/ros2_control_demo_example_2/share/ros2_control_demo_example_2/config
[15.966s] -- Installing: /home/tony/ros2_control/examples/install/ros2_control_demo_example_2/share/ros2_control_demo_example_2/config/diffbot_controllers.yaml
[15.966s] -- Installing: /home/tony/ros2_control/examples/install/ros2_control_demo_example_2/lib/libros2_control_demo_example_2.so
[15.967s] -- Set runtime path of "/home/tony/ros2_control/examples/install/ros2_control_demo_example_2/lib/libros2_control_demo_example_2.so" to ""
[15.967s] -- Installing: /home/tony/ros2_control/examples/install/ros2_control_demo_example_2/share/ros2_control_demo_example_2/environment/library_path.sh
[15.967s] -- Installing: /home/tony/ros2_control/examples/install/ros2_control_demo_example_2/share/ros2_control_demo_example_2/environment/library_path.dsv
[15.968s] -- Installing: /home/tony/ros2_control/examples/install/ros2_control_demo_example_2/share/ament_index/resource_index/package_run_dependencies/ros2_control_demo_example_2
[15.968s] -- Installing: /home/tony/ros2_control/examples/install/ros2_control_demo_example_2/share/ament_index/resource_index/parent_prefix_path/ros2_control_demo_example_2
[15.968s] -- Installing: /home/tony/ros2_control/examples/install/ros2_control_demo_example_2/share/ros2_control_demo_example_2/environment/ament_prefix_path.sh
[15.968s] -- Installing: /home/tony/ros2_control/examples/install/ros2_control_demo_example_2/share/ros2_control_demo_example_2/environment/ament_prefix_path.dsv
[15.968s] -- Installing: /home/tony/ros2_control/examples/install/ros2_control_demo_example_2/share/ros2_control_demo_example_2/environment/path.sh
[15.969s] -- Installing: /home/tony/ros2_control/examples/install/ros2_control_demo_example_2/share/ros2_control_demo_example_2/environment/path.dsv
[15.969s] -- Installing: /home/tony/ros2_control/examples/install/ros2_control_demo_example_2/share/ros2_control_demo_example_2/local_setup.bash
[15.969s] -- Installing: /home/tony/ros2_control/examples/install/ros2_control_demo_example_2/share/ros2_control_demo_example_2/local_setup.sh
[15.969s] -- Installing: /home/tony/ros2_control/examples/install/ros2_control_demo_example_2/share/ros2_control_demo_example_2/local_setup.zsh
[15.969s] -- Installing: /home/tony/ros2_control/examples/install/ros2_control_demo_example_2/share/ros2_control_demo_example_2/local_setup.dsv
[15.969s] -- Installing: /home/tony/ros2_control/examples/install/ros2_control_demo_example_2/share/ros2_control_demo_example_2/package.dsv
[15.970s] -- Installing: /home/tony/ros2_control/examples/install/ros2_control_demo_example_2/share/ament_index/resource_index/packages/ros2_control_demo_example_2
[15.970s] -- Installing: /home/tony/ros2_control/examples/install/ros2_control_demo_example_2/share/ament_index/resource_index/hardware_interface__pluginlib__plugin/ros2_control_demo_example_2
[15.970s] -- Installing: /home/tony/ros2_control/examples/install/ros2_control_demo_example_2/share/ros2_control_demo_example_2/cmake/export_ros2_control_demo_example_2Export.cmake
[15.970s] -- Installing: /home/tony/ros2_control/examples/install/ros2_control_demo_example_2/share/ros2_control_demo_example_2/cmake/export_ros2_control_demo_example_2Export-noconfig.cmake
[15.970s] -- Installing: /home/tony/ros2_control/examples/install/ros2_control_demo_example_2/share/ros2_control_demo_example_2/cmake/ament_cmake_export_targets-extras.cmake
[15.971s] -- Installing: /home/tony/ros2_control/examples/install/ros2_control_demo_example_2/share/ros2_control_demo_example_2/cmake/ament_cmake_export_dependencies-extras.cmake
[15.971s] -- Installing: /home/tony/ros2_control/examples/install/ros2_control_demo_example_2/share/ros2_control_demo_example_2/cmake/ros2_control_demo_example_2Config.cmake
[15.971s] -- Installing: /home/tony/ros2_control/examples/install/ros2_control_demo_example_2/share/ros2_control_demo_example_2/cmake/ros2_control_demo_example_2Config-version.cmake
[15.971s] -- Installing: /home/tony/ros2_control/examples/install/ros2_control_demo_example_2/share/ros2_control_demo_example_2/package.xml
[15.976s] Invoked command in '/home/tony/ros2_control/examples/build/ros2_control_demo_example_2' returned '0': AMENT_PREFIX_PATH=/home/tony/ros2_control/examples/install/ros2_control_demo_testing:/home/tony/ros2_control/examples/install/ros2_control_demo_description:${AMENT_PREFIX_PATH} CMAKE_PREFIX_PATH=/home/tony/ros2_control/examples/install/ros2_control_demo_description:/opt/ros/humble PYTHONPATH=/home/tony/ros2_control/examples/install/ros2_control_demo_testing/lib/python3.10/site-packages:${PYTHONPATH} /usr/bin/cmake --install /home/tony/ros2_control/examples/build/ros2_control_demo_example_2
