[0.060s] Invoking command in '/home/tony/ros2_control/build/ros2_control_demo_example_1': AMENT_PREFIX_PATH=/home/tony/ros2_control/install/ros2_control_demo_testing:/home/tony/ros2_control/install/ros2_control_demo_description:${AMENT_PREFIX_PATH} CMAKE_PREFIX_PATH=/home/tony/ros2_control/install/ros2_control_demo_description:/home/tony/ros2_control/1_rrbot_ws/install/roscon2022_control_workshop:/home/tony/ros2_control/1_rrbot_ws/install/controlko_hardware_interface:/home/tony/ros2_control/1_rrbot_ws/install/controlko_bringup:/home/tony/ros2_control/1_rrbot_ws/install/controlko_description:/opt/ros/humble PYTHONPATH=/home/tony/ros2_control/install/ros2_control_demo_testing/lib/python3.10/site-packages:${PYTHONPATH} /usr/bin/cmake /home/tony/ros2_control/examples/src/example_1 -DCMAKE_INSTALL_PREFIX=/home/tony/ros2_control/install/ros2_control_demo_example_1
[0.462s] -- The CXX compiler identification is GNU 11.4.0
[0.492s] -- Detecting CXX compiler ABI info
[1.092s] -- Detecting CXX compiler ABI info - done
[1.127s] -- Check for working CXX compiler: /usr/bin/c++ - skipped
[1.128s] -- Detecting CXX compile features
[1.130s] -- Detecting CXX compile features - done
[1.149s] -- Found ament_cmake: 1.3.10 (/opt/ros/humble/share/ament_cmake/cmake)
[1.853s] -- Found Python3: /usr/bin/python3 (found version "3.10.12") found components: Interpreter 
[2.636s] -- Found hardware_interface: 2.43.1 (/opt/ros/humble/share/hardware_interface/cmake)
[2.845s] -- Found rosidl_generator_c: 3.1.5 (/opt/ros/humble/share/rosidl_generator_c/cmake)
[2.882s] -- Found rosidl_adapter: 3.1.5 (/opt/ros/humble/share/rosidl_adapter/cmake)
[2.974s] -- Found rosidl_generator_cpp: 3.1.5 (/opt/ros/humble/share/rosidl_generator_cpp/cmake)
[3.007s] -- Using all available rosidl_typesupport_c: rosidl_typesupport_fastrtps_c;rosidl_typesupport_introspection_c
[3.050s] -- Using all available rosidl_typesupport_cpp: rosidl_typesupport_fastrtps_cpp;rosidl_typesupport_introspection_cpp
[4.073s] -- Found rmw_implementation_cmake: 6.1.2 (/opt/ros/humble/share/rmw_implementation_cmake/cmake)
[4.087s] -- Found rmw_fastrtps_cpp: 6.2.7 (/opt/ros/humble/share/rmw_fastrtps_cpp/cmake)
[4.241s] -- Found TinyXML2 via Config file: TinyXML2_DIR-NOTFOUND
[4.626s] -- Found OpenSSL: /usr/lib/x86_64-linux-gnu/libcrypto.so (found version "3.0.2")  
[4.643s] -- Found TinyXML2 via Config file: TinyXML2_DIR-NOTFOUND
[4.715s] -- Found FastRTPS: /opt/ros/humble/include  
[4.733s] -- Found TinyXML2 via Config file: TinyXML2_DIR-NOTFOUND
[4.771s] -- Found TinyXML2 via Config file: TinyXML2_DIR-NOTFOUND
[4.814s] -- Using RMW implementation 'rmw_fastrtps_cpp' as default
[4.861s] -- Looking for C++ include pthread.h
[5.438s] -- Looking for C++ include pthread.h - found
[5.439s] -- Performing Test CMAKE_HAVE_LIBC_PTHREAD
[5.974s] -- Performing Test CMAKE_HAVE_LIBC_PTHREAD - Success
[5.977s] -- Found Threads: TRUE  
[6.138s] -- Found ament_cmake_pytest: 1.3.10 (/opt/ros/humble/share/ament_cmake_pytest/cmake)
[10.132s] -- Configuring done
[10.245s] -- Generating done
[10.259s] -- Build files have been written to: /home/tony/ros2_control/build/ros2_control_demo_example_1
[10.288s] Invoked command in '/home/tony/ros2_control/build/ros2_control_demo_example_1' returned '0': AMENT_PREFIX_PATH=/home/tony/ros2_control/install/ros2_control_demo_testing:/home/tony/ros2_control/install/ros2_control_demo_description:${AMENT_PREFIX_PATH} CMAKE_PREFIX_PATH=/home/tony/ros2_control/install/ros2_control_demo_description:/home/tony/ros2_control/1_rrbot_ws/install/roscon2022_control_workshop:/home/tony/ros2_control/1_rrbot_ws/install/controlko_hardware_interface:/home/tony/ros2_control/1_rrbot_ws/install/controlko_bringup:/home/tony/ros2_control/1_rrbot_ws/install/controlko_description:/opt/ros/humble PYTHONPATH=/home/tony/ros2_control/install/ros2_control_demo_testing/lib/python3.10/site-packages:${PYTHONPATH} /usr/bin/cmake /home/tony/ros2_control/examples/src/example_1 -DCMAKE_INSTALL_PREFIX=/home/tony/ros2_control/install/ros2_control_demo_example_1
[10.290s] Invoking command in '/home/tony/ros2_control/build/ros2_control_demo_example_1': AMENT_PREFIX_PATH=/home/tony/ros2_control/install/ros2_control_demo_testing:/home/tony/ros2_control/install/ros2_control_demo_description:${AMENT_PREFIX_PATH} CMAKE_PREFIX_PATH=/home/tony/ros2_control/install/ros2_control_demo_description:/home/tony/ros2_control/1_rrbot_ws/install/roscon2022_control_workshop:/home/tony/ros2_control/1_rrbot_ws/install/controlko_hardware_interface:/home/tony/ros2_control/1_rrbot_ws/install/controlko_bringup:/home/tony/ros2_control/1_rrbot_ws/install/controlko_description:/opt/ros/humble PYTHONPATH=/home/tony/ros2_control/install/ros2_control_demo_testing/lib/python3.10/site-packages:${PYTHONPATH} /usr/bin/cmake --build /home/tony/ros2_control/build/ros2_control_demo_example_1 -- -j4 -l4
[10.590s] [ 50%] [32mBuilding CXX object CMakeFiles/ros2_control_demo_example_1.dir/hardware/rrbot.cpp.o[0m
[24.328s] [100%] [32m[1mLinking CXX shared library libros2_control_demo_example_1.so[0m
[25.372s] [100%] Built target ros2_control_demo_example_1
[25.440s] Invoked command in '/home/tony/ros2_control/build/ros2_control_demo_example_1' returned '0': AMENT_PREFIX_PATH=/home/tony/ros2_control/install/ros2_control_demo_testing:/home/tony/ros2_control/install/ros2_control_demo_description:${AMENT_PREFIX_PATH} CMAKE_PREFIX_PATH=/home/tony/ros2_control/install/ros2_control_demo_description:/home/tony/ros2_control/1_rrbot_ws/install/roscon2022_control_workshop:/home/tony/ros2_control/1_rrbot_ws/install/controlko_hardware_interface:/home/tony/ros2_control/1_rrbot_ws/install/controlko_bringup:/home/tony/ros2_control/1_rrbot_ws/install/controlko_description:/opt/ros/humble PYTHONPATH=/home/tony/ros2_control/install/ros2_control_demo_testing/lib/python3.10/site-packages:${PYTHONPATH} /usr/bin/cmake --build /home/tony/ros2_control/build/ros2_control_demo_example_1 -- -j4 -l4
[25.726s] Invoking command in '/home/tony/ros2_control/build/ros2_control_demo_example_1': AMENT_PREFIX_PATH=/home/tony/ros2_control/install/ros2_control_demo_testing:/home/tony/ros2_control/install/ros2_control_demo_description:${AMENT_PREFIX_PATH} CMAKE_PREFIX_PATH=/home/tony/ros2_control/install/ros2_control_demo_description:/home/tony/ros2_control/1_rrbot_ws/install/roscon2022_control_workshop:/home/tony/ros2_control/1_rrbot_ws/install/controlko_hardware_interface:/home/tony/ros2_control/1_rrbot_ws/install/controlko_bringup:/home/tony/ros2_control/1_rrbot_ws/install/controlko_description:/opt/ros/humble PYTHONPATH=/home/tony/ros2_control/install/ros2_control_demo_testing/lib/python3.10/site-packages:${PYTHONPATH} /usr/bin/cmake --install /home/tony/ros2_control/build/ros2_control_demo_example_1
[25.750s] -- Install configuration: ""
[25.756s] -- Installing: /home/tony/ros2_control/install/ros2_control_demo_example_1/share/ros2_control_demo_example_1/ros2_control_demo_example_1.xml
[25.759s] -- Installing: /home/tony/ros2_control/install/ros2_control_demo_example_1/include/ros2_control_demo_example_1
[25.761s] -- Installing: /home/tony/ros2_control/install/ros2_control_demo_example_1/include/ros2_control_demo_example_1/ros2_control_demo_example_1
[25.763s] -- Installing: /home/tony/ros2_control/install/ros2_control_demo_example_1/include/ros2_control_demo_example_1/ros2_control_demo_example_1/rrbot.hpp
[25.765s] -- Installing: /home/tony/ros2_control/install/ros2_control_demo_example_1/share/ros2_control_demo_example_1/launch
[25.771s] -- Installing: /home/tony/ros2_control/install/ros2_control_demo_example_1/share/ros2_control_demo_example_1/launch/view_robot.launch.py
[25.791s] -- Installing: /home/tony/ros2_control/install/ros2_control_demo_example_1/share/ros2_control_demo_example_1/ros2_control
[25.791s] -- Installing: /home/tony/ros2_control/install/ros2_control_demo_example_1/share/ros2_control_demo_example_1/ros2_control/rrbot.ros2_control.xacro
[25.791s] -- Installing: /home/tony/ros2_control/install/ros2_control_demo_example_1/share/ros2_control_demo_example_1/urdf
[25.793s] -- Installing: /home/tony/ros2_control/install/ros2_control_demo_example_1/share/ros2_control_demo_example_1/urdf/rrbot.urdf.xacro
[25.793s] -- Up-to-date: /home/tony/ros2_control/install/ros2_control_demo_example_1/share/ros2_control_demo_example_1/launch
[25.794s] -- Installing: /home/tony/ros2_control/install/ros2_control_demo_example_1/share/ros2_control_demo_example_1/launch/test_forward_position_controller.launch.py
[25.796s] -- Installing: /home/tony/ros2_control/install/ros2_control_demo_example_1/share/ros2_control_demo_example_1/launch/rrbot.launch.py
[25.797s] -- Installing: /home/tony/ros2_control/install/ros2_control_demo_example_1/share/ros2_control_demo_example_1/launch/test_joint_trajectory_controller.launch.py
[25.797s] -- Installing: /home/tony/ros2_control/install/ros2_control_demo_example_1/share/ros2_control_demo_example_1/config
[25.797s] -- Installing: /home/tony/ros2_control/install/ros2_control_demo_example_1/share/ros2_control_demo_example_1/config/rrbot_forward_position_publisher.yaml
[25.797s] -- Installing: /home/tony/ros2_control/install/ros2_control_demo_example_1/share/ros2_control_demo_example_1/config/rrbot_controllers.yaml
[25.797s] -- Installing: /home/tony/ros2_control/install/ros2_control_demo_example_1/share/ros2_control_demo_example_1/config/rrbot_joint_trajectory_publisher.yaml
[25.797s] -- Installing: /home/tony/ros2_control/install/ros2_control_demo_example_1/lib/libros2_control_demo_example_1.so
[25.806s] -- Set runtime path of "/home/tony/ros2_control/install/ros2_control_demo_example_1/lib/libros2_control_demo_example_1.so" to ""
[25.806s] -- Installing: /home/tony/ros2_control/install/ros2_control_demo_example_1/share/ros2_control_demo_example_1/environment/library_path.sh
[25.806s] -- Installing: /home/tony/ros2_control/install/ros2_control_demo_example_1/share/ros2_control_demo_example_1/environment/library_path.dsv
[25.807s] -- Installing: /home/tony/ros2_control/install/ros2_control_demo_example_1/share/ament_index/resource_index/package_run_dependencies/ros2_control_demo_example_1
[25.807s] -- Installing: /home/tony/ros2_control/install/ros2_control_demo_example_1/share/ament_index/resource_index/parent_prefix_path/ros2_control_demo_example_1
[25.807s] -- Installing: /home/tony/ros2_control/install/ros2_control_demo_example_1/share/ros2_control_demo_example_1/environment/ament_prefix_path.sh
[25.807s] -- Installing: /home/tony/ros2_control/install/ros2_control_demo_example_1/share/ros2_control_demo_example_1/environment/ament_prefix_path.dsv
[25.807s] -- Installing: /home/tony/ros2_control/install/ros2_control_demo_example_1/share/ros2_control_demo_example_1/environment/path.sh
[25.808s] -- Installing: /home/tony/ros2_control/install/ros2_control_demo_example_1/share/ros2_control_demo_example_1/environment/path.dsv
[25.808s] -- Installing: /home/tony/ros2_control/install/ros2_control_demo_example_1/share/ros2_control_demo_example_1/local_setup.bash
[25.808s] -- Installing: /home/tony/ros2_control/install/ros2_control_demo_example_1/share/ros2_control_demo_example_1/local_setup.sh
[25.808s] -- Installing: /home/tony/ros2_control/install/ros2_control_demo_example_1/share/ros2_control_demo_example_1/local_setup.zsh
[25.808s] -- Installing: /home/tony/ros2_control/install/ros2_control_demo_example_1/share/ros2_control_demo_example_1/local_setup.dsv
[25.808s] -- Installing: /home/tony/ros2_control/install/ros2_control_demo_example_1/share/ros2_control_demo_example_1/package.dsv
[25.809s] -- Installing: /home/tony/ros2_control/install/ros2_control_demo_example_1/share/ament_index/resource_index/packages/ros2_control_demo_example_1
[25.809s] -- Installing: /home/tony/ros2_control/install/ros2_control_demo_example_1/share/ament_index/resource_index/hardware_interface__pluginlib__plugin/ros2_control_demo_example_1
[25.809s] -- Installing: /home/tony/ros2_control/install/ros2_control_demo_example_1/share/ros2_control_demo_example_1/cmake/export_ros2_control_demo_example_1Export.cmake
[25.809s] -- Installing: /home/tony/ros2_control/install/ros2_control_demo_example_1/share/ros2_control_demo_example_1/cmake/export_ros2_control_demo_example_1Export-noconfig.cmake
[25.809s] -- Installing: /home/tony/ros2_control/install/ros2_control_demo_example_1/share/ros2_control_demo_example_1/cmake/ament_cmake_export_targets-extras.cmake
[25.810s] -- Installing: /home/tony/ros2_control/install/ros2_control_demo_example_1/share/ros2_control_demo_example_1/cmake/ament_cmake_export_dependencies-extras.cmake
[25.810s] -- Installing: /home/tony/ros2_control/install/ros2_control_demo_example_1/share/ros2_control_demo_example_1/cmake/ros2_control_demo_example_1Config.cmake
[25.810s] -- Installing: /home/tony/ros2_control/install/ros2_control_demo_example_1/share/ros2_control_demo_example_1/cmake/ros2_control_demo_example_1Config-version.cmake
[25.810s] -- Installing: /home/tony/ros2_control/install/ros2_control_demo_example_1/share/ros2_control_demo_example_1/package.xml
[25.854s] Invoked command in '/home/tony/ros2_control/build/ros2_control_demo_example_1' returned '0': AMENT_PREFIX_PATH=/home/tony/ros2_control/install/ros2_control_demo_testing:/home/tony/ros2_control/install/ros2_control_demo_description:${AMENT_PREFIX_PATH} CMAKE_PREFIX_PATH=/home/tony/ros2_control/install/ros2_control_demo_description:/home/tony/ros2_control/1_rrbot_ws/install/roscon2022_control_workshop:/home/tony/ros2_control/1_rrbot_ws/install/controlko_hardware_interface:/home/tony/ros2_control/1_rrbot_ws/install/controlko_bringup:/home/tony/ros2_control/1_rrbot_ws/install/controlko_description:/opt/ros/humble PYTHONPATH=/home/tony/ros2_control/install/ros2_control_demo_testing/lib/python3.10/site-packages:${PYTHONPATH} /usr/bin/cmake --install /home/tony/ros2_control/build/ros2_control_demo_example_1
