[0.051s] Invoking command in '/home/tony/ros2_control/1_rrbot_ws/build/roscon2022_control_workshop': CMAKE_PREFIX_PATH=/opt/ros/humble /usr/bin/cmake /home/tony/ros2_control/1_rrbot_ws/roscon2022_workshop/roscon2022_control_workshop -DCMAKE_INSTALL_PREFIX=/home/tony/ros2_control/1_rrbot_ws/install/roscon2022_control_workshop
[0.169s] -- The C compiler identification is GNU 11.4.0
[0.253s] -- The CXX compiler identification is GNU 11.4.0
[0.265s] -- Detecting C compiler ABI info
[0.366s] -- Detecting C compiler ABI info - done
[0.384s] -- Check for working C compiler: /usr/bin/cc - skipped
[0.386s] -- Detecting C compile features
[0.386s] -- Detecting C compile features - done
[0.390s] -- Detecting CXX compiler ABI info
[0.556s] -- Detecting CXX compiler ABI info - done
[0.593s] -- Check for working CXX compiler: /usr/bin/c++ - skipped
[0.595s] -- Detecting CXX compile features
[0.600s] -- Detecting CXX compile features - done
[0.610s] -- Found ament_cmake: 1.3.10 (/opt/ros/humble/share/ament_cmake/cmake)
[0.843s] -- Found Python3: /usr/bin/python3 (found version "3.10.12") found components: Interpreter 
[1.070s] -- Configuring done
[1.076s] -- Generating done
[1.076s] -- Build files have been written to: /home/tony/ros2_control/1_rrbot_ws/build/roscon2022_control_workshop
[1.081s] Invoked command in '/home/tony/ros2_control/1_rrbot_ws/build/roscon2022_control_workshop' returned '0': CMAKE_PREFIX_PATH=/opt/ros/humble /usr/bin/cmake /home/tony/ros2_control/1_rrbot_ws/roscon2022_workshop/roscon2022_control_workshop -DCMAKE_INSTALL_PREFIX=/home/tony/ros2_control/1_rrbot_ws/install/roscon2022_control_workshop
[1.083s] Invoking command in '/home/tony/ros2_control/1_rrbot_ws/build/roscon2022_control_workshop': CMAKE_PREFIX_PATH=/opt/ros/humble /usr/bin/cmake --build /home/tony/ros2_control/1_rrbot_ws/build/roscon2022_control_workshop -- -j4 -l4
[1.135s] Invoked command in '/home/tony/ros2_control/1_rrbot_ws/build/roscon2022_control_workshop' returned '0': CMAKE_PREFIX_PATH=/opt/ros/humble /usr/bin/cmake --build /home/tony/ros2_control/1_rrbot_ws/build/roscon2022_control_workshop -- -j4 -l4
[1.164s] Invoking command in '/home/tony/ros2_control/1_rrbot_ws/build/roscon2022_control_workshop': CMAKE_PREFIX_PATH=/opt/ros/humble /usr/bin/cmake --install /home/tony/ros2_control/1_rrbot_ws/build/roscon2022_control_workshop
[1.172s] -- Install configuration: ""
[1.173s] -- Installing: /home/tony/ros2_control/1_rrbot_ws/install/roscon2022_control_workshop/share/ament_index/resource_index/package_run_dependencies/roscon2022_control_workshop
[1.173s] -- Installing: /home/tony/ros2_control/1_rrbot_ws/install/roscon2022_control_workshop/share/ament_index/resource_index/parent_prefix_path/roscon2022_control_workshop
[1.173s] -- Up-to-date: /home/tony/ros2_control/1_rrbot_ws/install/roscon2022_control_workshop/share/roscon2022_control_workshop/environment/ament_prefix_path.sh
[1.173s] -- Installing: /home/tony/ros2_control/1_rrbot_ws/install/roscon2022_control_workshop/share/roscon2022_control_workshop/environment/ament_prefix_path.dsv
[1.173s] -- Up-to-date: /home/tony/ros2_control/1_rrbot_ws/install/roscon2022_control_workshop/share/roscon2022_control_workshop/environment/path.sh
[1.173s] -- Installing: /home/tony/ros2_control/1_rrbot_ws/install/roscon2022_control_workshop/share/roscon2022_control_workshop/environment/path.dsv
[1.174s] -- Installing: /home/tony/ros2_control/1_rrbot_ws/install/roscon2022_control_workshop/share/roscon2022_control_workshop/local_setup.bash
[1.176s] -- Installing: /home/tony/ros2_control/1_rrbot_ws/install/roscon2022_control_workshop/share/roscon2022_control_workshop/local_setup.sh
[1.177s] -- Installing: /home/tony/ros2_control/1_rrbot_ws/install/roscon2022_control_workshop/share/roscon2022_control_workshop/local_setup.zsh
[1.177s] -- Installing: /home/tony/ros2_control/1_rrbot_ws/install/roscon2022_control_workshop/share/roscon2022_control_workshop/local_setup.dsv
[1.177s] -- Installing: /home/tony/ros2_control/1_rrbot_ws/install/roscon2022_control_workshop/share/roscon2022_control_workshop/package.dsv
[1.177s] -- Installing: /home/tony/ros2_control/1_rrbot_ws/install/roscon2022_control_workshop/share/ament_index/resource_index/packages/roscon2022_control_workshop
[1.177s] -- Installing: /home/tony/ros2_control/1_rrbot_ws/install/roscon2022_control_workshop/share/roscon2022_control_workshop/cmake/roscon2022_control_workshopConfig.cmake
[1.178s] -- Installing: /home/tony/ros2_control/1_rrbot_ws/install/roscon2022_control_workshop/share/roscon2022_control_workshop/cmake/roscon2022_control_workshopConfig-version.cmake
[1.178s] -- Up-to-date: /home/tony/ros2_control/1_rrbot_ws/install/roscon2022_control_workshop/share/roscon2022_control_workshop/package.xml
[1.179s] Invoked command in '/home/tony/ros2_control/1_rrbot_ws/build/roscon2022_control_workshop' returned '0': CMAKE_PREFIX_PATH=/opt/ros/humble /usr/bin/cmake --install /home/tony/ros2_control/1_rrbot_ws/build/roscon2022_control_workshop
