[0.055s] Invoking command in '/home/tony/ros2_control/build/roscon2022_control_workshop': CMAKE_PREFIX_PATH=${CMAKE_PREFIX_PATH}:/opt/ros/humble /usr/bin/cmake /home/tony/ros2_control/1_rrbot_ws/roscon2022_workshop/roscon2022_control_workshop -DCMAKE_INSTALL_PREFIX=/home/tony/ros2_control/install/roscon2022_control_workshop
[0.401s] -- The C compiler identification is GNU 11.4.0
[0.696s] -- The CXX compiler identification is GNU 11.4.0
[0.729s] -- Detecting C compiler ABI info
[1.318s] -- Detecting C compiler ABI info - done
[1.361s] -- Check for working C compiler: /usr/bin/cc - skipped
[1.371s] -- Detecting C compile features
[1.373s] -- Detecting C compile features - done
[1.384s] -- Detecting CXX compiler ABI info
[1.949s] -- Detecting CXX compiler ABI info - done
[1.981s] -- Check for working CXX compiler: /usr/bin/c++ - skipped
[1.981s] -- Detecting CXX compile features
[1.982s] -- Detecting CXX compile features - done
[1.995s] -- Found ament_cmake: 1.3.10 (/opt/ros/humble/share/ament_cmake/cmake)
[2.747s] -- Found Python3: /usr/bin/python3 (found version "3.10.12") found components: Interpreter 
[3.780s] -- Configuring done
[3.797s] -- Generating done
[3.804s] -- Build files have been written to: /home/tony/ros2_control/build/roscon2022_control_workshop
[3.839s] Invoked command in '/home/tony/ros2_control/build/roscon2022_control_workshop' returned '0': CMAKE_PREFIX_PATH=${CMAKE_PREFIX_PATH}:/opt/ros/humble /usr/bin/cmake /home/tony/ros2_control/1_rrbot_ws/roscon2022_workshop/roscon2022_control_workshop -DCMAKE_INSTALL_PREFIX=/home/tony/ros2_control/install/roscon2022_control_workshop
[3.840s] Invoking command in '/home/tony/ros2_control/build/roscon2022_control_workshop': CMAKE_PREFIX_PATH=${CMAKE_PREFIX_PATH}:/opt/ros/humble /usr/bin/cmake --build /home/tony/ros2_control/build/roscon2022_control_workshop -- -j4 -l4
[4.048s] Invoked command in '/home/tony/ros2_control/build/roscon2022_control_workshop' returned '0': CMAKE_PREFIX_PATH=${CMAKE_PREFIX_PATH}:/opt/ros/humble /usr/bin/cmake --build /home/tony/ros2_control/build/roscon2022_control_workshop -- -j4 -l4
[4.303s] Invoking command in '/home/tony/ros2_control/build/roscon2022_control_workshop': CMAKE_PREFIX_PATH=${CMAKE_PREFIX_PATH}:/opt/ros/humble /usr/bin/cmake --install /home/tony/ros2_control/build/roscon2022_control_workshop
[4.333s] -- Install configuration: ""
[4.334s] -- Installing: /home/tony/ros2_control/install/roscon2022_control_workshop/share/ament_index/resource_index/package_run_dependencies/roscon2022_control_workshop
[4.339s] -- Installing: /home/tony/ros2_control/install/roscon2022_control_workshop/share/ament_index/resource_index/parent_prefix_path/roscon2022_control_workshop
[4.340s] -- Installing: /home/tony/ros2_control/install/roscon2022_control_workshop/share/roscon2022_control_workshop/environment/ament_prefix_path.sh
[4.340s] -- Installing: /home/tony/ros2_control/install/roscon2022_control_workshop/share/roscon2022_control_workshop/environment/ament_prefix_path.dsv
[4.341s] -- Installing: /home/tony/ros2_control/install/roscon2022_control_workshop/share/roscon2022_control_workshop/environment/path.sh
[4.346s] -- Installing: /home/tony/ros2_control/install/roscon2022_control_workshop/share/roscon2022_control_workshop/environment/path.dsv
[4.347s] -- Installing: /home/tony/ros2_control/install/roscon2022_control_workshop/share/roscon2022_control_workshop/local_setup.bash
[4.349s] -- Installing: /home/tony/ros2_control/install/roscon2022_control_workshop/share/roscon2022_control_workshop/local_setup.sh
[4.350s] -- Installing: /home/tony/ros2_control/install/roscon2022_control_workshop/share/roscon2022_control_workshop/local_setup.zsh
[4.351s] -- Installing: /home/tony/ros2_control/install/roscon2022_control_workshop/share/roscon2022_control_workshop/local_setup.dsv
[4.353s] -- Installing: /home/tony/ros2_control/install/roscon2022_control_workshop/share/roscon2022_control_workshop/package.dsv
[4.354s] -- Installing: /home/tony/ros2_control/install/roscon2022_control_workshop/share/ament_index/resource_index/packages/roscon2022_control_workshop
[4.355s] -- Installing: /home/tony/ros2_control/install/roscon2022_control_workshop/share/roscon2022_control_workshop/cmake/roscon2022_control_workshopConfig.cmake
[4.362s] -- Installing: /home/tony/ros2_control/install/roscon2022_control_workshop/share/roscon2022_control_workshop/cmake/roscon2022_control_workshopConfig-version.cmake
[4.364s] -- Installing: /home/tony/ros2_control/install/roscon2022_control_workshop/share/roscon2022_control_workshop/package.xml
[4.366s] Invoked command in '/home/tony/ros2_control/build/roscon2022_control_workshop' returned '0': CMAKE_PREFIX_PATH=${CMAKE_PREFIX_PATH}:/opt/ros/humble /usr/bin/cmake --install /home/tony/ros2_control/build/roscon2022_control_workshop
