[0.019s] Invoking command in '/home/tony/ros2_control/1_rrbot_ws/build/controlko_description': CMAKE_PREFIX_PATH=/opt/ros/humble /usr/bin/cmake /home/tony/ros2_control/1_rrbot_ws/roscon2022_workshop/controlko_description -DCMAKE_EXPORT_COMPILE_COMMANDS=1 -DCMAKE_INSTALL_PREFIX=/home/tony/ros2_control/1_rrbot_ws/install/controlko_description
[0.046s] -- Found ament_cmake: 1.3.10 (/opt/ros/humble/share/ament_cmake/cmake)
[0.200s] -- Found ament_lint_auto: 0.12.11 (/opt/ros/humble/share/ament_lint_auto/cmake)
[0.295s] -- Added test 'flake8' to check Python code syntax and style conventions
[0.295s] -- Added test 'lint_cmake' to check CMake code style
[0.295s] -- Added test 'pep257' to check Python code against some of the docstring style conventions in PEP 257
[0.302s] -- Added test 'xmllint' to check XML markup files
[0.303s] -- Configuring done
[0.313s] -- Generating done
[0.314s] [33mCMake Warning:
[0.314s]   Manually-specified variables were not used by the project:
[0.318s] 
[0.318s]     CMAKE_EXPORT_COMPILE_COMMANDS
[0.319s] 
[0.319s] [0m
[0.319s] -- Build files have been written to: /home/tony/ros2_control/1_rrbot_ws/build/controlko_description
[0.332s] Invoked command in '/home/tony/ros2_control/1_rrbot_ws/build/controlko_description' returned '0': CMAKE_PREFIX_PATH=/opt/ros/humble /usr/bin/cmake /home/tony/ros2_control/1_rrbot_ws/roscon2022_workshop/controlko_description -DCMAKE_EXPORT_COMPILE_COMMANDS=1 -DCMAKE_INSTALL_PREFIX=/home/tony/ros2_control/1_rrbot_ws/install/controlko_description
[0.335s] Invoking command in '/home/tony/ros2_control/1_rrbot_ws/build/controlko_description': CMAKE_PREFIX_PATH=/opt/ros/humble /usr/bin/cmake --build /home/tony/ros2_control/1_rrbot_ws/build/controlko_description -- -j4 -l4
[0.412s] Invoked command in '/home/tony/ros2_control/1_rrbot_ws/build/controlko_description' returned '0': CMAKE_PREFIX_PATH=/opt/ros/humble /usr/bin/cmake --build /home/tony/ros2_control/1_rrbot_ws/build/controlko_description -- -j4 -l4
[0.472s] Invoking command in '/home/tony/ros2_control/1_rrbot_ws/build/controlko_description': CMAKE_PREFIX_PATH=/opt/ros/humble /usr/bin/cmake --install /home/tony/ros2_control/1_rrbot_ws/build/controlko_description
[0.490s] -- Install configuration: ""
[0.490s] -- Up-to-date: /home/tony/ros2_control/1_rrbot_ws/install/controlko_description/share/controlko_description/config
[0.490s] -- Up-to-date: /home/tony/ros2_control/1_rrbot_ws/install/controlko_description/share/controlko_description/config/.gitkeep
[0.491s] -- Up-to-date: /home/tony/ros2_control/1_rrbot_ws/install/controlko_description/share/controlko_description
[0.491s] -- Up-to-date: /home/tony/ros2_control/1_rrbot_ws/install/controlko_description/share/controlko_description/view_rrbot.launch.py
[0.491s] -- Up-to-date: /home/tony/ros2_control/1_rrbot_ws/install/controlko_description/share/controlko_description/meshes
[0.491s] -- Up-to-date: /home/tony/ros2_control/1_rrbot_ws/install/controlko_description/share/controlko_description/meshes/rrbot
[0.491s] -- Up-to-date: /home/tony/ros2_control/1_rrbot_ws/install/controlko_description/share/controlko_description/meshes/rrbot/visual
[0.491s] -- Up-to-date: /home/tony/ros2_control/1_rrbot_ws/install/controlko_description/share/controlko_description/meshes/rrbot/visual/.gitkeep
[0.491s] -- Up-to-date: /home/tony/ros2_control/1_rrbot_ws/install/controlko_description/share/controlko_description/rviz
[0.491s] -- Up-to-date: /home/tony/ros2_control/1_rrbot_ws/install/controlko_description/share/controlko_description/rviz/rrbot.rviz
[0.491s] -- Up-to-date: /home/tony/ros2_control/1_rrbot_ws/install/controlko_description/share/controlko_description/urdf
[0.492s] -- Up-to-date: /home/tony/ros2_control/1_rrbot_ws/install/controlko_description/share/controlko_description/urdf/rrbot.urdf.xacro
[0.492s] -- Up-to-date: /home/tony/ros2_control/1_rrbot_ws/install/controlko_description/share/controlko_description/urdf/common.xacro
[0.492s] -- Up-to-date: /home/tony/ros2_control/1_rrbot_ws/install/controlko_description/share/controlko_description/urdf/rrbot
[0.492s] -- Up-to-date: /home/tony/ros2_control/1_rrbot_ws/install/controlko_description/share/controlko_description/urdf/rrbot/rrbot_macro.ros2_control.xacro
[0.492s] -- Up-to-date: /home/tony/ros2_control/1_rrbot_ws/install/controlko_description/share/controlko_description/urdf/rrbot/rrbot_macro.xacro
[0.492s] -- Up-to-date: /home/tony/ros2_control/1_rrbot_ws/install/controlko_description/share/ament_index/resource_index/package_run_dependencies/controlko_description
[0.502s] -- Up-to-date: /home/tony/ros2_control/1_rrbot_ws/install/controlko_description/share/ament_index/resource_index/parent_prefix_path/controlko_description
[0.502s] -- Up-to-date: /home/tony/ros2_control/1_rrbot_ws/install/controlko_description/share/controlko_description/environment/ament_prefix_path.sh
[0.502s] -- Installing: /home/tony/ros2_control/1_rrbot_ws/install/controlko_description/share/controlko_description/environment/ament_prefix_path.dsv
[0.502s] -- Up-to-date: /home/tony/ros2_control/1_rrbot_ws/install/controlko_description/share/controlko_description/environment/path.sh
[0.502s] -- Installing: /home/tony/ros2_control/1_rrbot_ws/install/controlko_description/share/controlko_description/environment/path.dsv
[0.503s] -- Up-to-date: /home/tony/ros2_control/1_rrbot_ws/install/controlko_description/share/controlko_description/local_setup.bash
[0.503s] -- Up-to-date: /home/tony/ros2_control/1_rrbot_ws/install/controlko_description/share/controlko_description/local_setup.sh
[0.503s] -- Up-to-date: /home/tony/ros2_control/1_rrbot_ws/install/controlko_description/share/controlko_description/local_setup.zsh
[0.503s] -- Installing: /home/tony/ros2_control/1_rrbot_ws/install/controlko_description/share/controlko_description/local_setup.dsv
[0.503s] -- Installing: /home/tony/ros2_control/1_rrbot_ws/install/controlko_description/share/controlko_description/package.dsv
[0.503s] -- Up-to-date: /home/tony/ros2_control/1_rrbot_ws/install/controlko_description/share/ament_index/resource_index/packages/controlko_description
[0.503s] -- Up-to-date: /home/tony/ros2_control/1_rrbot_ws/install/controlko_description/share/controlko_description/cmake/controlko_descriptionConfig.cmake
[0.503s] -- Up-to-date: /home/tony/ros2_control/1_rrbot_ws/install/controlko_description/share/controlko_description/cmake/controlko_descriptionConfig-version.cmake
[0.504s] -- Up-to-date: /home/tony/ros2_control/1_rrbot_ws/install/controlko_description/share/controlko_description/package.xml
[0.504s] Invoked command in '/home/tony/ros2_control/1_rrbot_ws/build/controlko_description' returned '0': CMAKE_PREFIX_PATH=/opt/ros/humble /usr/bin/cmake --install /home/tony/ros2_control/1_rrbot_ws/build/controlko_description
