[0.023s] Invoking command in '/home/tony/ros2_control/1_rrbot_ws/build/roscon2022_control_workshop': CMAKE_PREFIX_PATH=/opt/ros/humble /usr/bin/cmake --build /home/tony/ros2_control/1_rrbot_ws/build/roscon2022_control_workshop -- -j4 -l4
[0.074s] Invoked command in '/home/tony/ros2_control/1_rrbot_ws/build/roscon2022_control_workshop' returned '0': CMAKE_PREFIX_PATH=/opt/ros/humble /usr/bin/cmake --build /home/tony/ros2_control/1_rrbot_ws/build/roscon2022_control_workshop -- -j4 -l4
[0.110s] Invoking command in '/home/tony/ros2_control/1_rrbot_ws/build/roscon2022_control_workshop': CMAKE_PREFIX_PATH=/opt/ros/humble /usr/bin/cmake --install /home/tony/ros2_control/1_rrbot_ws/build/roscon2022_control_workshop
[0.131s] -- Install configuration: ""
[0.131s] -- Up-to-date: /home/tony/ros2_control/1_rrbot_ws/install/roscon2022_control_workshop/share/ament_index/resource_index/package_run_dependencies/roscon2022_control_workshop
[0.131s] -- Up-to-date: /home/tony/ros2_control/1_rrbot_ws/install/roscon2022_control_workshop/share/ament_index/resource_index/parent_prefix_path/roscon2022_control_workshop
[0.132s] -- Up-to-date: /home/tony/ros2_control/1_rrbot_ws/install/roscon2022_control_workshop/share/roscon2022_control_workshop/environment/ament_prefix_path.sh
[0.132s] -- Up-to-date: /home/tony/ros2_control/1_rrbot_ws/install/roscon2022_control_workshop/share/roscon2022_control_workshop/environment/ament_prefix_path.dsv
[0.132s] -- Up-to-date: /home/tony/ros2_control/1_rrbot_ws/install/roscon2022_control_workshop/share/roscon2022_control_workshop/environment/path.sh
[0.133s] -- Up-to-date: /home/tony/ros2_control/1_rrbot_ws/install/roscon2022_control_workshop/share/roscon2022_control_workshop/environment/path.dsv
[0.133s] -- Up-to-date: /home/tony/ros2_control/1_rrbot_ws/install/roscon2022_control_workshop/share/roscon2022_control_workshop/local_setup.bash
[0.133s] -- Up-to-date: /home/tony/ros2_control/1_rrbot_ws/install/roscon2022_control_workshop/share/roscon2022_control_workshop/local_setup.sh
[0.133s] -- Up-to-date: /home/tony/ros2_control/1_rrbot_ws/install/roscon2022_control_workshop/share/roscon2022_control_workshop/local_setup.zsh
[0.133s] -- Up-to-date: /home/tony/ros2_control/1_rrbot_ws/install/roscon2022_control_workshop/share/roscon2022_control_workshop/local_setup.dsv
[0.134s] -- Up-to-date: /home/tony/ros2_control/1_rrbot_ws/install/roscon2022_control_workshop/share/roscon2022_control_workshop/package.dsv
[0.134s] -- Up-to-date: /home/tony/ros2_control/1_rrbot_ws/install/roscon2022_control_workshop/share/ament_index/resource_index/packages/roscon2022_control_workshop
[0.134s] -- Up-to-date: /home/tony/ros2_control/1_rrbot_ws/install/roscon2022_control_workshop/share/roscon2022_control_workshop/cmake/roscon2022_control_workshopConfig.cmake
[0.135s] -- Up-to-date: /home/tony/ros2_control/1_rrbot_ws/install/roscon2022_control_workshop/share/roscon2022_control_workshop/cmake/roscon2022_control_workshopConfig-version.cmake
[0.135s] -- Up-to-date: /home/tony/ros2_control/1_rrbot_ws/install/roscon2022_control_workshop/share/roscon2022_control_workshop/package.xml
[0.156s] Invoked command in '/home/tony/ros2_control/1_rrbot_ws/build/roscon2022_control_workshop' returned '0': CMAKE_PREFIX_PATH=/opt/ros/humble /usr/bin/cmake --install /home/tony/ros2_control/1_rrbot_ws/build/roscon2022_control_workshop
