[0.019s] Invoking command in '/home/tony/ros2_control/examples/build/ros2_control_demo_example_4': AMENT_PREFIX_PATH=/home/tony/ros2_control/examples/install/ros2_control_demo_testing:/home/tony/ros2_control/examples/install/ros2_control_demo_description:${AMENT_PREFIX_PATH} CMAKE_PREFIX_PATH=/home/tony/ros2_control/examples/install/ros2_control_demo_description:/opt/ros/humble PYTHONPATH=/home/tony/ros2_control/examples/install/ros2_control_demo_testing/lib/python3.10/site-packages:${PYTHONPATH} /usr/bin/cmake /home/tony/ros2_control/examples/src/example_4 -DCMAKE_INSTALL_PREFIX=/home/tony/ros2_control/examples/install/ros2_control_demo_example_4
[0.140s] -- The CXX compiler identification is GNU 11.4.0
[0.151s] -- Detecting CXX compiler ABI info
[0.291s] -- Detecting CXX compiler ABI info - done
[0.308s] -- Check for working CXX compiler: /usr/bin/c++ - skipped
[0.309s] -- Detecting CXX compile features
[0.310s] -- Detecting CXX compile features - done
[0.316s] -- Found ament_cmake: 1.3.10 (/opt/ros/humble/share/ament_cmake/cmake)
[0.578s] -- Found Python3: /usr/bin/python3 (found version "3.10.12") found components: Interpreter 
[0.728s] -- Found hardware_interface: 2.43.1 (/opt/ros/humble/share/hardware_interface/cmake)
[0.796s] -- Found rosidl_generator_c: 3.1.5 (/opt/ros/humble/share/rosidl_generator_c/cmake)
[0.804s] -- Found rosidl_adapter: 3.1.5 (/opt/ros/humble/share/rosidl_adapter/cmake)
[0.818s] -- Found rosidl_generator_cpp: 3.1.5 (/opt/ros/humble/share/rosidl_generator_cpp/cmake)
[0.841s] -- Using all available rosidl_typesupport_c: rosidl_typesupport_fastrtps_c;rosidl_typesupport_introspection_c
[0.870s] -- Using all available rosidl_typesupport_cpp: rosidl_typesupport_fastrtps_cpp;rosidl_typesupport_introspection_cpp
[1.240s] -- Found rmw_implementation_cmake: 6.1.2 (/opt/ros/humble/share/rmw_implementation_cmake/cmake)
[1.243s] -- Found rmw_fastrtps_cpp: 6.2.7 (/opt/ros/humble/share/rmw_fastrtps_cpp/cmake)
[1.287s] -- Found TinyXML2 via Config file: TinyXML2_DIR-NOTFOUND
[1.368s] -- Found OpenSSL: /usr/lib/x86_64-linux-gnu/libcrypto.so (found version "3.0.2")  
[1.374s] -- Found TinyXML2 via Config file: TinyXML2_DIR-NOTFOUND
[1.398s] -- Found FastRTPS: /opt/ros/humble/include  
[1.404s] -- Found TinyXML2 via Config file: TinyXML2_DIR-NOTFOUND
[1.418s] -- Found TinyXML2 via Config file: TinyXML2_DIR-NOTFOUND
[1.435s] -- Using RMW implementation 'rmw_fastrtps_cpp' as default
[1.448s] -- Looking for C++ include pthread.h
[1.595s] -- Looking for C++ include pthread.h - found
[1.596s] -- Performing Test CMAKE_HAVE_LIBC_PTHREAD
[1.748s] -- Performing Test CMAKE_HAVE_LIBC_PTHREAD - Success
[1.750s] -- Found Threads: TRUE  
[1.860s] -- Found ament_cmake_pytest: 1.3.10 (/opt/ros/humble/share/ament_cmake_pytest/cmake)
[4.171s] -- Configuring done
[4.215s] -- Generating done
[4.217s] -- Build files have been written to: /home/tony/ros2_control/examples/build/ros2_control_demo_example_4
[4.235s] Invoked command in '/home/tony/ros2_control/examples/build/ros2_control_demo_example_4' returned '0': AMENT_PREFIX_PATH=/home/tony/ros2_control/examples/install/ros2_control_demo_testing:/home/tony/ros2_control/examples/install/ros2_control_demo_description:${AMENT_PREFIX_PATH} CMAKE_PREFIX_PATH=/home/tony/ros2_control/examples/install/ros2_control_demo_description:/opt/ros/humble PYTHONPATH=/home/tony/ros2_control/examples/install/ros2_control_demo_testing/lib/python3.10/site-packages:${PYTHONPATH} /usr/bin/cmake /home/tony/ros2_control/examples/src/example_4 -DCMAKE_INSTALL_PREFIX=/home/tony/ros2_control/examples/install/ros2_control_demo_example_4
[4.237s] Invoking command in '/home/tony/ros2_control/examples/build/ros2_control_demo_example_4': AMENT_PREFIX_PATH=/home/tony/ros2_control/examples/install/ros2_control_demo_testing:/home/tony/ros2_control/examples/install/ros2_control_demo_description:${AMENT_PREFIX_PATH} CMAKE_PREFIX_PATH=/home/tony/ros2_control/examples/install/ros2_control_demo_description:/opt/ros/humble PYTHONPATH=/home/tony/ros2_control/examples/install/ros2_control_demo_testing/lib/python3.10/site-packages:${PYTHONPATH} /usr/bin/cmake --build /home/tony/ros2_control/examples/build/ros2_control_demo_example_4 -- -j4 -l4
[4.314s] [ 50%] [32mBuilding CXX object CMakeFiles/ros2_control_demo_example_4.dir/hardware/rrbot_system_with_sensor.cpp.o[0m
[11.510s] [100%] [32m[1mLinking CXX shared library libros2_control_demo_example_4.so[0m
[11.883s] [100%] Built target ros2_control_demo_example_4
[11.901s] Invoked command in '/home/tony/ros2_control/examples/build/ros2_control_demo_example_4' returned '0': AMENT_PREFIX_PATH=/home/tony/ros2_control/examples/install/ros2_control_demo_testing:/home/tony/ros2_control/examples/install/ros2_control_demo_description:${AMENT_PREFIX_PATH} CMAKE_PREFIX_PATH=/home/tony/ros2_control/examples/install/ros2_control_demo_description:/opt/ros/humble PYTHONPATH=/home/tony/ros2_control/examples/install/ros2_control_demo_testing/lib/python3.10/site-packages:${PYTHONPATH} /usr/bin/cmake --build /home/tony/ros2_control/examples/build/ros2_control_demo_example_4 -- -j4 -l4
[11.947s] Invoking command in '/home/tony/ros2_control/examples/build/ros2_control_demo_example_4': AMENT_PREFIX_PATH=/home/tony/ros2_control/examples/install/ros2_control_demo_testing:/home/tony/ros2_control/examples/install/ros2_control_demo_description:${AMENT_PREFIX_PATH} CMAKE_PREFIX_PATH=/home/tony/ros2_control/examples/install/ros2_control_demo_description:/opt/ros/humble PYTHONPATH=/home/tony/ros2_control/examples/install/ros2_control_demo_testing/lib/python3.10/site-packages:${PYTHONPATH} /usr/bin/cmake --install /home/tony/ros2_control/examples/build/ros2_control_demo_example_4
[11.963s] -- Install configuration: ""
[11.963s] -- Installing: /home/tony/ros2_control/examples/install/ros2_control_demo_example_4/share/ros2_control_demo_example_4/ros2_control_demo_example_4.xml
[11.963s] -- Installing: /home/tony/ros2_control/examples/install/ros2_control_demo_example_4/include/ros2_control_demo_example_4
[11.963s] -- Installing: /home/tony/ros2_control/examples/install/ros2_control_demo_example_4/include/ros2_control_demo_example_4/ros2_control_demo_example_4
[11.963s] -- Installing: /home/tony/ros2_control/examples/install/ros2_control_demo_example_4/include/ros2_control_demo_example_4/ros2_control_demo_example_4/rrbot_system_with_sensor.hpp
[11.964s] -- Installing: /home/tony/ros2_control/examples/install/ros2_control_demo_example_4/share/ros2_control_demo_example_4/launch
[11.964s] -- Installing: /home/tony/ros2_control/examples/install/ros2_control_demo_example_4/share/ros2_control_demo_example_4/launch/view_robot.launch.py
[11.964s] -- Installing: /home/tony/ros2_control/examples/install/ros2_control_demo_example_4/share/ros2_control_demo_example_4/ros2_control
[11.964s] -- Installing: /home/tony/ros2_control/examples/install/ros2_control_demo_example_4/share/ros2_control_demo_example_4/ros2_control/rrbot_system_with_sensor.ros2_control.xacro
[11.964s] -- Installing: /home/tony/ros2_control/examples/install/ros2_control_demo_example_4/share/ros2_control_demo_example_4/urdf
[11.964s] -- Installing: /home/tony/ros2_control/examples/install/ros2_control_demo_example_4/share/ros2_control_demo_example_4/urdf/rrbot_system_with_sensor.urdf.xacro
[11.965s] -- Installing: /home/tony/ros2_control/examples/install/ros2_control_demo_example_4/share/ros2_control_demo_example_4/rviz
[11.965s] -- Installing: /home/tony/ros2_control/examples/install/ros2_control_demo_example_4/share/ros2_control_demo_example_4/rviz/rrbot.rviz
[11.965s] -- Up-to-date: /home/tony/ros2_control/examples/install/ros2_control_demo_example_4/share/ros2_control_demo_example_4/launch
[11.965s] -- Installing: /home/tony/ros2_control/examples/install/ros2_control_demo_example_4/share/ros2_control_demo_example_4/launch/test_forward_position_controller.launch.py
[11.965s] -- Installing: /home/tony/ros2_control/examples/install/ros2_control_demo_example_4/share/ros2_control_demo_example_4/launch/rrbot_system_with_sensor.launch.py
[11.965s] -- Installing: /home/tony/ros2_control/examples/install/ros2_control_demo_example_4/share/ros2_control_demo_example_4/config
[11.966s] -- Installing: /home/tony/ros2_control/examples/install/ros2_control_demo_example_4/share/ros2_control_demo_example_4/config/rrbot_with_sensor_controllers.yaml
[11.966s] -- Installing: /home/tony/ros2_control/examples/install/ros2_control_demo_example_4/share/ros2_control_demo_example_4/config/rrbot_forward_position_publisher.yaml
[11.966s] -- Installing: /home/tony/ros2_control/examples/install/ros2_control_demo_example_4/lib/libros2_control_demo_example_4.so
[11.967s] -- Set runtime path of "/home/tony/ros2_control/examples/install/ros2_control_demo_example_4/lib/libros2_control_demo_example_4.so" to ""
[11.968s] -- Installing: /home/tony/ros2_control/examples/install/ros2_control_demo_example_4/share/ros2_control_demo_example_4/environment/library_path.sh
[11.968s] -- Installing: /home/tony/ros2_control/examples/install/ros2_control_demo_example_4/share/ros2_control_demo_example_4/environment/library_path.dsv
[11.968s] -- Installing: /home/tony/ros2_control/examples/install/ros2_control_demo_example_4/share/ament_index/resource_index/package_run_dependencies/ros2_control_demo_example_4
[11.968s] -- Installing: /home/tony/ros2_control/examples/install/ros2_control_demo_example_4/share/ament_index/resource_index/parent_prefix_path/ros2_control_demo_example_4
[11.969s] -- Installing: /home/tony/ros2_control/examples/install/ros2_control_demo_example_4/share/ros2_control_demo_example_4/environment/ament_prefix_path.sh
[11.969s] -- Installing: /home/tony/ros2_control/examples/install/ros2_control_demo_example_4/share/ros2_control_demo_example_4/environment/ament_prefix_path.dsv
[11.971s] -- Installing: /home/tony/ros2_control/examples/install/ros2_control_demo_example_4/share/ros2_control_demo_example_4/environment/path.sh
[11.971s] -- Installing: /home/tony/ros2_control/examples/install/ros2_control_demo_example_4/share/ros2_control_demo_example_4/environment/path.dsv
[11.971s] -- Installing: /home/tony/ros2_control/examples/install/ros2_control_demo_example_4/share/ros2_control_demo_example_4/local_setup.bash
[11.972s] -- Installing: /home/tony/ros2_control/examples/install/ros2_control_demo_example_4/share/ros2_control_demo_example_4/local_setup.sh
[11.972s] -- Installing: /home/tony/ros2_control/examples/install/ros2_control_demo_example_4/share/ros2_control_demo_example_4/local_setup.zsh
[11.972s] -- Installing: /home/tony/ros2_control/examples/install/ros2_control_demo_example_4/share/ros2_control_demo_example_4/local_setup.dsv
[11.972s] -- Installing: /home/tony/ros2_control/examples/install/ros2_control_demo_example_4/share/ros2_control_demo_example_4/package.dsv
[11.973s] -- Installing: /home/tony/ros2_control/examples/install/ros2_control_demo_example_4/share/ament_index/resource_index/packages/ros2_control_demo_example_4
[11.973s] -- Installing: /home/tony/ros2_control/examples/install/ros2_control_demo_example_4/share/ament_index/resource_index/hardware_interface__pluginlib__plugin/ros2_control_demo_example_4
[11.973s] -- Installing: /home/tony/ros2_control/examples/install/ros2_control_demo_example_4/share/ros2_control_demo_example_4/cmake/export_ros2_control_demo_example_4Export.cmake
[11.973s] -- Installing: /home/tony/ros2_control/examples/install/ros2_control_demo_example_4/share/ros2_control_demo_example_4/cmake/export_ros2_control_demo_example_4Export-noconfig.cmake
[11.974s] -- Installing: /home/tony/ros2_control/examples/install/ros2_control_demo_example_4/share/ros2_control_demo_example_4/cmake/ament_cmake_export_targets-extras.cmake
[11.974s] -- Installing: /home/tony/ros2_control/examples/install/ros2_control_demo_example_4/share/ros2_control_demo_example_4/cmake/ament_cmake_export_dependencies-extras.cmake
[11.974s] -- Installing: /home/tony/ros2_control/examples/install/ros2_control_demo_example_4/share/ros2_control_demo_example_4/cmake/ros2_control_demo_example_4Config.cmake
[11.975s] -- Installing: /home/tony/ros2_control/examples/install/ros2_control_demo_example_4/share/ros2_control_demo_example_4/cmake/ros2_control_demo_example_4Config-version.cmake
[11.975s] -- Installing: /home/tony/ros2_control/examples/install/ros2_control_demo_example_4/share/ros2_control_demo_example_4/package.xml
[11.987s] Invoked command in '/home/tony/ros2_control/examples/build/ros2_control_demo_example_4' returned '0': AMENT_PREFIX_PATH=/home/tony/ros2_control/examples/install/ros2_control_demo_testing:/home/tony/ros2_control/examples/install/ros2_control_demo_description:${AMENT_PREFIX_PATH} CMAKE_PREFIX_PATH=/home/tony/ros2_control/examples/install/ros2_control_demo_description:/opt/ros/humble PYTHONPATH=/home/tony/ros2_control/examples/install/ros2_control_demo_testing/lib/python3.10/site-packages:${PYTHONPATH} /usr/bin/cmake --install /home/tony/ros2_control/examples/build/ros2_control_demo_example_4
