[ 11%] [32mBuilding CXX object gmock/CMakeFiles/gmock.dir/opt/ros/humble/src/gtest_vendor/src/gtest-all.cc.o[0m
[ 22%] [32mBuilding CXX object gmock/CMakeFiles/gmock.dir/src/gmock-all.cc.o[0m
[ 33%] [32mBuilding CXX object gmock/CMakeFiles/gmock_main.dir/src/gmock_main.cc.o[0m
[ 44%] [32mBuilding CXX object CMakeFiles/controlko_hardware_interface.dir/src/rrbot_hardware_interface.cpp.o[0m
[ 55%] [32m[1mLinking CXX static library libgmock_main.a[0m
[ 55%] Built target gmock_main
[ 66%] [32m[1mLinking CXX static library libgmock.a[0m
[ 66%] Built target gmock
[ 77%] [32mBuilding CXX object CMakeFiles/test_rrbot_hardware_interface.dir/test/test_rrbot_hardware_interface.cpp.o[0m
[ 88%] [32m[1mLinking CXX shared library libcontrolko_hardware_interface.so[0m
[ 88%] Built target controlko_hardware_interface
[100%] [32m[1mLinking CXX executable test_rrbot_hardware_interface[0m
[100%] Built target test_rrbot_hardware_interface
-- Install configuration: ""
-- Installing: /home/tony/ros2_control/install/controlko_hardware_interface/share/controlko_hardware_interface/controlko_hardware_interface.xml
-- Installing: /home/tony/ros2_control/install/controlko_hardware_interface/lib/libcontrolko_hardware_interface.so
-- Set runtime path of "/home/tony/ros2_control/install/controlko_hardware_interface/lib/libcontrolko_hardware_interface.so" to ""
-- Installing: /home/tony/ros2_control/install/controlko_hardware_interface/include
-- Installing: /home/tony/ros2_control/install/controlko_hardware_interface/include/controlko_hardware_interface
-- Installing: /home/tony/ros2_control/install/controlko_hardware_interface/include/controlko_hardware_interface/rrbot_hardware_interface.hpp
-- Installing: /home/tony/ros2_control/install/controlko_hardware_interface/include/controlko_hardware_interface/dr_denis_rrbot_comms.hpp
-- Installing: /home/tony/ros2_control/install/controlko_hardware_interface/include/controlko_hardware_interface/visibility_control.h
-- Installing: /home/tony/ros2_control/install/controlko_hardware_interface/share/controlko_hardware_interface/environment/library_path.sh
-- Installing: /home/tony/ros2_control/install/controlko_hardware_interface/share/controlko_hardware_interface/environment/library_path.dsv
-- Installing: /home/tony/ros2_control/install/controlko_hardware_interface/share/ament_index/resource_index/package_run_dependencies/controlko_hardware_interface
-- Installing: /home/tony/ros2_control/install/controlko_hardware_interface/share/ament_index/resource_index/parent_prefix_path/controlko_hardware_interface
-- Installing: /home/tony/ros2_control/install/controlko_hardware_interface/share/controlko_hardware_interface/environment/ament_prefix_path.sh
-- Installing: /home/tony/ros2_control/install/controlko_hardware_interface/share/controlko_hardware_interface/environment/ament_prefix_path.dsv
-- Installing: /home/tony/ros2_control/install/controlko_hardware_interface/share/controlko_hardware_interface/environment/path.sh
-- Installing: /home/tony/ros2_control/install/controlko_hardware_interface/share/controlko_hardware_interface/environment/path.dsv
-- Installing: /home/tony/ros2_control/install/controlko_hardware_interface/share/controlko_hardware_interface/local_setup.bash
-- Installing: /home/tony/ros2_control/install/controlko_hardware_interface/share/controlko_hardware_interface/local_setup.sh
-- Installing: /home/tony/ros2_control/install/controlko_hardware_interface/share/controlko_hardware_interface/local_setup.zsh
-- Installing: /home/tony/ros2_control/install/controlko_hardware_interface/share/controlko_hardware_interface/local_setup.dsv
-- Installing: /home/tony/ros2_control/install/controlko_hardware_interface/share/controlko_hardware_interface/package.dsv
-- Installing: /home/tony/ros2_control/install/controlko_hardware_interface/share/ament_index/resource_index/packages/controlko_hardware_interface
-- Installing: /home/tony/ros2_control/install/controlko_hardware_interface/share/ament_index/resource_index/hardware_interface__pluginlib__plugin/controlko_hardware_interface
-- Installing: /home/tony/ros2_control/install/controlko_hardware_interface/share/controlko_hardware_interface/cmake/ament_cmake_export_include_directories-extras.cmake
-- Installing: /home/tony/ros2_control/install/controlko_hardware_interface/share/controlko_hardware_interface/cmake/ament_cmake_export_libraries-extras.cmake
-- Installing: /home/tony/ros2_control/install/controlko_hardware_interface/share/controlko_hardware_interface/cmake/ament_cmake_export_dependencies-extras.cmake
-- Installing: /home/tony/ros2_control/install/controlko_hardware_interface/share/controlko_hardware_interface/cmake/controlko_hardware_interfaceConfig.cmake
-- Installing: /home/tony/ros2_control/install/controlko_hardware_interface/share/controlko_hardware_interface/cmake/controlko_hardware_interfaceConfig-version.cmake
-- Installing: /home/tony/ros2_control/install/controlko_hardware_interface/share/controlko_hardware_interface/package.xml
