[0.013s] Invoking command in '/home/tony/ros2_control/examples/build/ros2_control_demo_description': CMAKE_PREFIX_PATH=/opt/ros/humble /usr/bin/cmake /home/tony/ros2_control/examples/src/ros2_control_demo_description -DCMAKE_INSTALL_PREFIX=/home/tony/ros2_control/examples/install/ros2_control_demo_description
[0.090s] -- The C compiler identification is GNU 11.4.0
[0.153s] -- The CXX compiler identification is GNU 11.4.0
[0.160s] -- Detecting C compiler ABI info
[0.231s] -- Detecting C compiler ABI info - done
[0.239s] -- Check for working C compiler: /usr/bin/cc - skipped
[0.239s] -- Detecting C compile features
[0.240s] -- Detecting C compile features - done
[0.244s] -- Detecting CXX compiler ABI info
[0.329s] -- Detecting CXX compiler ABI info - done
[0.337s] -- Check for working CXX compiler: /usr/bin/c++ - skipped
[0.338s] -- Detecting CXX compile features
[0.338s] -- Detecting CXX compile features - done
[0.340s] -- Found ament_cmake: 1.3.10 (/opt/ros/humble/share/ament_cmake/cmake)
[0.507s] -- Found Python3: /usr/bin/python3 (found version "3.10.12") found components: Interpreter 
[0.693s] -- Configuring done
[0.697s] -- Generating done
[0.698s] -- Build files have been written to: /home/tony/ros2_control/examples/build/ros2_control_demo_description
[0.704s] Invoked command in '/home/tony/ros2_control/examples/build/ros2_control_demo_description' returned '0': CMAKE_PREFIX_PATH=/opt/ros/humble /usr/bin/cmake /home/tony/ros2_control/examples/src/ros2_control_demo_description -DCMAKE_INSTALL_PREFIX=/home/tony/ros2_control/examples/install/ros2_control_demo_description
[0.706s] Invoking command in '/home/tony/ros2_control/examples/build/ros2_control_demo_description': CMAKE_PREFIX_PATH=/opt/ros/humble /usr/bin/cmake --build /home/tony/ros2_control/examples/build/ros2_control_demo_description -- -j4 -l4
[0.745s] Invoked command in '/home/tony/ros2_control/examples/build/ros2_control_demo_description' returned '0': CMAKE_PREFIX_PATH=/opt/ros/humble /usr/bin/cmake --build /home/tony/ros2_control/examples/build/ros2_control_demo_description -- -j4 -l4
[0.773s] Invoking command in '/home/tony/ros2_control/examples/build/ros2_control_demo_description': CMAKE_PREFIX_PATH=/opt/ros/humble /usr/bin/cmake --install /home/tony/ros2_control/examples/build/ros2_control_demo_description
[0.781s] -- Install configuration: ""
[0.781s] -- Installing: /home/tony/ros2_control/examples/install/ros2_control_demo_description/share/ros2_control_demo_description/rrbot/urdf
[0.781s] -- Installing: /home/tony/ros2_control/examples/install/ros2_control_demo_description/share/ros2_control_demo_description/rrbot/urdf/rrbot_description.urdf.xacro
[0.781s] -- Installing: /home/tony/ros2_control/examples/install/ros2_control_demo_description/share/ros2_control_demo_description/rrbot/urdf/rrbot.materials.xacro
[0.781s] -- Installing: /home/tony/ros2_control/examples/install/ros2_control_demo_description/share/ros2_control_demo_description/rrbot/rviz
[0.782s] -- Installing: /home/tony/ros2_control/examples/install/ros2_control_demo_description/share/ros2_control_demo_description/rrbot/rviz/rrbot.rviz
[0.782s] -- Installing: /home/tony/ros2_control/examples/install/ros2_control_demo_description/share/ros2_control_demo_description/diffbot/urdf
[0.782s] -- Installing: /home/tony/ros2_control/examples/install/ros2_control_demo_description/share/ros2_control_demo_description/diffbot/urdf/diffbot_description.urdf.xacro
[0.782s] -- Installing: /home/tony/ros2_control/examples/install/ros2_control_demo_description/share/ros2_control_demo_description/diffbot/urdf/diffbot.materials.xacro
[0.782s] -- Installing: /home/tony/ros2_control/examples/install/ros2_control_demo_description/share/ros2_control_demo_description/diffbot/rviz
[0.782s] -- Installing: /home/tony/ros2_control/examples/install/ros2_control_demo_description/share/ros2_control_demo_description/diffbot/rviz/diffbot.rviz
[0.782s] -- Installing: /home/tony/ros2_control/examples/install/ros2_control_demo_description/share/ros2_control_demo_description/diffbot/rviz/diffbot_view.rviz
[0.783s] -- Installing: /home/tony/ros2_control/examples/install/ros2_control_demo_description/share/ros2_control_demo_description/carlikebot/urdf
[0.783s] -- Installing: /home/tony/ros2_control/examples/install/ros2_control_demo_description/share/ros2_control_demo_description/carlikebot/urdf/carlikebot.materials.xacro
[0.783s] -- Installing: /home/tony/ros2_control/examples/install/ros2_control_demo_description/share/ros2_control_demo_description/carlikebot/urdf/carlikebot_description.urdf.xacro
[0.783s] -- Installing: /home/tony/ros2_control/examples/install/ros2_control_demo_description/share/ros2_control_demo_description/carlikebot/rviz
[0.783s] -- Installing: /home/tony/ros2_control/examples/install/ros2_control_demo_description/share/ros2_control_demo_description/carlikebot/rviz/carlikebot_view.rviz
[0.783s] -- Installing: /home/tony/ros2_control/examples/install/ros2_control_demo_description/share/ros2_control_demo_description/carlikebot/rviz/carlikebot.rviz
[0.783s] -- Installing: /home/tony/ros2_control/examples/install/ros2_control_demo_description/share/ros2_control_demo_description/r6bot/meshes
[0.783s] -- Installing: /home/tony/ros2_control/examples/install/ros2_control_demo_description/share/ros2_control_demo_description/r6bot/meshes/visual
[0.783s] -- Installing: /home/tony/ros2_control/examples/install/ros2_control_demo_description/share/ros2_control_demo_description/r6bot/meshes/visual/link_3.dae
[0.784s] -- Installing: /home/tony/ros2_control/examples/install/ros2_control_demo_description/share/ros2_control_demo_description/r6bot/meshes/visual/link_4.dae
[0.784s] -- Installing: /home/tony/ros2_control/examples/install/ros2_control_demo_description/share/ros2_control_demo_description/r6bot/meshes/visual/link_2.dae
[0.786s] -- Installing: /home/tony/ros2_control/examples/install/ros2_control_demo_description/share/ros2_control_demo_description/r6bot/meshes/visual/link_5.dae
[0.786s] -- Installing: /home/tony/ros2_control/examples/install/ros2_control_demo_description/share/ros2_control_demo_description/r6bot/meshes/visual/link_1.dae
[0.787s] -- Installing: /home/tony/ros2_control/examples/install/ros2_control_demo_description/share/ros2_control_demo_description/r6bot/meshes/visual/link_6.dae
[0.787s] -- Installing: /home/tony/ros2_control/examples/install/ros2_control_demo_description/share/ros2_control_demo_description/r6bot/meshes/visual/link_0.dae
[0.787s] -- Installing: /home/tony/ros2_control/examples/install/ros2_control_demo_description/share/ros2_control_demo_description/r6bot/meshes/collision
[0.787s] -- Installing: /home/tony/ros2_control/examples/install/ros2_control_demo_description/share/ros2_control_demo_description/r6bot/meshes/collision/link_6.stl
[0.788s] -- Installing: /home/tony/ros2_control/examples/install/ros2_control_demo_description/share/ros2_control_demo_description/r6bot/meshes/collision/link_5.stl
[0.788s] -- Installing: /home/tony/ros2_control/examples/install/ros2_control_demo_description/share/ros2_control_demo_description/r6bot/meshes/collision/link_4.stl
[0.788s] -- Installing: /home/tony/ros2_control/examples/install/ros2_control_demo_description/share/ros2_control_demo_description/r6bot/meshes/collision/link_1.stl
[0.788s] -- Installing: /home/tony/ros2_control/examples/install/ros2_control_demo_description/share/ros2_control_demo_description/r6bot/meshes/collision/link_3.stl
[0.789s] -- Installing: /home/tony/ros2_control/examples/install/ros2_control_demo_description/share/ros2_control_demo_description/r6bot/meshes/collision/link_2.stl
[0.789s] -- Installing: /home/tony/ros2_control/examples/install/ros2_control_demo_description/share/ros2_control_demo_description/r6bot/meshes/collision/link_0.stl
[0.789s] -- Installing: /home/tony/ros2_control/examples/install/ros2_control_demo_description/share/ros2_control_demo_description/r6bot/srdf
[0.790s] -- Installing: /home/tony/ros2_control/examples/install/ros2_control_demo_description/share/ros2_control_demo_description/r6bot/srdf/r6bot.srdf
[0.790s] -- Installing: /home/tony/ros2_control/examples/install/ros2_control_demo_description/share/ros2_control_demo_description/r6bot/urdf
[0.790s] -- Installing: /home/tony/ros2_control/examples/install/ros2_control_demo_description/share/ros2_control_demo_description/r6bot/urdf/inc
[0.790s] -- Installing: /home/tony/ros2_control/examples/install/ros2_control_demo_description/share/ros2_control_demo_description/r6bot/urdf/inc/create_link.xacro
[0.790s] -- Installing: /home/tony/ros2_control/examples/install/ros2_control_demo_description/share/ros2_control_demo_description/r6bot/urdf/r6bot_description.urdf.xacro
[0.790s] -- Installing: /home/tony/ros2_control/examples/install/ros2_control_demo_description/share/ros2_control_demo_description/r6bot/rviz
[0.790s] -- Installing: /home/tony/ros2_control/examples/install/ros2_control_demo_description/share/ros2_control_demo_description/r6bot/rviz/view_robot.rviz
[0.790s] -- Installing: /home/tony/ros2_control/examples/install/ros2_control_demo_description/share/ament_index/resource_index/package_run_dependencies/ros2_control_demo_description
[0.791s] -- Installing: /home/tony/ros2_control/examples/install/ros2_control_demo_description/share/ament_index/resource_index/parent_prefix_path/ros2_control_demo_description
[0.791s] -- Installing: /home/tony/ros2_control/examples/install/ros2_control_demo_description/share/ros2_control_demo_description/environment/ament_prefix_path.sh
[0.792s] -- Installing: /home/tony/ros2_control/examples/install/ros2_control_demo_description/share/ros2_control_demo_description/environment/ament_prefix_path.dsv
[0.792s] -- Installing: /home/tony/ros2_control/examples/install/ros2_control_demo_description/share/ros2_control_demo_description/environment/path.sh
[0.792s] -- Installing: /home/tony/ros2_control/examples/install/ros2_control_demo_description/share/ros2_control_demo_description/environment/path.dsv
[0.792s] -- Installing: /home/tony/ros2_control/examples/install/ros2_control_demo_description/share/ros2_control_demo_description/local_setup.bash
[0.793s] -- Installing: /home/tony/ros2_control/examples/install/ros2_control_demo_description/share/ros2_control_demo_description/local_setup.sh
[0.793s] -- Installing: /home/tony/ros2_control/examples/install/ros2_control_demo_description/share/ros2_control_demo_description/local_setup.zsh
[0.793s] -- Installing: /home/tony/ros2_control/examples/install/ros2_control_demo_description/share/ros2_control_demo_description/local_setup.dsv
[0.793s] -- Installing: /home/tony/ros2_control/examples/install/ros2_control_demo_description/share/ros2_control_demo_description/package.dsv
[0.793s] -- Installing: /home/tony/ros2_control/examples/install/ros2_control_demo_description/share/ament_index/resource_index/packages/ros2_control_demo_description
[0.793s] -- Installing: /home/tony/ros2_control/examples/install/ros2_control_demo_description/share/ros2_control_demo_description/cmake/ros2_control_demo_descriptionConfig.cmake
[0.793s] -- Installing: /home/tony/ros2_control/examples/install/ros2_control_demo_description/share/ros2_control_demo_description/cmake/ros2_control_demo_descriptionConfig-version.cmake
[0.793s] -- Installing: /home/tony/ros2_control/examples/install/ros2_control_demo_description/share/ros2_control_demo_description/package.xml
[0.795s] Invoked command in '/home/tony/ros2_control/examples/build/ros2_control_demo_description' returned '0': CMAKE_PREFIX_PATH=/opt/ros/humble /usr/bin/cmake --install /home/tony/ros2_control/examples/build/ros2_control_demo_description
