[0.020s] Invoking command in '/home/tony/ros2_control/examples/build/ros2_control_demo_example_1': AMENT_PREFIX_PATH=/home/tony/ros2_control/examples/install/ros2_control_demo_testing:/home/tony/ros2_control/examples/install/ros2_control_demo_description:${AMENT_PREFIX_PATH} CMAKE_PREFIX_PATH=/home/tony/ros2_control/examples/install/ros2_control_demo_description:/opt/ros/humble PYTHONPATH=/home/tony/ros2_control/examples/install/ros2_control_demo_testing/lib/python3.10/site-packages:${PYTHONPATH} /usr/bin/cmake /home/tony/ros2_control/examples/src/example_1 -DCMAKE_INSTALL_PREFIX=/home/tony/ros2_control/examples/install/ros2_control_demo_example_1
[0.038s] -- Found ament_cmake: 1.3.10 (/opt/ros/humble/share/ament_cmake/cmake)
[0.332s] -- Found Python3: /usr/bin/python3 (found version "3.10.12") found components: Interpreter 
[0.478s] -- Found hardware_interface: 2.43.1 (/opt/ros/humble/share/hardware_interface/cmake)
[0.538s] -- Found rosidl_generator_c: 3.1.5 (/opt/ros/humble/share/rosidl_generator_c/cmake)
[0.545s] -- Found rosidl_adapter: 3.1.5 (/opt/ros/humble/share/rosidl_adapter/cmake)
[0.558s] -- Found rosidl_generator_cpp: 3.1.5 (/opt/ros/humble/share/rosidl_generator_cpp/cmake)
[0.577s] -- Using all available rosidl_typesupport_c: rosidl_typesupport_fastrtps_c;rosidl_typesupport_introspection_c
[0.603s] -- Using all available rosidl_typesupport_cpp: rosidl_typesupport_fastrtps_cpp;rosidl_typesupport_introspection_cpp
[0.950s] -- Found rmw_implementation_cmake: 6.1.2 (/opt/ros/humble/share/rmw_implementation_cmake/cmake)
[0.954s] -- Found rmw_fastrtps_cpp: 6.2.7 (/opt/ros/humble/share/rmw_fastrtps_cpp/cmake)
[0.993s] -- Found TinyXML2 via Config file: TinyXML2_DIR-NOTFOUND
[1.067s] -- Found OpenSSL: /usr/lib/x86_64-linux-gnu/libcrypto.so (found version "3.0.2")  
[1.071s] -- Found TinyXML2 via Config file: TinyXML2_DIR-NOTFOUND
[1.095s] -- Found FastRTPS: /opt/ros/humble/include  
[1.101s] -- Found TinyXML2 via Config file: TinyXML2_DIR-NOTFOUND
[1.120s] -- Found TinyXML2 via Config file: TinyXML2_DIR-NOTFOUND
[1.135s] -- Using RMW implementation 'rmw_fastrtps_cpp' as default
[1.147s] -- Looking for C++ include pthread.h
[1.284s] -- Looking for C++ include pthread.h - found
[1.285s] -- Performing Test CMAKE_HAVE_LIBC_PTHREAD
[1.450s] -- Performing Test CMAKE_HAVE_LIBC_PTHREAD - Success
[1.450s] -- Found Threads: TRUE  
[1.542s] -- Found ament_cmake_pytest: 1.3.10 (/opt/ros/humble/share/ament_cmake_pytest/cmake)
[3.698s] -- Configuring done
[3.741s] -- Generating done
[3.743s] -- Build files have been written to: /home/tony/ros2_control/examples/build/ros2_control_demo_example_1
[3.761s] Invoked command in '/home/tony/ros2_control/examples/build/ros2_control_demo_example_1' returned '0': AMENT_PREFIX_PATH=/home/tony/ros2_control/examples/install/ros2_control_demo_testing:/home/tony/ros2_control/examples/install/ros2_control_demo_description:${AMENT_PREFIX_PATH} CMAKE_PREFIX_PATH=/home/tony/ros2_control/examples/install/ros2_control_demo_description:/opt/ros/humble PYTHONPATH=/home/tony/ros2_control/examples/install/ros2_control_demo_testing/lib/python3.10/site-packages:${PYTHONPATH} /usr/bin/cmake /home/tony/ros2_control/examples/src/example_1 -DCMAKE_INSTALL_PREFIX=/home/tony/ros2_control/examples/install/ros2_control_demo_example_1
[3.763s] Invoking command in '/home/tony/ros2_control/examples/build/ros2_control_demo_example_1': AMENT_PREFIX_PATH=/home/tony/ros2_control/examples/install/ros2_control_demo_testing:/home/tony/ros2_control/examples/install/ros2_control_demo_description:${AMENT_PREFIX_PATH} CMAKE_PREFIX_PATH=/home/tony/ros2_control/examples/install/ros2_control_demo_description:/opt/ros/humble PYTHONPATH=/home/tony/ros2_control/examples/install/ros2_control_demo_testing/lib/python3.10/site-packages:${PYTHONPATH} /usr/bin/cmake --build /home/tony/ros2_control/examples/build/ros2_control_demo_example_1 -- -j4 -l4
[3.847s] [ 50%] [32mBuilding CXX object CMakeFiles/ros2_control_demo_example_1.dir/hardware/rrbot.cpp.o[0m
[10.709s] [100%] [32m[1mLinking CXX shared library libros2_control_demo_example_1.so[0m
[11.557s] [100%] Built target ros2_control_demo_example_1
[11.613s] Invoked command in '/home/tony/ros2_control/examples/build/ros2_control_demo_example_1' returned '0': AMENT_PREFIX_PATH=/home/tony/ros2_control/examples/install/ros2_control_demo_testing:/home/tony/ros2_control/examples/install/ros2_control_demo_description:${AMENT_PREFIX_PATH} CMAKE_PREFIX_PATH=/home/tony/ros2_control/examples/install/ros2_control_demo_description:/opt/ros/humble PYTHONPATH=/home/tony/ros2_control/examples/install/ros2_control_demo_testing/lib/python3.10/site-packages:${PYTHONPATH} /usr/bin/cmake --build /home/tony/ros2_control/examples/build/ros2_control_demo_example_1 -- -j4 -l4
[11.901s] Invoking command in '/home/tony/ros2_control/examples/build/ros2_control_demo_example_1': AMENT_PREFIX_PATH=/home/tony/ros2_control/examples/install/ros2_control_demo_testing:/home/tony/ros2_control/examples/install/ros2_control_demo_description:${AMENT_PREFIX_PATH} CMAKE_PREFIX_PATH=/home/tony/ros2_control/examples/install/ros2_control_demo_description:/opt/ros/humble PYTHONPATH=/home/tony/ros2_control/examples/install/ros2_control_demo_testing/lib/python3.10/site-packages:${PYTHONPATH} /usr/bin/cmake --install /home/tony/ros2_control/examples/build/ros2_control_demo_example_1
[11.917s] -- Install configuration: ""
[11.918s] -- Installing: /home/tony/ros2_control/examples/install/ros2_control_demo_example_1/share/ros2_control_demo_example_1/ros2_control_demo_example_1.xml
[11.918s] -- Installing: /home/tony/ros2_control/examples/install/ros2_control_demo_example_1/include/ros2_control_demo_example_1
[11.918s] -- Installing: /home/tony/ros2_control/examples/install/ros2_control_demo_example_1/include/ros2_control_demo_example_1/ros2_control_demo_example_1
[11.919s] -- Installing: /home/tony/ros2_control/examples/install/ros2_control_demo_example_1/include/ros2_control_demo_example_1/ros2_control_demo_example_1/rrbot.hpp
[11.919s] -- Installing: /home/tony/ros2_control/examples/install/ros2_control_demo_example_1/share/ros2_control_demo_example_1/launch
[11.919s] -- Installing: /home/tony/ros2_control/examples/install/ros2_control_demo_example_1/share/ros2_control_demo_example_1/launch/view_robot.launch.py
[11.919s] -- Installing: /home/tony/ros2_control/examples/install/ros2_control_demo_example_1/share/ros2_control_demo_example_1/ros2_control
[11.920s] -- Installing: /home/tony/ros2_control/examples/install/ros2_control_demo_example_1/share/ros2_control_demo_example_1/ros2_control/rrbot.ros2_control.xacro
[11.920s] -- Installing: /home/tony/ros2_control/examples/install/ros2_control_demo_example_1/share/ros2_control_demo_example_1/urdf
[11.920s] -- Installing: /home/tony/ros2_control/examples/install/ros2_control_demo_example_1/share/ros2_control_demo_example_1/urdf/rrbot.urdf.xacro
[11.920s] -- Up-to-date: /home/tony/ros2_control/examples/install/ros2_control_demo_example_1/share/ros2_control_demo_example_1/launch
[11.920s] -- Installing: /home/tony/ros2_control/examples/install/ros2_control_demo_example_1/share/ros2_control_demo_example_1/launch/test_forward_position_controller.launch.py
[11.920s] -- Installing: /home/tony/ros2_control/examples/install/ros2_control_demo_example_1/share/ros2_control_demo_example_1/launch/rrbot.launch.py
[11.920s] -- Installing: /home/tony/ros2_control/examples/install/ros2_control_demo_example_1/share/ros2_control_demo_example_1/launch/test_joint_trajectory_controller.launch.py
[11.921s] -- Installing: /home/tony/ros2_control/examples/install/ros2_control_demo_example_1/share/ros2_control_demo_example_1/config
[11.921s] -- Installing: /home/tony/ros2_control/examples/install/ros2_control_demo_example_1/share/ros2_control_demo_example_1/config/rrbot_forward_position_publisher.yaml
[11.921s] -- Installing: /home/tony/ros2_control/examples/install/ros2_control_demo_example_1/share/ros2_control_demo_example_1/config/rrbot_controllers.yaml
[11.921s] -- Installing: /home/tony/ros2_control/examples/install/ros2_control_demo_example_1/share/ros2_control_demo_example_1/config/rrbot_joint_trajectory_publisher.yaml
[11.921s] -- Installing: /home/tony/ros2_control/examples/install/ros2_control_demo_example_1/lib/libros2_control_demo_example_1.so
[11.922s] -- Set runtime path of "/home/tony/ros2_control/examples/install/ros2_control_demo_example_1/lib/libros2_control_demo_example_1.so" to ""
[11.922s] -- Installing: /home/tony/ros2_control/examples/install/ros2_control_demo_example_1/share/ros2_control_demo_example_1/environment/library_path.sh
[11.922s] -- Installing: /home/tony/ros2_control/examples/install/ros2_control_demo_example_1/share/ros2_control_demo_example_1/environment/library_path.dsv
[11.922s] -- Installing: /home/tony/ros2_control/examples/install/ros2_control_demo_example_1/share/ament_index/resource_index/package_run_dependencies/ros2_control_demo_example_1
[11.922s] -- Installing: /home/tony/ros2_control/examples/install/ros2_control_demo_example_1/share/ament_index/resource_index/parent_prefix_path/ros2_control_demo_example_1
[11.923s] -- Installing: /home/tony/ros2_control/examples/install/ros2_control_demo_example_1/share/ros2_control_demo_example_1/environment/ament_prefix_path.sh
[11.923s] -- Installing: /home/tony/ros2_control/examples/install/ros2_control_demo_example_1/share/ros2_control_demo_example_1/environment/ament_prefix_path.dsv
[11.923s] -- Installing: /home/tony/ros2_control/examples/install/ros2_control_demo_example_1/share/ros2_control_demo_example_1/environment/path.sh
[11.923s] -- Installing: /home/tony/ros2_control/examples/install/ros2_control_demo_example_1/share/ros2_control_demo_example_1/environment/path.dsv
[11.923s] -- Installing: /home/tony/ros2_control/examples/install/ros2_control_demo_example_1/share/ros2_control_demo_example_1/local_setup.bash
[11.923s] -- Installing: /home/tony/ros2_control/examples/install/ros2_control_demo_example_1/share/ros2_control_demo_example_1/local_setup.sh
[11.924s] -- Installing: /home/tony/ros2_control/examples/install/ros2_control_demo_example_1/share/ros2_control_demo_example_1/local_setup.zsh
[11.924s] -- Installing: /home/tony/ros2_control/examples/install/ros2_control_demo_example_1/share/ros2_control_demo_example_1/local_setup.dsv
[11.924s] -- Installing: /home/tony/ros2_control/examples/install/ros2_control_demo_example_1/share/ros2_control_demo_example_1/package.dsv
[11.933s] -- Installing: /home/tony/ros2_control/examples/install/ros2_control_demo_example_1/share/ament_index/resource_index/packages/ros2_control_demo_example_1
[11.934s] -- Installing: /home/tony/ros2_control/examples/install/ros2_control_demo_example_1/share/ament_index/resource_index/hardware_interface__pluginlib__plugin/ros2_control_demo_example_1
[11.934s] -- Installing: /home/tony/ros2_control/examples/install/ros2_control_demo_example_1/share/ros2_control_demo_example_1/cmake/export_ros2_control_demo_example_1Export.cmake
[11.935s] -- Installing: /home/tony/ros2_control/examples/install/ros2_control_demo_example_1/share/ros2_control_demo_example_1/cmake/export_ros2_control_demo_example_1Export-noconfig.cmake
[11.935s] -- Installing: /home/tony/ros2_control/examples/install/ros2_control_demo_example_1/share/ros2_control_demo_example_1/cmake/ament_cmake_export_targets-extras.cmake
[11.935s] -- Installing: /home/tony/ros2_control/examples/install/ros2_control_demo_example_1/share/ros2_control_demo_example_1/cmake/ament_cmake_export_dependencies-extras.cmake
[11.935s] -- Installing: /home/tony/ros2_control/examples/install/ros2_control_demo_example_1/share/ros2_control_demo_example_1/cmake/ros2_control_demo_example_1Config.cmake
[11.935s] -- Installing: /home/tony/ros2_control/examples/install/ros2_control_demo_example_1/share/ros2_control_demo_example_1/cmake/ros2_control_demo_example_1Config-version.cmake
[11.936s] -- Installing: /home/tony/ros2_control/examples/install/ros2_control_demo_example_1/share/ros2_control_demo_example_1/package.xml
[11.939s] Invoked command in '/home/tony/ros2_control/examples/build/ros2_control_demo_example_1' returned '0': AMENT_PREFIX_PATH=/home/tony/ros2_control/examples/install/ros2_control_demo_testing:/home/tony/ros2_control/examples/install/ros2_control_demo_description:${AMENT_PREFIX_PATH} CMAKE_PREFIX_PATH=/home/tony/ros2_control/examples/install/ros2_control_demo_description:/opt/ros/humble PYTHONPATH=/home/tony/ros2_control/examples/install/ros2_control_demo_testing/lib/python3.10/site-packages:${PYTHONPATH} /usr/bin/cmake --install /home/tony/ros2_control/examples/build/ros2_control_demo_example_1
