[0.550s] Invoking command in '/home/tony/ros2_control/build/controlko_hardware_interface': CMAKE_PREFIX_PATH=${CMAKE_PREFIX_PATH}:/opt/ros/humble /usr/bin/cmake /home/tony/ros2_control/1_rrbot_ws/roscon2022_workshop/controlko_hardware_interface -DCMAKE_INSTALL_PREFIX=/home/tony/ros2_control/install/controlko_hardware_interface
[0.678s] -- The C compiler identification is GNU 11.4.0
[0.817s] -- The CXX compiler identification is GNU 11.4.0
[0.831s] -- Detecting C compiler ABI info
[0.986s] -- Detecting C compiler ABI info - done
[1.020s] -- Check for working C compiler: /usr/bin/cc - skipped
[1.029s] -- Detecting C compile features
[1.033s] -- Detecting C compile features - done
[1.053s] -- Detecting CXX compiler ABI info
[1.247s] -- Detecting CXX compiler ABI info - done
[1.282s] -- Check for working CXX compiler: /usr/bin/c++ - skipped
[1.283s] -- Detecting CXX compile features
[1.285s] -- Detecting CXX compile features - done
[1.296s] -- Found ament_cmake: 1.3.10 (/opt/ros/humble/share/ament_cmake/cmake)
[1.653s] -- Found Python3: /usr/bin/python3 (found version "3.10.12") found components: Interpreter 
[1.950s] -- Found hardware_interface: 2.43.1 (/opt/ros/humble/share/hardware_interface/cmake)
[2.045s] -- Found rosidl_generator_c: 3.1.5 (/opt/ros/humble/share/rosidl_generator_c/cmake)
[2.062s] -- Found rosidl_adapter: 3.1.5 (/opt/ros/humble/share/rosidl_adapter/cmake)
[2.088s] -- Found rosidl_generator_cpp: 3.1.5 (/opt/ros/humble/share/rosidl_generator_cpp/cmake)
[2.145s] -- Using all available rosidl_typesupport_c: rosidl_typesupport_fastrtps_c;rosidl_typesupport_introspection_c
[2.190s] -- Using all available rosidl_typesupport_cpp: rosidl_typesupport_fastrtps_cpp;rosidl_typesupport_introspection_cpp
[2.984s] -- Found rmw_implementation_cmake: 6.1.2 (/opt/ros/humble/share/rmw_implementation_cmake/cmake)
[2.990s] -- Found rmw_fastrtps_cpp: 6.2.7 (/opt/ros/humble/share/rmw_fastrtps_cpp/cmake)
[3.066s] -- Found TinyXML2 via Config file: TinyXML2_DIR-NOTFOUND
[3.186s] -- Found OpenSSL: /usr/lib/x86_64-linux-gnu/libcrypto.so (found version "3.0.2")  
[3.196s] -- Found TinyXML2 via Config file: TinyXML2_DIR-NOTFOUND
[3.229s] -- Found FastRTPS: /opt/ros/humble/include  
[3.235s] -- Found TinyXML2 via Config file: TinyXML2_DIR-NOTFOUND
[3.253s] -- Found TinyXML2 via Config file: TinyXML2_DIR-NOTFOUND
[3.279s] -- Using RMW implementation 'rmw_fastrtps_cpp' as default
[3.299s] -- Looking for pthread.h
[3.514s] -- Looking for pthread.h - found
[3.514s] -- Performing Test CMAKE_HAVE_LIBC_PTHREAD
[3.716s] -- Performing Test CMAKE_HAVE_LIBC_PTHREAD - Success
[3.718s] -- Found Threads: TRUE  
[3.859s] -- Found ament_lint_auto: 0.12.11 (/opt/ros/humble/share/ament_lint_auto/cmake)
[4.100s] -- Found gmock sources under '/opt/ros/humble/src/gmock_vendor': C++ tests using 'Google Mock' will be built
[4.121s] -- Found ament_cmake_gtest: 1.3.10 (/opt/ros/humble/share/ament_cmake_gtest/cmake)
[4.122s] -- Found gtest sources under '/opt/ros/humble/src/gtest_vendor': C++ tests using 'Google Test' will be built
[4.153s] -- Added test 'cppcheck' to perform static code analysis on C / C++ code
[4.153s] -- Configured cppcheck include dirs: /home/tony/ros2_control/1_rrbot_ws/roscon2022_workshop/controlko_hardware_interface/include
[4.154s] -- Configured cppcheck exclude dirs and/or files: 
[4.159s] -- Added test 'lint_cmake' to check CMake code style
[4.163s] -- Added test 'uncrustify' to check C / C++ code style
[4.163s] -- Configured uncrustify additional arguments: 
[4.165s] -- Added test 'xmllint' to check XML markup files
[4.171s] -- Configuring done
[4.300s] -- Generating done
[4.300s] -- Build files have been written to: /home/tony/ros2_control/build/controlko_hardware_interface
[4.335s] Invoked command in '/home/tony/ros2_control/build/controlko_hardware_interface' returned '0': CMAKE_PREFIX_PATH=${CMAKE_PREFIX_PATH}:/opt/ros/humble /usr/bin/cmake /home/tony/ros2_control/1_rrbot_ws/roscon2022_workshop/controlko_hardware_interface -DCMAKE_INSTALL_PREFIX=/home/tony/ros2_control/install/controlko_hardware_interface
[4.335s] Invoking command in '/home/tony/ros2_control/build/controlko_hardware_interface': CMAKE_PREFIX_PATH=${CMAKE_PREFIX_PATH}:/opt/ros/humble /usr/bin/cmake --build /home/tony/ros2_control/build/controlko_hardware_interface -- -j4 -l4
[4.476s] [ 11%] [32mBuilding CXX object CMakeFiles/controlko_hardware_interface.dir/src/rrbot_hardware_interface.cpp.o[0m
[4.491s] [ 22%] [32mBuilding CXX object gmock/CMakeFiles/gmock_main.dir/src/gmock_main.cc.o[0m
[4.533s] [ 33%] [32mBuilding CXX object gmock/CMakeFiles/gmock.dir/opt/ros/humble/src/gtest_vendor/src/gtest-all.cc.o[0m
[4.548s] [ 44%] [32mBuilding CXX object gmock/CMakeFiles/gmock.dir/src/gmock-all.cc.o[0m
[5.501s] gmake[2]: *** [gmock/CMakeFiles/gmock.dir/build.make:90: gmock/CMakeFiles/gmock.dir/src/gmock-all.cc.o] Interrupt
[5.502s] gmake[2]: *** [gmock/CMakeFiles/gmock_main.dir/build.make:76: gmock/CMakeFiles/gmock_main.dir/src/gmock_main.cc.o] Interrupt
[5.502s] gmake[2]: *** [CMakeFiles/controlko_hardware_interface.dir/build.make:76: CMakeFiles/controlko_hardware_interface.dir/src/rrbot_hardware_interface.cpp.o] Interrupt
[5.504s] gmake[1]: *** [CMakeFiles/Makefile2:176: CMakeFiles/controlko_hardware_interface.dir/all] Interrupt
[5.504s] gmake[2]: *** wait: No child processes.  Stop.
[5.504s] gmake[1]: *** [CMakeFiles/Makefile2:255: gmock/CMakeFiles/gmock_main.dir/all] Interrupt
[5.505s] gmake[2]: *** Waiting for unfinished jobs....
[5.506s] gmake[2]: *** wait: No child processes.  Stop.
[5.506s] gmake[1]: *** [CMakeFiles/Makefile2:229: gmock/CMakeFiles/gmock.dir/all] Error 2
[5.506s] gmake: *** [Makefile:146: all] Interrupt
[5.513s] Invoked command in '/home/tony/ros2_control/build/controlko_hardware_interface' returned '-2': CMAKE_PREFIX_PATH=${CMAKE_PREFIX_PATH}:/opt/ros/humble /usr/bin/cmake --build /home/tony/ros2_control/build/controlko_hardware_interface -- -j4 -l4
