[0.059s] Invoking command in '/home/tony/ros2_control/build/ros2_control_demo_description': CMAKE_PREFIX_PATH=${CMAKE_PREFIX_PATH}:/opt/ros/humble /usr/bin/cmake --build /home/tony/ros2_control/build/ros2_control_demo_description -- -j4 -l4
[0.490s] Invoked command in '/home/tony/ros2_control/build/ros2_control_demo_description' returned '0': CMAKE_PREFIX_PATH=${CMAKE_PREFIX_PATH}:/opt/ros/humble /usr/bin/cmake --build /home/tony/ros2_control/build/ros2_control_demo_description -- -j4 -l4
[0.560s] Invoking command in '/home/tony/ros2_control/build/ros2_control_demo_description': CMAKE_PREFIX_PATH=${CMAKE_PREFIX_PATH}:/opt/ros/humble /usr/bin/cmake --install /home/tony/ros2_control/build/ros2_control_demo_description
[0.582s] -- Install configuration: ""
[0.583s] -- Up-to-date: /home/tony/ros2_control/install/ros2_control_demo_description/share/ros2_control_demo_description/rrbot/urdf
[0.585s] -- Up-to-date: /home/tony/ros2_control/install/ros2_control_demo_description/share/ros2_control_demo_description/rrbot/urdf/rrbot_description.urdf.xacro
[0.586s] -- Up-to-date: /home/tony/ros2_control/install/ros2_control_demo_description/share/ros2_control_demo_description/rrbot/urdf/rrbot.materials.xacro
[0.587s] -- Up-to-date: /home/tony/ros2_control/install/ros2_control_demo_description/share/ros2_control_demo_description/rrbot/rviz
[0.588s] -- Up-to-date: /home/tony/ros2_control/install/ros2_control_demo_description/share/ros2_control_demo_description/rrbot/rviz/rrbot.rviz
[0.589s] -- Up-to-date: /home/tony/ros2_control/install/ros2_control_demo_description/share/ros2_control_demo_description/diffbot/urdf
[0.590s] -- Up-to-date: /home/tony/ros2_control/install/ros2_control_demo_description/share/ros2_control_demo_description/diffbot/urdf/diffbot_description.urdf.xacro
[0.591s] -- Up-to-date: /home/tony/ros2_control/install/ros2_control_demo_description/share/ros2_control_demo_description/diffbot/urdf/diffbot.materials.xacro
[0.592s] -- Up-to-date: /home/tony/ros2_control/install/ros2_control_demo_description/share/ros2_control_demo_description/diffbot/rviz
[0.594s] -- Up-to-date: /home/tony/ros2_control/install/ros2_control_demo_description/share/ros2_control_demo_description/diffbot/rviz/diffbot.rviz
[0.595s] -- Up-to-date: /home/tony/ros2_control/install/ros2_control_demo_description/share/ros2_control_demo_description/diffbot/rviz/diffbot_view.rviz
[0.597s] -- Up-to-date: /home/tony/ros2_control/install/ros2_control_demo_description/share/ros2_control_demo_description/carlikebot/urdf
[0.599s] -- Up-to-date: /home/tony/ros2_control/install/ros2_control_demo_description/share/ros2_control_demo_description/carlikebot/urdf/carlikebot.materials.xacro
[0.600s] -- Up-to-date: /home/tony/ros2_control/install/ros2_control_demo_description/share/ros2_control_demo_description/carlikebot/urdf/carlikebot_description.urdf.xacro
[0.601s] -- Up-to-date: /home/tony/ros2_control/install/ros2_control_demo_description/share/ros2_control_demo_description/carlikebot/rviz
[0.602s] -- Up-to-date: /home/tony/ros2_control/install/ros2_control_demo_description/share/ros2_control_demo_description/carlikebot/rviz/carlikebot_view.rviz
[0.603s] -- Up-to-date: /home/tony/ros2_control/install/ros2_control_demo_description/share/ros2_control_demo_description/carlikebot/rviz/carlikebot.rviz
[0.604s] -- Up-to-date: /home/tony/ros2_control/install/ros2_control_demo_description/share/ros2_control_demo_description/r6bot/meshes
[0.616s] -- Up-to-date: /home/tony/ros2_control/install/ros2_control_demo_description/share/ros2_control_demo_description/r6bot/meshes/visual
[0.620s] -- Up-to-date: /home/tony/ros2_control/install/ros2_control_demo_description/share/ros2_control_demo_description/r6bot/meshes/visual/link_3.dae
[0.621s] -- Up-to-date: /home/tony/ros2_control/install/ros2_control_demo_description/share/ros2_control_demo_description/r6bot/meshes/visual/link_4.dae
[0.622s] -- Up-to-date: /home/tony/ros2_control/install/ros2_control_demo_description/share/ros2_control_demo_description/r6bot/meshes/visual/link_2.dae
[0.623s] -- Up-to-date: /home/tony/ros2_control/install/ros2_control_demo_description/share/ros2_control_demo_description/r6bot/meshes/visual/link_5.dae
[0.625s] -- Up-to-date: /home/tony/ros2_control/install/ros2_control_demo_description/share/ros2_control_demo_description/r6bot/meshes/visual/link_1.dae
[0.627s] -- Up-to-date: /home/tony/ros2_control/install/ros2_control_demo_description/share/ros2_control_demo_description/r6bot/meshes/visual/link_6.dae
[0.627s] -- Up-to-date: /home/tony/ros2_control/install/ros2_control_demo_description/share/ros2_control_demo_description/r6bot/meshes/visual/link_0.dae
[0.627s] -- Up-to-date: /home/tony/ros2_control/install/ros2_control_demo_description/share/ros2_control_demo_description/r6bot/meshes/collision
[0.628s] -- Up-to-date: /home/tony/ros2_control/install/ros2_control_demo_description/share/ros2_control_demo_description/r6bot/meshes/collision/link_6.stl
[0.628s] -- Up-to-date: /home/tony/ros2_control/install/ros2_control_demo_description/share/ros2_control_demo_description/r6bot/meshes/collision/link_5.stl
[0.628s] -- Up-to-date: /home/tony/ros2_control/install/ros2_control_demo_description/share/ros2_control_demo_description/r6bot/meshes/collision/link_4.stl
[0.630s] -- Up-to-date: /home/tony/ros2_control/install/ros2_control_demo_description/share/ros2_control_demo_description/r6bot/meshes/collision/link_1.stl
[0.635s] -- Up-to-date: /home/tony/ros2_control/install/ros2_control_demo_description/share/ros2_control_demo_description/r6bot/meshes/collision/link_3.stl
[0.635s] -- Up-to-date: /home/tony/ros2_control/install/ros2_control_demo_description/share/ros2_control_demo_description/r6bot/meshes/collision/link_2.stl
[0.636s] -- Up-to-date: /home/tony/ros2_control/install/ros2_control_demo_description/share/ros2_control_demo_description/r6bot/meshes/collision/link_0.stl
[0.636s] -- Up-to-date: /home/tony/ros2_control/install/ros2_control_demo_description/share/ros2_control_demo_description/r6bot/srdf
[0.636s] -- Up-to-date: /home/tony/ros2_control/install/ros2_control_demo_description/share/ros2_control_demo_description/r6bot/srdf/r6bot.srdf
[0.640s] -- Up-to-date: /home/tony/ros2_control/install/ros2_control_demo_description/share/ros2_control_demo_description/r6bot/urdf
[0.640s] -- Up-to-date: /home/tony/ros2_control/install/ros2_control_demo_description/share/ros2_control_demo_description/r6bot/urdf/inc
[0.641s] -- Up-to-date: /home/tony/ros2_control/install/ros2_control_demo_description/share/ros2_control_demo_description/r6bot/urdf/inc/create_link.xacro
[0.641s] -- Up-to-date: /home/tony/ros2_control/install/ros2_control_demo_description/share/ros2_control_demo_description/r6bot/urdf/r6bot_description.urdf.xacro
[0.641s] -- Up-to-date: /home/tony/ros2_control/install/ros2_control_demo_description/share/ros2_control_demo_description/r6bot/rviz
[0.641s] -- Up-to-date: /home/tony/ros2_control/install/ros2_control_demo_description/share/ros2_control_demo_description/r6bot/rviz/view_robot.rviz
[0.641s] -- Up-to-date: /home/tony/ros2_control/install/ros2_control_demo_description/share/ament_index/resource_index/package_run_dependencies/ros2_control_demo_description
[0.641s] -- Up-to-date: /home/tony/ros2_control/install/ros2_control_demo_description/share/ament_index/resource_index/parent_prefix_path/ros2_control_demo_description
[0.641s] -- Up-to-date: /home/tony/ros2_control/install/ros2_control_demo_description/share/ros2_control_demo_description/environment/ament_prefix_path.sh
[0.642s] -- Up-to-date: /home/tony/ros2_control/install/ros2_control_demo_description/share/ros2_control_demo_description/environment/ament_prefix_path.dsv
[0.642s] -- Up-to-date: /home/tony/ros2_control/install/ros2_control_demo_description/share/ros2_control_demo_description/environment/path.sh
[0.642s] -- Up-to-date: /home/tony/ros2_control/install/ros2_control_demo_description/share/ros2_control_demo_description/environment/path.dsv
[0.642s] -- Up-to-date: /home/tony/ros2_control/install/ros2_control_demo_description/share/ros2_control_demo_description/local_setup.bash
[0.642s] -- Up-to-date: /home/tony/ros2_control/install/ros2_control_demo_description/share/ros2_control_demo_description/local_setup.sh
[0.642s] -- Up-to-date: /home/tony/ros2_control/install/ros2_control_demo_description/share/ros2_control_demo_description/local_setup.zsh
[0.643s] -- Up-to-date: /home/tony/ros2_control/install/ros2_control_demo_description/share/ros2_control_demo_description/local_setup.dsv
[0.643s] -- Up-to-date: /home/tony/ros2_control/install/ros2_control_demo_description/share/ros2_control_demo_description/package.dsv
[0.643s] -- Up-to-date: /home/tony/ros2_control/install/ros2_control_demo_description/share/ament_index/resource_index/packages/ros2_control_demo_description
[0.643s] -- Up-to-date: /home/tony/ros2_control/install/ros2_control_demo_description/share/ros2_control_demo_description/cmake/ros2_control_demo_descriptionConfig.cmake
[0.643s] -- Up-to-date: /home/tony/ros2_control/install/ros2_control_demo_description/share/ros2_control_demo_description/cmake/ros2_control_demo_descriptionConfig-version.cmake
[0.643s] -- Up-to-date: /home/tony/ros2_control/install/ros2_control_demo_description/share/ros2_control_demo_description/package.xml
[0.643s] Invoked command in '/home/tony/ros2_control/build/ros2_control_demo_description' returned '0': CMAKE_PREFIX_PATH=${CMAKE_PREFIX_PATH}:/opt/ros/humble /usr/bin/cmake --install /home/tony/ros2_control/build/ros2_control_demo_description
