[0.111s] DEBUG:colcon:Command line arguments: ['/usr/bin/colcon', 'build']
[0.111s] DEBUG:colcon:Parsed command line arguments: Namespace(log_base=None, log_level=None, verb_name='build', build_base='build', install_base='install', merge_install=False, symlink_install=False, test_result_base=None, continue_on_error=False, executor='parallel', parallel_workers=4, event_handlers=None, ignore_user_meta=False, metas=['./colcon.meta'], base_paths=['.'], packages_ignore=None, packages_ignore_regex=None, paths=None, packages_up_to=None, packages_up_to_regex=None, packages_above=None, packages_above_and_dependencies=None, packages_above_depth=None, packages_select_by_dep=None, packages_skip_by_dep=None, packages_skip_up_to=None, packages_select_build_failed=False, packages_skip_build_finished=False, packages_select_test_failures=False, packages_skip_test_passed=False, packages_select=None, packages_skip=None, packages_select_regex=None, packages_skip_regex=None, packages_start=None, packages_end=None, allow_overriding=[], cmake_args=None, cmake_target=None, cmake_target_skip_unavailable=False, cmake_clean_cache=False, cmake_clean_first=False, cmake_force_configure=False, ament_cmake_args=None, catkin_cmake_args=None, catkin_skip_building_tests=False, verb_parser=<colcon_defaults.argument_parser.defaults.DefaultArgumentsDecorator object at 0x7febac03c610>, verb_extension=<colcon_core.verb.build.BuildVerb object at 0x7febac149210>, main=<bound method BuildVerb.main of <colcon_core.verb.build.BuildVerb object at 0x7febac149210>>)
[0.266s] Level 1:colcon.colcon_core.package_discovery:discover_packages(colcon_meta) check parameters
[0.267s] Level 1:colcon.colcon_core.package_discovery:discover_packages(recursive) check parameters
[0.267s] Level 1:colcon.colcon_core.package_discovery:discover_packages(ignore) check parameters
[0.267s] Level 1:colcon.colcon_core.package_discovery:discover_packages(path) check parameters
[0.267s] Level 1:colcon.colcon_core.package_discovery:discover_packages(colcon_meta) discover
[0.267s] Level 1:colcon.colcon_core.package_discovery:discover_packages(recursive) discover
[0.267s] INFO:colcon.colcon_core.package_discovery:Crawling recursively for packages in '/home/tony/ros2_control/1_rrbot_ws'
[0.267s] Level 1:colcon.colcon_core.package_identification:_identify(.) by extensions ['ignore', 'ignore_ament_install']
[0.267s] Level 1:colcon.colcon_core.package_identification:_identify(.) by extension 'ignore'
[0.267s] Level 1:colcon.colcon_core.package_identification:_identify(.) by extension 'ignore_ament_install'
[0.267s] Level 1:colcon.colcon_core.package_identification:_identify(.) by extensions ['colcon_pkg']
[0.267s] Level 1:colcon.colcon_core.package_identification:_identify(.) by extension 'colcon_pkg'
[0.267s] Level 1:colcon.colcon_core.package_identification:_identify(.) by extensions ['colcon_meta']
[0.267s] Level 1:colcon.colcon_core.package_identification:_identify(.) by extension 'colcon_meta'
[0.267s] Level 1:colcon.colcon_core.package_identification:_identify(.) by extensions ['ros']
[0.267s] Level 1:colcon.colcon_core.package_identification:_identify(.) by extension 'ros'
[0.279s] Level 1:colcon.colcon_core.package_identification:_identify(.) by extensions ['cmake', 'python']
[0.279s] Level 1:colcon.colcon_core.package_identification:_identify(.) by extension 'cmake'
[0.279s] Level 1:colcon.colcon_core.package_identification:_identify(.) by extension 'python'
[0.279s] Level 1:colcon.colcon_core.package_identification:_identify(.) by extensions ['python_setup_py']
[0.279s] Level 1:colcon.colcon_core.package_identification:_identify(.) by extension 'python_setup_py'
[0.280s] Level 1:colcon.colcon_core.package_identification:_identify(build) by extensions ['ignore', 'ignore_ament_install']
[0.280s] Level 1:colcon.colcon_core.package_identification:_identify(build) by extension 'ignore'
[0.280s] Level 1:colcon.colcon_core.package_identification:_identify(build) ignored
[0.280s] Level 1:colcon.colcon_core.package_identification:_identify(install) by extensions ['ignore', 'ignore_ament_install']
[0.280s] Level 1:colcon.colcon_core.package_identification:_identify(install) by extension 'ignore'
[0.280s] Level 1:colcon.colcon_core.package_identification:_identify(install) ignored
[0.280s] Level 1:colcon.colcon_core.package_identification:_identify(log) by extensions ['ignore', 'ignore_ament_install']
[0.280s] Level 1:colcon.colcon_core.package_identification:_identify(log) by extension 'ignore'
[0.280s] Level 1:colcon.colcon_core.package_identification:_identify(log) ignored
[0.280s] Level 1:colcon.colcon_core.package_identification:_identify(roscon2022_workshop) by extensions ['ignore', 'ignore_ament_install']
[0.280s] Level 1:colcon.colcon_core.package_identification:_identify(roscon2022_workshop) by extension 'ignore'
[0.280s] Level 1:colcon.colcon_core.package_identification:_identify(roscon2022_workshop) by extension 'ignore_ament_install'
[0.280s] Level 1:colcon.colcon_core.package_identification:_identify(roscon2022_workshop) by extensions ['colcon_pkg']
[0.280s] Level 1:colcon.colcon_core.package_identification:_identify(roscon2022_workshop) by extension 'colcon_pkg'
[0.280s] Level 1:colcon.colcon_core.package_identification:_identify(roscon2022_workshop) by extensions ['colcon_meta']
[0.281s] Level 1:colcon.colcon_core.package_identification:_identify(roscon2022_workshop) by extension 'colcon_meta'
[0.281s] Level 1:colcon.colcon_core.package_identification:_identify(roscon2022_workshop) by extensions ['ros']
[0.281s] Level 1:colcon.colcon_core.package_identification:_identify(roscon2022_workshop) by extension 'ros'
[0.281s] Level 1:colcon.colcon_core.package_identification:_identify(roscon2022_workshop) by extensions ['cmake', 'python']
[0.281s] Level 1:colcon.colcon_core.package_identification:_identify(roscon2022_workshop) by extension 'cmake'
[0.281s] Level 1:colcon.colcon_core.package_identification:_identify(roscon2022_workshop) by extension 'python'
[0.281s] Level 1:colcon.colcon_core.package_identification:_identify(roscon2022_workshop) by extensions ['python_setup_py']
[0.281s] Level 1:colcon.colcon_core.package_identification:_identify(roscon2022_workshop) by extension 'python_setup_py'
[0.281s] Level 1:colcon.colcon_core.package_identification:_identify(roscon2022_workshop/controlko_bringup) by extensions ['ignore', 'ignore_ament_install']
[0.281s] Level 1:colcon.colcon_core.package_identification:_identify(roscon2022_workshop/controlko_bringup) by extension 'ignore'
[0.281s] Level 1:colcon.colcon_core.package_identification:_identify(roscon2022_workshop/controlko_bringup) by extension 'ignore_ament_install'
[0.281s] Level 1:colcon.colcon_core.package_identification:_identify(roscon2022_workshop/controlko_bringup) by extensions ['colcon_pkg']
[0.281s] Level 1:colcon.colcon_core.package_identification:_identify(roscon2022_workshop/controlko_bringup) by extension 'colcon_pkg'
[0.281s] Level 1:colcon.colcon_core.package_identification:_identify(roscon2022_workshop/controlko_bringup) by extensions ['colcon_meta']
[0.281s] Level 1:colcon.colcon_core.package_identification:_identify(roscon2022_workshop/controlko_bringup) by extension 'colcon_meta'
[0.281s] Level 1:colcon.colcon_core.package_identification:_identify(roscon2022_workshop/controlko_bringup) by extensions ['ros']
[0.281s] Level 1:colcon.colcon_core.package_identification:_identify(roscon2022_workshop/controlko_bringup) by extension 'ros'
[0.284s] DEBUG:colcon.colcon_core.package_identification:Package 'roscon2022_workshop/controlko_bringup' with type 'ros.ament_cmake' and name 'controlko_bringup'
[0.284s] Level 1:colcon.colcon_core.package_identification:_identify(roscon2022_workshop/controlko_description) by extensions ['ignore', 'ignore_ament_install']
[0.284s] Level 1:colcon.colcon_core.package_identification:_identify(roscon2022_workshop/controlko_description) by extension 'ignore'
[0.284s] Level 1:colcon.colcon_core.package_identification:_identify(roscon2022_workshop/controlko_description) by extension 'ignore_ament_install'
[0.284s] Level 1:colcon.colcon_core.package_identification:_identify(roscon2022_workshop/controlko_description) by extensions ['colcon_pkg']
[0.284s] Level 1:colcon.colcon_core.package_identification:_identify(roscon2022_workshop/controlko_description) by extension 'colcon_pkg'
[0.285s] Level 1:colcon.colcon_core.package_identification:_identify(roscon2022_workshop/controlko_description) by extensions ['colcon_meta']
[0.285s] Level 1:colcon.colcon_core.package_identification:_identify(roscon2022_workshop/controlko_description) by extension 'colcon_meta'
[0.285s] Level 1:colcon.colcon_core.package_identification:_identify(roscon2022_workshop/controlko_description) by extensions ['ros']
[0.285s] Level 1:colcon.colcon_core.package_identification:_identify(roscon2022_workshop/controlko_description) by extension 'ros'
[0.285s] DEBUG:colcon.colcon_core.package_identification:Package 'roscon2022_workshop/controlko_description' with type 'ros.ament_cmake' and name 'controlko_description'
[0.285s] Level 1:colcon.colcon_core.package_identification:_identify(roscon2022_workshop/controlko_hardware_interface) by extensions ['ignore', 'ignore_ament_install']
[0.285s] Level 1:colcon.colcon_core.package_identification:_identify(roscon2022_workshop/controlko_hardware_interface) by extension 'ignore'
[0.286s] Level 1:colcon.colcon_core.package_identification:_identify(roscon2022_workshop/controlko_hardware_interface) by extension 'ignore_ament_install'
[0.286s] Level 1:colcon.colcon_core.package_identification:_identify(roscon2022_workshop/controlko_hardware_interface) by extensions ['colcon_pkg']
[0.286s] Level 1:colcon.colcon_core.package_identification:_identify(roscon2022_workshop/controlko_hardware_interface) by extension 'colcon_pkg'
[0.286s] Level 1:colcon.colcon_core.package_identification:_identify(roscon2022_workshop/controlko_hardware_interface) by extensions ['colcon_meta']
[0.286s] Level 1:colcon.colcon_core.package_identification:_identify(roscon2022_workshop/controlko_hardware_interface) by extension 'colcon_meta'
[0.286s] Level 1:colcon.colcon_core.package_identification:_identify(roscon2022_workshop/controlko_hardware_interface) by extensions ['ros']
[0.286s] Level 1:colcon.colcon_core.package_identification:_identify(roscon2022_workshop/controlko_hardware_interface) by extension 'ros'
[0.287s] DEBUG:colcon.colcon_core.package_identification:Package 'roscon2022_workshop/controlko_hardware_interface' with type 'ros.ament_cmake' and name 'controlko_hardware_interface'
[0.287s] Level 1:colcon.colcon_core.package_identification:_identify(roscon2022_workshop/roscon2022_control_workshop) by extensions ['ignore', 'ignore_ament_install']
[0.287s] Level 1:colcon.colcon_core.package_identification:_identify(roscon2022_workshop/roscon2022_control_workshop) by extension 'ignore'
[0.287s] Level 1:colcon.colcon_core.package_identification:_identify(roscon2022_workshop/roscon2022_control_workshop) by extension 'ignore_ament_install'
[0.287s] Level 1:colcon.colcon_core.package_identification:_identify(roscon2022_workshop/roscon2022_control_workshop) by extensions ['colcon_pkg']
[0.287s] Level 1:colcon.colcon_core.package_identification:_identify(roscon2022_workshop/roscon2022_control_workshop) by extension 'colcon_pkg'
[0.287s] Level 1:colcon.colcon_core.package_identification:_identify(roscon2022_workshop/roscon2022_control_workshop) by extensions ['colcon_meta']
[0.287s] Level 1:colcon.colcon_core.package_identification:_identify(roscon2022_workshop/roscon2022_control_workshop) by extension 'colcon_meta'
[0.287s] Level 1:colcon.colcon_core.package_identification:_identify(roscon2022_workshop/roscon2022_control_workshop) by extensions ['ros']
[0.287s] Level 1:colcon.colcon_core.package_identification:_identify(roscon2022_workshop/roscon2022_control_workshop) by extension 'ros'
[0.288s] DEBUG:colcon.colcon_core.package_identification:Package 'roscon2022_workshop/roscon2022_control_workshop' with type 'ros.ament_cmake' and name 'roscon2022_control_workshop'
[0.288s] Level 1:colcon.colcon_core.package_discovery:discover_packages(recursive) using defaults
[0.288s] Level 1:colcon.colcon_core.package_discovery:discover_packages(ignore) discover
[0.288s] Level 1:colcon.colcon_core.package_discovery:discover_packages(ignore) using defaults
[0.288s] Level 1:colcon.colcon_core.package_discovery:discover_packages(path) discover
[0.288s] Level 1:colcon.colcon_core.package_discovery:discover_packages(path) using defaults
[0.309s] Level 1:colcon.colcon_core.package_discovery:discover_packages(prefix_path) check parameters
[0.309s] Level 1:colcon.colcon_core.package_discovery:discover_packages(prefix_path) discover
[0.311s] DEBUG:colcon.colcon_installed_package_information.package_discovery:Found 306 installed packages in /opt/ros/humble
[0.312s] Level 1:colcon.colcon_core.package_discovery:discover_packages(prefix_path) using defaults
[0.366s] Level 5:colcon.colcon_core.verb:set package 'controlko_description' build argument 'cmake_args' from command line to 'None'
[0.366s] Level 5:colcon.colcon_core.verb:set package 'controlko_description' build argument 'cmake_target' from command line to 'None'
[0.366s] Level 5:colcon.colcon_core.verb:set package 'controlko_description' build argument 'cmake_target_skip_unavailable' from command line to 'False'
[0.366s] Level 5:colcon.colcon_core.verb:set package 'controlko_description' build argument 'cmake_clean_cache' from command line to 'False'
[0.366s] Level 5:colcon.colcon_core.verb:set package 'controlko_description' build argument 'cmake_clean_first' from command line to 'False'
[0.366s] Level 5:colcon.colcon_core.verb:set package 'controlko_description' build argument 'cmake_force_configure' from command line to 'False'
[0.366s] Level 5:colcon.colcon_core.verb:set package 'controlko_description' build argument 'ament_cmake_args' from command line to 'None'
[0.366s] Level 5:colcon.colcon_core.verb:set package 'controlko_description' build argument 'catkin_cmake_args' from command line to 'None'
[0.366s] Level 5:colcon.colcon_core.verb:set package 'controlko_description' build argument 'catkin_skip_building_tests' from command line to 'False'
[0.366s] DEBUG:colcon.colcon_core.verb:Building package 'controlko_description' with the following arguments: {'ament_cmake_args': None, 'build_base': '/home/tony/ros2_control/1_rrbot_ws/build/controlko_description', 'catkin_cmake_args': None, 'catkin_skip_building_tests': False, 'cmake_args': None, 'cmake_clean_cache': False, 'cmake_clean_first': False, 'cmake_force_configure': False, 'cmake_target': None, 'cmake_target_skip_unavailable': False, 'install_base': '/home/tony/ros2_control/1_rrbot_ws/install/controlko_description', 'merge_install': False, 'path': '/home/tony/ros2_control/1_rrbot_ws/roscon2022_workshop/controlko_description', 'symlink_install': False, 'test_result_base': None}
[0.367s] Level 5:colcon.colcon_core.verb:set package 'controlko_hardware_interface' build argument 'cmake_args' from command line to 'None'
[0.367s] Level 5:colcon.colcon_core.verb:set package 'controlko_hardware_interface' build argument 'cmake_target' from command line to 'None'
[0.367s] Level 5:colcon.colcon_core.verb:set package 'controlko_hardware_interface' build argument 'cmake_target_skip_unavailable' from command line to 'False'
[0.367s] Level 5:colcon.colcon_core.verb:set package 'controlko_hardware_interface' build argument 'cmake_clean_cache' from command line to 'False'
[0.367s] Level 5:colcon.colcon_core.verb:set package 'controlko_hardware_interface' build argument 'cmake_clean_first' from command line to 'False'
[0.367s] Level 5:colcon.colcon_core.verb:set package 'controlko_hardware_interface' build argument 'cmake_force_configure' from command line to 'False'
[0.367s] Level 5:colcon.colcon_core.verb:set package 'controlko_hardware_interface' build argument 'ament_cmake_args' from command line to 'None'
[0.367s] Level 5:colcon.colcon_core.verb:set package 'controlko_hardware_interface' build argument 'catkin_cmake_args' from command line to 'None'
[0.367s] Level 5:colcon.colcon_core.verb:set package 'controlko_hardware_interface' build argument 'catkin_skip_building_tests' from command line to 'False'
[0.367s] DEBUG:colcon.colcon_core.verb:Building package 'controlko_hardware_interface' with the following arguments: {'ament_cmake_args': None, 'build_base': '/home/tony/ros2_control/1_rrbot_ws/build/controlko_hardware_interface', 'catkin_cmake_args': None, 'catkin_skip_building_tests': False, 'cmake_args': None, 'cmake_clean_cache': False, 'cmake_clean_first': False, 'cmake_force_configure': False, 'cmake_target': None, 'cmake_target_skip_unavailable': False, 'install_base': '/home/tony/ros2_control/1_rrbot_ws/install/controlko_hardware_interface', 'merge_install': False, 'path': '/home/tony/ros2_control/1_rrbot_ws/roscon2022_workshop/controlko_hardware_interface', 'symlink_install': False, 'test_result_base': None}
[0.367s] Level 5:colcon.colcon_core.verb:set package 'roscon2022_control_workshop' build argument 'cmake_args' from command line to 'None'
[0.367s] Level 5:colcon.colcon_core.verb:set package 'roscon2022_control_workshop' build argument 'cmake_target' from command line to 'None'
[0.368s] Level 5:colcon.colcon_core.verb:set package 'roscon2022_control_workshop' build argument 'cmake_target_skip_unavailable' from command line to 'False'
[0.368s] Level 5:colcon.colcon_core.verb:set package 'roscon2022_control_workshop' build argument 'cmake_clean_cache' from command line to 'False'
[0.368s] Level 5:colcon.colcon_core.verb:set package 'roscon2022_control_workshop' build argument 'cmake_clean_first' from command line to 'False'
[0.368s] Level 5:colcon.colcon_core.verb:set package 'roscon2022_control_workshop' build argument 'cmake_force_configure' from command line to 'False'
[0.368s] Level 5:colcon.colcon_core.verb:set package 'roscon2022_control_workshop' build argument 'ament_cmake_args' from command line to 'None'
[0.368s] Level 5:colcon.colcon_core.verb:set package 'roscon2022_control_workshop' build argument 'catkin_cmake_args' from command line to 'None'
[0.368s] Level 5:colcon.colcon_core.verb:set package 'roscon2022_control_workshop' build argument 'catkin_skip_building_tests' from command line to 'False'
[0.368s] DEBUG:colcon.colcon_core.verb:Building package 'roscon2022_control_workshop' with the following arguments: {'ament_cmake_args': None, 'build_base': '/home/tony/ros2_control/1_rrbot_ws/build/roscon2022_control_workshop', 'catkin_cmake_args': None, 'catkin_skip_building_tests': False, 'cmake_args': None, 'cmake_clean_cache': False, 'cmake_clean_first': False, 'cmake_force_configure': False, 'cmake_target': None, 'cmake_target_skip_unavailable': False, 'install_base': '/home/tony/ros2_control/1_rrbot_ws/install/roscon2022_control_workshop', 'merge_install': False, 'path': '/home/tony/ros2_control/1_rrbot_ws/roscon2022_workshop/roscon2022_control_workshop', 'symlink_install': False, 'test_result_base': None}
[0.368s] Level 5:colcon.colcon_core.verb:set package 'controlko_bringup' build argument 'cmake_args' from command line to 'None'
[0.368s] Level 5:colcon.colcon_core.verb:set package 'controlko_bringup' build argument 'cmake_target' from command line to 'None'
[0.368s] Level 5:colcon.colcon_core.verb:set package 'controlko_bringup' build argument 'cmake_target_skip_unavailable' from command line to 'False'
[0.368s] Level 5:colcon.colcon_core.verb:set package 'controlko_bringup' build argument 'cmake_clean_cache' from command line to 'False'
[0.368s] Level 5:colcon.colcon_core.verb:set package 'controlko_bringup' build argument 'cmake_clean_first' from command line to 'False'
[0.368s] Level 5:colcon.colcon_core.verb:set package 'controlko_bringup' build argument 'cmake_force_configure' from command line to 'False'
[0.368s] Level 5:colcon.colcon_core.verb:set package 'controlko_bringup' build argument 'ament_cmake_args' from command line to 'None'
[0.368s] Level 5:colcon.colcon_core.verb:set package 'controlko_bringup' build argument 'catkin_cmake_args' from command line to 'None'
[0.368s] Level 5:colcon.colcon_core.verb:set package 'controlko_bringup' build argument 'catkin_skip_building_tests' from command line to 'False'
[0.368s] DEBUG:colcon.colcon_core.verb:Building package 'controlko_bringup' with the following arguments: {'ament_cmake_args': None, 'build_base': '/home/tony/ros2_control/1_rrbot_ws/build/controlko_bringup', 'catkin_cmake_args': None, 'catkin_skip_building_tests': False, 'cmake_args': None, 'cmake_clean_cache': False, 'cmake_clean_first': False, 'cmake_force_configure': False, 'cmake_target': None, 'cmake_target_skip_unavailable': False, 'install_base': '/home/tony/ros2_control/1_rrbot_ws/install/controlko_bringup', 'merge_install': False, 'path': '/home/tony/ros2_control/1_rrbot_ws/roscon2022_workshop/controlko_bringup', 'symlink_install': False, 'test_result_base': None}
[0.368s] INFO:colcon.colcon_core.executor:Executing jobs using 'parallel' executor
[0.369s] DEBUG:colcon.colcon_parallel_executor.executor.parallel:run_until_complete
[0.369s] INFO:colcon.colcon_ros.task.ament_cmake.build:Building ROS package in '/home/tony/ros2_control/1_rrbot_ws/roscon2022_workshop/controlko_description' with build type 'ament_cmake'
[0.370s] INFO:colcon.colcon_cmake.task.cmake.build:Building CMake package in '/home/tony/ros2_control/1_rrbot_ws/roscon2022_workshop/controlko_description'
[0.372s] INFO:colcon.colcon_core.plugin_system:Skipping extension 'colcon_core.shell.bat': Not used on non-Windows systems
[0.372s] INFO:colcon.colcon_core.shell:Skip shell extension 'powershell' for command environment: Not usable outside of PowerShell
[0.372s] DEBUG:colcon.colcon_core.shell:Skip shell extension 'dsv' for command environment
[0.375s] INFO:colcon.colcon_ros.task.ament_cmake.build:Building ROS package in '/home/tony/ros2_control/1_rrbot_ws/roscon2022_workshop/controlko_hardware_interface' with build type 'ament_cmake'
[0.375s] INFO:colcon.colcon_cmake.task.cmake.build:Building CMake package in '/home/tony/ros2_control/1_rrbot_ws/roscon2022_workshop/controlko_hardware_interface'
[0.375s] INFO:colcon.colcon_core.shell:Skip shell extension 'powershell' for command environment: Not usable outside of PowerShell
[0.375s] DEBUG:colcon.colcon_core.shell:Skip shell extension 'dsv' for command environment
[0.379s] INFO:colcon.colcon_ros.task.ament_cmake.build:Building ROS package in '/home/tony/ros2_control/1_rrbot_ws/roscon2022_workshop/roscon2022_control_workshop' with build type 'ament_cmake'
[0.379s] INFO:colcon.colcon_cmake.task.cmake.build:Building CMake package in '/home/tony/ros2_control/1_rrbot_ws/roscon2022_workshop/roscon2022_control_workshop'
[0.379s] INFO:colcon.colcon_core.shell:Skip shell extension 'powershell' for command environment: Not usable outside of PowerShell
[0.379s] DEBUG:colcon.colcon_core.shell:Skip shell extension 'dsv' for command environment
[0.386s] DEBUG:colcon.colcon_core.event_handler.log_command:Invoking command in '/home/tony/ros2_control/1_rrbot_ws/build/controlko_description': CMAKE_PREFIX_PATH=/opt/ros/humble /usr/bin/cmake /home/tony/ros2_control/1_rrbot_ws/roscon2022_workshop/controlko_description -DCMAKE_INSTALL_PREFIX=/home/tony/ros2_control/1_rrbot_ws/install/controlko_description
[0.390s] DEBUG:colcon.colcon_core.event_handler.log_command:Invoking command in '/home/tony/ros2_control/1_rrbot_ws/build/controlko_hardware_interface': CMAKE_PREFIX_PATH=/opt/ros/humble /usr/bin/cmake /home/tony/ros2_control/1_rrbot_ws/roscon2022_workshop/controlko_hardware_interface -DCMAKE_INSTALL_PREFIX=/home/tony/ros2_control/1_rrbot_ws/install/controlko_hardware_interface
[0.401s] DEBUG:colcon.colcon_core.event_handler.log_command:Invoking command in '/home/tony/ros2_control/1_rrbot_ws/build/roscon2022_control_workshop': CMAKE_PREFIX_PATH=/opt/ros/humble /usr/bin/cmake /home/tony/ros2_control/1_rrbot_ws/roscon2022_workshop/roscon2022_control_workshop -DCMAKE_INSTALL_PREFIX=/home/tony/ros2_control/1_rrbot_ws/install/roscon2022_control_workshop
[1.283s] DEBUG:colcon.colcon_core.event_handler.log_command:Invoked command in '/home/tony/ros2_control/1_rrbot_ws/build/controlko_description' returned '0': CMAKE_PREFIX_PATH=/opt/ros/humble /usr/bin/cmake /home/tony/ros2_control/1_rrbot_ws/roscon2022_workshop/controlko_description -DCMAKE_INSTALL_PREFIX=/home/tony/ros2_control/1_rrbot_ws/install/controlko_description
[1.286s] DEBUG:colcon.colcon_core.event_handler.log_command:Invoking command in '/home/tony/ros2_control/1_rrbot_ws/build/controlko_description': CMAKE_PREFIX_PATH=/opt/ros/humble /usr/bin/cmake --build /home/tony/ros2_control/1_rrbot_ws/build/controlko_description -- -j4 -l4
[1.297s] DEBUG:colcon.colcon_core.event_handler.log_command:Invoked command in '/home/tony/ros2_control/1_rrbot_ws/build/roscon2022_control_workshop' returned '0': CMAKE_PREFIX_PATH=/opt/ros/humble /usr/bin/cmake /home/tony/ros2_control/1_rrbot_ws/roscon2022_workshop/roscon2022_control_workshop -DCMAKE_INSTALL_PREFIX=/home/tony/ros2_control/1_rrbot_ws/install/roscon2022_control_workshop
[1.298s] DEBUG:colcon.colcon_core.event_handler.log_command:Invoking command in '/home/tony/ros2_control/1_rrbot_ws/build/roscon2022_control_workshop': CMAKE_PREFIX_PATH=/opt/ros/humble /usr/bin/cmake --build /home/tony/ros2_control/1_rrbot_ws/build/roscon2022_control_workshop -- -j4 -l4
[1.338s] DEBUG:colcon.colcon_core.event_handler.log_command:Invoked command in '/home/tony/ros2_control/1_rrbot_ws/build/controlko_description' returned '0': CMAKE_PREFIX_PATH=/opt/ros/humble /usr/bin/cmake --build /home/tony/ros2_control/1_rrbot_ws/build/controlko_description -- -j4 -l4
[1.349s] DEBUG:colcon.colcon_core.event_handler.log_command:Invoked command in '/home/tony/ros2_control/1_rrbot_ws/build/roscon2022_control_workshop' returned '0': CMAKE_PREFIX_PATH=/opt/ros/humble /usr/bin/cmake --build /home/tony/ros2_control/1_rrbot_ws/build/roscon2022_control_workshop -- -j4 -l4
[1.372s] DEBUG:colcon.colcon_core.event_handler.log_command:Invoking command in '/home/tony/ros2_control/1_rrbot_ws/build/controlko_description': CMAKE_PREFIX_PATH=/opt/ros/humble /usr/bin/cmake --install /home/tony/ros2_control/1_rrbot_ws/build/controlko_description
[1.375s] DEBUG:colcon.colcon_core.event_handler.log_command:Invoking command in '/home/tony/ros2_control/1_rrbot_ws/build/roscon2022_control_workshop': CMAKE_PREFIX_PATH=/opt/ros/humble /usr/bin/cmake --install /home/tony/ros2_control/1_rrbot_ws/build/roscon2022_control_workshop
[1.394s] Level 1:colcon.colcon_core.environment:create_environment_scripts_only(controlko_description)
[1.398s] Level 1:colcon.colcon_core.environment:checking '/home/tony/ros2_control/1_rrbot_ws/install/controlko_description' for CMake module files
[1.399s] Level 1:colcon.colcon_core.environment:checking '/home/tony/ros2_control/1_rrbot_ws/install/controlko_description' for CMake config files
[1.399s] Level 1:colcon.colcon_core.shell:create_environment_hook('controlko_description', 'cmake_prefix_path')
[1.400s] INFO:colcon.colcon_core.shell:Creating environment hook '/home/tony/ros2_control/1_rrbot_ws/install/controlko_description/share/controlko_description/hook/cmake_prefix_path.ps1'
[1.400s] DEBUG:colcon.colcon_core.event_handler.log_command:Invoked command in '/home/tony/ros2_control/1_rrbot_ws/build/controlko_description' returned '0': CMAKE_PREFIX_PATH=/opt/ros/humble /usr/bin/cmake --install /home/tony/ros2_control/1_rrbot_ws/build/controlko_description
[1.402s] INFO:colcon.colcon_core.shell:Creating environment descriptor '/home/tony/ros2_control/1_rrbot_ws/install/controlko_description/share/controlko_description/hook/cmake_prefix_path.dsv'
[1.403s] INFO:colcon.colcon_core.shell:Creating environment hook '/home/tony/ros2_control/1_rrbot_ws/install/controlko_description/share/controlko_description/hook/cmake_prefix_path.sh'
[1.405s] Level 1:colcon.colcon_core.environment:checking '/home/tony/ros2_control/1_rrbot_ws/install/controlko_description/bin'
[1.405s] Level 1:colcon.colcon_core.environment:checking '/home/tony/ros2_control/1_rrbot_ws/install/controlko_description/lib/pkgconfig/controlko_description.pc'
[1.406s] Level 1:colcon.colcon_core.environment:checking '/home/tony/ros2_control/1_rrbot_ws/install/controlko_description/lib/python3.10/site-packages'
[1.406s] Level 1:colcon.colcon_core.environment:checking '/home/tony/ros2_control/1_rrbot_ws/install/controlko_description/bin'
[1.407s] INFO:colcon.colcon_core.shell:Creating package script '/home/tony/ros2_control/1_rrbot_ws/install/controlko_description/share/controlko_description/package.ps1'
[1.408s] INFO:colcon.colcon_core.shell:Creating package descriptor '/home/tony/ros2_control/1_rrbot_ws/install/controlko_description/share/controlko_description/package.dsv'
[1.409s] INFO:colcon.colcon_core.shell:Creating package script '/home/tony/ros2_control/1_rrbot_ws/install/controlko_description/share/controlko_description/package.sh'
[1.410s] INFO:colcon.colcon_core.shell:Creating package script '/home/tony/ros2_control/1_rrbot_ws/install/controlko_description/share/controlko_description/package.bash'
[1.411s] INFO:colcon.colcon_core.shell:Creating package script '/home/tony/ros2_control/1_rrbot_ws/install/controlko_description/share/controlko_description/package.zsh'
[1.412s] Level 1:colcon.colcon_core.environment:create_file_with_runtime_dependencies(/home/tony/ros2_control/1_rrbot_ws/install/controlko_description/share/colcon-core/packages/controlko_description)
[1.414s] Level 1:colcon.colcon_core.environment:create_environment_scripts_only(roscon2022_control_workshop)
[1.414s] Level 1:colcon.colcon_core.environment:checking '/home/tony/ros2_control/1_rrbot_ws/install/roscon2022_control_workshop' for CMake module files
[1.415s] DEBUG:colcon.colcon_core.event_handler.log_command:Invoked command in '/home/tony/ros2_control/1_rrbot_ws/build/roscon2022_control_workshop' returned '0': CMAKE_PREFIX_PATH=/opt/ros/humble /usr/bin/cmake --install /home/tony/ros2_control/1_rrbot_ws/build/roscon2022_control_workshop
[1.416s] Level 1:colcon.colcon_core.environment:checking '/home/tony/ros2_control/1_rrbot_ws/install/roscon2022_control_workshop' for CMake config files
[1.416s] Level 1:colcon.colcon_core.shell:create_environment_hook('roscon2022_control_workshop', 'cmake_prefix_path')
[1.417s] INFO:colcon.colcon_core.shell:Creating environment hook '/home/tony/ros2_control/1_rrbot_ws/install/roscon2022_control_workshop/share/roscon2022_control_workshop/hook/cmake_prefix_path.ps1'
[1.418s] INFO:colcon.colcon_core.shell:Creating environment descriptor '/home/tony/ros2_control/1_rrbot_ws/install/roscon2022_control_workshop/share/roscon2022_control_workshop/hook/cmake_prefix_path.dsv'
[1.419s] INFO:colcon.colcon_core.shell:Creating environment hook '/home/tony/ros2_control/1_rrbot_ws/install/roscon2022_control_workshop/share/roscon2022_control_workshop/hook/cmake_prefix_path.sh'
[1.420s] Level 1:colcon.colcon_core.environment:checking '/home/tony/ros2_control/1_rrbot_ws/install/roscon2022_control_workshop/bin'
[1.420s] Level 1:colcon.colcon_core.environment:checking '/home/tony/ros2_control/1_rrbot_ws/install/roscon2022_control_workshop/lib/pkgconfig/roscon2022_control_workshop.pc'
[1.420s] Level 1:colcon.colcon_core.environment:checking '/home/tony/ros2_control/1_rrbot_ws/install/roscon2022_control_workshop/lib/python3.10/site-packages'
[1.421s] Level 1:colcon.colcon_core.environment:checking '/home/tony/ros2_control/1_rrbot_ws/install/roscon2022_control_workshop/bin'
[1.421s] INFO:colcon.colcon_core.shell:Creating package script '/home/tony/ros2_control/1_rrbot_ws/install/roscon2022_control_workshop/share/roscon2022_control_workshop/package.ps1'
[1.422s] INFO:colcon.colcon_core.shell:Creating package descriptor '/home/tony/ros2_control/1_rrbot_ws/install/roscon2022_control_workshop/share/roscon2022_control_workshop/package.dsv'
[1.422s] INFO:colcon.colcon_core.shell:Creating package script '/home/tony/ros2_control/1_rrbot_ws/install/roscon2022_control_workshop/share/roscon2022_control_workshop/package.sh'
[1.423s] INFO:colcon.colcon_core.shell:Creating package script '/home/tony/ros2_control/1_rrbot_ws/install/roscon2022_control_workshop/share/roscon2022_control_workshop/package.bash'
[1.423s] INFO:colcon.colcon_core.shell:Creating package script '/home/tony/ros2_control/1_rrbot_ws/install/roscon2022_control_workshop/share/roscon2022_control_workshop/package.zsh'
[1.424s] Level 1:colcon.colcon_core.environment:create_file_with_runtime_dependencies(/home/tony/ros2_control/1_rrbot_ws/install/roscon2022_control_workshop/share/colcon-core/packages/roscon2022_control_workshop)
[1.437s] Level 1:colcon.colcon_core.environment:create_environment_scripts_only(controlko_description)
[1.437s] Level 1:colcon.colcon_core.environment:checking '/home/tony/ros2_control/1_rrbot_ws/install/controlko_description' for CMake module files
[1.438s] Level 1:colcon.colcon_core.environment:checking '/home/tony/ros2_control/1_rrbot_ws/install/controlko_description' for CMake config files
[1.438s] Level 1:colcon.colcon_core.shell:create_environment_hook('controlko_description', 'cmake_prefix_path')
[1.438s] INFO:colcon.colcon_core.shell:Creating environment hook '/home/tony/ros2_control/1_rrbot_ws/install/controlko_description/share/controlko_description/hook/cmake_prefix_path.ps1'
[1.439s] INFO:colcon.colcon_core.shell:Creating environment descriptor '/home/tony/ros2_control/1_rrbot_ws/install/controlko_description/share/controlko_description/hook/cmake_prefix_path.dsv'
[1.439s] INFO:colcon.colcon_core.shell:Creating environment hook '/home/tony/ros2_control/1_rrbot_ws/install/controlko_description/share/controlko_description/hook/cmake_prefix_path.sh'
[1.439s] Level 1:colcon.colcon_core.environment:checking '/home/tony/ros2_control/1_rrbot_ws/install/controlko_description/bin'
[1.440s] Level 1:colcon.colcon_core.environment:checking '/home/tony/ros2_control/1_rrbot_ws/install/controlko_description/lib/pkgconfig/controlko_description.pc'
[1.440s] Level 1:colcon.colcon_core.environment:checking '/home/tony/ros2_control/1_rrbot_ws/install/controlko_description/lib/python3.10/site-packages'
[1.440s] Level 1:colcon.colcon_core.environment:checking '/home/tony/ros2_control/1_rrbot_ws/install/controlko_description/bin'
[1.440s] INFO:colcon.colcon_core.shell:Creating package script '/home/tony/ros2_control/1_rrbot_ws/install/controlko_description/share/controlko_description/package.ps1'
[1.441s] INFO:colcon.colcon_core.shell:Creating package descriptor '/home/tony/ros2_control/1_rrbot_ws/install/controlko_description/share/controlko_description/package.dsv'
[1.441s] INFO:colcon.colcon_core.shell:Creating package script '/home/tony/ros2_control/1_rrbot_ws/install/controlko_description/share/controlko_description/package.sh'
[1.442s] INFO:colcon.colcon_core.shell:Creating package script '/home/tony/ros2_control/1_rrbot_ws/install/controlko_description/share/controlko_description/package.bash'
[1.442s] INFO:colcon.colcon_core.shell:Creating package script '/home/tony/ros2_control/1_rrbot_ws/install/controlko_description/share/controlko_description/package.zsh'
[1.443s] Level 1:colcon.colcon_core.environment:create_file_with_runtime_dependencies(/home/tony/ros2_control/1_rrbot_ws/install/controlko_description/share/colcon-core/packages/controlko_description)
[1.443s] INFO:colcon.colcon_ros.task.ament_cmake.build:Building ROS package in '/home/tony/ros2_control/1_rrbot_ws/roscon2022_workshop/controlko_bringup' with build type 'ament_cmake'
[1.443s] INFO:colcon.colcon_cmake.task.cmake.build:Building CMake package in '/home/tony/ros2_control/1_rrbot_ws/roscon2022_workshop/controlko_bringup'
[1.444s] INFO:colcon.colcon_core.shell:Skip shell extension 'powershell' for command environment: Not usable outside of PowerShell
[1.444s] DEBUG:colcon.colcon_core.shell:Skip shell extension 'dsv' for command environment
[1.450s] Level 1:colcon.colcon_core.environment:create_environment_scripts_only(roscon2022_control_workshop)
[1.450s] Level 1:colcon.colcon_core.environment:checking '/home/tony/ros2_control/1_rrbot_ws/install/roscon2022_control_workshop' for CMake module files
[1.451s] Level 1:colcon.colcon_core.environment:checking '/home/tony/ros2_control/1_rrbot_ws/install/roscon2022_control_workshop' for CMake config files
[1.451s] Level 1:colcon.colcon_core.shell:create_environment_hook('roscon2022_control_workshop', 'cmake_prefix_path')
[1.452s] INFO:colcon.colcon_core.shell:Creating environment hook '/home/tony/ros2_control/1_rrbot_ws/install/roscon2022_control_workshop/share/roscon2022_control_workshop/hook/cmake_prefix_path.ps1'
[1.452s] INFO:colcon.colcon_core.shell:Creating environment descriptor '/home/tony/ros2_control/1_rrbot_ws/install/roscon2022_control_workshop/share/roscon2022_control_workshop/hook/cmake_prefix_path.dsv'
[1.453s] INFO:colcon.colcon_core.shell:Creating environment hook '/home/tony/ros2_control/1_rrbot_ws/install/roscon2022_control_workshop/share/roscon2022_control_workshop/hook/cmake_prefix_path.sh'
[1.454s] Level 1:colcon.colcon_core.environment:checking '/home/tony/ros2_control/1_rrbot_ws/install/roscon2022_control_workshop/bin'
[1.454s] Level 1:colcon.colcon_core.environment:checking '/home/tony/ros2_control/1_rrbot_ws/install/roscon2022_control_workshop/lib/pkgconfig/roscon2022_control_workshop.pc'
[1.454s] Level 1:colcon.colcon_core.environment:checking '/home/tony/ros2_control/1_rrbot_ws/install/roscon2022_control_workshop/lib/python3.10/site-packages'
[1.454s] Level 1:colcon.colcon_core.environment:checking '/home/tony/ros2_control/1_rrbot_ws/install/roscon2022_control_workshop/bin'
[1.455s] INFO:colcon.colcon_core.shell:Creating package script '/home/tony/ros2_control/1_rrbot_ws/install/roscon2022_control_workshop/share/roscon2022_control_workshop/package.ps1'
[1.456s] INFO:colcon.colcon_core.shell:Creating package descriptor '/home/tony/ros2_control/1_rrbot_ws/install/roscon2022_control_workshop/share/roscon2022_control_workshop/package.dsv'
[1.456s] INFO:colcon.colcon_core.shell:Creating package script '/home/tony/ros2_control/1_rrbot_ws/install/roscon2022_control_workshop/share/roscon2022_control_workshop/package.sh'
[1.457s] INFO:colcon.colcon_core.shell:Creating package script '/home/tony/ros2_control/1_rrbot_ws/install/roscon2022_control_workshop/share/roscon2022_control_workshop/package.bash'
[1.458s] INFO:colcon.colcon_core.shell:Creating package script '/home/tony/ros2_control/1_rrbot_ws/install/roscon2022_control_workshop/share/roscon2022_control_workshop/package.zsh'
[1.458s] Level 1:colcon.colcon_core.environment:create_file_with_runtime_dependencies(/home/tony/ros2_control/1_rrbot_ws/install/roscon2022_control_workshop/share/colcon-core/packages/roscon2022_control_workshop)
[1.462s] DEBUG:colcon.colcon_core.event_handler.log_command:Invoking command in '/home/tony/ros2_control/1_rrbot_ws/build/controlko_bringup': AMENT_PREFIX_PATH=/home/tony/ros2_control/1_rrbot_ws/install/controlko_description:${AMENT_PREFIX_PATH} CMAKE_PREFIX_PATH=/home/tony/ros2_control/1_rrbot_ws/install/controlko_description:/opt/ros/humble /usr/bin/cmake /home/tony/ros2_control/1_rrbot_ws/roscon2022_workshop/controlko_bringup -DCMAKE_INSTALL_PREFIX=/home/tony/ros2_control/1_rrbot_ws/install/controlko_bringup
[2.198s] DEBUG:colcon.colcon_core.event_handler.log_command:Invoked command in '/home/tony/ros2_control/1_rrbot_ws/build/controlko_hardware_interface' returned '0': CMAKE_PREFIX_PATH=/opt/ros/humble /usr/bin/cmake /home/tony/ros2_control/1_rrbot_ws/roscon2022_workshop/controlko_hardware_interface -DCMAKE_INSTALL_PREFIX=/home/tony/ros2_control/1_rrbot_ws/install/controlko_hardware_interface
[2.200s] DEBUG:colcon.colcon_core.event_handler.log_command:Invoking command in '/home/tony/ros2_control/1_rrbot_ws/build/controlko_hardware_interface': CMAKE_PREFIX_PATH=/opt/ros/humble /usr/bin/cmake --build /home/tony/ros2_control/1_rrbot_ws/build/controlko_hardware_interface -- -j4 -l4
[2.203s] DEBUG:colcon.colcon_core.event_handler.log_command:Invoked command in '/home/tony/ros2_control/1_rrbot_ws/build/controlko_bringup' returned '0': AMENT_PREFIX_PATH=/home/tony/ros2_control/1_rrbot_ws/install/controlko_description:${AMENT_PREFIX_PATH} CMAKE_PREFIX_PATH=/home/tony/ros2_control/1_rrbot_ws/install/controlko_description:/opt/ros/humble /usr/bin/cmake /home/tony/ros2_control/1_rrbot_ws/roscon2022_workshop/controlko_bringup -DCMAKE_INSTALL_PREFIX=/home/tony/ros2_control/1_rrbot_ws/install/controlko_bringup
[2.203s] DEBUG:colcon.colcon_core.event_handler.log_command:Invoking command in '/home/tony/ros2_control/1_rrbot_ws/build/controlko_bringup': AMENT_PREFIX_PATH=/home/tony/ros2_control/1_rrbot_ws/install/controlko_description:${AMENT_PREFIX_PATH} CMAKE_PREFIX_PATH=/home/tony/ros2_control/1_rrbot_ws/install/controlko_description:/opt/ros/humble /usr/bin/cmake --build /home/tony/ros2_control/1_rrbot_ws/build/controlko_bringup -- -j4 -l4
[2.243s] DEBUG:colcon.colcon_core.event_handler.log_command:Invoked command in '/home/tony/ros2_control/1_rrbot_ws/build/controlko_bringup' returned '0': AMENT_PREFIX_PATH=/home/tony/ros2_control/1_rrbot_ws/install/controlko_description:${AMENT_PREFIX_PATH} CMAKE_PREFIX_PATH=/home/tony/ros2_control/1_rrbot_ws/install/controlko_description:/opt/ros/humble /usr/bin/cmake --build /home/tony/ros2_control/1_rrbot_ws/build/controlko_bringup -- -j4 -l4
[2.282s] DEBUG:colcon.colcon_core.event_handler.log_command:Invoking command in '/home/tony/ros2_control/1_rrbot_ws/build/controlko_bringup': AMENT_PREFIX_PATH=/home/tony/ros2_control/1_rrbot_ws/install/controlko_description:${AMENT_PREFIX_PATH} CMAKE_PREFIX_PATH=/home/tony/ros2_control/1_rrbot_ws/install/controlko_description:/opt/ros/humble /usr/bin/cmake --install /home/tony/ros2_control/1_rrbot_ws/build/controlko_bringup
[2.380s] Level 1:colcon.colcon_core.environment:create_environment_scripts_only(controlko_bringup)
[2.381s] Level 1:colcon.colcon_core.environment:checking '/home/tony/ros2_control/1_rrbot_ws/install/controlko_bringup' for CMake module files
[2.381s] Level 1:colcon.colcon_core.environment:checking '/home/tony/ros2_control/1_rrbot_ws/install/controlko_bringup' for CMake config files
[2.382s] Level 1:colcon.colcon_core.shell:create_environment_hook('controlko_bringup', 'cmake_prefix_path')
[2.382s] INFO:colcon.colcon_core.shell:Creating environment hook '/home/tony/ros2_control/1_rrbot_ws/install/controlko_bringup/share/controlko_bringup/hook/cmake_prefix_path.ps1'
[2.383s] DEBUG:colcon.colcon_core.event_handler.log_command:Invoked command in '/home/tony/ros2_control/1_rrbot_ws/build/controlko_bringup' returned '0': AMENT_PREFIX_PATH=/home/tony/ros2_control/1_rrbot_ws/install/controlko_description:${AMENT_PREFIX_PATH} CMAKE_PREFIX_PATH=/home/tony/ros2_control/1_rrbot_ws/install/controlko_description:/opt/ros/humble /usr/bin/cmake --install /home/tony/ros2_control/1_rrbot_ws/build/controlko_bringup
[2.385s] INFO:colcon.colcon_core.shell:Creating environment descriptor '/home/tony/ros2_control/1_rrbot_ws/install/controlko_bringup/share/controlko_bringup/hook/cmake_prefix_path.dsv'
[2.386s] INFO:colcon.colcon_core.shell:Creating environment hook '/home/tony/ros2_control/1_rrbot_ws/install/controlko_bringup/share/controlko_bringup/hook/cmake_prefix_path.sh'
[2.387s] Level 1:colcon.colcon_core.environment:checking '/home/tony/ros2_control/1_rrbot_ws/install/controlko_bringup/bin'
[2.387s] Level 1:colcon.colcon_core.environment:checking '/home/tony/ros2_control/1_rrbot_ws/install/controlko_bringup/lib/pkgconfig/controlko_bringup.pc'
[2.388s] Level 1:colcon.colcon_core.environment:checking '/home/tony/ros2_control/1_rrbot_ws/install/controlko_bringup/lib/python3.10/site-packages'
[2.388s] Level 1:colcon.colcon_core.environment:checking '/home/tony/ros2_control/1_rrbot_ws/install/controlko_bringup/bin'
[2.389s] INFO:colcon.colcon_core.shell:Creating package script '/home/tony/ros2_control/1_rrbot_ws/install/controlko_bringup/share/controlko_bringup/package.ps1'
[2.390s] INFO:colcon.colcon_core.shell:Creating package descriptor '/home/tony/ros2_control/1_rrbot_ws/install/controlko_bringup/share/controlko_bringup/package.dsv'
[2.391s] INFO:colcon.colcon_core.shell:Creating package script '/home/tony/ros2_control/1_rrbot_ws/install/controlko_bringup/share/controlko_bringup/package.sh'
[2.392s] INFO:colcon.colcon_core.shell:Creating package script '/home/tony/ros2_control/1_rrbot_ws/install/controlko_bringup/share/controlko_bringup/package.bash'
[2.393s] INFO:colcon.colcon_core.shell:Creating package script '/home/tony/ros2_control/1_rrbot_ws/install/controlko_bringup/share/controlko_bringup/package.zsh'
[2.394s] Level 1:colcon.colcon_core.environment:create_file_with_runtime_dependencies(/home/tony/ros2_control/1_rrbot_ws/install/controlko_bringup/share/colcon-core/packages/controlko_bringup)
[2.595s] Level 1:colcon.colcon_core.environment:create_environment_scripts_only(controlko_bringup)
[2.596s] Level 1:colcon.colcon_core.environment:checking '/home/tony/ros2_control/1_rrbot_ws/install/controlko_bringup' for CMake module files
[2.596s] Level 1:colcon.colcon_core.environment:checking '/home/tony/ros2_control/1_rrbot_ws/install/controlko_bringup' for CMake config files
[2.597s] Level 1:colcon.colcon_core.shell:create_environment_hook('controlko_bringup', 'cmake_prefix_path')
[2.597s] INFO:colcon.colcon_core.shell:Creating environment hook '/home/tony/ros2_control/1_rrbot_ws/install/controlko_bringup/share/controlko_bringup/hook/cmake_prefix_path.ps1'
[2.598s] INFO:colcon.colcon_core.shell:Creating environment descriptor '/home/tony/ros2_control/1_rrbot_ws/install/controlko_bringup/share/controlko_bringup/hook/cmake_prefix_path.dsv'
[2.599s] INFO:colcon.colcon_core.shell:Creating environment hook '/home/tony/ros2_control/1_rrbot_ws/install/controlko_bringup/share/controlko_bringup/hook/cmake_prefix_path.sh'
[2.601s] Level 1:colcon.colcon_core.environment:checking '/home/tony/ros2_control/1_rrbot_ws/install/controlko_bringup/bin'
[2.601s] Level 1:colcon.colcon_core.environment:checking '/home/tony/ros2_control/1_rrbot_ws/install/controlko_bringup/lib/pkgconfig/controlko_bringup.pc'
[2.601s] Level 1:colcon.colcon_core.environment:checking '/home/tony/ros2_control/1_rrbot_ws/install/controlko_bringup/lib/python3.10/site-packages'
[2.602s] Level 1:colcon.colcon_core.environment:checking '/home/tony/ros2_control/1_rrbot_ws/install/controlko_bringup/bin'
[2.602s] INFO:colcon.colcon_core.shell:Creating package script '/home/tony/ros2_control/1_rrbot_ws/install/controlko_bringup/share/controlko_bringup/package.ps1'
[2.603s] INFO:colcon.colcon_core.shell:Creating package descriptor '/home/tony/ros2_control/1_rrbot_ws/install/controlko_bringup/share/controlko_bringup/package.dsv'
[2.605s] INFO:colcon.colcon_core.shell:Creating package script '/home/tony/ros2_control/1_rrbot_ws/install/controlko_bringup/share/controlko_bringup/package.sh'
[2.606s] INFO:colcon.colcon_core.shell:Creating package script '/home/tony/ros2_control/1_rrbot_ws/install/controlko_bringup/share/controlko_bringup/package.bash'
[2.617s] INFO:colcon.colcon_core.shell:Creating package script '/home/tony/ros2_control/1_rrbot_ws/install/controlko_bringup/share/controlko_bringup/package.zsh'
[2.619s] Level 1:colcon.colcon_core.environment:create_file_with_runtime_dependencies(/home/tony/ros2_control/1_rrbot_ws/install/controlko_bringup/share/colcon-core/packages/controlko_bringup)
[9.356s] DEBUG:colcon.colcon_core.event_handler.log_command:Invoked command in '/home/tony/ros2_control/1_rrbot_ws/build/controlko_hardware_interface' returned '0': CMAKE_PREFIX_PATH=/opt/ros/humble /usr/bin/cmake --build /home/tony/ros2_control/1_rrbot_ws/build/controlko_hardware_interface -- -j4 -l4
[9.383s] DEBUG:colcon.colcon_core.event_handler.log_command:Invoking command in '/home/tony/ros2_control/1_rrbot_ws/build/controlko_hardware_interface': CMAKE_PREFIX_PATH=/opt/ros/humble /usr/bin/cmake --install /home/tony/ros2_control/1_rrbot_ws/build/controlko_hardware_interface
[9.397s] Level 1:colcon.colcon_core.environment:create_environment_scripts_only(controlko_hardware_interface)
[9.397s] Level 1:colcon.colcon_core.environment:checking '/home/tony/ros2_control/1_rrbot_ws/install/controlko_hardware_interface' for CMake module files
[9.398s] DEBUG:colcon.colcon_core.event_handler.log_command:Invoked command in '/home/tony/ros2_control/1_rrbot_ws/build/controlko_hardware_interface' returned '0': CMAKE_PREFIX_PATH=/opt/ros/humble /usr/bin/cmake --install /home/tony/ros2_control/1_rrbot_ws/build/controlko_hardware_interface
[9.398s] Level 1:colcon.colcon_core.environment:checking '/home/tony/ros2_control/1_rrbot_ws/install/controlko_hardware_interface' for CMake config files
[9.398s] Level 1:colcon.colcon_core.shell:create_environment_hook('controlko_hardware_interface', 'cmake_prefix_path')
[9.398s] INFO:colcon.colcon_core.shell:Creating environment hook '/home/tony/ros2_control/1_rrbot_ws/install/controlko_hardware_interface/share/controlko_hardware_interface/hook/cmake_prefix_path.ps1'
[9.399s] INFO:colcon.colcon_core.shell:Creating environment descriptor '/home/tony/ros2_control/1_rrbot_ws/install/controlko_hardware_interface/share/controlko_hardware_interface/hook/cmake_prefix_path.dsv'
[9.399s] INFO:colcon.colcon_core.shell:Creating environment hook '/home/tony/ros2_control/1_rrbot_ws/install/controlko_hardware_interface/share/controlko_hardware_interface/hook/cmake_prefix_path.sh'
[9.400s] Level 1:colcon.colcon_core.environment:checking '/home/tony/ros2_control/1_rrbot_ws/install/controlko_hardware_interface/lib'
[9.400s] Level 1:colcon.colcon_core.shell:create_environment_hook('controlko_hardware_interface', 'ld_library_path_lib')
[9.400s] INFO:colcon.colcon_core.shell:Creating environment hook '/home/tony/ros2_control/1_rrbot_ws/install/controlko_hardware_interface/share/controlko_hardware_interface/hook/ld_library_path_lib.ps1'
[9.400s] INFO:colcon.colcon_core.shell:Creating environment descriptor '/home/tony/ros2_control/1_rrbot_ws/install/controlko_hardware_interface/share/controlko_hardware_interface/hook/ld_library_path_lib.dsv'
[9.400s] INFO:colcon.colcon_core.shell:Creating environment hook '/home/tony/ros2_control/1_rrbot_ws/install/controlko_hardware_interface/share/controlko_hardware_interface/hook/ld_library_path_lib.sh'
[9.401s] Level 1:colcon.colcon_core.environment:checking '/home/tony/ros2_control/1_rrbot_ws/install/controlko_hardware_interface/bin'
[9.401s] Level 1:colcon.colcon_core.environment:checking '/home/tony/ros2_control/1_rrbot_ws/install/controlko_hardware_interface/lib/pkgconfig/controlko_hardware_interface.pc'
[9.401s] Level 1:colcon.colcon_core.environment:checking '/home/tony/ros2_control/1_rrbot_ws/install/controlko_hardware_interface/lib/python3.10/site-packages'
[9.401s] Level 1:colcon.colcon_core.environment:checking '/home/tony/ros2_control/1_rrbot_ws/install/controlko_hardware_interface/bin'
[9.402s] INFO:colcon.colcon_core.shell:Creating package script '/home/tony/ros2_control/1_rrbot_ws/install/controlko_hardware_interface/share/controlko_hardware_interface/package.ps1'
[9.402s] INFO:colcon.colcon_core.shell:Creating package descriptor '/home/tony/ros2_control/1_rrbot_ws/install/controlko_hardware_interface/share/controlko_hardware_interface/package.dsv'
[9.403s] INFO:colcon.colcon_core.shell:Creating package script '/home/tony/ros2_control/1_rrbot_ws/install/controlko_hardware_interface/share/controlko_hardware_interface/package.sh'
[9.403s] INFO:colcon.colcon_core.shell:Creating package script '/home/tony/ros2_control/1_rrbot_ws/install/controlko_hardware_interface/share/controlko_hardware_interface/package.bash'
[9.404s] INFO:colcon.colcon_core.shell:Creating package script '/home/tony/ros2_control/1_rrbot_ws/install/controlko_hardware_interface/share/controlko_hardware_interface/package.zsh'
[9.404s] Level 1:colcon.colcon_core.environment:create_file_with_runtime_dependencies(/home/tony/ros2_control/1_rrbot_ws/install/controlko_hardware_interface/share/colcon-core/packages/controlko_hardware_interface)
[9.428s] Level 1:colcon.colcon_core.environment:create_environment_scripts_only(controlko_hardware_interface)
[9.428s] Level 1:colcon.colcon_core.environment:checking '/home/tony/ros2_control/1_rrbot_ws/install/controlko_hardware_interface' for CMake module files
[9.428s] Level 1:colcon.colcon_core.environment:checking '/home/tony/ros2_control/1_rrbot_ws/install/controlko_hardware_interface' for CMake config files
[9.429s] Level 1:colcon.colcon_core.shell:create_environment_hook('controlko_hardware_interface', 'cmake_prefix_path')
[9.429s] INFO:colcon.colcon_core.shell:Creating environment hook '/home/tony/ros2_control/1_rrbot_ws/install/controlko_hardware_interface/share/controlko_hardware_interface/hook/cmake_prefix_path.ps1'
[9.430s] INFO:colcon.colcon_core.shell:Creating environment descriptor '/home/tony/ros2_control/1_rrbot_ws/install/controlko_hardware_interface/share/controlko_hardware_interface/hook/cmake_prefix_path.dsv'
[9.431s] INFO:colcon.colcon_core.shell:Creating environment hook '/home/tony/ros2_control/1_rrbot_ws/install/controlko_hardware_interface/share/controlko_hardware_interface/hook/cmake_prefix_path.sh'
[9.431s] Level 1:colcon.colcon_core.environment:checking '/home/tony/ros2_control/1_rrbot_ws/install/controlko_hardware_interface/lib'
[9.432s] Level 1:colcon.colcon_core.shell:create_environment_hook('controlko_hardware_interface', 'ld_library_path_lib')
[9.432s] INFO:colcon.colcon_core.shell:Creating environment hook '/home/tony/ros2_control/1_rrbot_ws/install/controlko_hardware_interface/share/controlko_hardware_interface/hook/ld_library_path_lib.ps1'
[9.432s] INFO:colcon.colcon_core.shell:Creating environment descriptor '/home/tony/ros2_control/1_rrbot_ws/install/controlko_hardware_interface/share/controlko_hardware_interface/hook/ld_library_path_lib.dsv'
[9.433s] INFO:colcon.colcon_core.shell:Creating environment hook '/home/tony/ros2_control/1_rrbot_ws/install/controlko_hardware_interface/share/controlko_hardware_interface/hook/ld_library_path_lib.sh'
[9.433s] Level 1:colcon.colcon_core.environment:checking '/home/tony/ros2_control/1_rrbot_ws/install/controlko_hardware_interface/bin'
[9.433s] Level 1:colcon.colcon_core.environment:checking '/home/tony/ros2_control/1_rrbot_ws/install/controlko_hardware_interface/lib/pkgconfig/controlko_hardware_interface.pc'
[9.434s] Level 1:colcon.colcon_core.environment:checking '/home/tony/ros2_control/1_rrbot_ws/install/controlko_hardware_interface/lib/python3.10/site-packages'
[9.434s] Level 1:colcon.colcon_core.environment:checking '/home/tony/ros2_control/1_rrbot_ws/install/controlko_hardware_interface/bin'
[9.434s] INFO:colcon.colcon_core.shell:Creating package script '/home/tony/ros2_control/1_rrbot_ws/install/controlko_hardware_interface/share/controlko_hardware_interface/package.ps1'
[9.435s] INFO:colcon.colcon_core.shell:Creating package descriptor '/home/tony/ros2_control/1_rrbot_ws/install/controlko_hardware_interface/share/controlko_hardware_interface/package.dsv'
[9.436s] INFO:colcon.colcon_core.shell:Creating package script '/home/tony/ros2_control/1_rrbot_ws/install/controlko_hardware_interface/share/controlko_hardware_interface/package.sh'
[9.436s] INFO:colcon.colcon_core.shell:Creating package script '/home/tony/ros2_control/1_rrbot_ws/install/controlko_hardware_interface/share/controlko_hardware_interface/package.bash'
[9.436s] INFO:colcon.colcon_core.shell:Creating package script '/home/tony/ros2_control/1_rrbot_ws/install/controlko_hardware_interface/share/controlko_hardware_interface/package.zsh'
[9.437s] Level 1:colcon.colcon_core.environment:create_file_with_runtime_dependencies(/home/tony/ros2_control/1_rrbot_ws/install/controlko_hardware_interface/share/colcon-core/packages/controlko_hardware_interface)
[9.437s] DEBUG:colcon.colcon_parallel_executor.executor.parallel:closing loop
[9.437s] DEBUG:colcon.colcon_parallel_executor.executor.parallel:loop closed
[9.437s] DEBUG:colcon.colcon_parallel_executor.executor.parallel:run_until_complete finished with '0'
[9.437s] DEBUG:colcon.colcon_core.event_reactor:joining thread
[9.443s] INFO:colcon.colcon_core.plugin_system:Skipping extension 'colcon_notification.desktop_notification.terminal_notifier': Not used on non-Darwin systems
[9.444s] INFO:colcon.colcon_core.plugin_system:Skipping extension 'colcon_notification.desktop_notification.win32': Not used on non-Windows systems
[9.444s] INFO:colcon.colcon_notification.desktop_notification:Sending desktop notification using 'notify2'
[9.459s] DEBUG:colcon.colcon_core.event_reactor:joined thread
[9.460s] INFO:colcon.colcon_core.shell:Creating prefix script '/home/tony/ros2_control/1_rrbot_ws/install/local_setup.ps1'
[9.461s] INFO:colcon.colcon_core.shell:Creating prefix util module '/home/tony/ros2_control/1_rrbot_ws/install/_local_setup_util_ps1.py'
[9.462s] INFO:colcon.colcon_core.shell:Creating prefix chain script '/home/tony/ros2_control/1_rrbot_ws/install/setup.ps1'
[9.463s] INFO:colcon.colcon_core.shell:Creating prefix script '/home/tony/ros2_control/1_rrbot_ws/install/local_setup.sh'
[9.464s] INFO:colcon.colcon_core.shell:Creating prefix util module '/home/tony/ros2_control/1_rrbot_ws/install/_local_setup_util_sh.py'
[9.465s] INFO:colcon.colcon_core.shell:Creating prefix chain script '/home/tony/ros2_control/1_rrbot_ws/install/setup.sh'
[9.466s] INFO:colcon.colcon_core.shell:Creating prefix script '/home/tony/ros2_control/1_rrbot_ws/install/local_setup.bash'
[9.468s] INFO:colcon.colcon_core.shell:Creating prefix chain script '/home/tony/ros2_control/1_rrbot_ws/install/setup.bash'
[9.470s] INFO:colcon.colcon_core.shell:Creating prefix script '/home/tony/ros2_control/1_rrbot_ws/install/local_setup.zsh'
[9.471s] INFO:colcon.colcon_core.shell:Creating prefix chain script '/home/tony/ros2_control/1_rrbot_ws/install/setup.zsh'
