[0.147s] DEBUG:colcon:Command line arguments: ['/usr/bin/colcon', 'build', '--symlink-install', '--cmake-args', '-DCMAKE_BUILD_TYPE=RelWithDebInfo', '--cmake-args', '-DCMAKE_EXPORT_COMPILE_COMMANDS=ON', '--packages-up-to', 'my_hardwareinterfaces']
[0.147s] DEBUG:colcon:Parsed command line arguments: Namespace(log_base=None, log_level=None, verb_name='build', build_base='build', install_base='install', merge_install=False, symlink_install=True, test_result_base=None, continue_on_error=False, executor='parallel', parallel_workers=4, event_handlers=None, ignore_user_meta=False, metas=['./colcon.meta'], base_paths=['.'], packages_ignore=None, packages_ignore_regex=None, paths=None, packages_up_to=['my_hardwareinterfaces'], packages_up_to_regex=None, packages_above=None, packages_above_and_dependencies=None, packages_above_depth=None, packages_select_by_dep=None, packages_skip_by_dep=None, packages_skip_up_to=None, packages_select_build_failed=False, packages_skip_build_finished=False, packages_select_test_failures=False, packages_skip_test_passed=False, packages_select=None, packages_skip=None, packages_select_regex=None, packages_skip_regex=None, packages_start=None, packages_end=None, allow_overriding=[], cmake_args=['-DCMAKE_EXPORT_COMPILE_COMMANDS=ON'], cmake_target=None, cmake_target_skip_unavailable=False, cmake_clean_cache=False, cmake_clean_first=False, cmake_force_configure=False, ament_cmake_args=None, catkin_cmake_args=None, catkin_skip_building_tests=False, verb_parser=<colcon_defaults.argument_parser.defaults.DefaultArgumentsDecorator object at 0x7f46d3544dc0>, verb_extension=<colcon_core.verb.build.BuildVerb object at 0x7f46d35447f0>, main=<bound method BuildVerb.main of <colcon_core.verb.build.BuildVerb object at 0x7f46d35447f0>>)
[0.375s] Level 1:colcon.colcon_core.package_discovery:discover_packages(colcon_meta) check parameters
[0.375s] Level 1:colcon.colcon_core.package_discovery:discover_packages(recursive) check parameters
[0.375s] Level 1:colcon.colcon_core.package_discovery:discover_packages(ignore) check parameters
[0.375s] Level 1:colcon.colcon_core.package_discovery:discover_packages(path) check parameters
[0.375s] Level 1:colcon.colcon_core.package_discovery:discover_packages(colcon_meta) discover
[0.375s] Level 1:colcon.colcon_core.package_discovery:discover_packages(recursive) discover
[0.375s] INFO:colcon.colcon_core.package_discovery:Crawling recursively for packages in '/home/tony/ros2_control/1_rrbot_ws'
[0.375s] Level 1:colcon.colcon_core.package_identification:_identify(.) by extensions ['ignore', 'ignore_ament_install']
[0.375s] Level 1:colcon.colcon_core.package_identification:_identify(.) by extension 'ignore'
[0.375s] Level 1:colcon.colcon_core.package_identification:_identify(.) by extension 'ignore_ament_install'
[0.376s] Level 1:colcon.colcon_core.package_identification:_identify(.) by extensions ['colcon_pkg']
[0.376s] Level 1:colcon.colcon_core.package_identification:_identify(.) by extension 'colcon_pkg'
[0.376s] Level 1:colcon.colcon_core.package_identification:_identify(.) by extensions ['colcon_meta']
[0.376s] Level 1:colcon.colcon_core.package_identification:_identify(.) by extension 'colcon_meta'
[0.376s] Level 1:colcon.colcon_core.package_identification:_identify(.) by extensions ['ros']
[0.376s] Level 1:colcon.colcon_core.package_identification:_identify(.) by extension 'ros'
[0.393s] Level 1:colcon.colcon_core.package_identification:_identify(.) by extensions ['cmake', 'python']
[0.393s] Level 1:colcon.colcon_core.package_identification:_identify(.) by extension 'cmake'
[0.393s] Level 1:colcon.colcon_core.package_identification:_identify(.) by extension 'python'
[0.393s] Level 1:colcon.colcon_core.package_identification:_identify(.) by extensions ['python_setup_py']
[0.393s] Level 1:colcon.colcon_core.package_identification:_identify(.) by extension 'python_setup_py'
[0.393s] Level 1:colcon.colcon_core.package_identification:_identify(build) by extensions ['ignore', 'ignore_ament_install']
[0.393s] Level 1:colcon.colcon_core.package_identification:_identify(build) by extension 'ignore'
[0.393s] Level 1:colcon.colcon_core.package_identification:_identify(build) ignored
[0.393s] Level 1:colcon.colcon_core.package_identification:_identify(install) by extensions ['ignore', 'ignore_ament_install']
[0.393s] Level 1:colcon.colcon_core.package_identification:_identify(install) by extension 'ignore'
[0.393s] Level 1:colcon.colcon_core.package_identification:_identify(install) ignored
[0.394s] Level 1:colcon.colcon_core.package_identification:_identify(log) by extensions ['ignore', 'ignore_ament_install']
[0.394s] Level 1:colcon.colcon_core.package_identification:_identify(log) by extension 'ignore'
[0.394s] Level 1:colcon.colcon_core.package_identification:_identify(log) ignored
[0.394s] Level 1:colcon.colcon_core.package_identification:_identify(my_hardwareinterfaces) by extensions ['ignore', 'ignore_ament_install']
[0.394s] Level 1:colcon.colcon_core.package_identification:_identify(my_hardwareinterfaces) by extension 'ignore'
[0.394s] Level 1:colcon.colcon_core.package_identification:_identify(my_hardwareinterfaces) by extension 'ignore_ament_install'
[0.394s] Level 1:colcon.colcon_core.package_identification:_identify(my_hardwareinterfaces) by extensions ['colcon_pkg']
[0.394s] Level 1:colcon.colcon_core.package_identification:_identify(my_hardwareinterfaces) by extension 'colcon_pkg'
[0.394s] Level 1:colcon.colcon_core.package_identification:_identify(my_hardwareinterfaces) by extensions ['colcon_meta']
[0.394s] Level 1:colcon.colcon_core.package_identification:_identify(my_hardwareinterfaces) by extension 'colcon_meta'
[0.394s] Level 1:colcon.colcon_core.package_identification:_identify(my_hardwareinterfaces) by extensions ['ros']
[0.394s] Level 1:colcon.colcon_core.package_identification:_identify(my_hardwareinterfaces) by extension 'ros'
[0.397s] DEBUG:colcon.colcon_core.package_identification:Package 'my_hardwareinterfaces' with type 'ros.ament_cmake' and name 'my_hardwareinterfaces'
[0.397s] Level 1:colcon.colcon_core.package_identification:_identify(roscon2022_workshop) by extensions ['ignore', 'ignore_ament_install']
[0.398s] Level 1:colcon.colcon_core.package_identification:_identify(roscon2022_workshop) by extension 'ignore'
[0.398s] Level 1:colcon.colcon_core.package_identification:_identify(roscon2022_workshop) by extension 'ignore_ament_install'
[0.398s] Level 1:colcon.colcon_core.package_identification:_identify(roscon2022_workshop) by extensions ['colcon_pkg']
[0.398s] Level 1:colcon.colcon_core.package_identification:_identify(roscon2022_workshop) by extension 'colcon_pkg'
[0.398s] Level 1:colcon.colcon_core.package_identification:_identify(roscon2022_workshop) by extensions ['colcon_meta']
[0.398s] Level 1:colcon.colcon_core.package_identification:_identify(roscon2022_workshop) by extension 'colcon_meta'
[0.398s] Level 1:colcon.colcon_core.package_identification:_identify(roscon2022_workshop) by extensions ['ros']
[0.398s] Level 1:colcon.colcon_core.package_identification:_identify(roscon2022_workshop) by extension 'ros'
[0.398s] Level 1:colcon.colcon_core.package_identification:_identify(roscon2022_workshop) by extensions ['cmake', 'python']
[0.398s] Level 1:colcon.colcon_core.package_identification:_identify(roscon2022_workshop) by extension 'cmake'
[0.398s] Level 1:colcon.colcon_core.package_identification:_identify(roscon2022_workshop) by extension 'python'
[0.398s] Level 1:colcon.colcon_core.package_identification:_identify(roscon2022_workshop) by extensions ['python_setup_py']
[0.398s] Level 1:colcon.colcon_core.package_identification:_identify(roscon2022_workshop) by extension 'python_setup_py'
[0.398s] Level 1:colcon.colcon_core.package_identification:_identify(roscon2022_workshop/controlko_bringup) by extensions ['ignore', 'ignore_ament_install']
[0.398s] Level 1:colcon.colcon_core.package_identification:_identify(roscon2022_workshop/controlko_bringup) by extension 'ignore'
[0.399s] Level 1:colcon.colcon_core.package_identification:_identify(roscon2022_workshop/controlko_bringup) by extension 'ignore_ament_install'
[0.399s] Level 1:colcon.colcon_core.package_identification:_identify(roscon2022_workshop/controlko_bringup) by extensions ['colcon_pkg']
[0.399s] Level 1:colcon.colcon_core.package_identification:_identify(roscon2022_workshop/controlko_bringup) by extension 'colcon_pkg'
[0.399s] Level 1:colcon.colcon_core.package_identification:_identify(roscon2022_workshop/controlko_bringup) by extensions ['colcon_meta']
[0.399s] Level 1:colcon.colcon_core.package_identification:_identify(roscon2022_workshop/controlko_bringup) by extension 'colcon_meta'
[0.399s] Level 1:colcon.colcon_core.package_identification:_identify(roscon2022_workshop/controlko_bringup) by extensions ['ros']
[0.399s] Level 1:colcon.colcon_core.package_identification:_identify(roscon2022_workshop/controlko_bringup) by extension 'ros'
[0.400s] DEBUG:colcon.colcon_core.package_identification:Package 'roscon2022_workshop/controlko_bringup' with type 'ros.ament_cmake' and name 'controlko_bringup'
[0.400s] Level 1:colcon.colcon_core.package_identification:_identify(roscon2022_workshop/controlko_description) by extensions ['ignore', 'ignore_ament_install']
[0.400s] Level 1:colcon.colcon_core.package_identification:_identify(roscon2022_workshop/controlko_description) by extension 'ignore'
[0.400s] Level 1:colcon.colcon_core.package_identification:_identify(roscon2022_workshop/controlko_description) by extension 'ignore_ament_install'
[0.400s] Level 1:colcon.colcon_core.package_identification:_identify(roscon2022_workshop/controlko_description) by extensions ['colcon_pkg']
[0.400s] Level 1:colcon.colcon_core.package_identification:_identify(roscon2022_workshop/controlko_description) by extension 'colcon_pkg'
[0.400s] Level 1:colcon.colcon_core.package_identification:_identify(roscon2022_workshop/controlko_description) by extensions ['colcon_meta']
[0.400s] Level 1:colcon.colcon_core.package_identification:_identify(roscon2022_workshop/controlko_description) by extension 'colcon_meta'
[0.400s] Level 1:colcon.colcon_core.package_identification:_identify(roscon2022_workshop/controlko_description) by extensions ['ros']
[0.400s] Level 1:colcon.colcon_core.package_identification:_identify(roscon2022_workshop/controlko_description) by extension 'ros'
[0.401s] DEBUG:colcon.colcon_core.package_identification:Package 'roscon2022_workshop/controlko_description' with type 'ros.ament_cmake' and name 'controlko_description'
[0.401s] Level 1:colcon.colcon_core.package_identification:_identify(roscon2022_workshop/controlko_hardware_interface) by extensions ['ignore', 'ignore_ament_install']
[0.401s] Level 1:colcon.colcon_core.package_identification:_identify(roscon2022_workshop/controlko_hardware_interface) by extension 'ignore'
[0.401s] Level 1:colcon.colcon_core.package_identification:_identify(roscon2022_workshop/controlko_hardware_interface) by extension 'ignore_ament_install'
[0.401s] Level 1:colcon.colcon_core.package_identification:_identify(roscon2022_workshop/controlko_hardware_interface) by extensions ['colcon_pkg']
[0.401s] Level 1:colcon.colcon_core.package_identification:_identify(roscon2022_workshop/controlko_hardware_interface) by extension 'colcon_pkg'
[0.401s] Level 1:colcon.colcon_core.package_identification:_identify(roscon2022_workshop/controlko_hardware_interface) by extensions ['colcon_meta']
[0.401s] Level 1:colcon.colcon_core.package_identification:_identify(roscon2022_workshop/controlko_hardware_interface) by extension 'colcon_meta'
[0.402s] Level 1:colcon.colcon_core.package_identification:_identify(roscon2022_workshop/controlko_hardware_interface) by extensions ['ros']
[0.402s] Level 1:colcon.colcon_core.package_identification:_identify(roscon2022_workshop/controlko_hardware_interface) by extension 'ros'
[0.406s] DEBUG:colcon.colcon_core.package_identification:Package 'roscon2022_workshop/controlko_hardware_interface' with type 'ros.ament_cmake' and name 'controlko_hardware_interface'
[0.407s] Level 1:colcon.colcon_core.package_identification:_identify(roscon2022_workshop/roscon2022_control_workshop) by extensions ['ignore', 'ignore_ament_install']
[0.407s] Level 1:colcon.colcon_core.package_identification:_identify(roscon2022_workshop/roscon2022_control_workshop) by extension 'ignore'
[0.407s] Level 1:colcon.colcon_core.package_identification:_identify(roscon2022_workshop/roscon2022_control_workshop) by extension 'ignore_ament_install'
[0.407s] Level 1:colcon.colcon_core.package_identification:_identify(roscon2022_workshop/roscon2022_control_workshop) by extensions ['colcon_pkg']
[0.407s] Level 1:colcon.colcon_core.package_identification:_identify(roscon2022_workshop/roscon2022_control_workshop) by extension 'colcon_pkg'
[0.407s] Level 1:colcon.colcon_core.package_identification:_identify(roscon2022_workshop/roscon2022_control_workshop) by extensions ['colcon_meta']
[0.407s] Level 1:colcon.colcon_core.package_identification:_identify(roscon2022_workshop/roscon2022_control_workshop) by extension 'colcon_meta'
[0.407s] Level 1:colcon.colcon_core.package_identification:_identify(roscon2022_workshop/roscon2022_control_workshop) by extensions ['ros']
[0.407s] Level 1:colcon.colcon_core.package_identification:_identify(roscon2022_workshop/roscon2022_control_workshop) by extension 'ros'
[0.408s] DEBUG:colcon.colcon_core.package_identification:Package 'roscon2022_workshop/roscon2022_control_workshop' with type 'ros.ament_cmake' and name 'roscon2022_control_workshop'
[0.408s] Level 1:colcon.colcon_core.package_discovery:discover_packages(recursive) using defaults
[0.408s] Level 1:colcon.colcon_core.package_discovery:discover_packages(ignore) discover
[0.408s] Level 1:colcon.colcon_core.package_discovery:discover_packages(ignore) using defaults
[0.408s] Level 1:colcon.colcon_core.package_discovery:discover_packages(path) discover
[0.408s] Level 1:colcon.colcon_core.package_discovery:discover_packages(path) using defaults
[0.432s] INFO:colcon.colcon_core.package_selection:Skipping package 'controlko_bringup' in 'roscon2022_workshop/controlko_bringup'
[0.432s] INFO:colcon.colcon_core.package_selection:Skipping package 'roscon2022_control_workshop' in 'roscon2022_workshop/roscon2022_control_workshop'
[0.433s] INFO:colcon.colcon_core.package_selection:Skipping package 'controlko_hardware_interface' in 'roscon2022_workshop/controlko_hardware_interface'
[0.433s] INFO:colcon.colcon_core.package_selection:Skipping package 'controlko_description' in 'roscon2022_workshop/controlko_description'
[0.433s] Level 1:colcon.colcon_core.package_discovery:discover_packages(prefix_path) check parameters
[0.433s] Level 1:colcon.colcon_core.package_discovery:discover_packages(prefix_path) discover
[0.439s] DEBUG:colcon.colcon_installed_package_information.package_discovery:Found 4 installed packages in /home/tony/ros2_control/1_rrbot_ws/install
[0.440s] DEBUG:colcon.colcon_installed_package_information.package_discovery:Found 306 installed packages in /opt/ros/humble
[0.442s] Level 1:colcon.colcon_core.package_discovery:discover_packages(prefix_path) using defaults
[0.513s] Level 5:colcon.colcon_core.verb:set package 'my_hardwareinterfaces' build argument 'cmake_args' from command line to '['-DCMAKE_EXPORT_COMPILE_COMMANDS=ON']'
[0.513s] Level 5:colcon.colcon_core.verb:set package 'my_hardwareinterfaces' build argument 'cmake_target' from command line to 'None'
[0.513s] Level 5:colcon.colcon_core.verb:set package 'my_hardwareinterfaces' build argument 'cmake_target_skip_unavailable' from command line to 'False'
[0.513s] Level 5:colcon.colcon_core.verb:set package 'my_hardwareinterfaces' build argument 'cmake_clean_cache' from command line to 'False'
[0.513s] Level 5:colcon.colcon_core.verb:set package 'my_hardwareinterfaces' build argument 'cmake_clean_first' from command line to 'False'
[0.513s] Level 5:colcon.colcon_core.verb:set package 'my_hardwareinterfaces' build argument 'cmake_force_configure' from command line to 'False'
[0.513s] Level 5:colcon.colcon_core.verb:set package 'my_hardwareinterfaces' build argument 'ament_cmake_args' from command line to 'None'
[0.513s] Level 5:colcon.colcon_core.verb:set package 'my_hardwareinterfaces' build argument 'catkin_cmake_args' from command line to 'None'
[0.513s] Level 5:colcon.colcon_core.verb:set package 'my_hardwareinterfaces' build argument 'catkin_skip_building_tests' from command line to 'False'
[0.513s] DEBUG:colcon.colcon_core.verb:Building package 'my_hardwareinterfaces' with the following arguments: {'ament_cmake_args': None, 'build_base': '/home/tony/ros2_control/1_rrbot_ws/build/my_hardwareinterfaces', 'catkin_cmake_args': None, 'catkin_skip_building_tests': False, 'cmake_args': ['-DCMAKE_EXPORT_COMPILE_COMMANDS=ON'], 'cmake_clean_cache': False, 'cmake_clean_first': False, 'cmake_force_configure': False, 'cmake_target': None, 'cmake_target_skip_unavailable': False, 'install_base': '/home/tony/ros2_control/1_rrbot_ws/install/my_hardwareinterfaces', 'merge_install': False, 'path': '/home/tony/ros2_control/1_rrbot_ws/my_hardwareinterfaces', 'symlink_install': True, 'test_result_base': None}
[0.513s] INFO:colcon.colcon_core.executor:Executing jobs using 'parallel' executor
[0.514s] DEBUG:colcon.colcon_parallel_executor.executor.parallel:run_until_complete
[0.514s] INFO:colcon.colcon_ros.task.ament_cmake.build:Building ROS package in '/home/tony/ros2_control/1_rrbot_ws/my_hardwareinterfaces' with build type 'ament_cmake'
[0.515s] INFO:colcon.colcon_cmake.task.cmake.build:Building CMake package in '/home/tony/ros2_control/1_rrbot_ws/my_hardwareinterfaces'
[0.517s] INFO:colcon.colcon_core.plugin_system:Skipping extension 'colcon_core.shell.bat': Not used on non-Windows systems
[0.517s] INFO:colcon.colcon_core.shell:Skip shell extension 'powershell' for command environment: Not usable outside of PowerShell
[0.517s] DEBUG:colcon.colcon_core.shell:Skip shell extension 'dsv' for command environment
[0.533s] DEBUG:colcon.colcon_core.event_handler.log_command:Invoking command in '/home/tony/ros2_control/1_rrbot_ws/build/my_hardwareinterfaces': CMAKE_PREFIX_PATH=${CMAKE_PREFIX_PATH}:/opt/ros/humble /usr/bin/cmake /home/tony/ros2_control/1_rrbot_ws/my_hardwareinterfaces -DCMAKE_EXPORT_COMPILE_COMMANDS=ON -DAMENT_CMAKE_SYMLINK_INSTALL=1 -DCMAKE_INSTALL_PREFIX=/home/tony/ros2_control/1_rrbot_ws/install/my_hardwareinterfaces
[2.296s] DEBUG:colcon.colcon_core.event_handler.log_command:Invoked command in '/home/tony/ros2_control/1_rrbot_ws/build/my_hardwareinterfaces' returned '0': CMAKE_PREFIX_PATH=${CMAKE_PREFIX_PATH}:/opt/ros/humble /usr/bin/cmake /home/tony/ros2_control/1_rrbot_ws/my_hardwareinterfaces -DCMAKE_EXPORT_COMPILE_COMMANDS=ON -DAMENT_CMAKE_SYMLINK_INSTALL=1 -DCMAKE_INSTALL_PREFIX=/home/tony/ros2_control/1_rrbot_ws/install/my_hardwareinterfaces
[2.299s] DEBUG:colcon.colcon_core.event_handler.log_command:Invoking command in '/home/tony/ros2_control/1_rrbot_ws/build/my_hardwareinterfaces': CMAKE_PREFIX_PATH=${CMAKE_PREFIX_PATH}:/opt/ros/humble /usr/bin/cmake --build /home/tony/ros2_control/1_rrbot_ws/build/my_hardwareinterfaces -- -j4 -l4
[12.645s] DEBUG:colcon.colcon_core.event_handler.log_command:Invoked command in '/home/tony/ros2_control/1_rrbot_ws/build/my_hardwareinterfaces' returned '0': CMAKE_PREFIX_PATH=${CMAKE_PREFIX_PATH}:/opt/ros/humble /usr/bin/cmake --build /home/tony/ros2_control/1_rrbot_ws/build/my_hardwareinterfaces -- -j4 -l4
[12.689s] DEBUG:colcon.colcon_core.event_handler.log_command:Invoking command in '/home/tony/ros2_control/1_rrbot_ws/build/my_hardwareinterfaces': CMAKE_PREFIX_PATH=${CMAKE_PREFIX_PATH}:/opt/ros/humble /usr/bin/cmake --install /home/tony/ros2_control/1_rrbot_ws/build/my_hardwareinterfaces
[12.965s] Level 1:colcon.colcon_core.environment:create_environment_scripts_only(my_hardwareinterfaces)
[12.965s] DEBUG:colcon.colcon_core.event_handler.log_command:Invoked command in '/home/tony/ros2_control/1_rrbot_ws/build/my_hardwareinterfaces' returned '0': CMAKE_PREFIX_PATH=${CMAKE_PREFIX_PATH}:/opt/ros/humble /usr/bin/cmake --install /home/tony/ros2_control/1_rrbot_ws/build/my_hardwareinterfaces
[12.968s] Level 1:colcon.colcon_core.environment:checking '/home/tony/ros2_control/1_rrbot_ws/install/my_hardwareinterfaces' for CMake module files
[12.971s] Level 1:colcon.colcon_core.environment:checking '/home/tony/ros2_control/1_rrbot_ws/install/my_hardwareinterfaces' for CMake config files
[12.971s] Level 1:colcon.colcon_core.shell:create_environment_hook('my_hardwareinterfaces', 'cmake_prefix_path')
[12.972s] INFO:colcon.colcon_core.shell:Creating environment hook '/home/tony/ros2_control/1_rrbot_ws/install/my_hardwareinterfaces/share/my_hardwareinterfaces/hook/cmake_prefix_path.ps1'
[12.972s] INFO:colcon.colcon_core.shell:Creating environment descriptor '/home/tony/ros2_control/1_rrbot_ws/install/my_hardwareinterfaces/share/my_hardwareinterfaces/hook/cmake_prefix_path.dsv'
[12.973s] INFO:colcon.colcon_core.shell:Creating environment hook '/home/tony/ros2_control/1_rrbot_ws/install/my_hardwareinterfaces/share/my_hardwareinterfaces/hook/cmake_prefix_path.sh'
[12.974s] Level 1:colcon.colcon_core.environment:checking '/home/tony/ros2_control/1_rrbot_ws/install/my_hardwareinterfaces/lib'
[12.974s] Level 1:colcon.colcon_core.shell:create_environment_hook('my_hardwareinterfaces', 'ld_library_path_lib')
[12.974s] INFO:colcon.colcon_core.shell:Creating environment hook '/home/tony/ros2_control/1_rrbot_ws/install/my_hardwareinterfaces/share/my_hardwareinterfaces/hook/ld_library_path_lib.ps1'
[12.975s] INFO:colcon.colcon_core.shell:Creating environment descriptor '/home/tony/ros2_control/1_rrbot_ws/install/my_hardwareinterfaces/share/my_hardwareinterfaces/hook/ld_library_path_lib.dsv'
[12.975s] INFO:colcon.colcon_core.shell:Creating environment hook '/home/tony/ros2_control/1_rrbot_ws/install/my_hardwareinterfaces/share/my_hardwareinterfaces/hook/ld_library_path_lib.sh'
[12.975s] Level 1:colcon.colcon_core.environment:checking '/home/tony/ros2_control/1_rrbot_ws/install/my_hardwareinterfaces/bin'
[12.975s] Level 1:colcon.colcon_core.environment:checking '/home/tony/ros2_control/1_rrbot_ws/install/my_hardwareinterfaces/lib/pkgconfig/my_hardwareinterfaces.pc'
[12.976s] Level 1:colcon.colcon_core.environment:checking '/home/tony/ros2_control/1_rrbot_ws/install/my_hardwareinterfaces/lib/python3.10/site-packages'
[12.976s] Level 1:colcon.colcon_core.environment:checking '/home/tony/ros2_control/1_rrbot_ws/install/my_hardwareinterfaces/bin'
[12.976s] INFO:colcon.colcon_core.shell:Creating package script '/home/tony/ros2_control/1_rrbot_ws/install/my_hardwareinterfaces/share/my_hardwareinterfaces/package.ps1'
[12.977s] INFO:colcon.colcon_core.shell:Creating package descriptor '/home/tony/ros2_control/1_rrbot_ws/install/my_hardwareinterfaces/share/my_hardwareinterfaces/package.dsv'
[12.978s] INFO:colcon.colcon_core.shell:Creating package script '/home/tony/ros2_control/1_rrbot_ws/install/my_hardwareinterfaces/share/my_hardwareinterfaces/package.sh'
[12.978s] INFO:colcon.colcon_core.shell:Creating package script '/home/tony/ros2_control/1_rrbot_ws/install/my_hardwareinterfaces/share/my_hardwareinterfaces/package.bash'
[12.979s] INFO:colcon.colcon_core.shell:Creating package script '/home/tony/ros2_control/1_rrbot_ws/install/my_hardwareinterfaces/share/my_hardwareinterfaces/package.zsh'
[12.980s] Level 1:colcon.colcon_core.environment:create_file_with_runtime_dependencies(/home/tony/ros2_control/1_rrbot_ws/install/my_hardwareinterfaces/share/colcon-core/packages/my_hardwareinterfaces)
[13.018s] Level 1:colcon.colcon_core.environment:create_environment_scripts_only(my_hardwareinterfaces)
[13.019s] Level 1:colcon.colcon_core.environment:checking '/home/tony/ros2_control/1_rrbot_ws/install/my_hardwareinterfaces' for CMake module files
[13.021s] Level 1:colcon.colcon_core.environment:checking '/home/tony/ros2_control/1_rrbot_ws/install/my_hardwareinterfaces' for CMake config files
[13.022s] Level 1:colcon.colcon_core.shell:create_environment_hook('my_hardwareinterfaces', 'cmake_prefix_path')
[13.023s] INFO:colcon.colcon_core.shell:Creating environment hook '/home/tony/ros2_control/1_rrbot_ws/install/my_hardwareinterfaces/share/my_hardwareinterfaces/hook/cmake_prefix_path.ps1'
[13.023s] INFO:colcon.colcon_core.shell:Creating environment descriptor '/home/tony/ros2_control/1_rrbot_ws/install/my_hardwareinterfaces/share/my_hardwareinterfaces/hook/cmake_prefix_path.dsv'
[13.023s] INFO:colcon.colcon_core.shell:Creating environment hook '/home/tony/ros2_control/1_rrbot_ws/install/my_hardwareinterfaces/share/my_hardwareinterfaces/hook/cmake_prefix_path.sh'
[13.024s] Level 1:colcon.colcon_core.environment:checking '/home/tony/ros2_control/1_rrbot_ws/install/my_hardwareinterfaces/lib'
[13.024s] Level 1:colcon.colcon_core.shell:create_environment_hook('my_hardwareinterfaces', 'ld_library_path_lib')
[13.025s] INFO:colcon.colcon_core.shell:Creating environment hook '/home/tony/ros2_control/1_rrbot_ws/install/my_hardwareinterfaces/share/my_hardwareinterfaces/hook/ld_library_path_lib.ps1'
[13.025s] INFO:colcon.colcon_core.shell:Creating environment descriptor '/home/tony/ros2_control/1_rrbot_ws/install/my_hardwareinterfaces/share/my_hardwareinterfaces/hook/ld_library_path_lib.dsv'
[13.025s] INFO:colcon.colcon_core.shell:Creating environment hook '/home/tony/ros2_control/1_rrbot_ws/install/my_hardwareinterfaces/share/my_hardwareinterfaces/hook/ld_library_path_lib.sh'
[13.026s] Level 1:colcon.colcon_core.environment:checking '/home/tony/ros2_control/1_rrbot_ws/install/my_hardwareinterfaces/bin'
[13.026s] Level 1:colcon.colcon_core.environment:checking '/home/tony/ros2_control/1_rrbot_ws/install/my_hardwareinterfaces/lib/pkgconfig/my_hardwareinterfaces.pc'
[13.026s] Level 1:colcon.colcon_core.environment:checking '/home/tony/ros2_control/1_rrbot_ws/install/my_hardwareinterfaces/lib/python3.10/site-packages'
[13.027s] Level 1:colcon.colcon_core.environment:checking '/home/tony/ros2_control/1_rrbot_ws/install/my_hardwareinterfaces/bin'
[13.027s] INFO:colcon.colcon_core.shell:Creating package script '/home/tony/ros2_control/1_rrbot_ws/install/my_hardwareinterfaces/share/my_hardwareinterfaces/package.ps1'
[13.028s] INFO:colcon.colcon_core.shell:Creating package descriptor '/home/tony/ros2_control/1_rrbot_ws/install/my_hardwareinterfaces/share/my_hardwareinterfaces/package.dsv'
[13.028s] INFO:colcon.colcon_core.shell:Creating package script '/home/tony/ros2_control/1_rrbot_ws/install/my_hardwareinterfaces/share/my_hardwareinterfaces/package.sh'
[13.029s] INFO:colcon.colcon_core.shell:Creating package script '/home/tony/ros2_control/1_rrbot_ws/install/my_hardwareinterfaces/share/my_hardwareinterfaces/package.bash'
[13.029s] INFO:colcon.colcon_core.shell:Creating package script '/home/tony/ros2_control/1_rrbot_ws/install/my_hardwareinterfaces/share/my_hardwareinterfaces/package.zsh'
[13.029s] Level 1:colcon.colcon_core.environment:create_file_with_runtime_dependencies(/home/tony/ros2_control/1_rrbot_ws/install/my_hardwareinterfaces/share/colcon-core/packages/my_hardwareinterfaces)
[13.030s] DEBUG:colcon.colcon_parallel_executor.executor.parallel:closing loop
[13.030s] DEBUG:colcon.colcon_parallel_executor.executor.parallel:loop closed
[13.030s] DEBUG:colcon.colcon_parallel_executor.executor.parallel:run_until_complete finished with '0'
[13.030s] DEBUG:colcon.colcon_core.event_reactor:joining thread
[13.039s] INFO:colcon.colcon_core.plugin_system:Skipping extension 'colcon_notification.desktop_notification.terminal_notifier': Not used on non-Darwin systems
[13.040s] INFO:colcon.colcon_core.plugin_system:Skipping extension 'colcon_notification.desktop_notification.win32': Not used on non-Windows systems
[13.040s] INFO:colcon.colcon_notification.desktop_notification:Sending desktop notification using 'notify2'
[13.061s] DEBUG:colcon.colcon_core.event_reactor:joined thread
[13.061s] INFO:colcon.colcon_core.shell:Creating prefix script '/home/tony/ros2_control/1_rrbot_ws/install/local_setup.ps1'
[13.062s] INFO:colcon.colcon_core.shell:Creating prefix util module '/home/tony/ros2_control/1_rrbot_ws/install/_local_setup_util_ps1.py'
[13.064s] INFO:colcon.colcon_core.shell:Creating prefix chain script '/home/tony/ros2_control/1_rrbot_ws/install/setup.ps1'
[13.066s] INFO:colcon.colcon_core.shell:Creating prefix script '/home/tony/ros2_control/1_rrbot_ws/install/local_setup.sh'
[13.067s] INFO:colcon.colcon_core.shell:Creating prefix util module '/home/tony/ros2_control/1_rrbot_ws/install/_local_setup_util_sh.py'
[13.069s] INFO:colcon.colcon_core.shell:Creating prefix chain script '/home/tony/ros2_control/1_rrbot_ws/install/setup.sh'
[13.075s] INFO:colcon.colcon_core.shell:Creating prefix script '/home/tony/ros2_control/1_rrbot_ws/install/local_setup.bash'
[13.076s] INFO:colcon.colcon_core.shell:Creating prefix chain script '/home/tony/ros2_control/1_rrbot_ws/install/setup.bash'
[13.077s] INFO:colcon.colcon_core.shell:Creating prefix script '/home/tony/ros2_control/1_rrbot_ws/install/local_setup.zsh'
[13.078s] INFO:colcon.colcon_core.shell:Creating prefix chain script '/home/tony/ros2_control/1_rrbot_ws/install/setup.zsh'
